06-May-2019 14:40:39.189 INFO [main] org.apache.catalina.startup.VersionLoggerListener.log Server version:        Apache Tomcat/8.5.37
06-May-2019 14:40:39.191 INFO [main] org.apache.catalina.startup.VersionLoggerListener.log Server built:          Dec 12 2018 12:07:02 UTC
06-May-2019 14:40:39.191 INFO [main] org.apache.catalina.startup.VersionLoggerListener.log Server number:         8.5.37.0
06-May-2019 14:40:39.191 INFO [main] org.apache.catalina.startup.VersionLoggerListener.log OS Name:               Linux
06-May-2019 14:40:39.191 INFO [main] org.apache.catalina.startup.VersionLoggerListener.log OS Version:            4.15.0-47-generic
06-May-2019 14:40:39.191 INFO [main] org.apache.catalina.startup.VersionLoggerListener.log Architecture:          amd64
06-May-2019 14:40:39.191 INFO [main] org.apache.catalina.startup.VersionLoggerListener.log Java Home:             /usr/lib/jvm/java-8-openjdk-amd64/jre
06-May-2019 14:40:39.191 INFO [main] org.apache.catalina.startup.VersionLoggerListener.log JVM Version:           1.8.0_191-8u191-b12-2ubuntu0.18.04.1-b12
06-May-2019 14:40:39.191 INFO [main] org.apache.catalina.startup.VersionLoggerListener.log JVM Vendor:            Oracle Corporation
06-May-2019 14:40:39.191 INFO [main] org.apache.catalina.startup.VersionLoggerListener.log CATALINA_BASE:         /opt/projects/tomcat
06-May-2019 14:40:39.191 INFO [main] org.apache.catalina.startup.VersionLoggerListener.log CATALINA_HOME:         /opt/projects/tomcat
06-May-2019 14:40:39.192 INFO [main] org.apache.catalina.startup.VersionLoggerListener.log Command line argument: -Djava.util.logging.config.file=/opt/projects/tomcat/conf/logging.properties
06-May-2019 14:40:39.192 INFO [main] org.apache.catalina.startup.VersionLoggerListener.log Command line argument: -Djava.util.logging.manager=org.apache.juli.ClassLoaderLogManager
06-May-2019 14:40:39.192 INFO [main] org.apache.catalina.startup.VersionLoggerListener.log Command line argument: -Djdk.tls.ephemeralDHKeySize=2048
06-May-2019 14:40:39.192 INFO [main] org.apache.catalina.startup.VersionLoggerListener.log Command line argument: -Djava.protocol.handler.pkgs=org.apache.catalina.webresources
06-May-2019 14:40:39.192 INFO [main] org.apache.catalina.startup.VersionLoggerListener.log Command line argument: -Dorg.apache.catalina.security.SecurityListener.UMASK=0027
06-May-2019 14:40:39.192 INFO [main] org.apache.catalina.startup.VersionLoggerListener.log Command line argument: -Dignore.endorsed.dirs=
06-May-2019 14:40:39.192 INFO [main] org.apache.catalina.startup.VersionLoggerListener.log Command line argument: -Dcatalina.base=/opt/projects/tomcat
06-May-2019 14:40:39.192 INFO [main] org.apache.catalina.startup.VersionLoggerListener.log Command line argument: -Dcatalina.home=/opt/projects/tomcat
06-May-2019 14:40:39.192 INFO [main] org.apache.catalina.startup.VersionLoggerListener.log Command line argument: -Djava.io.tmpdir=/opt/projects/tomcat/temp
06-May-2019 14:40:39.193 INFO [main] org.apache.catalina.core.AprLifecycleListener.lifecycleEvent The APR based Apache Tomcat Native library which allows optimal performance in production environments was not found on the java.library.path: [/usr/java/packages/lib/amd64:/usr/lib/x86_64-linux-gnu/jni:/lib/x86_64-linux-gnu:/usr/lib/x86_64-linux-gnu:/usr/lib/jni:/lib:/usr/lib]
06-May-2019 14:40:39.423 INFO [main] org.apache.coyote.AbstractProtocol.init Initializing ProtocolHandler ["http-nio-8080"]
06-May-2019 14:40:39.433 INFO [main] org.apache.tomcat.util.net.NioSelectorPool.getSharedSelector Using a shared selector for servlet write/read
06-May-2019 14:40:39.450 INFO [main] org.apache.coyote.AbstractProtocol.init Initializing ProtocolHandler ["ajp-nio-8009"]
06-May-2019 14:40:39.452 INFO [main] org.apache.tomcat.util.net.NioSelectorPool.getSharedSelector Using a shared selector for servlet write/read
06-May-2019 14:40:39.452 INFO [main] org.apache.catalina.startup.Catalina.load Initialization processed in 766 ms
06-May-2019 14:40:39.495 INFO [main] org.apache.catalina.core.StandardService.startInternal Starting service [Catalina]
06-May-2019 14:40:39.495 INFO [main] org.apache.catalina.core.StandardEngine.startInternal Starting Servlet Engine: Apache Tomcat/8.5.37
06-May-2019 14:40:39.527 INFO [localhost-startStop-1] org.apache.catalina.startup.HostConfig.deployDirectory Deploying web application directory [/opt/projects/tomcat/webapps/umis]
06-May-2019 14:40:39.719 SEVERE [localhost-startStop-1] org.apache.tomcat.util.digester.Digester.startElement Begin event threw exception
 java.lang.ClassNotFoundException: org.baraza.server.tomcat.BJDBCRealm
	at java.net.URLClassLoader.findClass(URLClassLoader.java:382)
	at java.lang.ClassLoader.loadClass(ClassLoader.java:424)
	at java.lang.ClassLoader.loadClass(ClassLoader.java:357)
	at org.apache.tomcat.util.digester.ObjectCreateRule.begin(ObjectCreateRule.java:116)
	at org.apache.tomcat.util.digester.Digester.startElement(Digester.java:1250)
	at com.sun.org.apache.xerces.internal.parsers.AbstractSAXParser.startElement(AbstractSAXParser.java:509)
	at com.sun.org.apache.xerces.internal.impl.XMLDocumentFragmentScannerImpl.scanStartElement(XMLDocumentFragmentScannerImpl.java:1359)
	at com.sun.org.apache.xerces.internal.impl.XMLDocumentFragmentScannerImpl$FragmentContentDriver.next(XMLDocumentFragmentScannerImpl.java:2784)
	at com.sun.org.apache.xerces.internal.impl.XMLDocumentScannerImpl.next(XMLDocumentScannerImpl.java:602)
	at com.sun.org.apache.xerces.internal.impl.XMLDocumentFragmentScannerImpl.scanDocument(XMLDocumentFragmentScannerImpl.java:505)
	at com.sun.org.apache.xerces.internal.parsers.XML11Configuration.parse(XML11Configuration.java:842)
	at com.sun.org.apache.xerces.internal.parsers.XML11Configuration.parse(XML11Configuration.java:771)
	at com.sun.org.apache.xerces.internal.parsers.XMLParser.parse(XMLParser.java:141)
	at com.sun.org.apache.xerces.internal.parsers.AbstractSAXParser.parse(AbstractSAXParser.java:1213)
	at com.sun.org.apache.xerces.internal.jaxp.SAXParserImpl$JAXPSAXParser.parse(SAXParserImpl.java:643)
	at org.apache.tomcat.util.digester.Digester.parse(Digester.java:1518)
	at org.apache.catalina.startup.ContextConfig.processContextConfig(ContextConfig.java:531)
	at org.apache.catalina.startup.ContextConfig.contextConfig(ContextConfig.java:488)
	at org.apache.catalina.startup.ContextConfig.init(ContextConfig.java:732)
	at org.apache.catalina.startup.ContextConfig.lifecycleEvent(ContextConfig.java:310)
	at org.apache.catalina.util.LifecycleBase.fireLifecycleEvent(LifecycleBase.java:94)
	at org.apache.catalina.util.LifecycleBase.setStateInternal(LifecycleBase.java:395)
	at org.apache.catalina.util.LifecycleBase.init(LifecycleBase.java:108)
	at org.apache.catalina.util.LifecycleBase.start(LifecycleBase.java:140)
	at org.apache.catalina.core.ContainerBase.addChildInternal(ContainerBase.java:754)
	at org.apache.catalina.core.ContainerBase.addChild(ContainerBase.java:730)
	at org.apache.catalina.core.StandardHost.addChild(StandardHost.java:734)
	at org.apache.catalina.startup.HostConfig.deployDirectory(HostConfig.java:1140)
	at org.apache.catalina.startup.HostConfig$DeployDirectory.run(HostConfig.java:1875)
	at java.util.concurrent.Executors$RunnableAdapter.call(Executors.java:511)
	at java.util.concurrent.FutureTask.run(FutureTask.java:266)
	at java.util.concurrent.ThreadPoolExecutor.runWorker(ThreadPoolExecutor.java:1149)
	at java.util.concurrent.ThreadPoolExecutor$Worker.run(ThreadPoolExecutor.java:624)
	at java.lang.Thread.run(Thread.java:748)

06-May-2019 14:40:39.720 SEVERE [localhost-startStop-1] org.apache.catalina.startup.ContextConfig.processContextConfig Parse error in context.xml for [/umis]
 org.xml.sax.SAXParseException; systemId: file:/opt/projects/tomcat/webapps/umis/META-INF/context.xml; lineNumber: 10; columnNumber: 82; Error at (10, 82) : org.baraza.server.tomcat.BJDBCRealm
	at org.apache.tomcat.util.digester.Digester.createSAXException(Digester.java:1968)
	at org.apache.tomcat.util.digester.Digester.createSAXException(Digester.java:2000)
	at org.apache.tomcat.util.digester.Digester.startElement(Digester.java:1253)
	at com.sun.org.apache.xerces.internal.parsers.AbstractSAXParser.startElement(AbstractSAXParser.java:509)
	at com.sun.org.apache.xerces.internal.impl.XMLDocumentFragmentScannerImpl.scanStartElement(XMLDocumentFragmentScannerImpl.java:1359)
	at com.sun.org.apache.xerces.internal.impl.XMLDocumentFragmentScannerImpl$FragmentContentDriver.next(XMLDocumentFragmentScannerImpl.java:2784)
	at com.sun.org.apache.xerces.internal.impl.XMLDocumentScannerImpl.next(XMLDocumentScannerImpl.java:602)
	at com.sun.org.apache.xerces.internal.impl.XMLDocumentFragmentScannerImpl.scanDocument(XMLDocumentFragmentScannerImpl.java:505)
	at com.sun.org.apache.xerces.internal.parsers.XML11Configuration.parse(XML11Configuration.java:842)
	at com.sun.org.apache.xerces.internal.parsers.XML11Configuration.parse(XML11Configuration.java:771)
	at com.sun.org.apache.xerces.internal.parsers.XMLParser.parse(XMLParser.java:141)
	at com.sun.org.apache.xerces.internal.parsers.AbstractSAXParser.parse(AbstractSAXParser.java:1213)
	at com.sun.org.apache.xerces.internal.jaxp.SAXParserImpl$JAXPSAXParser.parse(SAXParserImpl.java:643)
	at org.apache.tomcat.util.digester.Digester.parse(Digester.java:1518)
	at org.apache.catalina.startup.ContextConfig.processContextConfig(ContextConfig.java:531)
	at org.apache.catalina.startup.ContextConfig.contextConfig(ContextConfig.java:488)
	at org.apache.catalina.startup.ContextConfig.init(ContextConfig.java:732)
	at org.apache.catalina.startup.ContextConfig.lifecycleEvent(ContextConfig.java:310)
	at org.apache.catalina.util.LifecycleBase.fireLifecycleEvent(LifecycleBase.java:94)
	at org.apache.catalina.util.LifecycleBase.setStateInternal(LifecycleBase.java:395)
	at org.apache.catalina.util.LifecycleBase.init(LifecycleBase.java:108)
	at org.apache.catalina.util.LifecycleBase.start(LifecycleBase.java:140)
	at org.apache.catalina.core.ContainerBase.addChildInternal(ContainerBase.java:754)
	at org.apache.catalina.core.ContainerBase.addChild(ContainerBase.java:730)
	at org.apache.catalina.core.StandardHost.addChild(StandardHost.java:734)
	at org.apache.catalina.startup.HostConfig.deployDirectory(HostConfig.java:1140)
	at org.apache.catalina.startup.HostConfig$DeployDirectory.run(HostConfig.java:1875)
	at java.util.concurrent.Executors$RunnableAdapter.call(Executors.java:511)
	at java.util.concurrent.FutureTask.run(FutureTask.java:266)
	at java.util.concurrent.ThreadPoolExecutor.runWorker(ThreadPoolExecutor.java:1149)
	at java.util.concurrent.ThreadPoolExecutor$Worker.run(ThreadPoolExecutor.java:624)
	at java.lang.Thread.run(Thread.java:748)
Caused by: java.lang.ClassNotFoundException: org.baraza.server.tomcat.BJDBCRealm
	at java.net.URLClassLoader.findClass(URLClassLoader.java:382)
	at java.lang.ClassLoader.loadClass(ClassLoader.java:424)
	at java.lang.ClassLoader.loadClass(ClassLoader.java:357)
	at org.apache.tomcat.util.digester.ObjectCreateRule.begin(ObjectCreateRule.java:116)
	at org.apache.tomcat.util.digester.Digester.startElement(Digester.java:1250)
	... 29 more

06-May-2019 14:40:39.726 SEVERE [localhost-startStop-1] org.apache.catalina.startup.ContextConfig.processContextConfig Occurred at line [10] column [82]
06-May-2019 14:40:40.872 SEVERE [localhost-startStop-1] org.apache.catalina.startup.ContextConfig.configureStart Marking this application unavailable due to previous error(s)
06-May-2019 14:40:40.877 SEVERE [localhost-startStop-1] org.apache.catalina.core.StandardContext.startInternal One or more components marked the context as not correctly configured
06-May-2019 14:40:40.946 SEVERE [localhost-startStop-1] org.apache.catalina.core.StandardContext.startInternal Context [/umis] startup failed due to previous errors
06-May-2019 14:40:41.023 INFO [localhost-startStop-1] org.apache.catalina.startup.HostConfig.deployDirectory Deployment of web application directory [/opt/projects/tomcat/webapps/umis] has finished in [1,495] ms
06-May-2019 14:40:41.024 INFO [localhost-startStop-1] org.apache.catalina.startup.HostConfig.deployDirectory Deploying web application directory [/opt/projects/tomcat/webapps/examples]
06-May-2019 14:40:41.614 INFO [localhost-startStop-1] org.apache.jasper.servlet.TldScanner.scanJars At least one JAR was scanned for TLDs yet contained no TLDs. Enable debug logging for this logger for a complete list of JARs that were scanned but no TLDs were found in them. Skipping unneeded JARs during scanning can improve startup time and JSP compilation time.
06-May-2019 14:40:41.666 INFO [localhost-startStop-1] org.apache.catalina.startup.HostConfig.deployDirectory Deployment of web application directory [/opt/projects/tomcat/webapps/examples] has finished in [641] ms
06-May-2019 14:40:41.666 INFO [localhost-startStop-1] org.apache.catalina.startup.HostConfig.deployDirectory Deploying web application directory [/opt/projects/tomcat/webapps/colleges]
06-May-2019 14:40:46.203 INFO [localhost-startStop-1] org.apache.jasper.servlet.TldScanner.scanJars At least one JAR was scanned for TLDs yet contained no TLDs. Enable debug logging for this logger for a complete list of JARs that were scanned but no TLDs were found in them. Skipping unneeded JARs during scanning can improve startup time and JSP compilation time.
06-May-2019 14:40:46.244 INFO [localhost-startStop-1] org.apache.catalina.startup.HostConfig.deployDirectory Deployment of web application directory [/opt/projects/tomcat/webapps/colleges] has finished in [4,578] ms
06-May-2019 14:40:46.244 INFO [localhost-startStop-1] org.apache.catalina.startup.HostConfig.deployDirectory Deploying web application directory [/opt/projects/tomcat/webapps/ueab]
06-May-2019 14:40:49.957 INFO [localhost-startStop-1] org.apache.jasper.servlet.TldScanner.scanJars At least one JAR was scanned for TLDs yet contained no TLDs. Enable debug logging for this logger for a complete list of JARs that were scanned but no TLDs were found in them. Skipping unneeded JARs during scanning can improve startup time and JSP compilation time.
06-May-2019 14:40:50.950 SEVERE [localhost-startStop-1] org.baraza.DB.BQuery.makeQuery Get Table read and Metadata Error : org.postgresql.util.PSQLException: ERROR: could not open file "base/42881/93864": Permission denied
06-May-2019 14:40:50.950 SEVERE [localhost-startStop-1] org.baraza.DB.BQuery.makeQuery SQL SELECT org_id FROM orgs WHERE is_active = true ORDER BY org_id
06-May-2019 14:40:50.955 INFO [localhost-startStop-1] org.apache.catalina.startup.HostConfig.deployDirectory Deployment of web application directory [/opt/projects/tomcat/webapps/ueab] has finished in [4,711] ms
06-May-2019 14:40:50.956 INFO [localhost-startStop-1] org.apache.catalina.startup.HostConfig.deployDirectory Deploying web application directory [/opt/projects/tomcat/webapps/manager]
06-May-2019 14:40:51.072 INFO [localhost-startStop-1] org.apache.jasper.servlet.TldScanner.scanJars At least one JAR was scanned for TLDs yet contained no TLDs. Enable debug logging for this logger for a complete list of JARs that were scanned but no TLDs were found in them. Skipping unneeded JARs during scanning can improve startup time and JSP compilation time.
06-May-2019 14:40:51.090 INFO [localhost-startStop-1] org.apache.catalina.startup.HostConfig.deployDirectory Deployment of web application directory [/opt/projects/tomcat/webapps/manager] has finished in [135] ms
06-May-2019 14:40:51.090 INFO [localhost-startStop-1] org.apache.catalina.startup.HostConfig.deployDirectory Deploying web application directory [/opt/projects/tomcat/webapps/babcock]
06-May-2019 14:40:52.299 WARNING [localhost-startStop-1] org.postgresql.core.v3.ConnectionFactoryImpl.log SQLException occurred while connecting to umisdb:5432
 org.postgresql.util.PSQLException: FATAL: role "babcock_admin" does not exist
	at org.postgresql.core.v3.QueryExecutorImpl.receiveErrorResponse(QueryExecutorImpl.java:2433)
	at org.postgresql.core.v3.QueryExecutorImpl.readStartupMessages(QueryExecutorImpl.java:2566)
	at org.postgresql.core.v3.QueryExecutorImpl.<init>(QueryExecutorImpl.java:131)
	at org.postgresql.core.v3.ConnectionFactoryImpl.openConnectionImpl(ConnectionFactoryImpl.java:210)
	at org.postgresql.core.ConnectionFactory.openConnection(ConnectionFactory.java:49)
	at org.postgresql.jdbc.PgConnection.<init>(PgConnection.java:195)
	at org.postgresql.Driver.makeConnection(Driver.java:452)
	at org.postgresql.Driver.connect(Driver.java:254)
	at org.apache.catalina.realm.JDBCRealm.open(JDBCRealm.java:670)
	at org.apache.catalina.realm.JDBCRealm.startInternal(JDBCRealm.java:733)
	at org.apache.catalina.util.LifecycleBase.start(LifecycleBase.java:150)
	at org.apache.catalina.core.StandardContext.startInternal(StandardContext.java:5155)
	at org.apache.catalina.util.LifecycleBase.start(LifecycleBase.java:150)
	at org.apache.catalina.core.ContainerBase.addChildInternal(ContainerBase.java:754)
	at org.apache.catalina.core.ContainerBase.addChild(ContainerBase.java:730)
	at org.apache.catalina.core.StandardHost.addChild(StandardHost.java:734)
	at org.apache.catalina.startup.HostConfig.deployDirectory(HostConfig.java:1140)
	at org.apache.catalina.startup.HostConfig$DeployDirectory.run(HostConfig.java:1875)
	at java.util.concurrent.Executors$RunnableAdapter.call(Executors.java:511)
	at java.util.concurrent.FutureTask.run(FutureTask.java:266)
	at java.util.concurrent.ThreadPoolExecutor.runWorker(ThreadPoolExecutor.java:1149)
	at java.util.concurrent.ThreadPoolExecutor$Worker.run(ThreadPoolExecutor.java:624)
	at java.lang.Thread.run(Thread.java:748)

06-May-2019 14:40:52.300 SEVERE [localhost-startStop-1] org.postgresql.Driver.connect Connection error: 
 org.postgresql.util.PSQLException: FATAL: role "babcock_admin" does not exist
	at org.postgresql.core.v3.QueryExecutorImpl.receiveErrorResponse(QueryExecutorImpl.java:2433)
	at org.postgresql.core.v3.QueryExecutorImpl.readStartupMessages(QueryExecutorImpl.java:2566)
	at org.postgresql.core.v3.QueryExecutorImpl.<init>(QueryExecutorImpl.java:131)
	at org.postgresql.core.v3.ConnectionFactoryImpl.openConnectionImpl(ConnectionFactoryImpl.java:210)
	at org.postgresql.core.ConnectionFactory.openConnection(ConnectionFactory.java:49)
	at org.postgresql.jdbc.PgConnection.<init>(PgConnection.java:195)
	at org.postgresql.Driver.makeConnection(Driver.java:452)
	at org.postgresql.Driver.connect(Driver.java:254)
	at org.apache.catalina.realm.JDBCRealm.open(JDBCRealm.java:670)
	at org.apache.catalina.realm.JDBCRealm.startInternal(JDBCRealm.java:733)
	at org.apache.catalina.util.LifecycleBase.start(LifecycleBase.java:150)
	at org.apache.catalina.core.StandardContext.startInternal(StandardContext.java:5155)
	at org.apache.catalina.util.LifecycleBase.start(LifecycleBase.java:150)
	at org.apache.catalina.core.ContainerBase.addChildInternal(ContainerBase.java:754)
	at org.apache.catalina.core.ContainerBase.addChild(ContainerBase.java:730)
	at org.apache.catalina.core.StandardHost.addChild(StandardHost.java:734)
	at org.apache.catalina.startup.HostConfig.deployDirectory(HostConfig.java:1140)
	at org.apache.catalina.startup.HostConfig$DeployDirectory.run(HostConfig.java:1875)
	at java.util.concurrent.Executors$RunnableAdapter.call(Executors.java:511)
	at java.util.concurrent.FutureTask.run(FutureTask.java:266)
	at java.util.concurrent.ThreadPoolExecutor.runWorker(ThreadPoolExecutor.java:1149)
	at java.util.concurrent.ThreadPoolExecutor$Worker.run(ThreadPoolExecutor.java:624)
	at java.lang.Thread.run(Thread.java:748)

06-May-2019 14:40:55.776 INFO [localhost-startStop-1] com.sun.xml.ws.transport.http.servlet.WSServletDelegate.<init> WSSERVLET14: JAX-WS servlet initializing
06-May-2019 14:40:55.825 INFO [localhost-startStop-1] org.apache.jasper.servlet.TldScanner.scanJars At least one JAR was scanned for TLDs yet contained no TLDs. Enable debug logging for this logger for a complete list of JARs that were scanned but no TLDs were found in them. Skipping unneeded JARs during scanning can improve startup time and JSP compilation time.
06-May-2019 14:40:55.827 INFO [localhost-startStop-1] com.sun.xml.ws.transport.http.servlet.WSServletContextListener.contextInitialized WSSERVLET12: JAX-WS context listener initializing
06-May-2019 14:40:55.828 INFO [localhost-startStop-1] com.sun.xml.ws.transport.http.servlet.WSServletContextListener.contextInitialized WSSERVLET12: JAX-WS context listener initializing
06-May-2019 14:40:55.833 WARNING [localhost-startStop-1] org.postgresql.core.v3.ConnectionFactoryImpl.log SQLException occurred while connecting to umisdb:5432
 org.postgresql.util.PSQLException: FATAL: role "babcock_admin" does not exist
	at org.postgresql.core.v3.QueryExecutorImpl.receiveErrorResponse(QueryExecutorImpl.java:2433)
	at org.postgresql.core.v3.QueryExecutorImpl.readStartupMessages(QueryExecutorImpl.java:2566)
	at org.postgresql.core.v3.QueryExecutorImpl.<init>(QueryExecutorImpl.java:131)
	at org.postgresql.core.v3.ConnectionFactoryImpl.openConnectionImpl(ConnectionFactoryImpl.java:210)
	at org.postgresql.core.ConnectionFactory.openConnection(ConnectionFactory.java:49)
	at org.postgresql.jdbc.PgConnection.<init>(PgConnection.java:195)
	at org.postgresql.Driver.makeConnection(Driver.java:452)
	at org.postgresql.Driver.connect(Driver.java:254)
	at org.apache.tomcat.dbcp.dbcp2.DriverConnectionFactory.createConnection(DriverConnectionFactory.java:53)
	at org.apache.tomcat.dbcp.dbcp2.PoolableConnectionFactory.makeObject(PoolableConnectionFactory.java:291)
	at org.apache.tomcat.dbcp.dbcp2.BasicDataSource.validateConnectionFactory(BasicDataSource.java:2395)
	at org.apache.tomcat.dbcp.dbcp2.BasicDataSource.createPoolableConnectionFactory(BasicDataSource.java:2381)
	at org.apache.tomcat.dbcp.dbcp2.BasicDataSource.createDataSource(BasicDataSource.java:2110)
	at org.apache.tomcat.dbcp.dbcp2.BasicDataSource.getConnection(BasicDataSource.java:1563)
	at org.baraza.DB.BDB.connectDB(BDB.java:100)
	at org.baraza.DB.BDB.<init>(BDB.java:92)
	at org.baraza.web.BWebRegister.init(BWebRegister.java:32)
	at org.apache.catalina.core.StandardWrapper.initServlet(StandardWrapper.java:1144)
	at org.apache.catalina.core.StandardWrapper.loadServlet(StandardWrapper.java:1091)
	at org.apache.catalina.core.StandardWrapper.load(StandardWrapper.java:983)
	at org.apache.catalina.core.StandardContext.loadOnStartup(StandardContext.java:4998)
	at org.apache.catalina.core.StandardContext.startInternal(StandardContext.java:5312)
	at org.apache.catalina.util.LifecycleBase.start(LifecycleBase.java:150)
	at org.apache.catalina.core.ContainerBase.addChildInternal(ContainerBase.java:754)
	at org.apache.catalina.core.ContainerBase.addChild(ContainerBase.java:730)
	at org.apache.catalina.core.StandardHost.addChild(StandardHost.java:734)
	at org.apache.catalina.startup.HostConfig.deployDirectory(HostConfig.java:1140)
	at org.apache.catalina.startup.HostConfig$DeployDirectory.run(HostConfig.java:1875)
	at java.util.concurrent.Executors$RunnableAdapter.call(Executors.java:511)
	at java.util.concurrent.FutureTask.run(FutureTask.java:266)
	at java.util.concurrent.ThreadPoolExecutor.runWorker(ThreadPoolExecutor.java:1149)
	at java.util.concurrent.ThreadPoolExecutor$Worker.run(ThreadPoolExecutor.java:624)
	at java.lang.Thread.run(Thread.java:748)

06-May-2019 14:40:55.834 SEVERE [localhost-startStop-1] org.postgresql.Driver.connect Connection error: 
 org.postgresql.util.PSQLException: FATAL: role "babcock_admin" does not exist
	at org.postgresql.core.v3.QueryExecutorImpl.receiveErrorResponse(QueryExecutorImpl.java:2433)
	at org.postgresql.core.v3.QueryExecutorImpl.readStartupMessages(QueryExecutorImpl.java:2566)
	at org.postgresql.core.v3.QueryExecutorImpl.<init>(QueryExecutorImpl.java:131)
	at org.postgresql.core.v3.ConnectionFactoryImpl.openConnectionImpl(ConnectionFactoryImpl.java:210)
	at org.postgresql.core.ConnectionFactory.openConnection(ConnectionFactory.java:49)
	at org.postgresql.jdbc.PgConnection.<init>(PgConnection.java:195)
	at org.postgresql.Driver.makeConnection(Driver.java:452)
	at org.postgresql.Driver.connect(Driver.java:254)
	at org.apache.tomcat.dbcp.dbcp2.DriverConnectionFactory.createConnection(DriverConnectionFactory.java:53)
	at org.apache.tomcat.dbcp.dbcp2.PoolableConnectionFactory.makeObject(PoolableConnectionFactory.java:291)
	at org.apache.tomcat.dbcp.dbcp2.BasicDataSource.validateConnectionFactory(BasicDataSource.java:2395)
	at org.apache.tomcat.dbcp.dbcp2.BasicDataSource.createPoolableConnectionFactory(BasicDataSource.java:2381)
	at org.apache.tomcat.dbcp.dbcp2.BasicDataSource.createDataSource(BasicDataSource.java:2110)
	at org.apache.tomcat.dbcp.dbcp2.BasicDataSource.getConnection(BasicDataSource.java:1563)
	at org.baraza.DB.BDB.connectDB(BDB.java:100)
	at org.baraza.DB.BDB.<init>(BDB.java:92)
	at org.baraza.web.BWebRegister.init(BWebRegister.java:32)
	at org.apache.catalina.core.StandardWrapper.initServlet(StandardWrapper.java:1144)
	at org.apache.catalina.core.StandardWrapper.loadServlet(StandardWrapper.java:1091)
	at org.apache.catalina.core.StandardWrapper.load(StandardWrapper.java:983)
	at org.apache.catalina.core.StandardContext.loadOnStartup(StandardContext.java:4998)
	at org.apache.catalina.core.StandardContext.startInternal(StandardContext.java:5312)
	at org.apache.catalina.util.LifecycleBase.start(LifecycleBase.java:150)
	at org.apache.catalina.core.ContainerBase.addChildInternal(ContainerBase.java:754)
	at org.apache.catalina.core.ContainerBase.addChild(ContainerBase.java:730)
	at org.apache.catalina.core.StandardHost.addChild(StandardHost.java:734)
	at org.apache.catalina.startup.HostConfig.deployDirectory(HostConfig.java:1140)
	at org.apache.catalina.startup.HostConfig$DeployDirectory.run(HostConfig.java:1875)
	at java.util.concurrent.Executors$RunnableAdapter.call(Executors.java:511)
	at java.util.concurrent.FutureTask.run(FutureTask.java:266)
	at java.util.concurrent.ThreadPoolExecutor.runWorker(ThreadPoolExecutor.java:1149)
	at java.util.concurrent.ThreadPoolExecutor$Worker.run(ThreadPoolExecutor.java:624)
	at java.lang.Thread.run(Thread.java:748)

06-May-2019 14:40:55.835 SEVERE [localhost-startStop-1] org.baraza.DB.BDB.connectDB Cannot connect to this database : java.sql.SQLException: Cannot create PoolableConnectionFactory (FATAL: role "babcock_admin" does not exist)
06-May-2019 14:40:55.843 INFO [localhost-startStop-1] org.apache.catalina.startup.HostConfig.deployDirectory Deployment of web application directory [/opt/projects/tomcat/webapps/babcock] has finished in [4,752] ms
06-May-2019 14:40:55.843 INFO [localhost-startStop-1] org.apache.catalina.startup.HostConfig.deployDirectory Deploying web application directory [/opt/projects/tomcat/webapps/host-manager]
06-May-2019 14:40:55.934 INFO [localhost-startStop-1] org.apache.jasper.servlet.TldScanner.scanJars At least one JAR was scanned for TLDs yet contained no TLDs. Enable debug logging for this logger for a complete list of JARs that were scanned but no TLDs were found in them. Skipping unneeded JARs during scanning can improve startup time and JSP compilation time.
06-May-2019 14:40:55.946 INFO [localhost-startStop-1] org.apache.catalina.startup.HostConfig.deployDirectory Deployment of web application directory [/opt/projects/tomcat/webapps/host-manager] has finished in [103] ms
06-May-2019 14:40:55.947 INFO [localhost-startStop-1] org.apache.catalina.startup.HostConfig.deployDirectory Deploying web application directory [/opt/projects/tomcat/webapps/docs]
06-May-2019 14:40:56.020 INFO [localhost-startStop-1] org.apache.jasper.servlet.TldScanner.scanJars At least one JAR was scanned for TLDs yet contained no TLDs. Enable debug logging for this logger for a complete list of JARs that were scanned but no TLDs were found in them. Skipping unneeded JARs during scanning can improve startup time and JSP compilation time.
06-May-2019 14:40:56.021 INFO [localhost-startStop-1] org.apache.catalina.startup.HostConfig.deployDirectory Deployment of web application directory [/opt/projects/tomcat/webapps/docs] has finished in [74] ms
06-May-2019 14:40:56.021 INFO [localhost-startStop-1] org.apache.catalina.startup.HostConfig.deployDirectory Deploying web application directory [/opt/projects/tomcat/webapps/ROOT]
06-May-2019 14:40:59.278 INFO [localhost-startStop-1] org.apache.jasper.servlet.TldScanner.scanJars At least one JAR was scanned for TLDs yet contained no TLDs. Enable debug logging for this logger for a complete list of JARs that were scanned but no TLDs were found in them. Skipping unneeded JARs during scanning can improve startup time and JSP compilation time.
06-May-2019 14:40:59.284 INFO [localhost-startStop-1] org.apache.catalina.startup.HostConfig.deployDirectory Deployment of web application directory [/opt/projects/tomcat/webapps/ROOT] has finished in [3,263] ms
06-May-2019 14:40:59.284 INFO [localhost-startStop-1] org.apache.catalina.startup.HostConfig.deployDirectory Deploying web application directory [/opt/projects/tomcat/webapps/aua]
06-May-2019 14:41:02.760 INFO [localhost-startStop-1] org.apache.jasper.servlet.TldScanner.scanJars At least one JAR was scanned for TLDs yet contained no TLDs. Enable debug logging for this logger for a complete list of JARs that were scanned but no TLDs were found in them. Skipping unneeded JARs during scanning can improve startup time and JSP compilation time.
06-May-2019 14:41:03.211 INFO [localhost-startStop-1] org.apache.catalina.startup.HostConfig.deployDirectory Deployment of web application directory [/opt/projects/tomcat/webapps/aua] has finished in [3,927] ms
06-May-2019 14:41:03.212 INFO [localhost-startStop-1] org.apache.catalina.startup.HostConfig.deployDirectory Deploying web application directory [/opt/projects/tomcat/webapps/repository]
06-May-2019 14:41:04.678 INFO [localhost-startStop-1] org.apache.jasper.servlet.TldScanner.scanJars At least one JAR was scanned for TLDs yet contained no TLDs. Enable debug logging for this logger for a complete list of JARs that were scanned but no TLDs were found in them. Skipping unneeded JARs during scanning can improve startup time and JSP compilation time.
06-May-2019 14:41:04.693 INFO [localhost-startStop-1] org.apache.catalina.startup.HostConfig.deployDirectory Deployment of web application directory [/opt/projects/tomcat/webapps/repository] has finished in [1,482] ms
06-May-2019 14:41:04.697 INFO [main] org.apache.coyote.AbstractProtocol.start Starting ProtocolHandler ["http-nio-8080"]
06-May-2019 14:41:04.703 INFO [main] org.apache.coyote.AbstractProtocol.start Starting ProtocolHandler ["ajp-nio-8009"]
06-May-2019 14:41:04.706 INFO [main] org.apache.catalina.startup.Catalina.start Server startup in 25253 ms
06-May-2019 14:52:42.238 SEVERE [http-nio-8080-exec-7] org.baraza.DB.BQuery.makeQuery Get Table read and Metadata Error : org.postgresql.util.PSQLException: ERROR: invalid input syntax for integer: "S2019002"
  Position: 149
06-May-2019 14:52:42.239 SEVERE [http-nio-8080-exec-7] org.baraza.DB.BQuery.makeQuery SQL SELECT sys_country_name, postal_code, town, phone_number, mobile, email, is_default, address_id, table_id, org_id
FROM vw_address
WHERE (table_id = 'S2019002') AND table_name = 'applicant' AND (org_id = '0')
ORDER BY address_id
06-May-2019 14:56:15.039 SEVERE [http-nio-8080-exec-1] org.baraza.DB.BQuery.makeQuery Get Table read and Metadata Error : org.postgresql.util.PSQLException: ERROR: invalid input syntax for integer: "S2019002"
  Position: 149
06-May-2019 14:56:15.039 SEVERE [http-nio-8080-exec-1] org.baraza.DB.BQuery.makeQuery SQL SELECT sys_country_name, postal_code, town, phone_number, mobile, email, is_default, address_id, table_id, org_id
FROM vw_address
WHERE (table_id = 'S2019002') AND table_name = 'applicant' AND (org_id = '0')
ORDER BY address_id
06-May-2019 14:58:27.930 SEVERE [http-nio-8080-exec-6] org.baraza.DB.BDB.getFieldsData Database executeFunction error : org.postgresql.util.PSQLException: ERROR: column "entity_id" does not exist
  Position: 42
06-May-2019 14:58:27.933 SEVERE [http-nio-8080-exec-6] org.baraza.DB.BQuery.makeQuery Get Table read and Metadata Error : org.postgresql.util.PSQLException: ERROR: column "entity_id" does not exist
  Position: 149
06-May-2019 14:58:27.934 SEVERE [http-nio-8080-exec-6] org.baraza.DB.BQuery.makeQuery SQL SELECT student_id, student_name, school_name, religion_name, denomination_name, gender, marital, nationality_country, address, town, email, tel_no, entity_id, school_id
FROM vw_students
WHERE entity_id = 'S2019002' AND (student_id = 'S2019002')
ORDER BY entity_id
06-May-2019 14:58:31.972 SEVERE [http-nio-8080-exec-6] org.baraza.DB.BDB.getFieldsData Database executeFunction error : org.postgresql.util.PSQLException: ERROR: column "entity_id" does not exist
  Position: 42
06-May-2019 14:58:31.973 SEVERE [http-nio-8080-exec-6] org.baraza.DB.BQuery.makeQuery Get Table read and Metadata Error : org.postgresql.util.PSQLException: ERROR: column "entity_id" does not exist
  Position: 149
06-May-2019 14:58:31.973 SEVERE [http-nio-8080-exec-6] org.baraza.DB.BQuery.makeQuery SQL SELECT student_id, student_name, school_name, religion_name, denomination_name, gender, marital, nationality_country, address, town, email, tel_no, entity_id, school_id
FROM vw_students
WHERE entity_id = 'S2019002' AND (student_id = 'S2019002')
ORDER BY entity_id
06-May-2019 15:25:08.656 SEVERE [http-nio-8080-exec-9] org.baraza.DB.BQuery.makeQuery Get Table read and Metadata Error : org.postgresql.util.PSQLException: ERROR: column "entity_id" does not exist
  Position: 98
06-May-2019 15:25:08.656 SEVERE [http-nio-8080-exec-9] org.baraza.DB.BQuery.makeQuery SQL SELECT sys_country_name, postal_code, town, phone_number, mobile, email, is_default, address_id, entity_id, org_id
FROM vw_address
WHERE (entity_id = '5036') AND (org_id = '0')
ORDER BY address_id
06-May-2019 15:30:34.229 SEVERE [http-nio-8080-exec-5] org.baraza.DB.BQuery.saveNewRec The SQL Exeption on new record examination_taken : org.postgresql.util.PSQLException: ERROR: duplicate key value violates unique constraint "education_org_id_name_of_school_key"
  Detail: Key (org_id, name_of_school)=(0, Ngumo BoysTTTTT) already exists.
06-May-2019 15:30:34.230 SEVERE [http-nio-8080-exec-5] org.baraza.DB.BQuery.saveNewRec The error code 0
06-May-2019 15:32:37.965 SEVERE [http-nio-8080-exec-10] org.baraza.DB.BQuery.makeQuery Get Table read and Metadata Error : org.postgresql.util.PSQLException: ERROR: column "org_id" does not exist
  Position: 85
06-May-2019 15:32:37.965 SEVERE [http-nio-8080-exec-10] org.baraza.DB.BQuery.makeQuery SQL SELECT date_from, date_to, employers_name, position_held, employment_id, entity_id, org_id
FROM vw_employment
WHERE (entity_id = '5036') AND (org_id = '0')
ORDER BY date_from desc
06-May-2019 15:33:05.720 SEVERE [http-nio-8080-exec-5] org.baraza.DB.BQuery.makeQuery Get Table read and Metadata Error : org.postgresql.util.PSQLException: ERROR: column "org_id" does not exist
  Position: 85
06-May-2019 15:33:05.720 SEVERE [http-nio-8080-exec-5] org.baraza.DB.BQuery.makeQuery SQL SELECT date_from, date_to, employers_name, position_held, employment_id, entity_id, org_id
FROM vw_employment
WHERE (entity_id = '5036') AND (org_id = '0')
ORDER BY date_from desc
06-May-2019 15:33:06.654 SEVERE [http-nio-8080-exec-7] org.baraza.DB.BQuery.makeQuery Get Table read and Metadata Error : org.postgresql.util.PSQLException: ERROR: column "org_id" does not exist
  Position: 85
06-May-2019 15:33:06.654 SEVERE [http-nio-8080-exec-7] org.baraza.DB.BQuery.makeQuery SQL SELECT date_from, date_to, employers_name, position_held, employment_id, entity_id, org_id
FROM vw_employment
WHERE (entity_id = '5036') AND (org_id = '0')
ORDER BY date_from desc
06-May-2019 15:34:41.733 SEVERE [http-nio-8080-exec-8] org.baraza.DB.BQuery.makeQuery Get Table read and Metadata Error : org.postgresql.util.PSQLException: ERROR: column "org_id" does not exist
  Position: 68
06-May-2019 15:34:41.733 SEVERE [http-nio-8080-exec-8] org.baraza.DB.BQuery.makeQuery SQL SELECT cv_seminar_name, cv_seminar_date, cv_seminar_id, entity_id, org_id
FROM vw_cv_seminars
WHERE (entity_id = '5036') AND (org_id = '0')
ORDER BY cv_seminar_id
06-May-2019 15:34:57.535 SEVERE [http-nio-8080-exec-3] org.baraza.DB.BQuery.makeQuery Get Table read and Metadata Error : org.postgresql.util.PSQLException: ERROR: column "org_id" does not exist
  Position: 68
06-May-2019 15:34:57.535 SEVERE [http-nio-8080-exec-3] org.baraza.DB.BQuery.makeQuery SQL SELECT cv_seminar_name, cv_seminar_date, cv_seminar_id, entity_id, org_id
FROM vw_cv_seminars
WHERE (entity_id = '5036') AND (org_id = '0')
ORDER BY cv_seminar_id
06-May-2019 15:34:58.579 SEVERE [http-nio-8080-exec-9] org.baraza.DB.BQuery.makeQuery Get Table read and Metadata Error : org.postgresql.util.PSQLException: ERROR: column "org_id" does not exist
  Position: 68
06-May-2019 15:34:58.580 SEVERE [http-nio-8080-exec-9] org.baraza.DB.BQuery.makeQuery SQL SELECT cv_seminar_name, cv_seminar_date, cv_seminar_id, entity_id, org_id
FROM vw_cv_seminars
WHERE (entity_id = '5036') AND (org_id = '0')
ORDER BY cv_seminar_id
06-May-2019 15:36:48.705 SEVERE [http-nio-8080-exec-12] org.baraza.DB.BQuery.makeQuery Get Table read and Metadata Error : org.postgresql.util.PSQLException: ERROR: column "cv_projectid" does not exist
  Hint: Perhaps you meant to reference the column "vw_cv_projects.cv_project_id".
  Position: 42
06-May-2019 15:36:48.706 SEVERE [http-nio-8080-exec-12] org.baraza.DB.BQuery.makeQuery SQL SELECT cv_project_name, cv_project_date, cv_projectid, entity_id
FROM vw_cv_projects
WHERE (entity_id = '5036')
ORDER BY cv_projectid
06-May-2019 15:36:49.992 SEVERE [http-nio-8080-exec-5] org.baraza.DB.BQuery.makeQuery Get Table read and Metadata Error : org.postgresql.util.PSQLException: ERROR: column "cv_projectid" does not exist
  Hint: Perhaps you meant to reference the column "cv_projects.cv_project_id".
  Position: 51
06-May-2019 15:36:49.992 SEVERE [http-nio-8080-exec-5] org.baraza.DB.BQuery.makeQuery SQL SELECT cv_project_name, cv_project_date, details, cv_projectid, entity_id, org_id
FROM cv_projects
WHERE (org_id = '0')
ORDER BY cv_projectid
06-May-2019 15:37:12.580 SEVERE [http-nio-8080-exec-1] org.baraza.DB.BQuery.makeQuery Get Table read and Metadata Error : org.postgresql.util.PSQLException: ERROR: column "cv_projectid" does not exist
  Hint: Perhaps you meant to reference the column "cv_projects.cv_project_id".
  Position: 51
06-May-2019 15:37:12.580 SEVERE [http-nio-8080-exec-1] org.baraza.DB.BQuery.makeQuery SQL SELECT cv_project_name, cv_project_date, details, cv_projectid, entity_id, org_id
FROM cv_projects
WHERE cv_projectid = null AND (org_id = '0')
ORDER BY cv_projectid
06-May-2019 15:38:10.356 SEVERE [http-nio-8080-exec-2] org.baraza.DB.BQuery.makeQuery Get Table read and Metadata Error : org.postgresql.util.PSQLException: ERROR: column "cv_projectid" does not exist
  Hint: Perhaps you meant to reference the column "cv_projects.cv_project_id".
  Position: 51
06-May-2019 15:38:10.356 SEVERE [http-nio-8080-exec-2] org.baraza.DB.BQuery.makeQuery SQL SELECT cv_project_name, cv_project_date, details, cv_projectid, entity_id, org_id
FROM cv_projects
WHERE cv_projectid = null AND (org_id = '0')
ORDER BY cv_projectid
06-May-2019 15:38:13.870 SEVERE [http-nio-8080-exec-7] org.baraza.DB.BQuery.makeQuery Get Table read and Metadata Error : org.postgresql.util.PSQLException: ERROR: column "cv_projectid" does not exist
  Hint: Perhaps you meant to reference the column "cv_projects.cv_project_id".
  Position: 51
06-May-2019 15:38:13.871 SEVERE [http-nio-8080-exec-7] org.baraza.DB.BQuery.makeQuery SQL SELECT cv_project_name, cv_project_date, details, cv_projectid, entity_id, org_id
FROM cv_projects
WHERE cv_projectid = null AND (org_id = '0')
ORDER BY cv_projectid
06-May-2019 15:41:32.477 SEVERE [http-nio-8080-exec-3] org.baraza.DB.BQuery.makeQuery Get Table read and Metadata Error : org.postgresql.util.PSQLException: ERROR: column "skill_level_id" does not exist
  Hint: Perhaps you meant to reference the column "skills.skill_level".
  Position: 23
06-May-2019 15:41:32.477 SEVERE [http-nio-8080-exec-3] org.baraza.DB.BQuery.makeQuery SQL SELECT skill_type_id, skill_level_id, training_institution, details, skill_id, entity_id, org_id
FROM skills
WHERE (org_id = '0')
ORDER BY skill_id
06-May-2019 15:41:32.478 SEVERE [http-nio-8080-exec-3] org.baraza.DB.BQuery.makeQuery Get Table read and Metadata Error : org.postgresql.util.PSQLException: ERROR: column "org_id" does not exist
  Position: 121
06-May-2019 15:41:32.478 SEVERE [http-nio-8080-exec-3] org.baraza.DB.BQuery.makeQuery SQL SELECT skill_type_id, ((skill_category_name || ' - ' || skill_type_name)) as skill_type_name FROM vw_skill_types WHERE (org_id=0) ORDER BY skill_type_name
06-May-2019 15:52:28.779 SEVERE [http-nio-8080-exec-2] org.baraza.DB.BQuery.makeQuery Get Table read and Metadata Error : org.postgresql.util.PSQLException: ERROR: column "skill_level_id" does not exist
  Hint: Perhaps you meant to reference the column "skills.skill_level".
  Position: 23
06-May-2019 15:52:28.779 SEVERE [http-nio-8080-exec-2] org.baraza.DB.BQuery.makeQuery SQL SELECT skill_type_id, skill_level_id, training_institution, details, skill_id, entity_id, org_id
FROM skills
WHERE (org_id = '0')
ORDER BY skill_id
06-May-2019 15:52:28.779 SEVERE [http-nio-8080-exec-2] org.baraza.DB.BQuery.makeQuery Get Table read and Metadata Error : org.postgresql.util.PSQLException: ERROR: column "org_id" does not exist
  Position: 121
06-May-2019 15:52:28.779 SEVERE [http-nio-8080-exec-2] org.baraza.DB.BQuery.makeQuery SQL SELECT skill_type_id, ((skill_category_name || ' - ' || skill_type_name)) as skill_type_name FROM vw_skill_types WHERE (org_id=0) ORDER BY skill_type_name
06-May-2019 15:53:17.378 SEVERE [http-nio-8080-exec-11] org.baraza.DB.BQuery.makeQuery Get Table read and Metadata Error : org.postgresql.util.PSQLException: ERROR: column "skill_level_id" does not exist
  Hint: Perhaps you meant to reference the column "skills.skill_level".
  Position: 23
06-May-2019 15:53:17.379 SEVERE [http-nio-8080-exec-11] org.baraza.DB.BQuery.makeQuery SQL SELECT skill_type_id, skill_level_id, training_institution, details, skill_id, entity_id, org_id
FROM skills
WHERE (org_id = '0')
ORDER BY skill_id
06-May-2019 15:55:17.083 SEVERE [http-nio-8080-exec-9] org.baraza.DB.BQuery.makeQuery Get Table read and Metadata Error : org.postgresql.util.PSQLException: ERROR: column "skill_level_id" does not exist
  Hint: Perhaps you meant to reference the column "skills.skill_level".
  Position: 23
06-May-2019 15:55:17.084 SEVERE [http-nio-8080-exec-9] org.baraza.DB.BQuery.makeQuery SQL SELECT skill_type_id, skill_level_id, training_institution, details, skill_id, entity_id, org_id
FROM skills
WHERE (org_id = '0')
ORDER BY skill_id
06-May-2019 15:55:18.387 SEVERE [http-nio-8080-exec-2] org.baraza.DB.BQuery.makeQuery Get Table read and Metadata Error : org.postgresql.util.PSQLException: ERROR: column "skill_level_id" does not exist
  Hint: Perhaps you meant to reference the column "skills.skill_level".
  Position: 23
06-May-2019 15:55:18.387 SEVERE [http-nio-8080-exec-2] org.baraza.DB.BQuery.makeQuery SQL SELECT skill_type_id, skill_level_id, training_institution, details, skill_id, entity_id, org_id
FROM skills
WHERE (org_id = '0')
ORDER BY skill_id
06-May-2019 15:55:21.332 SEVERE [http-nio-8080-exec-4] org.baraza.DB.BQuery.makeQuery Get Table read and Metadata Error : org.postgresql.util.PSQLException: ERROR: column "skill_level_id" does not exist
  Hint: Perhaps you meant to reference the column "skills.skill_level".
  Position: 23
06-May-2019 15:55:21.332 SEVERE [http-nio-8080-exec-4] org.baraza.DB.BQuery.makeQuery SQL SELECT skill_type_id, skill_level_id, training_institution, details, skill_id, entity_id, org_id
FROM skills
WHERE (org_id = '0')
ORDER BY skill_id
06-May-2019 16:01:55.501 SEVERE [http-nio-8080-exec-1] org.baraza.DB.BQuery.makeQuery Get Table read and Metadata Error : org.postgresql.util.PSQLException: ERROR: column "skill_level_id" does not exist
  Hint: Perhaps you meant to reference the column "skills.skill_level".
  Position: 23
06-May-2019 16:01:55.501 SEVERE [http-nio-8080-exec-1] org.baraza.DB.BQuery.makeQuery SQL SELECT skill_type_id, skill_level_id, training_institution, details, skill_id, entity_id, org_id
FROM skills
WHERE (org_id = '0')
ORDER BY skill_id
06-May-2019 16:02:09.021 SEVERE [http-nio-8080-exec-3] org.baraza.DB.BQuery.makeQuery Get Table read and Metadata Error : org.postgresql.util.PSQLException: ERROR: column "skill_level_id" does not exist
  Hint: Perhaps you meant to reference the column "skills.skill_level".
  Position: 23
06-May-2019 16:02:09.021 SEVERE [http-nio-8080-exec-3] org.baraza.DB.BQuery.makeQuery SQL SELECT skill_type_id, skill_level_id, training_institution, details, skill_id, entity_id, org_id
FROM skills
WHERE skill_id = null AND (org_id = '0')
ORDER BY skill_id
06-May-2019 16:05:25.992 SEVERE [http-nio-8080-exec-8] org.baraza.DB.BQuery.makeQuery Get Table read and Metadata Error : org.postgresql.util.PSQLException: ERROR: relation "vw_referees" does not exist
  Position: 112
06-May-2019 16:05:25.992 SEVERE [http-nio-8080-exec-8] org.baraza.DB.BQuery.makeQuery SQL SELECT address_name, company_name, position_held, town, phone_number, mobile, email, address_id, table_id
FROM vw_referees
WHERE (table_id = '5036')
ORDER BY address_id
06-May-2019 16:05:27.588 SEVERE [http-nio-8080-exec-11] org.baraza.DB.BQuery.makeQuery Get Table read and Metadata Error : org.postgresql.util.PSQLException: ERROR: column "company_name" does not exist
  Position: 34
06-May-2019 16:05:27.588 SEVERE [http-nio-8080-exec-11] org.baraza.DB.BQuery.makeQuery SQL SELECT table_name, address_name, company_name, position_held, post_office_box, postal_code, town, premises, street, sys_country_id, phone_number, extension, mobile, fax, email, details, address_id, table_id, org_id
FROM address
WHERE (org_id = '0')
ORDER BY address_id
06-May-2019 16:07:36.796 SEVERE [http-nio-8080-exec-8] org.baraza.DB.BQuery.makeQuery Get Table read and Metadata Error : org.postgresql.util.PSQLException: ERROR: column "company_name" does not exist
  Position: 34
06-May-2019 16:07:36.796 SEVERE [http-nio-8080-exec-8] org.baraza.DB.BQuery.makeQuery SQL SELECT table_name, address_name, company_name, position_held, post_office_box, postal_code, town, premises, street, sys_country_id, phone_number, extension, mobile, fax, email, details, address_id, table_id, org_id
FROM address
WHERE address_id = null AND (org_id = '0')
ORDER BY address_id
06-May-2019 16:13:02.344 SEVERE [http-nio-8080-exec-10] org.baraza.DB.BQuery.makeQuery Get Table read and Metadata Error : org.postgresql.util.PSQLException: ERROR: column "org_id" does not exist
  Position: 64
06-May-2019 16:13:02.344 SEVERE [http-nio-8080-exec-10] org.baraza.DB.BQuery.makeQuery SQL SELECT entity_id, entity_name, cv_referee_id, cv_referee_name, org_id
FROM vw_cv_referees
WHERE (entity_id = '5036') AND (org_id = '0')
ORDER BY cv_referee_id
06-May-2019 16:13:03.732 SEVERE [http-nio-8080-exec-2] org.baraza.DB.BQuery.makeQuery Get Table read and Metadata Error : org.postgresql.util.PSQLException: ERROR: column "org_id" does not exist
  Position: 64
06-May-2019 16:13:03.732 SEVERE [http-nio-8080-exec-2] org.baraza.DB.BQuery.makeQuery SQL SELECT entity_id, entity_name, cv_referee_id, cv_referee_name, org_id
FROM vw_cv_referees
WHERE (entity_id = '5036') AND (org_id = '0')
ORDER BY cv_referee_id
06-May-2019 16:15:15.975 SEVERE [http-nio-8080-exec-11] org.baraza.DB.BQuery.saveNewRec The SQL Exeption on new record entity_id : org.postgresql.util.PSQLException: ERROR: duplicate key value violates unique constraint "cv_referees_org_id_key"
  Detail: Key (org_id)=(0) already exists.
06-May-2019 16:15:15.975 SEVERE [http-nio-8080-exec-11] org.baraza.DB.BQuery.saveNewRec The error code 0
06-May-2019 20:30:59.219 INFO [Thread-5] org.apache.coyote.AbstractProtocol.pause Pausing ProtocolHandler ["http-nio-8080"]
06-May-2019 20:31:00.455 INFO [Thread-5] org.apache.coyote.AbstractProtocol.pause Pausing ProtocolHandler ["ajp-nio-8009"]
06-May-2019 20:31:00.813 INFO [Thread-5] org.apache.catalina.core.StandardService.stopInternal Stopping service [Catalina]
06-May-2019 20:31:07.855 INFO [localhost-startStop-2] com.sun.xml.ws.transport.http.servlet.WSServletDelegate.destroy WSSERVLET15: JAX-WS servlet destroyed
06-May-2019 20:31:08.611 INFO [localhost-startStop-2] com.sun.xml.ws.transport.http.servlet.WSServletContextListener.contextDestroyed WSSERVLET13: JAX-WS context listener destroyed
06-May-2019 20:31:08.612 INFO [localhost-startStop-2] com.sun.xml.ws.transport.http.servlet.WSServletContextListener.contextDestroyed WSSERVLET13: JAX-WS context listener destroyed
06-May-2019 20:31:09.679 INFO [Thread-5] org.apache.coyote.AbstractProtocol.stop Stopping ProtocolHandler ["http-nio-8080"]
06-May-2019 20:31:10.148 INFO [Thread-5] org.apache.coyote.AbstractProtocol.stop Stopping ProtocolHandler ["ajp-nio-8009"]
06-May-2019 20:31:10.590 INFO [Thread-5] org.apache.coyote.AbstractProtocol.destroy Destroying ProtocolHandler ["http-nio-8080"]
06-May-2019 20:31:10.788 INFO [Thread-5] org.apache.coyote.AbstractProtocol.destroy Destroying ProtocolHandler ["ajp-nio-8009"]
