24-Jul-2019 08:32:13.707 INFO [main] org.apache.catalina.startup.VersionLoggerListener.log Server version:        Apache Tomcat/8.5.37
24-Jul-2019 08:32:13.709 INFO [main] org.apache.catalina.startup.VersionLoggerListener.log Server built:          Dec 12 2018 12:07:02 UTC
24-Jul-2019 08:32:13.709 INFO [main] org.apache.catalina.startup.VersionLoggerListener.log Server number:         8.5.37.0
24-Jul-2019 08:32:13.709 INFO [main] org.apache.catalina.startup.VersionLoggerListener.log OS Name:               Linux
24-Jul-2019 08:32:13.709 INFO [main] org.apache.catalina.startup.VersionLoggerListener.log OS Version:            4.15.0-54-generic
24-Jul-2019 08:32:13.709 INFO [main] org.apache.catalina.startup.VersionLoggerListener.log Architecture:          amd64
24-Jul-2019 08:32:13.709 INFO [main] org.apache.catalina.startup.VersionLoggerListener.log Java Home:             /usr/lib/jvm/java-8-openjdk-amd64/jre
24-Jul-2019 08:32:13.709 INFO [main] org.apache.catalina.startup.VersionLoggerListener.log JVM Version:           1.8.0_212-8u212-b03-0ubuntu1.18.04.1-b03
24-Jul-2019 08:32:13.709 INFO [main] org.apache.catalina.startup.VersionLoggerListener.log JVM Vendor:            Oracle Corporation
24-Jul-2019 08:32:13.709 INFO [main] org.apache.catalina.startup.VersionLoggerListener.log CATALINA_BASE:         /opt/projects/tomcat
24-Jul-2019 08:32:13.709 INFO [main] org.apache.catalina.startup.VersionLoggerListener.log CATALINA_HOME:         /opt/projects/tomcat
24-Jul-2019 08:32:13.709 INFO [main] org.apache.catalina.startup.VersionLoggerListener.log Command line argument: -Djava.util.logging.config.file=/opt/projects/tomcat/conf/logging.properties
24-Jul-2019 08:32:13.709 INFO [main] org.apache.catalina.startup.VersionLoggerListener.log Command line argument: -Djava.util.logging.manager=org.apache.juli.ClassLoaderLogManager
24-Jul-2019 08:32:13.709 INFO [main] org.apache.catalina.startup.VersionLoggerListener.log Command line argument: -Djdk.tls.ephemeralDHKeySize=2048
24-Jul-2019 08:32:13.710 INFO [main] org.apache.catalina.startup.VersionLoggerListener.log Command line argument: -Djava.protocol.handler.pkgs=org.apache.catalina.webresources
24-Jul-2019 08:32:13.710 INFO [main] org.apache.catalina.startup.VersionLoggerListener.log Command line argument: -Dorg.apache.catalina.security.SecurityListener.UMASK=0027
24-Jul-2019 08:32:13.710 INFO [main] org.apache.catalina.startup.VersionLoggerListener.log Command line argument: -Dignore.endorsed.dirs=
24-Jul-2019 08:32:13.710 INFO [main] org.apache.catalina.startup.VersionLoggerListener.log Command line argument: -Dcatalina.base=/opt/projects/tomcat
24-Jul-2019 08:32:13.710 INFO [main] org.apache.catalina.startup.VersionLoggerListener.log Command line argument: -Dcatalina.home=/opt/projects/tomcat
24-Jul-2019 08:32:13.710 INFO [main] org.apache.catalina.startup.VersionLoggerListener.log Command line argument: -Djava.io.tmpdir=/opt/projects/tomcat/temp
24-Jul-2019 08:32:13.710 INFO [main] org.apache.catalina.core.AprLifecycleListener.lifecycleEvent The APR based Apache Tomcat Native library which allows optimal performance in production environments was not found on the java.library.path: [/usr/java/packages/lib/amd64:/usr/lib/x86_64-linux-gnu/jni:/lib/x86_64-linux-gnu:/usr/lib/x86_64-linux-gnu:/usr/lib/jni:/lib:/usr/lib]
24-Jul-2019 08:32:13.935 INFO [main] org.apache.coyote.AbstractProtocol.init Initializing ProtocolHandler ["http-nio-8080"]
24-Jul-2019 08:32:13.946 INFO [main] org.apache.tomcat.util.net.NioSelectorPool.getSharedSelector Using a shared selector for servlet write/read
24-Jul-2019 08:32:13.980 INFO [main] org.apache.coyote.AbstractProtocol.init Initializing ProtocolHandler ["ajp-nio-8009"]
24-Jul-2019 08:32:13.981 INFO [main] org.apache.tomcat.util.net.NioSelectorPool.getSharedSelector Using a shared selector for servlet write/read
24-Jul-2019 08:32:13.981 INFO [main] org.apache.catalina.startup.Catalina.load Initialization processed in 709 ms
24-Jul-2019 08:32:14.021 INFO [main] org.apache.catalina.core.StandardService.startInternal Starting service [Catalina]
24-Jul-2019 08:32:14.022 INFO [main] org.apache.catalina.core.StandardEngine.startInternal Starting Servlet Engine: Apache Tomcat/8.5.37
24-Jul-2019 08:32:14.060 INFO [localhost-startStop-1] org.apache.catalina.startup.HostConfig.deployDirectory Deploying web application directory [/opt/projects/tomcat/webapps/umis]
24-Jul-2019 08:32:14.228 SEVERE [localhost-startStop-1] org.apache.tomcat.util.digester.Digester.startElement Begin event threw exception
 java.lang.ClassNotFoundException: org.baraza.server.tomcat.BJDBCRealm
	at java.net.URLClassLoader.findClass(URLClassLoader.java:382)
	at java.lang.ClassLoader.loadClass(ClassLoader.java:424)
	at java.lang.ClassLoader.loadClass(ClassLoader.java:357)
	at org.apache.tomcat.util.digester.ObjectCreateRule.begin(ObjectCreateRule.java:116)
	at org.apache.tomcat.util.digester.Digester.startElement(Digester.java:1250)
	at com.sun.org.apache.xerces.internal.parsers.AbstractSAXParser.startElement(AbstractSAXParser.java:509)
	at com.sun.org.apache.xerces.internal.impl.XMLDocumentFragmentScannerImpl.scanStartElement(XMLDocumentFragmentScannerImpl.java:1359)
	at com.sun.org.apache.xerces.internal.impl.XMLDocumentFragmentScannerImpl$FragmentContentDriver.next(XMLDocumentFragmentScannerImpl.java:2784)
	at com.sun.org.apache.xerces.internal.impl.XMLDocumentScannerImpl.next(XMLDocumentScannerImpl.java:602)
	at com.sun.org.apache.xerces.internal.impl.XMLDocumentFragmentScannerImpl.scanDocument(XMLDocumentFragmentScannerImpl.java:505)
	at com.sun.org.apache.xerces.internal.parsers.XML11Configuration.parse(XML11Configuration.java:842)
	at com.sun.org.apache.xerces.internal.parsers.XML11Configuration.parse(XML11Configuration.java:771)
	at com.sun.org.apache.xerces.internal.parsers.XMLParser.parse(XMLParser.java:141)
	at com.sun.org.apache.xerces.internal.parsers.AbstractSAXParser.parse(AbstractSAXParser.java:1213)
	at com.sun.org.apache.xerces.internal.jaxp.SAXParserImpl$JAXPSAXParser.parse(SAXParserImpl.java:643)
	at org.apache.tomcat.util.digester.Digester.parse(Digester.java:1518)
	at org.apache.catalina.startup.ContextConfig.processContextConfig(ContextConfig.java:531)
	at org.apache.catalina.startup.ContextConfig.contextConfig(ContextConfig.java:488)
	at org.apache.catalina.startup.ContextConfig.init(ContextConfig.java:732)
	at org.apache.catalina.startup.ContextConfig.lifecycleEvent(ContextConfig.java:310)
	at org.apache.catalina.util.LifecycleBase.fireLifecycleEvent(LifecycleBase.java:94)
	at org.apache.catalina.util.LifecycleBase.setStateInternal(LifecycleBase.java:395)
	at org.apache.catalina.util.LifecycleBase.init(LifecycleBase.java:108)
	at org.apache.catalina.util.LifecycleBase.start(LifecycleBase.java:140)
	at org.apache.catalina.core.ContainerBase.addChildInternal(ContainerBase.java:754)
	at org.apache.catalina.core.ContainerBase.addChild(ContainerBase.java:730)
	at org.apache.catalina.core.StandardHost.addChild(StandardHost.java:734)
	at org.apache.catalina.startup.HostConfig.deployDirectory(HostConfig.java:1140)
	at org.apache.catalina.startup.HostConfig$DeployDirectory.run(HostConfig.java:1875)
	at java.util.concurrent.Executors$RunnableAdapter.call(Executors.java:511)
	at java.util.concurrent.FutureTask.run(FutureTask.java:266)
	at java.util.concurrent.ThreadPoolExecutor.runWorker(ThreadPoolExecutor.java:1149)
	at java.util.concurrent.ThreadPoolExecutor$Worker.run(ThreadPoolExecutor.java:624)
	at java.lang.Thread.run(Thread.java:748)

24-Jul-2019 08:32:14.230 SEVERE [localhost-startStop-1] org.apache.catalina.startup.ContextConfig.processContextConfig Parse error in context.xml for [/umis]
 org.xml.sax.SAXParseException; systemId: file:/opt/projects/tomcat/webapps/umis/META-INF/context.xml; lineNumber: 10; columnNumber: 82; Error at (10, 82) : org.baraza.server.tomcat.BJDBCRealm
	at org.apache.tomcat.util.digester.Digester.createSAXException(Digester.java:1968)
	at org.apache.tomcat.util.digester.Digester.createSAXException(Digester.java:2000)
	at org.apache.tomcat.util.digester.Digester.startElement(Digester.java:1253)
	at com.sun.org.apache.xerces.internal.parsers.AbstractSAXParser.startElement(AbstractSAXParser.java:509)
	at com.sun.org.apache.xerces.internal.impl.XMLDocumentFragmentScannerImpl.scanStartElement(XMLDocumentFragmentScannerImpl.java:1359)
	at com.sun.org.apache.xerces.internal.impl.XMLDocumentFragmentScannerImpl$FragmentContentDriver.next(XMLDocumentFragmentScannerImpl.java:2784)
	at com.sun.org.apache.xerces.internal.impl.XMLDocumentScannerImpl.next(XMLDocumentScannerImpl.java:602)
	at com.sun.org.apache.xerces.internal.impl.XMLDocumentFragmentScannerImpl.scanDocument(XMLDocumentFragmentScannerImpl.java:505)
	at com.sun.org.apache.xerces.internal.parsers.XML11Configuration.parse(XML11Configuration.java:842)
	at com.sun.org.apache.xerces.internal.parsers.XML11Configuration.parse(XML11Configuration.java:771)
	at com.sun.org.apache.xerces.internal.parsers.XMLParser.parse(XMLParser.java:141)
	at com.sun.org.apache.xerces.internal.parsers.AbstractSAXParser.parse(AbstractSAXParser.java:1213)
	at com.sun.org.apache.xerces.internal.jaxp.SAXParserImpl$JAXPSAXParser.parse(SAXParserImpl.java:643)
	at org.apache.tomcat.util.digester.Digester.parse(Digester.java:1518)
	at org.apache.catalina.startup.ContextConfig.processContextConfig(ContextConfig.java:531)
	at org.apache.catalina.startup.ContextConfig.contextConfig(ContextConfig.java:488)
	at org.apache.catalina.startup.ContextConfig.init(ContextConfig.java:732)
	at org.apache.catalina.startup.ContextConfig.lifecycleEvent(ContextConfig.java:310)
	at org.apache.catalina.util.LifecycleBase.fireLifecycleEvent(LifecycleBase.java:94)
	at org.apache.catalina.util.LifecycleBase.setStateInternal(LifecycleBase.java:395)
	at org.apache.catalina.util.LifecycleBase.init(LifecycleBase.java:108)
	at org.apache.catalina.util.LifecycleBase.start(LifecycleBase.java:140)
	at org.apache.catalina.core.ContainerBase.addChildInternal(ContainerBase.java:754)
	at org.apache.catalina.core.ContainerBase.addChild(ContainerBase.java:730)
	at org.apache.catalina.core.StandardHost.addChild(StandardHost.java:734)
	at org.apache.catalina.startup.HostConfig.deployDirectory(HostConfig.java:1140)
	at org.apache.catalina.startup.HostConfig$DeployDirectory.run(HostConfig.java:1875)
	at java.util.concurrent.Executors$RunnableAdapter.call(Executors.java:511)
	at java.util.concurrent.FutureTask.run(FutureTask.java:266)
	at java.util.concurrent.ThreadPoolExecutor.runWorker(ThreadPoolExecutor.java:1149)
	at java.util.concurrent.ThreadPoolExecutor$Worker.run(ThreadPoolExecutor.java:624)
	at java.lang.Thread.run(Thread.java:748)
Caused by: java.lang.ClassNotFoundException: org.baraza.server.tomcat.BJDBCRealm
	at java.net.URLClassLoader.findClass(URLClassLoader.java:382)
	at java.lang.ClassLoader.loadClass(ClassLoader.java:424)
	at java.lang.ClassLoader.loadClass(ClassLoader.java:357)
	at org.apache.tomcat.util.digester.ObjectCreateRule.begin(ObjectCreateRule.java:116)
	at org.apache.tomcat.util.digester.Digester.startElement(Digester.java:1250)
	... 29 more

24-Jul-2019 08:32:14.231 SEVERE [localhost-startStop-1] org.apache.catalina.startup.ContextConfig.processContextConfig Occurred at line [10] column [82]
24-Jul-2019 08:32:14.245 WARNING [localhost-startStop-1] org.apache.catalina.core.StandardContext.postWorkDirectory Failed to create work directory [/opt/projects/tomcat/work/Catalina/localhost/umis] for context [/umis]
24-Jul-2019 08:32:16.534 SEVERE [localhost-startStop-1] org.apache.catalina.startup.ContextConfig.configureStart Marking this application unavailable due to previous error(s)
24-Jul-2019 08:32:16.540 SEVERE [localhost-startStop-1] org.apache.catalina.core.StandardContext.startInternal One or more components marked the context as not correctly configured
24-Jul-2019 08:32:16.560 SEVERE [localhost-startStop-1] org.apache.catalina.core.StandardContext.startInternal Context [/umis] startup failed due to previous errors
24-Jul-2019 08:32:16.572 INFO [localhost-startStop-1] org.apache.catalina.startup.HostConfig.deployDirectory Deployment of web application directory [/opt/projects/tomcat/webapps/umis] has finished in [2,512] ms
24-Jul-2019 08:32:16.572 INFO [localhost-startStop-1] org.apache.catalina.startup.HostConfig.deployDirectory Deploying web application directory [/opt/projects/tomcat/webapps/examples]
24-Jul-2019 08:32:16.599 WARNING [localhost-startStop-1] org.apache.catalina.core.StandardContext.postWorkDirectory Failed to create work directory [/opt/projects/tomcat/work/Catalina/localhost/examples] for context [/examples]
24-Jul-2019 08:32:17.133 INFO [localhost-startStop-1] org.apache.jasper.servlet.TldScanner.scanJars At least one JAR was scanned for TLDs yet contained no TLDs. Enable debug logging for this logger for a complete list of JARs that were scanned but no TLDs were found in them. Skipping unneeded JARs during scanning can improve startup time and JSP compilation time.
24-Jul-2019 08:32:17.156 SEVERE [localhost-startStop-1] org.apache.jasper.EmbeddedServletOptions.<init> The scratchDir you specified: [/opt/projects/tomcat/work/Catalina/localhost/examples] is unusable.
24-Jul-2019 08:32:17.163 INFO [localhost-startStop-1] org.apache.catalina.startup.HostConfig.deployDirectory Deployment of web application directory [/opt/projects/tomcat/webapps/examples] has finished in [591] ms
24-Jul-2019 08:32:17.163 INFO [localhost-startStop-1] org.apache.catalina.startup.HostConfig.deployDirectory Deploying web application directory [/opt/projects/tomcat/webapps/auaold]
24-Jul-2019 08:32:17.230 WARNING [localhost-startStop-1] org.apache.tomcat.util.digester.SetPropertiesRule.begin [SetPropertiesRule]{Context/Realm} Setting property 'digest' to 'md5' did not find a matching property.
24-Jul-2019 08:32:17.234 WARNING [localhost-startStop-1] org.apache.catalina.core.StandardContext.postWorkDirectory Failed to create work directory [/opt/projects/tomcat/work/Catalina/localhost/auaold] for context [/auaold]
24-Jul-2019 08:32:19.432 WARNING [localhost-startStop-1] org.apache.tomcat.dbcp.dbcp2.BasicDataSourceFactory.getObjectInstance Name = database Property maxActive is not used in DBCP2, use maxTotal instead. maxTotal default value is 8. You have set value of "150" for "maxActive" property, which is being ignored.
24-Jul-2019 08:32:19.432 WARNING [localhost-startStop-1] org.apache.tomcat.dbcp.dbcp2.BasicDataSourceFactory.getObjectInstance Name = database Property removeAbandoned is not used in DBCP2, use one or both of removeAbandonedOnBorrow or removeAbandonedOnMaintenance instead. Both have default value set to false. You have set value of "true" for "removeAbandoned" property, which is being ignored.
24-Jul-2019 08:32:19.432 WARNING [localhost-startStop-1] org.apache.tomcat.dbcp.dbcp2.BasicDataSourceFactory.getObjectInstance Name = database Property maxWait is not used in DBCP2 , use maxWaitMillis instead. maxWaitMillis default value is -1. You have set value of "50" for "maxWait" property, which is being ignored.
24-Jul-2019 08:32:19.476 INFO [localhost-startStop-1] org.apache.jasper.servlet.TldScanner.scanJars At least one JAR was scanned for TLDs yet contained no TLDs. Enable debug logging for this logger for a complete list of JARs that were scanned but no TLDs were found in them. Skipping unneeded JARs during scanning can improve startup time and JSP compilation time.
24-Jul-2019 08:32:19.481 SEVERE [localhost-startStop-1] org.apache.jasper.EmbeddedServletOptions.<init> The scratchDir you specified: [/opt/projects/tomcat/work/Catalina/localhost/auaold] is unusable.
24-Jul-2019 08:32:19.482 INFO [localhost-startStop-1] org.apache.catalina.startup.HostConfig.deployDirectory Deployment of web application directory [/opt/projects/tomcat/webapps/auaold] has finished in [2,319] ms
24-Jul-2019 08:32:19.483 INFO [localhost-startStop-1] org.apache.catalina.startup.HostConfig.deployDirectory Deploying web application directory [/opt/projects/tomcat/webapps/ueab]
24-Jul-2019 08:32:19.527 WARNING [localhost-startStop-1] org.apache.catalina.core.StandardContext.postWorkDirectory Failed to create work directory [/opt/projects/tomcat/work/Catalina/localhost/ueab] for context [/ueab]
24-Jul-2019 08:32:22.868 INFO [localhost-startStop-1] org.apache.jasper.servlet.TldScanner.scanJars At least one JAR was scanned for TLDs yet contained no TLDs. Enable debug logging for this logger for a complete list of JARs that were scanned but no TLDs were found in them. Skipping unneeded JARs during scanning can improve startup time and JSP compilation time.
24-Jul-2019 08:32:23.570 SEVERE [localhost-startStop-1] org.apache.jasper.EmbeddedServletOptions.<init> The scratchDir you specified: [/opt/projects/tomcat/work/Catalina/localhost/ueab] is unusable.
24-Jul-2019 08:32:23.575 INFO [localhost-startStop-1] org.apache.catalina.startup.HostConfig.deployDirectory Deployment of web application directory [/opt/projects/tomcat/webapps/ueab] has finished in [4,091] ms
24-Jul-2019 08:32:23.575 INFO [localhost-startStop-1] org.apache.catalina.startup.HostConfig.deployDirectory Deploying web application directory [/opt/projects/tomcat/webapps/manager]
24-Jul-2019 08:32:23.619 WARNING [localhost-startStop-1] org.apache.catalina.core.StandardContext.postWorkDirectory Failed to create work directory [/opt/projects/tomcat/work/Catalina/localhost/manager] for context [/manager]
24-Jul-2019 08:32:23.692 INFO [localhost-startStop-1] org.apache.jasper.servlet.TldScanner.scanJars At least one JAR was scanned for TLDs yet contained no TLDs. Enable debug logging for this logger for a complete list of JARs that were scanned but no TLDs were found in them. Skipping unneeded JARs during scanning can improve startup time and JSP compilation time.
24-Jul-2019 08:32:23.694 SEVERE [localhost-startStop-1] org.apache.jasper.EmbeddedServletOptions.<init> The scratchDir you specified: [/opt/projects/tomcat/work/Catalina/localhost/manager] is unusable.
24-Jul-2019 08:32:23.695 INFO [localhost-startStop-1] org.apache.catalina.startup.HostConfig.deployDirectory Deployment of web application directory [/opt/projects/tomcat/webapps/manager] has finished in [120] ms
24-Jul-2019 08:32:23.695 INFO [localhost-startStop-1] org.apache.catalina.startup.HostConfig.deployDirectory Deploying web application directory [/opt/projects/tomcat/webapps/babcock]
24-Jul-2019 08:32:23.727 WARNING [localhost-startStop-1] org.apache.catalina.core.StandardContext.postWorkDirectory Failed to create work directory [/opt/projects/tomcat/work/Catalina/localhost/babcock] for context [/babcock]
24-Jul-2019 08:32:27.961 INFO [localhost-startStop-1] com.sun.xml.ws.transport.http.servlet.WSServletDelegate.<init> WSSERVLET14: JAX-WS servlet initializing
24-Jul-2019 08:32:28.031 INFO [localhost-startStop-1] org.apache.jasper.servlet.TldScanner.scanJars At least one JAR was scanned for TLDs yet contained no TLDs. Enable debug logging for this logger for a complete list of JARs that were scanned but no TLDs were found in them. Skipping unneeded JARs during scanning can improve startup time and JSP compilation time.
24-Jul-2019 08:32:28.034 INFO [localhost-startStop-1] com.sun.xml.ws.transport.http.servlet.WSServletContextListener.contextInitialized WSSERVLET12: JAX-WS context listener initializing
24-Jul-2019 08:32:28.034 INFO [localhost-startStop-1] com.sun.xml.ws.transport.http.servlet.WSServletContextListener.contextInitialized WSSERVLET12: JAX-WS context listener initializing
24-Jul-2019 08:32:28.664 SEVERE [localhost-startStop-1] org.apache.jasper.EmbeddedServletOptions.<init> The scratchDir you specified: [/opt/projects/tomcat/work/Catalina/localhost/babcock] is unusable.
24-Jul-2019 08:32:28.668 INFO [localhost-startStop-1] org.apache.catalina.startup.HostConfig.deployDirectory Deployment of web application directory [/opt/projects/tomcat/webapps/babcock] has finished in [4,973] ms
24-Jul-2019 08:32:28.668 INFO [localhost-startStop-1] org.apache.catalina.startup.HostConfig.deployDirectory Deploying web application directory [/opt/projects/tomcat/webapps/host-manager]
24-Jul-2019 08:32:28.706 WARNING [localhost-startStop-1] org.apache.catalina.core.StandardContext.postWorkDirectory Failed to create work directory [/opt/projects/tomcat/work/Catalina/localhost/host-manager] for context [/host-manager]
24-Jul-2019 08:32:28.753 INFO [localhost-startStop-1] org.apache.jasper.servlet.TldScanner.scanJars At least one JAR was scanned for TLDs yet contained no TLDs. Enable debug logging for this logger for a complete list of JARs that were scanned but no TLDs were found in them. Skipping unneeded JARs during scanning can improve startup time and JSP compilation time.
24-Jul-2019 08:32:28.754 SEVERE [localhost-startStop-1] org.apache.jasper.EmbeddedServletOptions.<init> The scratchDir you specified: [/opt/projects/tomcat/work/Catalina/localhost/host-manager] is unusable.
24-Jul-2019 08:32:28.754 INFO [localhost-startStop-1] org.apache.catalina.startup.HostConfig.deployDirectory Deployment of web application directory [/opt/projects/tomcat/webapps/host-manager] has finished in [86] ms
24-Jul-2019 08:32:28.754 INFO [localhost-startStop-1] org.apache.catalina.startup.HostConfig.deployDirectory Deploying web application directory [/opt/projects/tomcat/webapps/docs]
24-Jul-2019 08:32:28.768 WARNING [localhost-startStop-1] org.apache.catalina.core.StandardContext.postWorkDirectory Failed to create work directory [/opt/projects/tomcat/work/Catalina/localhost/docs] for context [/docs]
24-Jul-2019 08:32:28.830 INFO [localhost-startStop-1] org.apache.jasper.servlet.TldScanner.scanJars At least one JAR was scanned for TLDs yet contained no TLDs. Enable debug logging for this logger for a complete list of JARs that were scanned but no TLDs were found in them. Skipping unneeded JARs during scanning can improve startup time and JSP compilation time.
24-Jul-2019 08:32:28.831 SEVERE [localhost-startStop-1] org.apache.jasper.EmbeddedServletOptions.<init> The scratchDir you specified: [/opt/projects/tomcat/work/Catalina/localhost/docs] is unusable.
24-Jul-2019 08:32:28.831 INFO [localhost-startStop-1] org.apache.catalina.startup.HostConfig.deployDirectory Deployment of web application directory [/opt/projects/tomcat/webapps/docs] has finished in [77] ms
24-Jul-2019 08:32:28.831 INFO [localhost-startStop-1] org.apache.catalina.startup.HostConfig.deployDirectory Deploying web application directory [/opt/projects/tomcat/webapps/college]
24-Jul-2019 08:32:28.859 WARNING [localhost-startStop-1] org.apache.tomcat.util.digester.SetPropertiesRule.begin [SetPropertiesRule]{Context/Realm} Setting property 'digest' to 'md5' did not find a matching property.
24-Jul-2019 08:32:28.860 WARNING [localhost-startStop-1] org.apache.catalina.core.StandardContext.postWorkDirectory Failed to create work directory [/opt/projects/tomcat/work/Catalina/localhost/college] for context [/college]
24-Jul-2019 08:32:32.458 WARNING [localhost-startStop-1] org.apache.tomcat.dbcp.dbcp2.BasicDataSourceFactory.getObjectInstance Name = acharya Property maxActive is not used in DBCP2, use maxTotal instead. maxTotal default value is 8. You have set value of "150" for "maxActive" property, which is being ignored.
24-Jul-2019 08:32:32.458 WARNING [localhost-startStop-1] org.apache.tomcat.dbcp.dbcp2.BasicDataSourceFactory.getObjectInstance Name = acharya Property removeAbandoned is not used in DBCP2, use one or both of removeAbandonedOnBorrow or removeAbandonedOnMaintenance instead. Both have default value set to false. You have set value of "true" for "removeAbandoned" property, which is being ignored.
24-Jul-2019 08:32:32.458 WARNING [localhost-startStop-1] org.apache.tomcat.dbcp.dbcp2.BasicDataSourceFactory.getObjectInstance Name = acharya Property maxWait is not used in DBCP2 , use maxWaitMillis instead. maxWaitMillis default value is -1. You have set value of "50" for "maxWait" property, which is being ignored.
24-Jul-2019 08:32:32.459 WARNING [localhost-startStop-1] org.apache.tomcat.dbcp.dbcp2.BasicDataSourceFactory.getObjectInstance Name = incentive Property maxActive is not used in DBCP2, use maxTotal instead. maxTotal default value is 8. You have set value of "150" for "maxActive" property, which is being ignored.
24-Jul-2019 08:32:32.459 WARNING [localhost-startStop-1] org.apache.tomcat.dbcp.dbcp2.BasicDataSourceFactory.getObjectInstance Name = incentive Property removeAbandoned is not used in DBCP2, use one or both of removeAbandonedOnBorrow or removeAbandonedOnMaintenance instead. Both have default value set to false. You have set value of "true" for "removeAbandoned" property, which is being ignored.
24-Jul-2019 08:32:32.459 WARNING [localhost-startStop-1] org.apache.tomcat.dbcp.dbcp2.BasicDataSourceFactory.getObjectInstance Name = incentive Property maxWait is not used in DBCP2 , use maxWaitMillis instead. maxWaitMillis default value is -1. You have set value of "50" for "maxWait" property, which is being ignored.
24-Jul-2019 08:32:32.493 INFO [localhost-startStop-1] org.apache.jasper.servlet.TldScanner.scanJars At least one JAR was scanned for TLDs yet contained no TLDs. Enable debug logging for this logger for a complete list of JARs that were scanned but no TLDs were found in them. Skipping unneeded JARs during scanning can improve startup time and JSP compilation time.
24-Jul-2019 08:32:33.023 SEVERE [localhost-startStop-1] org.apache.jasper.EmbeddedServletOptions.<init> The scratchDir you specified: [/opt/projects/tomcat/work/Catalina/localhost/college] is unusable.
24-Jul-2019 08:32:33.027 INFO [localhost-startStop-1] org.apache.catalina.startup.HostConfig.deployDirectory Deployment of web application directory [/opt/projects/tomcat/webapps/college] has finished in [4,196] ms
24-Jul-2019 08:32:33.027 INFO [localhost-startStop-1] org.apache.catalina.startup.HostConfig.deployDirectory Deploying web application directory [/opt/projects/tomcat/webapps/ROOT]
24-Jul-2019 08:32:33.099 WARNING [localhost-startStop-1] org.apache.catalina.core.StandardContext.postWorkDirectory Failed to create work directory [/opt/projects/tomcat/work/Catalina/localhost/ROOT] for context []
24-Jul-2019 08:32:35.948 INFO [localhost-startStop-1] org.apache.jasper.servlet.TldScanner.scanJars At least one JAR was scanned for TLDs yet contained no TLDs. Enable debug logging for this logger for a complete list of JARs that were scanned but no TLDs were found in them. Skipping unneeded JARs during scanning can improve startup time and JSP compilation time.
24-Jul-2019 08:32:35.951 SEVERE [localhost-startStop-1] org.apache.jasper.EmbeddedServletOptions.<init> The scratchDir you specified: [/opt/projects/tomcat/work/Catalina/localhost/ROOT] is unusable.
24-Jul-2019 08:32:35.953 INFO [localhost-startStop-1] org.apache.catalina.startup.HostConfig.deployDirectory Deployment of web application directory [/opt/projects/tomcat/webapps/ROOT] has finished in [2,926] ms
24-Jul-2019 08:32:35.953 INFO [localhost-startStop-1] org.apache.catalina.startup.HostConfig.deployDirectory Deploying web application directory [/opt/projects/tomcat/webapps/aua]
24-Jul-2019 08:32:36.022 WARNING [localhost-startStop-1] org.apache.catalina.core.StandardContext.postWorkDirectory Failed to create work directory [/opt/projects/tomcat/work/Catalina/localhost/aua] for context [/aua]
24-Jul-2019 08:32:39.327 INFO [localhost-startStop-1] org.apache.jasper.servlet.TldScanner.scanJars At least one JAR was scanned for TLDs yet contained no TLDs. Enable debug logging for this logger for a complete list of JARs that were scanned but no TLDs were found in them. Skipping unneeded JARs during scanning can improve startup time and JSP compilation time.
24-Jul-2019 08:32:39.330 SEVERE [localhost-startStop-1] org.apache.jasper.EmbeddedServletOptions.<init> The scratchDir you specified: [/opt/projects/tomcat/work/Catalina/localhost/aua] is unusable.
24-Jul-2019 08:32:39.331 INFO [localhost-startStop-1] org.apache.catalina.startup.HostConfig.deployDirectory Deployment of web application directory [/opt/projects/tomcat/webapps/aua] has finished in [3,378] ms
24-Jul-2019 08:32:39.331 INFO [localhost-startStop-1] org.apache.catalina.startup.HostConfig.deployDirectory Deploying web application directory [/opt/projects/tomcat/webapps/repository]
24-Jul-2019 08:32:39.362 WARNING [localhost-startStop-1] org.apache.catalina.core.StandardContext.postWorkDirectory Failed to create work directory [/opt/projects/tomcat/work/Catalina/localhost/repository] for context [/repository]
24-Jul-2019 08:32:40.741 INFO [localhost-startStop-1] org.apache.jasper.servlet.TldScanner.scanJars At least one JAR was scanned for TLDs yet contained no TLDs. Enable debug logging for this logger for a complete list of JARs that were scanned but no TLDs were found in them. Skipping unneeded JARs during scanning can improve startup time and JSP compilation time.
24-Jul-2019 08:32:40.744 SEVERE [localhost-startStop-1] org.apache.jasper.EmbeddedServletOptions.<init> The scratchDir you specified: [/opt/projects/tomcat/work/Catalina/localhost/repository] is unusable.
24-Jul-2019 08:32:40.745 INFO [localhost-startStop-1] org.apache.catalina.startup.HostConfig.deployDirectory Deployment of web application directory [/opt/projects/tomcat/webapps/repository] has finished in [1,414] ms
24-Jul-2019 08:32:40.748 INFO [main] org.apache.coyote.AbstractProtocol.start Starting ProtocolHandler ["http-nio-8080"]
24-Jul-2019 08:32:40.759 INFO [main] org.apache.coyote.AbstractProtocol.start Starting ProtocolHandler ["ajp-nio-8009"]
24-Jul-2019 08:32:40.761 INFO [main] org.apache.catalina.startup.Catalina.start Server startup in 26779 ms
24-Jul-2019 08:33:38.021 WARNING [http-nio-8080-exec-2] org.apache.catalina.authenticator.FormAuthenticator.forwardToLoginPage Unexpected error forwarding to login page
 org.apache.jasper.JasperException: java.lang.IllegalStateException: No output folder
	at org.apache.jasper.servlet.JspServletWrapper.handleJspException(JspServletWrapper.java:634)
	at org.apache.jasper.servlet.JspServletWrapper.service(JspServletWrapper.java:435)
	at org.apache.jasper.servlet.JspServlet.serviceJspFile(JspServlet.java:386)
	at org.apache.jasper.servlet.JspServlet.service(JspServlet.java:330)
	at javax.servlet.http.HttpServlet.service(HttpServlet.java:742)
	at org.apache.catalina.core.ApplicationFilterChain.internalDoFilter(ApplicationFilterChain.java:231)
	at org.apache.catalina.core.ApplicationFilterChain.doFilter(ApplicationFilterChain.java:166)
	at org.apache.tomcat.websocket.server.WsFilter.doFilter(WsFilter.java:52)
	at org.apache.catalina.core.ApplicationFilterChain.internalDoFilter(ApplicationFilterChain.java:193)
	at org.apache.catalina.core.ApplicationFilterChain.doFilter(ApplicationFilterChain.java:166)
	at org.apache.catalina.core.ApplicationDispatcher.invoke(ApplicationDispatcher.java:728)
	at org.apache.catalina.core.ApplicationDispatcher.processRequest(ApplicationDispatcher.java:470)
	at org.apache.catalina.core.ApplicationDispatcher.doForward(ApplicationDispatcher.java:395)
	at org.apache.catalina.core.ApplicationDispatcher.forward(ApplicationDispatcher.java:316)
	at org.apache.catalina.authenticator.FormAuthenticator.forwardToLoginPage(FormAuthenticator.java:431)
	at org.apache.catalina.authenticator.FormAuthenticator.doAuthenticate(FormAuthenticator.java:248)
	at org.apache.catalina.authenticator.AuthenticatorBase.invoke(AuthenticatorBase.java:575)
	at org.apache.catalina.core.StandardHostValve.invoke(StandardHostValve.java:140)
	at org.apache.catalina.valves.ErrorReportValve.invoke(ErrorReportValve.java:81)
	at org.apache.catalina.valves.AbstractAccessLogValve.invoke(AbstractAccessLogValve.java:650)
	at org.apache.catalina.core.StandardEngineValve.invoke(StandardEngineValve.java:87)
	at org.apache.catalina.connector.CoyoteAdapter.service(CoyoteAdapter.java:342)
	at org.apache.coyote.http11.Http11Processor.service(Http11Processor.java:800)
	at org.apache.coyote.AbstractProcessorLight.process(AbstractProcessorLight.java:66)
	at org.apache.coyote.AbstractProtocol$ConnectionHandler.process(AbstractProtocol.java:806)
	at org.apache.tomcat.util.net.NioEndpoint$SocketProcessor.doRun(NioEndpoint.java:1498)
	at org.apache.tomcat.util.net.SocketProcessorBase.run(SocketProcessorBase.java:49)
	at java.util.concurrent.ThreadPoolExecutor.runWorker(ThreadPoolExecutor.java:1149)
	at java.util.concurrent.ThreadPoolExecutor$Worker.run(ThreadPoolExecutor.java:624)
	at org.apache.tomcat.util.threads.TaskThread$WrappingRunnable.run(TaskThread.java:61)
	at java.lang.Thread.run(Thread.java:748)
Caused by: java.lang.IllegalStateException: No output folder
	at org.apache.jasper.JspCompilationContext.createOutputDir(JspCompilationContext.java:687)
	at org.apache.jasper.JspCompilationContext.getOutputDir(JspCompilationContext.java:202)
	at org.apache.jasper.JspCompilationContext.getClassFileName(JspCompilationContext.java:535)
	at org.apache.jasper.compiler.Compiler.isOutDated(Compiler.java:458)
	at org.apache.jasper.compiler.Compiler.isOutDated(Compiler.java:424)
	at org.apache.jasper.JspCompilationContext.compile(JspCompilationContext.java:588)
	at org.apache.jasper.servlet.JspServletWrapper.service(JspServletWrapper.java:399)
	... 29 more

24-Jul-2019 08:33:42.014 INFO [Thread-5] org.apache.coyote.AbstractProtocol.pause Pausing ProtocolHandler ["http-nio-8080"]
24-Jul-2019 08:33:42.023 INFO [Thread-5] org.apache.coyote.AbstractProtocol.pause Pausing ProtocolHandler ["ajp-nio-8009"]
24-Jul-2019 08:33:42.029 INFO [Thread-5] org.apache.catalina.core.StandardService.stopInternal Stopping service [Catalina]
24-Jul-2019 08:33:42.078 SEVERE [localhost-startStop-2] org.apache.catalina.session.StandardManager.stopInternal Exception unloading sessions to persistent storage
 java.io.FileNotFoundException: /opt/projects/tomcat/work/Catalina/localhost/aua/SESSIONS.ser (Permission denied)
	at java.io.FileOutputStream.open0(Native Method)
	at java.io.FileOutputStream.open(FileOutputStream.java:270)
	at java.io.FileOutputStream.<init>(FileOutputStream.java:213)
	at java.io.FileOutputStream.<init>(FileOutputStream.java:101)
	at org.apache.catalina.session.StandardManager.doUnload(StandardManager.java:298)
	at org.apache.catalina.session.StandardManager.unload(StandardManager.java:264)
	at org.apache.catalina.session.StandardManager.stopInternal(StandardManager.java:379)
	at org.apache.catalina.util.LifecycleBase.stop(LifecycleBase.java:226)
	at org.apache.catalina.core.StandardContext.stopInternal(StandardContext.java:5496)
	at org.apache.catalina.util.LifecycleBase.stop(LifecycleBase.java:226)
	at org.apache.catalina.core.ContainerBase$StopChild.call(ContainerBase.java:1439)
	at org.apache.catalina.core.ContainerBase$StopChild.call(ContainerBase.java:1428)
	at java.util.concurrent.FutureTask.run(FutureTask.java:266)
	at java.util.concurrent.ThreadPoolExecutor.runWorker(ThreadPoolExecutor.java:1149)
	at java.util.concurrent.ThreadPoolExecutor$Worker.run(ThreadPoolExecutor.java:624)
	at java.lang.Thread.run(Thread.java:748)

24-Jul-2019 08:33:42.091 INFO [localhost-startStop-2] com.sun.xml.ws.transport.http.servlet.WSServletDelegate.destroy WSSERVLET15: JAX-WS servlet destroyed
24-Jul-2019 08:33:42.096 INFO [localhost-startStop-2] com.sun.xml.ws.transport.http.servlet.WSServletContextListener.contextDestroyed WSSERVLET13: JAX-WS context listener destroyed
24-Jul-2019 08:33:42.097 INFO [localhost-startStop-2] com.sun.xml.ws.transport.http.servlet.WSServletContextListener.contextDestroyed WSSERVLET13: JAX-WS context listener destroyed
24-Jul-2019 08:33:42.116 INFO [Thread-5] org.apache.coyote.AbstractProtocol.stop Stopping ProtocolHandler ["http-nio-8080"]
24-Jul-2019 08:33:42.118 INFO [Thread-5] org.apache.coyote.AbstractProtocol.stop Stopping ProtocolHandler ["ajp-nio-8009"]
24-Jul-2019 08:33:42.120 INFO [Thread-5] org.apache.coyote.AbstractProtocol.destroy Destroying ProtocolHandler ["http-nio-8080"]
24-Jul-2019 08:33:42.120 INFO [Thread-5] org.apache.coyote.AbstractProtocol.destroy Destroying ProtocolHandler ["ajp-nio-8009"]
24-Jul-2019 08:34:07.087 INFO [main] org.apache.catalina.startup.VersionLoggerListener.log Server version:        Apache Tomcat/8.5.37
24-Jul-2019 08:34:07.089 INFO [main] org.apache.catalina.startup.VersionLoggerListener.log Server built:          Dec 12 2018 12:07:02 UTC
24-Jul-2019 08:34:07.089 INFO [main] org.apache.catalina.startup.VersionLoggerListener.log Server number:         8.5.37.0
24-Jul-2019 08:34:07.089 INFO [main] org.apache.catalina.startup.VersionLoggerListener.log OS Name:               Linux
24-Jul-2019 08:34:07.089 INFO [main] org.apache.catalina.startup.VersionLoggerListener.log OS Version:            4.15.0-54-generic
24-Jul-2019 08:34:07.089 INFO [main] org.apache.catalina.startup.VersionLoggerListener.log Architecture:          amd64
24-Jul-2019 08:34:07.090 INFO [main] org.apache.catalina.startup.VersionLoggerListener.log Java Home:             /usr/lib/jvm/java-8-openjdk-amd64/jre
24-Jul-2019 08:34:07.090 INFO [main] org.apache.catalina.startup.VersionLoggerListener.log JVM Version:           1.8.0_212-8u212-b03-0ubuntu1.18.04.1-b03
24-Jul-2019 08:34:07.090 INFO [main] org.apache.catalina.startup.VersionLoggerListener.log JVM Vendor:            Oracle Corporation
24-Jul-2019 08:34:07.090 INFO [main] org.apache.catalina.startup.VersionLoggerListener.log CATALINA_BASE:         /opt/projects/tomcat
24-Jul-2019 08:34:07.090 INFO [main] org.apache.catalina.startup.VersionLoggerListener.log CATALINA_HOME:         /opt/projects/tomcat
24-Jul-2019 08:34:07.090 INFO [main] org.apache.catalina.startup.VersionLoggerListener.log Command line argument: -Djava.util.logging.config.file=/opt/projects/tomcat/conf/logging.properties
24-Jul-2019 08:34:07.090 INFO [main] org.apache.catalina.startup.VersionLoggerListener.log Command line argument: -Djava.util.logging.manager=org.apache.juli.ClassLoaderLogManager
24-Jul-2019 08:34:07.090 INFO [main] org.apache.catalina.startup.VersionLoggerListener.log Command line argument: -Djdk.tls.ephemeralDHKeySize=2048
24-Jul-2019 08:34:07.091 INFO [main] org.apache.catalina.startup.VersionLoggerListener.log Command line argument: -Djava.protocol.handler.pkgs=org.apache.catalina.webresources
24-Jul-2019 08:34:07.091 INFO [main] org.apache.catalina.startup.VersionLoggerListener.log Command line argument: -Dorg.apache.catalina.security.SecurityListener.UMASK=0027
24-Jul-2019 08:34:07.091 INFO [main] org.apache.catalina.startup.VersionLoggerListener.log Command line argument: -Dignore.endorsed.dirs=
24-Jul-2019 08:34:07.091 INFO [main] org.apache.catalina.startup.VersionLoggerListener.log Command line argument: -Dcatalina.base=/opt/projects/tomcat
24-Jul-2019 08:34:07.091 INFO [main] org.apache.catalina.startup.VersionLoggerListener.log Command line argument: -Dcatalina.home=/opt/projects/tomcat
24-Jul-2019 08:34:07.091 INFO [main] org.apache.catalina.startup.VersionLoggerListener.log Command line argument: -Djava.io.tmpdir=/opt/projects/tomcat/temp
24-Jul-2019 08:34:07.091 INFO [main] org.apache.catalina.core.AprLifecycleListener.lifecycleEvent The APR based Apache Tomcat Native library which allows optimal performance in production environments was not found on the java.library.path: [/usr/java/packages/lib/amd64:/usr/lib/x86_64-linux-gnu/jni:/lib/x86_64-linux-gnu:/usr/lib/x86_64-linux-gnu:/usr/lib/jni:/lib:/usr/lib]
24-Jul-2019 08:34:07.152 INFO [main] org.apache.coyote.AbstractProtocol.init Initializing ProtocolHandler ["http-nio-8080"]
24-Jul-2019 08:34:07.159 INFO [main] org.apache.tomcat.util.net.NioSelectorPool.getSharedSelector Using a shared selector for servlet write/read
24-Jul-2019 08:34:07.169 INFO [main] org.apache.coyote.AbstractProtocol.init Initializing ProtocolHandler ["ajp-nio-8009"]
24-Jul-2019 08:34:07.170 INFO [main] org.apache.tomcat.util.net.NioSelectorPool.getSharedSelector Using a shared selector for servlet write/read
24-Jul-2019 08:34:07.170 INFO [main] org.apache.catalina.startup.Catalina.load Initialization processed in 358 ms
24-Jul-2019 08:34:07.187 INFO [main] org.apache.catalina.core.StandardService.startInternal Starting service [Catalina]
24-Jul-2019 08:34:07.188 INFO [main] org.apache.catalina.core.StandardEngine.startInternal Starting Servlet Engine: Apache Tomcat/8.5.37
24-Jul-2019 08:34:07.194 INFO [localhost-startStop-1] org.apache.catalina.startup.HostConfig.deployDirectory Deploying web application directory [/opt/projects/tomcat/webapps/umis]
24-Jul-2019 08:34:07.223 SEVERE [localhost-startStop-1] org.apache.tomcat.util.digester.Digester.startElement Begin event threw exception
 java.lang.ClassNotFoundException: org.baraza.server.tomcat.BJDBCRealm
	at java.net.URLClassLoader.findClass(URLClassLoader.java:382)
	at java.lang.ClassLoader.loadClass(ClassLoader.java:424)
	at java.lang.ClassLoader.loadClass(ClassLoader.java:357)
	at org.apache.tomcat.util.digester.ObjectCreateRule.begin(ObjectCreateRule.java:116)
	at org.apache.tomcat.util.digester.Digester.startElement(Digester.java:1250)
	at com.sun.org.apache.xerces.internal.parsers.AbstractSAXParser.startElement(AbstractSAXParser.java:509)
	at com.sun.org.apache.xerces.internal.impl.XMLDocumentFragmentScannerImpl.scanStartElement(XMLDocumentFragmentScannerImpl.java:1359)
	at com.sun.org.apache.xerces.internal.impl.XMLDocumentFragmentScannerImpl$FragmentContentDriver.next(XMLDocumentFragmentScannerImpl.java:2784)
	at com.sun.org.apache.xerces.internal.impl.XMLDocumentScannerImpl.next(XMLDocumentScannerImpl.java:602)
	at com.sun.org.apache.xerces.internal.impl.XMLDocumentFragmentScannerImpl.scanDocument(XMLDocumentFragmentScannerImpl.java:505)
	at com.sun.org.apache.xerces.internal.parsers.XML11Configuration.parse(XML11Configuration.java:842)
	at com.sun.org.apache.xerces.internal.parsers.XML11Configuration.parse(XML11Configuration.java:771)
	at com.sun.org.apache.xerces.internal.parsers.XMLParser.parse(XMLParser.java:141)
	at com.sun.org.apache.xerces.internal.parsers.AbstractSAXParser.parse(AbstractSAXParser.java:1213)
	at com.sun.org.apache.xerces.internal.jaxp.SAXParserImpl$JAXPSAXParser.parse(SAXParserImpl.java:643)
	at org.apache.tomcat.util.digester.Digester.parse(Digester.java:1518)
	at org.apache.catalina.startup.ContextConfig.processContextConfig(ContextConfig.java:531)
	at org.apache.catalina.startup.ContextConfig.contextConfig(ContextConfig.java:488)
	at org.apache.catalina.startup.ContextConfig.init(ContextConfig.java:732)
	at org.apache.catalina.startup.ContextConfig.lifecycleEvent(ContextConfig.java:310)
	at org.apache.catalina.util.LifecycleBase.fireLifecycleEvent(LifecycleBase.java:94)
	at org.apache.catalina.util.LifecycleBase.setStateInternal(LifecycleBase.java:395)
	at org.apache.catalina.util.LifecycleBase.init(LifecycleBase.java:108)
	at org.apache.catalina.util.LifecycleBase.start(LifecycleBase.java:140)
	at org.apache.catalina.core.ContainerBase.addChildInternal(ContainerBase.java:754)
	at org.apache.catalina.core.ContainerBase.addChild(ContainerBase.java:730)
	at org.apache.catalina.core.StandardHost.addChild(StandardHost.java:734)
	at org.apache.catalina.startup.HostConfig.deployDirectory(HostConfig.java:1140)
	at org.apache.catalina.startup.HostConfig$DeployDirectory.run(HostConfig.java:1875)
	at java.util.concurrent.Executors$RunnableAdapter.call(Executors.java:511)
	at java.util.concurrent.FutureTask.run(FutureTask.java:266)
	at java.util.concurrent.ThreadPoolExecutor.runWorker(ThreadPoolExecutor.java:1149)
	at java.util.concurrent.ThreadPoolExecutor$Worker.run(ThreadPoolExecutor.java:624)
	at java.lang.Thread.run(Thread.java:748)

24-Jul-2019 08:34:07.224 SEVERE [localhost-startStop-1] org.apache.catalina.startup.ContextConfig.processContextConfig Parse error in context.xml for [/umis]
 org.xml.sax.SAXParseException; systemId: file:/opt/projects/tomcat/webapps/umis/META-INF/context.xml; lineNumber: 10; columnNumber: 82; Error at (10, 82) : org.baraza.server.tomcat.BJDBCRealm
	at org.apache.tomcat.util.digester.Digester.createSAXException(Digester.java:1968)
	at org.apache.tomcat.util.digester.Digester.createSAXException(Digester.java:2000)
	at org.apache.tomcat.util.digester.Digester.startElement(Digester.java:1253)
	at com.sun.org.apache.xerces.internal.parsers.AbstractSAXParser.startElement(AbstractSAXParser.java:509)
	at com.sun.org.apache.xerces.internal.impl.XMLDocumentFragmentScannerImpl.scanStartElement(XMLDocumentFragmentScannerImpl.java:1359)
	at com.sun.org.apache.xerces.internal.impl.XMLDocumentFragmentScannerImpl$FragmentContentDriver.next(XMLDocumentFragmentScannerImpl.java:2784)
	at com.sun.org.apache.xerces.internal.impl.XMLDocumentScannerImpl.next(XMLDocumentScannerImpl.java:602)
	at com.sun.org.apache.xerces.internal.impl.XMLDocumentFragmentScannerImpl.scanDocument(XMLDocumentFragmentScannerImpl.java:505)
	at com.sun.org.apache.xerces.internal.parsers.XML11Configuration.parse(XML11Configuration.java:842)
	at com.sun.org.apache.xerces.internal.parsers.XML11Configuration.parse(XML11Configuration.java:771)
	at com.sun.org.apache.xerces.internal.parsers.XMLParser.parse(XMLParser.java:141)
	at com.sun.org.apache.xerces.internal.parsers.AbstractSAXParser.parse(AbstractSAXParser.java:1213)
	at com.sun.org.apache.xerces.internal.jaxp.SAXParserImpl$JAXPSAXParser.parse(SAXParserImpl.java:643)
	at org.apache.tomcat.util.digester.Digester.parse(Digester.java:1518)
	at org.apache.catalina.startup.ContextConfig.processContextConfig(ContextConfig.java:531)
	at org.apache.catalina.startup.ContextConfig.contextConfig(ContextConfig.java:488)
	at org.apache.catalina.startup.ContextConfig.init(ContextConfig.java:732)
	at org.apache.catalina.startup.ContextConfig.lifecycleEvent(ContextConfig.java:310)
	at org.apache.catalina.util.LifecycleBase.fireLifecycleEvent(LifecycleBase.java:94)
	at org.apache.catalina.util.LifecycleBase.setStateInternal(LifecycleBase.java:395)
	at org.apache.catalina.util.LifecycleBase.init(LifecycleBase.java:108)
	at org.apache.catalina.util.LifecycleBase.start(LifecycleBase.java:140)
	at org.apache.catalina.core.ContainerBase.addChildInternal(ContainerBase.java:754)
	at org.apache.catalina.core.ContainerBase.addChild(ContainerBase.java:730)
	at org.apache.catalina.core.StandardHost.addChild(StandardHost.java:734)
	at org.apache.catalina.startup.HostConfig.deployDirectory(HostConfig.java:1140)
	at org.apache.catalina.startup.HostConfig$DeployDirectory.run(HostConfig.java:1875)
	at java.util.concurrent.Executors$RunnableAdapter.call(Executors.java:511)
	at java.util.concurrent.FutureTask.run(FutureTask.java:266)
	at java.util.concurrent.ThreadPoolExecutor.runWorker(ThreadPoolExecutor.java:1149)
	at java.util.concurrent.ThreadPoolExecutor$Worker.run(ThreadPoolExecutor.java:624)
	at java.lang.Thread.run(Thread.java:748)
Caused by: java.lang.ClassNotFoundException: org.baraza.server.tomcat.BJDBCRealm
	at java.net.URLClassLoader.findClass(URLClassLoader.java:382)
	at java.lang.ClassLoader.loadClass(ClassLoader.java:424)
	at java.lang.ClassLoader.loadClass(ClassLoader.java:357)
	at org.apache.tomcat.util.digester.ObjectCreateRule.begin(ObjectCreateRule.java:116)
	at org.apache.tomcat.util.digester.Digester.startElement(Digester.java:1250)
	... 29 more

24-Jul-2019 08:34:07.229 SEVERE [localhost-startStop-1] org.apache.catalina.startup.ContextConfig.processContextConfig Occurred at line [10] column [82]
24-Jul-2019 08:34:07.481 SEVERE [localhost-startStop-1] org.apache.catalina.startup.ContextConfig.configureStart Marking this application unavailable due to previous error(s)
24-Jul-2019 08:34:07.488 SEVERE [localhost-startStop-1] org.apache.catalina.core.StandardContext.startInternal One or more components marked the context as not correctly configured
24-Jul-2019 08:34:07.515 SEVERE [localhost-startStop-1] org.apache.catalina.core.StandardContext.startInternal Context [/umis] startup failed due to previous errors
24-Jul-2019 08:34:07.525 INFO [localhost-startStop-1] org.apache.catalina.startup.HostConfig.deployDirectory Deployment of web application directory [/opt/projects/tomcat/webapps/umis] has finished in [331] ms
24-Jul-2019 08:34:07.525 INFO [localhost-startStop-1] org.apache.catalina.startup.HostConfig.deployDirectory Deploying web application directory [/opt/projects/tomcat/webapps/examples]
24-Jul-2019 08:34:07.765 INFO [localhost-startStop-1] org.apache.jasper.servlet.TldScanner.scanJars At least one JAR was scanned for TLDs yet contained no TLDs. Enable debug logging for this logger for a complete list of JARs that were scanned but no TLDs were found in them. Skipping unneeded JARs during scanning can improve startup time and JSP compilation time.
24-Jul-2019 08:34:07.802 INFO [localhost-startStop-1] org.apache.catalina.startup.HostConfig.deployDirectory Deployment of web application directory [/opt/projects/tomcat/webapps/examples] has finished in [277] ms
24-Jul-2019 08:34:07.802 INFO [localhost-startStop-1] org.apache.catalina.startup.HostConfig.deployDirectory Deploying web application directory [/opt/projects/tomcat/webapps/auaold]
24-Jul-2019 08:34:07.806 WARNING [localhost-startStop-1] org.apache.tomcat.util.digester.SetPropertiesRule.begin [SetPropertiesRule]{Context/Realm} Setting property 'digest' to 'md5' did not find a matching property.
24-Jul-2019 08:34:09.016 WARNING [localhost-startStop-1] org.apache.tomcat.dbcp.dbcp2.BasicDataSourceFactory.getObjectInstance Name = database Property maxActive is not used in DBCP2, use maxTotal instead. maxTotal default value is 8. You have set value of "150" for "maxActive" property, which is being ignored.
24-Jul-2019 08:34:09.016 WARNING [localhost-startStop-1] org.apache.tomcat.dbcp.dbcp2.BasicDataSourceFactory.getObjectInstance Name = database Property removeAbandoned is not used in DBCP2, use one or both of removeAbandonedOnBorrow or removeAbandonedOnMaintenance instead. Both have default value set to false. You have set value of "true" for "removeAbandoned" property, which is being ignored.
24-Jul-2019 08:34:09.016 WARNING [localhost-startStop-1] org.apache.tomcat.dbcp.dbcp2.BasicDataSourceFactory.getObjectInstance Name = database Property maxWait is not used in DBCP2 , use maxWaitMillis instead. maxWaitMillis default value is -1. You have set value of "50" for "maxWait" property, which is being ignored.
24-Jul-2019 08:34:09.061 INFO [localhost-startStop-1] org.apache.jasper.servlet.TldScanner.scanJars At least one JAR was scanned for TLDs yet contained no TLDs. Enable debug logging for this logger for a complete list of JARs that were scanned but no TLDs were found in them. Skipping unneeded JARs during scanning can improve startup time and JSP compilation time.
24-Jul-2019 08:34:09.097 INFO [localhost-startStop-1] org.apache.catalina.startup.HostConfig.deployDirectory Deployment of web application directory [/opt/projects/tomcat/webapps/auaold] has finished in [1,295] ms
24-Jul-2019 08:34:09.098 INFO [localhost-startStop-1] org.apache.catalina.startup.HostConfig.deployDirectory Deploying web application directory [/opt/projects/tomcat/webapps/ueab]
24-Jul-2019 08:34:11.103 INFO [localhost-startStop-1] org.apache.jasper.servlet.TldScanner.scanJars At least one JAR was scanned for TLDs yet contained no TLDs. Enable debug logging for this logger for a complete list of JARs that were scanned but no TLDs were found in them. Skipping unneeded JARs during scanning can improve startup time and JSP compilation time.
24-Jul-2019 08:34:11.182 INFO [localhost-startStop-1] org.apache.catalina.startup.HostConfig.deployDirectory Deployment of web application directory [/opt/projects/tomcat/webapps/ueab] has finished in [2,083] ms
24-Jul-2019 08:34:11.182 INFO [localhost-startStop-1] org.apache.catalina.startup.HostConfig.deployDirectory Deploying web application directory [/opt/projects/tomcat/webapps/manager]
24-Jul-2019 08:34:11.231 INFO [localhost-startStop-1] org.apache.jasper.servlet.TldScanner.scanJars At least one JAR was scanned for TLDs yet contained no TLDs. Enable debug logging for this logger for a complete list of JARs that were scanned but no TLDs were found in them. Skipping unneeded JARs during scanning can improve startup time and JSP compilation time.
24-Jul-2019 08:34:11.270 INFO [localhost-startStop-1] org.apache.catalina.startup.HostConfig.deployDirectory Deployment of web application directory [/opt/projects/tomcat/webapps/manager] has finished in [88] ms
24-Jul-2019 08:34:11.270 INFO [localhost-startStop-1] org.apache.catalina.startup.HostConfig.deployDirectory Deploying web application directory [/opt/projects/tomcat/webapps/babcock]
24-Jul-2019 08:34:13.364 INFO [localhost-startStop-1] com.sun.xml.ws.transport.http.servlet.WSServletDelegate.<init> WSSERVLET14: JAX-WS servlet initializing
24-Jul-2019 08:34:13.419 INFO [localhost-startStop-1] org.apache.jasper.servlet.TldScanner.scanJars At least one JAR was scanned for TLDs yet contained no TLDs. Enable debug logging for this logger for a complete list of JARs that were scanned but no TLDs were found in them. Skipping unneeded JARs during scanning can improve startup time and JSP compilation time.
24-Jul-2019 08:34:13.422 INFO [localhost-startStop-1] com.sun.xml.ws.transport.http.servlet.WSServletContextListener.contextInitialized WSSERVLET12: JAX-WS context listener initializing
24-Jul-2019 08:34:13.423 INFO [localhost-startStop-1] com.sun.xml.ws.transport.http.servlet.WSServletContextListener.contextInitialized WSSERVLET12: JAX-WS context listener initializing
24-Jul-2019 08:34:13.460 INFO [localhost-startStop-1] org.apache.catalina.startup.HostConfig.deployDirectory Deployment of web application directory [/opt/projects/tomcat/webapps/babcock] has finished in [2,189] ms
24-Jul-2019 08:34:13.460 INFO [localhost-startStop-1] org.apache.catalina.startup.HostConfig.deployDirectory Deploying web application directory [/opt/projects/tomcat/webapps/host-manager]
24-Jul-2019 08:34:13.509 INFO [localhost-startStop-1] org.apache.jasper.servlet.TldScanner.scanJars At least one JAR was scanned for TLDs yet contained no TLDs. Enable debug logging for this logger for a complete list of JARs that were scanned but no TLDs were found in them. Skipping unneeded JARs during scanning can improve startup time and JSP compilation time.
24-Jul-2019 08:34:13.511 INFO [localhost-startStop-1] org.apache.catalina.startup.HostConfig.deployDirectory Deployment of web application directory [/opt/projects/tomcat/webapps/host-manager] has finished in [51] ms
24-Jul-2019 08:34:13.512 INFO [localhost-startStop-1] org.apache.catalina.startup.HostConfig.deployDirectory Deploying web application directory [/opt/projects/tomcat/webapps/docs]
24-Jul-2019 08:34:13.553 INFO [localhost-startStop-1] org.apache.jasper.servlet.TldScanner.scanJars At least one JAR was scanned for TLDs yet contained no TLDs. Enable debug logging for this logger for a complete list of JARs that were scanned but no TLDs were found in them. Skipping unneeded JARs during scanning can improve startup time and JSP compilation time.
24-Jul-2019 08:34:13.555 INFO [localhost-startStop-1] org.apache.catalina.startup.HostConfig.deployDirectory Deployment of web application directory [/opt/projects/tomcat/webapps/docs] has finished in [43] ms
24-Jul-2019 08:34:13.556 INFO [localhost-startStop-1] org.apache.catalina.startup.HostConfig.deployDirectory Deploying web application directory [/opt/projects/tomcat/webapps/college]
24-Jul-2019 08:34:13.558 WARNING [localhost-startStop-1] org.apache.tomcat.util.digester.SetPropertiesRule.begin [SetPropertiesRule]{Context/Realm} Setting property 'digest' to 'md5' did not find a matching property.
24-Jul-2019 08:34:14.840 WARNING [localhost-startStop-1] org.apache.tomcat.dbcp.dbcp2.BasicDataSourceFactory.getObjectInstance Name = acharya Property maxActive is not used in DBCP2, use maxTotal instead. maxTotal default value is 8. You have set value of "150" for "maxActive" property, which is being ignored.
24-Jul-2019 08:34:14.841 WARNING [localhost-startStop-1] org.apache.tomcat.dbcp.dbcp2.BasicDataSourceFactory.getObjectInstance Name = acharya Property removeAbandoned is not used in DBCP2, use one or both of removeAbandonedOnBorrow or removeAbandonedOnMaintenance instead. Both have default value set to false. You have set value of "true" for "removeAbandoned" property, which is being ignored.
24-Jul-2019 08:34:14.841 WARNING [localhost-startStop-1] org.apache.tomcat.dbcp.dbcp2.BasicDataSourceFactory.getObjectInstance Name = acharya Property maxWait is not used in DBCP2 , use maxWaitMillis instead. maxWaitMillis default value is -1. You have set value of "50" for "maxWait" property, which is being ignored.
24-Jul-2019 08:34:14.841 WARNING [localhost-startStop-1] org.apache.tomcat.dbcp.dbcp2.BasicDataSourceFactory.getObjectInstance Name = incentive Property maxActive is not used in DBCP2, use maxTotal instead. maxTotal default value is 8. You have set value of "150" for "maxActive" property, which is being ignored.
24-Jul-2019 08:34:14.841 WARNING [localhost-startStop-1] org.apache.tomcat.dbcp.dbcp2.BasicDataSourceFactory.getObjectInstance Name = incentive Property removeAbandoned is not used in DBCP2, use one or both of removeAbandonedOnBorrow or removeAbandonedOnMaintenance instead. Both have default value set to false. You have set value of "true" for "removeAbandoned" property, which is being ignored.
24-Jul-2019 08:34:14.841 WARNING [localhost-startStop-1] org.apache.tomcat.dbcp.dbcp2.BasicDataSourceFactory.getObjectInstance Name = incentive Property maxWait is not used in DBCP2 , use maxWaitMillis instead. maxWaitMillis default value is -1. You have set value of "50" for "maxWait" property, which is being ignored.
24-Jul-2019 08:34:14.872 INFO [localhost-startStop-1] org.apache.jasper.servlet.TldScanner.scanJars At least one JAR was scanned for TLDs yet contained no TLDs. Enable debug logging for this logger for a complete list of JARs that were scanned but no TLDs were found in them. Skipping unneeded JARs during scanning can improve startup time and JSP compilation time.
24-Jul-2019 08:34:14.901 INFO [localhost-startStop-1] org.apache.catalina.startup.HostConfig.deployDirectory Deployment of web application directory [/opt/projects/tomcat/webapps/college] has finished in [1,346] ms
24-Jul-2019 08:34:14.901 INFO [localhost-startStop-1] org.apache.catalina.startup.HostConfig.deployDirectory Deploying web application directory [/opt/projects/tomcat/webapps/ROOT]
24-Jul-2019 08:34:16.296 INFO [localhost-startStop-1] org.apache.jasper.servlet.TldScanner.scanJars At least one JAR was scanned for TLDs yet contained no TLDs. Enable debug logging for this logger for a complete list of JARs that were scanned but no TLDs were found in them. Skipping unneeded JARs during scanning can improve startup time and JSP compilation time.
24-Jul-2019 08:34:16.326 INFO [localhost-startStop-1] org.apache.catalina.startup.HostConfig.deployDirectory Deployment of web application directory [/opt/projects/tomcat/webapps/ROOT] has finished in [1,425] ms
24-Jul-2019 08:34:16.326 INFO [localhost-startStop-1] org.apache.catalina.startup.HostConfig.deployDirectory Deploying web application directory [/opt/projects/tomcat/webapps/aua]
24-Jul-2019 08:34:17.715 INFO [localhost-startStop-1] org.apache.jasper.servlet.TldScanner.scanJars At least one JAR was scanned for TLDs yet contained no TLDs. Enable debug logging for this logger for a complete list of JARs that were scanned but no TLDs were found in them. Skipping unneeded JARs during scanning can improve startup time and JSP compilation time.
24-Jul-2019 08:34:18.199 INFO [localhost-startStop-1] org.apache.catalina.startup.HostConfig.deployDirectory Deployment of web application directory [/opt/projects/tomcat/webapps/aua] has finished in [1,873] ms
24-Jul-2019 08:34:18.199 INFO [localhost-startStop-1] org.apache.catalina.startup.HostConfig.deployDirectory Deploying web application directory [/opt/projects/tomcat/webapps/repository]
24-Jul-2019 08:34:18.959 INFO [localhost-startStop-1] org.apache.jasper.servlet.TldScanner.scanJars At least one JAR was scanned for TLDs yet contained no TLDs. Enable debug logging for this logger for a complete list of JARs that were scanned but no TLDs were found in them. Skipping unneeded JARs during scanning can improve startup time and JSP compilation time.
24-Jul-2019 08:34:18.981 INFO [localhost-startStop-1] org.apache.catalina.startup.HostConfig.deployDirectory Deployment of web application directory [/opt/projects/tomcat/webapps/repository] has finished in [782] ms
24-Jul-2019 08:34:18.985 INFO [main] org.apache.coyote.AbstractProtocol.start Starting ProtocolHandler ["http-nio-8080"]
24-Jul-2019 08:34:18.992 INFO [main] org.apache.coyote.AbstractProtocol.start Starting ProtocolHandler ["ajp-nio-8009"]
24-Jul-2019 08:34:18.996 INFO [main] org.apache.catalina.startup.Catalina.start Server startup in 11825 ms
24-Jul-2019 10:49:18.418 INFO [Thread-5] org.apache.coyote.AbstractProtocol.pause Pausing ProtocolHandler ["http-nio-8080"]
24-Jul-2019 10:49:18.473 INFO [Thread-5] org.apache.coyote.AbstractProtocol.pause Pausing ProtocolHandler ["ajp-nio-8009"]
24-Jul-2019 10:49:18.480 INFO [Thread-5] org.apache.catalina.core.StandardService.stopInternal Stopping service [Catalina]
24-Jul-2019 10:49:18.902 INFO [localhost-startStop-2] com.sun.xml.ws.transport.http.servlet.WSServletDelegate.destroy WSSERVLET15: JAX-WS servlet destroyed
24-Jul-2019 10:49:18.989 INFO [localhost-startStop-2] com.sun.xml.ws.transport.http.servlet.WSServletContextListener.contextDestroyed WSSERVLET13: JAX-WS context listener destroyed
24-Jul-2019 10:49:18.990 INFO [localhost-startStop-2] com.sun.xml.ws.transport.http.servlet.WSServletContextListener.contextDestroyed WSSERVLET13: JAX-WS context listener destroyed
24-Jul-2019 10:49:19.032 INFO [Thread-5] org.apache.coyote.AbstractProtocol.stop Stopping ProtocolHandler ["http-nio-8080"]
24-Jul-2019 10:49:19.034 INFO [Thread-5] org.apache.coyote.AbstractProtocol.stop Stopping ProtocolHandler ["ajp-nio-8009"]
24-Jul-2019 10:49:19.035 INFO [Thread-5] org.apache.coyote.AbstractProtocol.destroy Destroying ProtocolHandler ["http-nio-8080"]
24-Jul-2019 10:49:19.036 INFO [Thread-5] org.apache.coyote.AbstractProtocol.destroy Destroying ProtocolHandler ["ajp-nio-8009"]
24-Jul-2019 12:59:12.199 INFO [main] org.apache.catalina.startup.VersionLoggerListener.log Server version:        Apache Tomcat/8.5.37
24-Jul-2019 12:59:12.209 INFO [main] org.apache.catalina.startup.VersionLoggerListener.log Server built:          Dec 12 2018 12:07:02 UTC
24-Jul-2019 12:59:12.209 INFO [main] org.apache.catalina.startup.VersionLoggerListener.log Server number:         8.5.37.0
24-Jul-2019 12:59:12.209 INFO [main] org.apache.catalina.startup.VersionLoggerListener.log OS Name:               Linux
24-Jul-2019 12:59:12.209 INFO [main] org.apache.catalina.startup.VersionLoggerListener.log OS Version:            4.15.0-54-generic
24-Jul-2019 12:59:12.209 INFO [main] org.apache.catalina.startup.VersionLoggerListener.log Architecture:          amd64
24-Jul-2019 12:59:12.210 INFO [main] org.apache.catalina.startup.VersionLoggerListener.log Java Home:             /usr/lib/jvm/java-8-openjdk-amd64/jre
24-Jul-2019 12:59:12.210 INFO [main] org.apache.catalina.startup.VersionLoggerListener.log JVM Version:           1.8.0_212-8u212-b03-0ubuntu1.18.04.1-b03
24-Jul-2019 12:59:12.210 INFO [main] org.apache.catalina.startup.VersionLoggerListener.log JVM Vendor:            Oracle Corporation
24-Jul-2019 12:59:12.210 INFO [main] org.apache.catalina.startup.VersionLoggerListener.log CATALINA_BASE:         /opt/projects/tomcat
24-Jul-2019 12:59:12.210 INFO [main] org.apache.catalina.startup.VersionLoggerListener.log CATALINA_HOME:         /opt/projects/tomcat
24-Jul-2019 12:59:12.210 INFO [main] org.apache.catalina.startup.VersionLoggerListener.log Command line argument: -Djava.util.logging.config.file=/opt/projects/tomcat/conf/logging.properties
24-Jul-2019 12:59:12.210 INFO [main] org.apache.catalina.startup.VersionLoggerListener.log Command line argument: -Djava.util.logging.manager=org.apache.juli.ClassLoaderLogManager
24-Jul-2019 12:59:12.210 INFO [main] org.apache.catalina.startup.VersionLoggerListener.log Command line argument: -Djdk.tls.ephemeralDHKeySize=2048
24-Jul-2019 12:59:12.210 INFO [main] org.apache.catalina.startup.VersionLoggerListener.log Command line argument: -Djava.protocol.handler.pkgs=org.apache.catalina.webresources
24-Jul-2019 12:59:12.210 INFO [main] org.apache.catalina.startup.VersionLoggerListener.log Command line argument: -Dorg.apache.catalina.security.SecurityListener.UMASK=0027
24-Jul-2019 12:59:12.210 INFO [main] org.apache.catalina.startup.VersionLoggerListener.log Command line argument: -Dignore.endorsed.dirs=
24-Jul-2019 12:59:12.210 INFO [main] org.apache.catalina.startup.VersionLoggerListener.log Command line argument: -Dcatalina.base=/opt/projects/tomcat
24-Jul-2019 12:59:12.211 INFO [main] org.apache.catalina.startup.VersionLoggerListener.log Command line argument: -Dcatalina.home=/opt/projects/tomcat
24-Jul-2019 12:59:12.211 INFO [main] org.apache.catalina.startup.VersionLoggerListener.log Command line argument: -Djava.io.tmpdir=/opt/projects/tomcat/temp
24-Jul-2019 12:59:12.211 INFO [main] org.apache.catalina.core.AprLifecycleListener.lifecycleEvent The APR based Apache Tomcat Native library which allows optimal performance in production environments was not found on the java.library.path: [/usr/java/packages/lib/amd64:/usr/lib/x86_64-linux-gnu/jni:/lib/x86_64-linux-gnu:/usr/lib/x86_64-linux-gnu:/usr/lib/jni:/lib:/usr/lib]
24-Jul-2019 12:59:12.552 INFO [main] org.apache.coyote.AbstractProtocol.init Initializing ProtocolHandler ["http-nio-8080"]
24-Jul-2019 12:59:12.562 INFO [main] org.apache.tomcat.util.net.NioSelectorPool.getSharedSelector Using a shared selector for servlet write/read
24-Jul-2019 12:59:12.573 INFO [main] org.apache.coyote.AbstractProtocol.init Initializing ProtocolHandler ["ajp-nio-8009"]
24-Jul-2019 12:59:12.574 INFO [main] org.apache.tomcat.util.net.NioSelectorPool.getSharedSelector Using a shared selector for servlet write/read
24-Jul-2019 12:59:12.574 INFO [main] org.apache.catalina.startup.Catalina.load Initialization processed in 1191 ms
24-Jul-2019 12:59:12.597 INFO [main] org.apache.catalina.core.StandardService.startInternal Starting service [Catalina]
24-Jul-2019 12:59:12.597 INFO [main] org.apache.catalina.core.StandardEngine.startInternal Starting Servlet Engine: Apache Tomcat/8.5.37
24-Jul-2019 12:59:12.627 INFO [localhost-startStop-1] org.apache.catalina.startup.HostConfig.deployDirectory Deploying web application directory [/opt/projects/tomcat/webapps/umis]
24-Jul-2019 12:59:12.998 SEVERE [localhost-startStop-1] org.apache.tomcat.util.digester.Digester.startElement Begin event threw exception
 java.lang.ClassNotFoundException: org.baraza.server.tomcat.BJDBCRealm
	at java.net.URLClassLoader.findClass(URLClassLoader.java:382)
	at java.lang.ClassLoader.loadClass(ClassLoader.java:424)
	at java.lang.ClassLoader.loadClass(ClassLoader.java:357)
	at org.apache.tomcat.util.digester.ObjectCreateRule.begin(ObjectCreateRule.java:116)
	at org.apache.tomcat.util.digester.Digester.startElement(Digester.java:1250)
	at com.sun.org.apache.xerces.internal.parsers.AbstractSAXParser.startElement(AbstractSAXParser.java:509)
	at com.sun.org.apache.xerces.internal.impl.XMLDocumentFragmentScannerImpl.scanStartElement(XMLDocumentFragmentScannerImpl.java:1359)
	at com.sun.org.apache.xerces.internal.impl.XMLDocumentFragmentScannerImpl$FragmentContentDriver.next(XMLDocumentFragmentScannerImpl.java:2784)
	at com.sun.org.apache.xerces.internal.impl.XMLDocumentScannerImpl.next(XMLDocumentScannerImpl.java:602)
	at com.sun.org.apache.xerces.internal.impl.XMLDocumentFragmentScannerImpl.scanDocument(XMLDocumentFragmentScannerImpl.java:505)
	at com.sun.org.apache.xerces.internal.parsers.XML11Configuration.parse(XML11Configuration.java:842)
	at com.sun.org.apache.xerces.internal.parsers.XML11Configuration.parse(XML11Configuration.java:771)
	at com.sun.org.apache.xerces.internal.parsers.XMLParser.parse(XMLParser.java:141)
	at com.sun.org.apache.xerces.internal.parsers.AbstractSAXParser.parse(AbstractSAXParser.java:1213)
	at com.sun.org.apache.xerces.internal.jaxp.SAXParserImpl$JAXPSAXParser.parse(SAXParserImpl.java:643)
	at org.apache.tomcat.util.digester.Digester.parse(Digester.java:1518)
	at org.apache.catalina.startup.ContextConfig.processContextConfig(ContextConfig.java:531)
	at org.apache.catalina.startup.ContextConfig.contextConfig(ContextConfig.java:488)
	at org.apache.catalina.startup.ContextConfig.init(ContextConfig.java:732)
	at org.apache.catalina.startup.ContextConfig.lifecycleEvent(ContextConfig.java:310)
	at org.apache.catalina.util.LifecycleBase.fireLifecycleEvent(LifecycleBase.java:94)
	at org.apache.catalina.util.LifecycleBase.setStateInternal(LifecycleBase.java:395)
	at org.apache.catalina.util.LifecycleBase.init(LifecycleBase.java:108)
	at org.apache.catalina.util.LifecycleBase.start(LifecycleBase.java:140)
	at org.apache.catalina.core.ContainerBase.addChildInternal(ContainerBase.java:754)
	at org.apache.catalina.core.ContainerBase.addChild(ContainerBase.java:730)
	at org.apache.catalina.core.StandardHost.addChild(StandardHost.java:734)
	at org.apache.catalina.startup.HostConfig.deployDirectory(HostConfig.java:1140)
	at org.apache.catalina.startup.HostConfig$DeployDirectory.run(HostConfig.java:1875)
	at java.util.concurrent.Executors$RunnableAdapter.call(Executors.java:511)
	at java.util.concurrent.FutureTask.run(FutureTask.java:266)
	at java.util.concurrent.ThreadPoolExecutor.runWorker(ThreadPoolExecutor.java:1149)
	at java.util.concurrent.ThreadPoolExecutor$Worker.run(ThreadPoolExecutor.java:624)
	at java.lang.Thread.run(Thread.java:748)

24-Jul-2019 12:59:12.999 SEVERE [localhost-startStop-1] org.apache.catalina.startup.ContextConfig.processContextConfig Parse error in context.xml for [/umis]
 org.xml.sax.SAXParseException; systemId: file:/opt/projects/tomcat/webapps/umis/META-INF/context.xml; lineNumber: 10; columnNumber: 82; Error at (10, 82) : org.baraza.server.tomcat.BJDBCRealm
	at org.apache.tomcat.util.digester.Digester.createSAXException(Digester.java:1968)
	at org.apache.tomcat.util.digester.Digester.createSAXException(Digester.java:2000)
	at org.apache.tomcat.util.digester.Digester.startElement(Digester.java:1253)
	at com.sun.org.apache.xerces.internal.parsers.AbstractSAXParser.startElement(AbstractSAXParser.java:509)
	at com.sun.org.apache.xerces.internal.impl.XMLDocumentFragmentScannerImpl.scanStartElement(XMLDocumentFragmentScannerImpl.java:1359)
	at com.sun.org.apache.xerces.internal.impl.XMLDocumentFragmentScannerImpl$FragmentContentDriver.next(XMLDocumentFragmentScannerImpl.java:2784)
	at com.sun.org.apache.xerces.internal.impl.XMLDocumentScannerImpl.next(XMLDocumentScannerImpl.java:602)
	at com.sun.org.apache.xerces.internal.impl.XMLDocumentFragmentScannerImpl.scanDocument(XMLDocumentFragmentScannerImpl.java:505)
	at com.sun.org.apache.xerces.internal.parsers.XML11Configuration.parse(XML11Configuration.java:842)
	at com.sun.org.apache.xerces.internal.parsers.XML11Configuration.parse(XML11Configuration.java:771)
	at com.sun.org.apache.xerces.internal.parsers.XMLParser.parse(XMLParser.java:141)
	at com.sun.org.apache.xerces.internal.parsers.AbstractSAXParser.parse(AbstractSAXParser.java:1213)
	at com.sun.org.apache.xerces.internal.jaxp.SAXParserImpl$JAXPSAXParser.parse(SAXParserImpl.java:643)
	at org.apache.tomcat.util.digester.Digester.parse(Digester.java:1518)
	at org.apache.catalina.startup.ContextConfig.processContextConfig(ContextConfig.java:531)
	at org.apache.catalina.startup.ContextConfig.contextConfig(ContextConfig.java:488)
	at org.apache.catalina.startup.ContextConfig.init(ContextConfig.java:732)
	at org.apache.catalina.startup.ContextConfig.lifecycleEvent(ContextConfig.java:310)
	at org.apache.catalina.util.LifecycleBase.fireLifecycleEvent(LifecycleBase.java:94)
	at org.apache.catalina.util.LifecycleBase.setStateInternal(LifecycleBase.java:395)
	at org.apache.catalina.util.LifecycleBase.init(LifecycleBase.java:108)
	at org.apache.catalina.util.LifecycleBase.start(LifecycleBase.java:140)
	at org.apache.catalina.core.ContainerBase.addChildInternal(ContainerBase.java:754)
	at org.apache.catalina.core.ContainerBase.addChild(ContainerBase.java:730)
	at org.apache.catalina.core.StandardHost.addChild(StandardHost.java:734)
	at org.apache.catalina.startup.HostConfig.deployDirectory(HostConfig.java:1140)
	at org.apache.catalina.startup.HostConfig$DeployDirectory.run(HostConfig.java:1875)
	at java.util.concurrent.Executors$RunnableAdapter.call(Executors.java:511)
	at java.util.concurrent.FutureTask.run(FutureTask.java:266)
	at java.util.concurrent.ThreadPoolExecutor.runWorker(ThreadPoolExecutor.java:1149)
	at java.util.concurrent.ThreadPoolExecutor$Worker.run(ThreadPoolExecutor.java:624)
	at java.lang.Thread.run(Thread.java:748)
Caused by: java.lang.ClassNotFoundException: org.baraza.server.tomcat.BJDBCRealm
	at java.net.URLClassLoader.findClass(URLClassLoader.java:382)
	at java.lang.ClassLoader.loadClass(ClassLoader.java:424)
	at java.lang.ClassLoader.loadClass(ClassLoader.java:357)
	at org.apache.tomcat.util.digester.ObjectCreateRule.begin(ObjectCreateRule.java:116)
	at org.apache.tomcat.util.digester.Digester.startElement(Digester.java:1250)
	... 29 more

24-Jul-2019 12:59:13.006 SEVERE [localhost-startStop-1] org.apache.catalina.startup.ContextConfig.processContextConfig Occurred at line [10] column [82]
24-Jul-2019 12:59:14.461 SEVERE [localhost-startStop-1] org.apache.catalina.startup.ContextConfig.configureStart Marking this application unavailable due to previous error(s)
24-Jul-2019 12:59:14.473 SEVERE [localhost-startStop-1] org.apache.catalina.core.StandardContext.startInternal One or more components marked the context as not correctly configured
24-Jul-2019 12:59:14.596 SEVERE [localhost-startStop-1] org.apache.catalina.core.StandardContext.startInternal Context [/umis] startup failed due to previous errors
24-Jul-2019 12:59:14.664 INFO [localhost-startStop-1] org.apache.catalina.startup.HostConfig.deployDirectory Deployment of web application directory [/opt/projects/tomcat/webapps/umis] has finished in [2,035] ms
24-Jul-2019 12:59:14.664 INFO [localhost-startStop-1] org.apache.catalina.startup.HostConfig.deployDirectory Deploying web application directory [/opt/projects/tomcat/webapps/examples]
24-Jul-2019 12:59:15.512 INFO [localhost-startStop-1] org.apache.jasper.servlet.TldScanner.scanJars At least one JAR was scanned for TLDs yet contained no TLDs. Enable debug logging for this logger for a complete list of JARs that were scanned but no TLDs were found in them. Skipping unneeded JARs during scanning can improve startup time and JSP compilation time.
24-Jul-2019 12:59:15.826 INFO [localhost-startStop-1] org.apache.catalina.startup.HostConfig.deployDirectory Deployment of web application directory [/opt/projects/tomcat/webapps/examples] has finished in [1,161] ms
24-Jul-2019 12:59:15.826 INFO [localhost-startStop-1] org.apache.catalina.startup.HostConfig.deployDirectory Deploying web application directory [/opt/projects/tomcat/webapps/auaold]
24-Jul-2019 12:59:16.085 WARNING [localhost-startStop-1] org.apache.tomcat.util.digester.SetPropertiesRule.begin [SetPropertiesRule]{Context/Realm} Setting property 'digest' to 'md5' did not find a matching property.
24-Jul-2019 12:59:28.605 WARNING [localhost-startStop-1] org.apache.tomcat.dbcp.dbcp2.BasicDataSourceFactory.getObjectInstance Name = database Property maxActive is not used in DBCP2, use maxTotal instead. maxTotal default value is 8. You have set value of "150" for "maxActive" property, which is being ignored.
24-Jul-2019 12:59:28.605 WARNING [localhost-startStop-1] org.apache.tomcat.dbcp.dbcp2.BasicDataSourceFactory.getObjectInstance Name = database Property removeAbandoned is not used in DBCP2, use one or both of removeAbandonedOnBorrow or removeAbandonedOnMaintenance instead. Both have default value set to false. You have set value of "true" for "removeAbandoned" property, which is being ignored.
24-Jul-2019 12:59:28.605 WARNING [localhost-startStop-1] org.apache.tomcat.dbcp.dbcp2.BasicDataSourceFactory.getObjectInstance Name = database Property maxWait is not used in DBCP2 , use maxWaitMillis instead. maxWaitMillis default value is -1. You have set value of "50" for "maxWait" property, which is being ignored.
24-Jul-2019 12:59:29.006 INFO [localhost-startStop-1] org.apache.jasper.servlet.TldScanner.scanJars At least one JAR was scanned for TLDs yet contained no TLDs. Enable debug logging for this logger for a complete list of JARs that were scanned but no TLDs were found in them. Skipping unneeded JARs during scanning can improve startup time and JSP compilation time.
24-Jul-2019 12:59:29.379 INFO [localhost-startStop-1] org.apache.catalina.startup.HostConfig.deployDirectory Deployment of web application directory [/opt/projects/tomcat/webapps/auaold] has finished in [13,553] ms
24-Jul-2019 12:59:29.380 INFO [localhost-startStop-1] org.apache.catalina.startup.HostConfig.deployDirectory Deploying web application directory [/opt/projects/tomcat/webapps/ueab]
24-Jul-2019 13:00:21.873 INFO [localhost-startStop-1] org.apache.jasper.servlet.TldScanner.scanJars At least one JAR was scanned for TLDs yet contained no TLDs. Enable debug logging for this logger for a complete list of JARs that were scanned but no TLDs were found in them. Skipping unneeded JARs during scanning can improve startup time and JSP compilation time.
24-Jul-2019 13:00:25.427 INFO [localhost-startStop-1] org.apache.catalina.startup.HostConfig.deployDirectory Deployment of web application directory [/opt/projects/tomcat/webapps/ueab] has finished in [56,046] ms
24-Jul-2019 13:00:25.427 INFO [localhost-startStop-1] org.apache.catalina.startup.HostConfig.deployDirectory Deploying web application directory [/opt/projects/tomcat/webapps/manager]
24-Jul-2019 13:00:26.042 INFO [localhost-startStop-1] org.apache.jasper.servlet.TldScanner.scanJars At least one JAR was scanned for TLDs yet contained no TLDs. Enable debug logging for this logger for a complete list of JARs that were scanned but no TLDs were found in them. Skipping unneeded JARs during scanning can improve startup time and JSP compilation time.
24-Jul-2019 13:00:26.057 INFO [localhost-startStop-1] org.apache.catalina.startup.HostConfig.deployDirectory Deployment of web application directory [/opt/projects/tomcat/webapps/manager] has finished in [629] ms
24-Jul-2019 13:00:26.057 INFO [localhost-startStop-1] org.apache.catalina.startup.HostConfig.deployDirectory Deploying web application directory [/opt/projects/tomcat/webapps/babcock]
24-Jul-2019 13:00:40.133 INFO [localhost-startStop-1] com.sun.xml.ws.transport.http.servlet.WSServletDelegate.<init> WSSERVLET14: JAX-WS servlet initializing
24-Jul-2019 13:00:40.209 INFO [localhost-startStop-1] org.apache.jasper.servlet.TldScanner.scanJars At least one JAR was scanned for TLDs yet contained no TLDs. Enable debug logging for this logger for a complete list of JARs that were scanned but no TLDs were found in them. Skipping unneeded JARs during scanning can improve startup time and JSP compilation time.
24-Jul-2019 13:00:40.212 INFO [localhost-startStop-1] com.sun.xml.ws.transport.http.servlet.WSServletContextListener.contextInitialized WSSERVLET12: JAX-WS context listener initializing
24-Jul-2019 13:00:40.212 INFO [localhost-startStop-1] com.sun.xml.ws.transport.http.servlet.WSServletContextListener.contextInitialized WSSERVLET12: JAX-WS context listener initializing
24-Jul-2019 13:00:43.338 INFO [localhost-startStop-1] org.apache.catalina.startup.HostConfig.deployDirectory Deployment of web application directory [/opt/projects/tomcat/webapps/babcock] has finished in [17,280] ms
24-Jul-2019 13:00:43.338 INFO [localhost-startStop-1] org.apache.catalina.startup.HostConfig.deployDirectory Deploying web application directory [/opt/projects/tomcat/webapps/host-manager]
24-Jul-2019 13:00:44.391 INFO [localhost-startStop-1] org.apache.jasper.servlet.TldScanner.scanJars At least one JAR was scanned for TLDs yet contained no TLDs. Enable debug logging for this logger for a complete list of JARs that were scanned but no TLDs were found in them. Skipping unneeded JARs during scanning can improve startup time and JSP compilation time.
24-Jul-2019 13:00:44.409 INFO [localhost-startStop-1] org.apache.catalina.startup.HostConfig.deployDirectory Deployment of web application directory [/opt/projects/tomcat/webapps/host-manager] has finished in [1,071] ms
24-Jul-2019 13:00:44.410 INFO [localhost-startStop-1] org.apache.catalina.startup.HostConfig.deployDirectory Deploying web application directory [/opt/projects/tomcat/webapps/docs]
24-Jul-2019 13:00:44.585 INFO [localhost-startStop-1] org.apache.jasper.servlet.TldScanner.scanJars At least one JAR was scanned for TLDs yet contained no TLDs. Enable debug logging for this logger for a complete list of JARs that were scanned but no TLDs were found in them. Skipping unneeded JARs during scanning can improve startup time and JSP compilation time.
24-Jul-2019 13:00:44.586 INFO [localhost-startStop-1] org.apache.catalina.startup.HostConfig.deployDirectory Deployment of web application directory [/opt/projects/tomcat/webapps/docs] has finished in [176] ms
24-Jul-2019 13:00:44.586 INFO [localhost-startStop-1] org.apache.catalina.startup.HostConfig.deployDirectory Deploying web application directory [/opt/projects/tomcat/webapps/college]
24-Jul-2019 13:00:44.614 WARNING [localhost-startStop-1] org.apache.tomcat.util.digester.SetPropertiesRule.begin [SetPropertiesRule]{Context/Realm} Setting property 'digest' to 'md5' did not find a matching property.
24-Jul-2019 13:00:52.611 WARNING [localhost-startStop-1] org.apache.tomcat.dbcp.dbcp2.BasicDataSourceFactory.getObjectInstance Name = acharya Property maxActive is not used in DBCP2, use maxTotal instead. maxTotal default value is 8. You have set value of "150" for "maxActive" property, which is being ignored.
24-Jul-2019 13:00:52.611 WARNING [localhost-startStop-1] org.apache.tomcat.dbcp.dbcp2.BasicDataSourceFactory.getObjectInstance Name = acharya Property removeAbandoned is not used in DBCP2, use one or both of removeAbandonedOnBorrow or removeAbandonedOnMaintenance instead. Both have default value set to false. You have set value of "true" for "removeAbandoned" property, which is being ignored.
24-Jul-2019 13:00:52.611 WARNING [localhost-startStop-1] org.apache.tomcat.dbcp.dbcp2.BasicDataSourceFactory.getObjectInstance Name = acharya Property maxWait is not used in DBCP2 , use maxWaitMillis instead. maxWaitMillis default value is -1. You have set value of "50" for "maxWait" property, which is being ignored.
24-Jul-2019 13:00:52.612 WARNING [localhost-startStop-1] org.apache.tomcat.dbcp.dbcp2.BasicDataSourceFactory.getObjectInstance Name = incentive Property maxActive is not used in DBCP2, use maxTotal instead. maxTotal default value is 8. You have set value of "150" for "maxActive" property, which is being ignored.
24-Jul-2019 13:00:52.612 WARNING [localhost-startStop-1] org.apache.tomcat.dbcp.dbcp2.BasicDataSourceFactory.getObjectInstance Name = incentive Property removeAbandoned is not used in DBCP2, use one or both of removeAbandonedOnBorrow or removeAbandonedOnMaintenance instead. Both have default value set to false. You have set value of "true" for "removeAbandoned" property, which is being ignored.
24-Jul-2019 13:00:52.612 WARNING [localhost-startStop-1] org.apache.tomcat.dbcp.dbcp2.BasicDataSourceFactory.getObjectInstance Name = incentive Property maxWait is not used in DBCP2 , use maxWaitMillis instead. maxWaitMillis default value is -1. You have set value of "50" for "maxWait" property, which is being ignored.
24-Jul-2019 13:00:52.743 INFO [localhost-startStop-1] org.apache.jasper.servlet.TldScanner.scanJars At least one JAR was scanned for TLDs yet contained no TLDs. Enable debug logging for this logger for a complete list of JARs that were scanned but no TLDs were found in them. Skipping unneeded JARs during scanning can improve startup time and JSP compilation time.
24-Jul-2019 13:00:54.026 INFO [localhost-startStop-1] org.apache.catalina.startup.HostConfig.deployDirectory Deployment of web application directory [/opt/projects/tomcat/webapps/college] has finished in [9,440] ms
24-Jul-2019 13:00:54.027 INFO [localhost-startStop-1] org.apache.catalina.startup.HostConfig.deployDirectory Deploying web application directory [/opt/projects/tomcat/webapps/ROOT]
24-Jul-2019 13:00:58.462 INFO [localhost-startStop-1] org.apache.jasper.servlet.TldScanner.scanJars At least one JAR was scanned for TLDs yet contained no TLDs. Enable debug logging for this logger for a complete list of JARs that were scanned but no TLDs were found in them. Skipping unneeded JARs during scanning can improve startup time and JSP compilation time.
24-Jul-2019 13:00:58.485 INFO [localhost-startStop-1] org.apache.catalina.startup.HostConfig.deployDirectory Deployment of web application directory [/opt/projects/tomcat/webapps/ROOT] has finished in [4,458] ms
24-Jul-2019 13:00:58.485 INFO [localhost-startStop-1] org.apache.catalina.startup.HostConfig.deployDirectory Deploying web application directory [/opt/projects/tomcat/webapps/aua]
24-Jul-2019 13:01:04.602 INFO [localhost-startStop-1] org.apache.jasper.servlet.TldScanner.scanJars At least one JAR was scanned for TLDs yet contained no TLDs. Enable debug logging for this logger for a complete list of JARs that were scanned but no TLDs were found in them. Skipping unneeded JARs during scanning can improve startup time and JSP compilation time.
24-Jul-2019 13:01:04.618 INFO [localhost-startStop-1] org.apache.catalina.startup.HostConfig.deployDirectory Deployment of web application directory [/opt/projects/tomcat/webapps/aua] has finished in [6,133] ms
24-Jul-2019 13:01:04.618 INFO [localhost-startStop-1] org.apache.catalina.startup.HostConfig.deployDirectory Deploying web application directory [/opt/projects/tomcat/webapps/repository]
24-Jul-2019 13:01:06.974 INFO [localhost-startStop-1] org.apache.jasper.servlet.TldScanner.scanJars At least one JAR was scanned for TLDs yet contained no TLDs. Enable debug logging for this logger for a complete list of JARs that were scanned but no TLDs were found in them. Skipping unneeded JARs during scanning can improve startup time and JSP compilation time.
24-Jul-2019 13:01:06.978 INFO [localhost-startStop-1] org.apache.catalina.startup.HostConfig.deployDirectory Deployment of web application directory [/opt/projects/tomcat/webapps/repository] has finished in [2,360] ms
24-Jul-2019 13:01:06.992 INFO [main] org.apache.coyote.AbstractProtocol.start Starting ProtocolHandler ["http-nio-8080"]
24-Jul-2019 13:01:07.034 INFO [main] org.apache.coyote.AbstractProtocol.start Starting ProtocolHandler ["ajp-nio-8009"]
24-Jul-2019 13:01:07.036 INFO [main] org.apache.catalina.startup.Catalina.start Server startup in 114462 ms
24-Jul-2019 13:09:11.875 INFO [http-nio-8080-exec-3] org.baraza.reports.BWebReport.setParams Filter = filterid key = LEAD2019.1
24-Jul-2019 13:09:11.876 INFO [http-nio-8080-exec-3] org.baraza.reports.BWebReport.setParams Filter = vote_head_id key = 12
24-Jul-2019 13:10:46.225 INFO [http-nio-8080-exec-5] org.baraza.reports.BWebReport.setParams Filter = filterid key = LEAD2019.1
24-Jul-2019 13:10:46.226 INFO [http-nio-8080-exec-5] org.baraza.reports.BWebReport.setParams Filter = vote_head_id key = 12
24-Jul-2019 13:12:52.300 INFO [http-nio-8080-exec-1] org.baraza.reports.BWebReport.setParams Filter = filterid key = LEAD2019.1
24-Jul-2019 13:12:52.300 INFO [http-nio-8080-exec-1] org.baraza.reports.BWebReport.setParams Filter = vote_head_id key = 12
24-Jul-2019 13:12:53.172 INFO [http-nio-8080-exec-1] org.baraza.reports.BWebReport.getReport entityid | 0
24-Jul-2019 13:14:35.811 INFO [http-nio-8080-exec-7] org.baraza.reports.BWebReport.setParams Filter = filterid key = LEAD2019.1
24-Jul-2019 13:14:35.811 INFO [http-nio-8080-exec-7] org.baraza.reports.BWebReport.setParams Filter = vote_head_id key = 12
24-Jul-2019 13:14:35.817 INFO [http-nio-8080-exec-7] org.baraza.reports.BWebReport.getReport entityid | 0
24-Jul-2019 13:17:29.074 INFO [http-nio-8080-exec-4] org.baraza.reports.BWebReport.setParams Filter = filterid key = LEAD2019.1
24-Jul-2019 13:17:29.075 INFO [http-nio-8080-exec-4] org.baraza.reports.BWebReport.setParams Filter = vote_head_id key = 12
24-Jul-2019 13:17:29.083 INFO [http-nio-8080-exec-4] org.baraza.reports.BWebReport.getReport entityid | 0
24-Jul-2019 13:19:19.952 INFO [http-nio-8080-exec-6] org.baraza.reports.BWebReport.setParams Filter = filterid key = LEAD2019.1
24-Jul-2019 13:19:19.953 INFO [http-nio-8080-exec-6] org.baraza.reports.BWebReport.setParams Filter = vote_head_id key = 12
24-Jul-2019 13:19:19.960 INFO [http-nio-8080-exec-6] org.baraza.reports.BWebReport.getReport entityid | 0
24-Jul-2019 13:19:31.514 INFO [http-nio-8080-exec-9] org.baraza.reports.BWebReport.setParams Filter = filterid key = LEAD2019.1
24-Jul-2019 13:19:31.514 INFO [http-nio-8080-exec-9] org.baraza.reports.BWebReport.setParams Filter = vote_head_id key = 12
24-Jul-2019 13:19:31.521 INFO [http-nio-8080-exec-9] org.baraza.reports.BWebReport.getReport entityid | 0
24-Jul-2019 13:24:44.524 INFO [http-nio-8080-exec-8] org.baraza.reports.BWebReport.setParams Filter = filterid key = LEAD2019.1
24-Jul-2019 13:24:44.525 INFO [http-nio-8080-exec-8] org.baraza.reports.BWebReport.setParams Filter = vote_head_id key = 12
24-Jul-2019 13:24:44.530 INFO [http-nio-8080-exec-8] org.baraza.reports.BWebReport.getReport entityid | 0
24-Jul-2019 13:32:18.389 INFO [Thread-5] org.apache.coyote.AbstractProtocol.pause Pausing ProtocolHandler ["http-nio-8080"]
24-Jul-2019 13:32:18.439 INFO [Thread-5] org.apache.coyote.AbstractProtocol.pause Pausing ProtocolHandler ["ajp-nio-8009"]
24-Jul-2019 13:32:18.446 INFO [Thread-5] org.apache.catalina.core.StandardService.stopInternal Stopping service [Catalina]
24-Jul-2019 13:32:18.983 SEVERE [localhost-startStop-2] org.apache.catalina.loader.WebappClassLoaderBase.checkThreadLocalMapForLeaks The web application [aua] created a ThreadLocal with key of type [java.lang.ThreadLocal] (value [java.lang.ThreadLocal@53767c52]) and a value of type [java.lang.Class] (value [class vw_student_charges_CROSSTAB0_1563963148796_838477]) but failed to remove it when the web application was stopped. Threads are going to be renewed over time to try and avoid a probable memory leak.
24-Jul-2019 13:32:19.007 SEVERE [localhost-startStop-2] org.apache.catalina.loader.WebappClassLoaderBase.checkThreadLocalMapForLeaks The web application [aua] created a ThreadLocal with key of type [java.lang.ThreadLocal] (value [java.lang.ThreadLocal@53767c52]) and a value of type [java.lang.Class] (value [class vw_student_charges_CROSSTAB0_1563963441001_448850]) but failed to remove it when the web application was stopped. Threads are going to be renewed over time to try and avoid a probable memory leak.
24-Jul-2019 13:32:19.008 SEVERE [localhost-startStop-2] org.apache.catalina.loader.WebappClassLoaderBase.checkThreadLocalMapForLeaks The web application [aua] created a ThreadLocal with key of type [java.lang.ThreadLocal] (value [java.lang.ThreadLocal@53767c52]) and a value of type [java.lang.Class] (value [class vw_student_charges_CROSSTAB0_1563963441001_448850]) but failed to remove it when the web application was stopped. Threads are going to be renewed over time to try and avoid a probable memory leak.
24-Jul-2019 13:32:19.009 SEVERE [localhost-startStop-2] org.apache.catalina.loader.WebappClassLoaderBase.checkThreadLocalMapForLeaks The web application [aua] created a ThreadLocal with key of type [java.lang.ThreadLocal] (value [java.lang.ThreadLocal@53767c52]) and a value of type [java.lang.Class] (value [class vw_student_charges_CROSSTAB0_1563963256925_402707]) but failed to remove it when the web application was stopped. Threads are going to be renewed over time to try and avoid a probable memory leak.
24-Jul-2019 13:32:19.009 SEVERE [localhost-startStop-2] org.apache.catalina.loader.WebappClassLoaderBase.checkThreadLocalMapForLeaks The web application [aua] created a ThreadLocal with key of type [java.lang.ThreadLocal] (value [java.lang.ThreadLocal@53767c52]) and a value of type [java.lang.Class] (value [class vw_student_charges_CROSSTAB0_1563963874869_858743]) but failed to remove it when the web application was stopped. Threads are going to be renewed over time to try and avoid a probable memory leak.
24-Jul-2019 13:32:19.010 SEVERE [localhost-startStop-2] org.apache.catalina.loader.WebappClassLoaderBase.checkThreadLocalMapForLeaks The web application [aua] created a ThreadLocal with key of type [java.lang.ThreadLocal] (value [java.lang.ThreadLocal@53767c52]) and a value of type [java.lang.Class] (value [class vw_student_charges_CROSSTAB0_1563963554899_617558]) but failed to remove it when the web application was stopped. Threads are going to be renewed over time to try and avoid a probable memory leak.
24-Jul-2019 13:32:19.031 INFO [localhost-startStop-2] com.sun.xml.ws.transport.http.servlet.WSServletDelegate.destroy WSSERVLET15: JAX-WS servlet destroyed
24-Jul-2019 13:32:19.053 INFO [localhost-startStop-2] com.sun.xml.ws.transport.http.servlet.WSServletContextListener.contextDestroyed WSSERVLET13: JAX-WS context listener destroyed
24-Jul-2019 13:32:19.053 INFO [localhost-startStop-2] com.sun.xml.ws.transport.http.servlet.WSServletContextListener.contextDestroyed WSSERVLET13: JAX-WS context listener destroyed
24-Jul-2019 13:32:19.074 INFO [Thread-5] org.apache.coyote.AbstractProtocol.stop Stopping ProtocolHandler ["http-nio-8080"]
24-Jul-2019 13:32:19.075 INFO [Thread-5] org.apache.coyote.AbstractProtocol.stop Stopping ProtocolHandler ["ajp-nio-8009"]
24-Jul-2019 13:32:19.077 INFO [Thread-5] org.apache.coyote.AbstractProtocol.destroy Destroying ProtocolHandler ["http-nio-8080"]
24-Jul-2019 13:32:19.077 INFO [Thread-5] org.apache.coyote.AbstractProtocol.destroy Destroying ProtocolHandler ["ajp-nio-8009"]
