02-May-2019 09:44:57.542 INFO [main] org.apache.catalina.startup.VersionLoggerListener.log Server version:        Apache Tomcat/8.5.37
02-May-2019 09:44:57.551 INFO [main] org.apache.catalina.startup.VersionLoggerListener.log Server built:          Dec 12 2018 12:07:02 UTC
02-May-2019 09:44:57.551 INFO [main] org.apache.catalina.startup.VersionLoggerListener.log Server number:         8.5.37.0
02-May-2019 09:44:57.551 INFO [main] org.apache.catalina.startup.VersionLoggerListener.log OS Name:               Linux
02-May-2019 09:44:57.551 INFO [main] org.apache.catalina.startup.VersionLoggerListener.log OS Version:            4.15.0-47-generic
02-May-2019 09:44:57.551 INFO [main] org.apache.catalina.startup.VersionLoggerListener.log Architecture:          amd64
02-May-2019 09:44:57.552 INFO [main] org.apache.catalina.startup.VersionLoggerListener.log Java Home:             /usr/lib/jvm/java-8-openjdk-amd64/jre
02-May-2019 09:44:57.552 INFO [main] org.apache.catalina.startup.VersionLoggerListener.log JVM Version:           1.8.0_191-8u191-b12-2ubuntu0.18.04.1-b12
02-May-2019 09:44:57.552 INFO [main] org.apache.catalina.startup.VersionLoggerListener.log JVM Vendor:            Oracle Corporation
02-May-2019 09:44:57.552 INFO [main] org.apache.catalina.startup.VersionLoggerListener.log CATALINA_BASE:         /opt/projects/tomcat
02-May-2019 09:44:57.552 INFO [main] org.apache.catalina.startup.VersionLoggerListener.log CATALINA_HOME:         /opt/projects/tomcat
02-May-2019 09:44:57.552 INFO [main] org.apache.catalina.startup.VersionLoggerListener.log Command line argument: -Djava.util.logging.config.file=/opt/projects/tomcat/conf/logging.properties
02-May-2019 09:44:57.552 INFO [main] org.apache.catalina.startup.VersionLoggerListener.log Command line argument: -Djava.util.logging.manager=org.apache.juli.ClassLoaderLogManager
02-May-2019 09:44:57.552 INFO [main] org.apache.catalina.startup.VersionLoggerListener.log Command line argument: -Djdk.tls.ephemeralDHKeySize=2048
02-May-2019 09:44:57.552 INFO [main] org.apache.catalina.startup.VersionLoggerListener.log Command line argument: -Djava.protocol.handler.pkgs=org.apache.catalina.webresources
02-May-2019 09:44:57.552 INFO [main] org.apache.catalina.startup.VersionLoggerListener.log Command line argument: -Dorg.apache.catalina.security.SecurityListener.UMASK=0027
02-May-2019 09:44:57.552 INFO [main] org.apache.catalina.startup.VersionLoggerListener.log Command line argument: -Dignore.endorsed.dirs=
02-May-2019 09:44:57.552 INFO [main] org.apache.catalina.startup.VersionLoggerListener.log Command line argument: -Dcatalina.base=/opt/projects/tomcat
02-May-2019 09:44:57.552 INFO [main] org.apache.catalina.startup.VersionLoggerListener.log Command line argument: -Dcatalina.home=/opt/projects/tomcat
02-May-2019 09:44:57.553 INFO [main] org.apache.catalina.startup.VersionLoggerListener.log Command line argument: -Djava.io.tmpdir=/opt/projects/tomcat/temp
02-May-2019 09:44:57.553 INFO [main] org.apache.catalina.core.AprLifecycleListener.lifecycleEvent The APR based Apache Tomcat Native library which allows optimal performance in production environments was not found on the java.library.path: [/usr/java/packages/lib/amd64:/usr/lib/x86_64-linux-gnu/jni:/lib/x86_64-linux-gnu:/usr/lib/x86_64-linux-gnu:/usr/lib/jni:/lib:/usr/lib]
02-May-2019 09:44:57.825 INFO [main] org.apache.coyote.AbstractProtocol.init Initializing ProtocolHandler ["http-nio-8080"]
02-May-2019 09:44:57.856 INFO [main] org.apache.tomcat.util.net.NioSelectorPool.getSharedSelector Using a shared selector for servlet write/read
02-May-2019 09:44:57.869 INFO [main] org.apache.coyote.AbstractProtocol.init Initializing ProtocolHandler ["ajp-nio-8009"]
02-May-2019 09:44:57.871 INFO [main] org.apache.tomcat.util.net.NioSelectorPool.getSharedSelector Using a shared selector for servlet write/read
02-May-2019 09:44:57.871 INFO [main] org.apache.catalina.startup.Catalina.load Initialization processed in 1101 ms
02-May-2019 09:44:57.910 INFO [main] org.apache.catalina.core.StandardService.startInternal Starting service [Catalina]
02-May-2019 09:44:57.911 INFO [main] org.apache.catalina.core.StandardEngine.startInternal Starting Servlet Engine: Apache Tomcat/8.5.37
02-May-2019 09:44:57.922 INFO [localhost-startStop-1] org.apache.catalina.startup.HostConfig.deployDirectory Deploying web application directory [/opt/projects/tomcat/webapps/examples]
02-May-2019 09:44:58.918 INFO [localhost-startStop-1] org.apache.jasper.servlet.TldScanner.scanJars At least one JAR was scanned for TLDs yet contained no TLDs. Enable debug logging for this logger for a complete list of JARs that were scanned but no TLDs were found in them. Skipping unneeded JARs during scanning can improve startup time and JSP compilation time.
02-May-2019 09:44:59.061 INFO [localhost-startStop-1] org.apache.catalina.startup.HostConfig.deployDirectory Deployment of web application directory [/opt/projects/tomcat/webapps/examples] has finished in [1,138] ms
02-May-2019 09:44:59.061 INFO [localhost-startStop-1] org.apache.catalina.startup.HostConfig.deployDirectory Deploying web application directory [/opt/projects/tomcat/webapps/colleges]
02-May-2019 09:45:04.542 INFO [localhost-startStop-1] org.apache.jasper.servlet.TldScanner.scanJars At least one JAR was scanned for TLDs yet contained no TLDs. Enable debug logging for this logger for a complete list of JARs that were scanned but no TLDs were found in them. Skipping unneeded JARs during scanning can improve startup time and JSP compilation time.
02-May-2019 09:45:04.601 INFO [localhost-startStop-1] org.apache.catalina.startup.HostConfig.deployDirectory Deployment of web application directory [/opt/projects/tomcat/webapps/colleges] has finished in [5,540] ms
02-May-2019 09:45:04.602 INFO [localhost-startStop-1] org.apache.catalina.startup.HostConfig.deployDirectory Deploying web application directory [/opt/projects/tomcat/webapps/ueab]
02-May-2019 09:45:08.101 INFO [localhost-startStop-1] org.apache.jasper.servlet.TldScanner.scanJars At least one JAR was scanned for TLDs yet contained no TLDs. Enable debug logging for this logger for a complete list of JARs that were scanned but no TLDs were found in them. Skipping unneeded JARs during scanning can improve startup time and JSP compilation time.
02-May-2019 09:45:08.960 SEVERE [localhost-startStop-1] org.baraza.DB.BQuery.makeQuery Get Table read and Metadata Error : org.postgresql.util.PSQLException: ERROR: could not open file "base/42881/93864": Permission denied
02-May-2019 09:45:08.961 SEVERE [localhost-startStop-1] org.baraza.DB.BQuery.makeQuery SQL SELECT org_id FROM orgs WHERE is_active = true ORDER BY org_id
02-May-2019 09:45:08.965 INFO [localhost-startStop-1] org.apache.catalina.startup.HostConfig.deployDirectory Deployment of web application directory [/opt/projects/tomcat/webapps/ueab] has finished in [4,364] ms
02-May-2019 09:45:08.966 INFO [localhost-startStop-1] org.apache.catalina.startup.HostConfig.deployDirectory Deploying web application directory [/opt/projects/tomcat/webapps/manager]
02-May-2019 09:45:09.073 INFO [localhost-startStop-1] org.apache.jasper.servlet.TldScanner.scanJars At least one JAR was scanned for TLDs yet contained no TLDs. Enable debug logging for this logger for a complete list of JARs that were scanned but no TLDs were found in them. Skipping unneeded JARs during scanning can improve startup time and JSP compilation time.
02-May-2019 09:45:09.082 INFO [localhost-startStop-1] org.apache.catalina.startup.HostConfig.deployDirectory Deployment of web application directory [/opt/projects/tomcat/webapps/manager] has finished in [117] ms
02-May-2019 09:45:09.083 INFO [localhost-startStop-1] org.apache.catalina.startup.HostConfig.deployDirectory Deploying web application directory [/opt/projects/tomcat/webapps/babcock]
02-May-2019 09:45:10.198 WARNING [localhost-startStop-1] org.postgresql.core.v3.ConnectionFactoryImpl.log SQLException occurred while connecting to umisdb:5432
 org.postgresql.util.PSQLException: FATAL: role "babcock_admin" does not exist
	at org.postgresql.core.v3.QueryExecutorImpl.receiveErrorResponse(QueryExecutorImpl.java:2433)
	at org.postgresql.core.v3.QueryExecutorImpl.readStartupMessages(QueryExecutorImpl.java:2566)
	at org.postgresql.core.v3.QueryExecutorImpl.<init>(QueryExecutorImpl.java:131)
	at org.postgresql.core.v3.ConnectionFactoryImpl.openConnectionImpl(ConnectionFactoryImpl.java:210)
	at org.postgresql.core.ConnectionFactory.openConnection(ConnectionFactory.java:49)
	at org.postgresql.jdbc.PgConnection.<init>(PgConnection.java:195)
	at org.postgresql.Driver.makeConnection(Driver.java:452)
	at org.postgresql.Driver.connect(Driver.java:254)
	at org.apache.catalina.realm.JDBCRealm.open(JDBCRealm.java:670)
	at org.apache.catalina.realm.JDBCRealm.startInternal(JDBCRealm.java:733)
	at org.apache.catalina.util.LifecycleBase.start(LifecycleBase.java:150)
	at org.apache.catalina.core.StandardContext.startInternal(StandardContext.java:5155)
	at org.apache.catalina.util.LifecycleBase.start(LifecycleBase.java:150)
	at org.apache.catalina.core.ContainerBase.addChildInternal(ContainerBase.java:754)
	at org.apache.catalina.core.ContainerBase.addChild(ContainerBase.java:730)
	at org.apache.catalina.core.StandardHost.addChild(StandardHost.java:734)
	at org.apache.catalina.startup.HostConfig.deployDirectory(HostConfig.java:1140)
	at org.apache.catalina.startup.HostConfig$DeployDirectory.run(HostConfig.java:1875)
	at java.util.concurrent.Executors$RunnableAdapter.call(Executors.java:511)
	at java.util.concurrent.FutureTask.run(FutureTask.java:266)
	at java.util.concurrent.ThreadPoolExecutor.runWorker(ThreadPoolExecutor.java:1149)
	at java.util.concurrent.ThreadPoolExecutor$Worker.run(ThreadPoolExecutor.java:624)
	at java.lang.Thread.run(Thread.java:748)

02-May-2019 09:45:10.199 SEVERE [localhost-startStop-1] org.postgresql.Driver.connect Connection error: 
 org.postgresql.util.PSQLException: FATAL: role "babcock_admin" does not exist
	at org.postgresql.core.v3.QueryExecutorImpl.receiveErrorResponse(QueryExecutorImpl.java:2433)
	at org.postgresql.core.v3.QueryExecutorImpl.readStartupMessages(QueryExecutorImpl.java:2566)
	at org.postgresql.core.v3.QueryExecutorImpl.<init>(QueryExecutorImpl.java:131)
	at org.postgresql.core.v3.ConnectionFactoryImpl.openConnectionImpl(ConnectionFactoryImpl.java:210)
	at org.postgresql.core.ConnectionFactory.openConnection(ConnectionFactory.java:49)
	at org.postgresql.jdbc.PgConnection.<init>(PgConnection.java:195)
	at org.postgresql.Driver.makeConnection(Driver.java:452)
	at org.postgresql.Driver.connect(Driver.java:254)
	at org.apache.catalina.realm.JDBCRealm.open(JDBCRealm.java:670)
	at org.apache.catalina.realm.JDBCRealm.startInternal(JDBCRealm.java:733)
	at org.apache.catalina.util.LifecycleBase.start(LifecycleBase.java:150)
	at org.apache.catalina.core.StandardContext.startInternal(StandardContext.java:5155)
	at org.apache.catalina.util.LifecycleBase.start(LifecycleBase.java:150)
	at org.apache.catalina.core.ContainerBase.addChildInternal(ContainerBase.java:754)
	at org.apache.catalina.core.ContainerBase.addChild(ContainerBase.java:730)
	at org.apache.catalina.core.StandardHost.addChild(StandardHost.java:734)
	at org.apache.catalina.startup.HostConfig.deployDirectory(HostConfig.java:1140)
	at org.apache.catalina.startup.HostConfig$DeployDirectory.run(HostConfig.java:1875)
	at java.util.concurrent.Executors$RunnableAdapter.call(Executors.java:511)
	at java.util.concurrent.FutureTask.run(FutureTask.java:266)
	at java.util.concurrent.ThreadPoolExecutor.runWorker(ThreadPoolExecutor.java:1149)
	at java.util.concurrent.ThreadPoolExecutor$Worker.run(ThreadPoolExecutor.java:624)
	at java.lang.Thread.run(Thread.java:748)

02-May-2019 09:45:13.674 INFO [localhost-startStop-1] com.sun.xml.ws.transport.http.servlet.WSServletDelegate.<init> WSSERVLET14: JAX-WS servlet initializing
02-May-2019 09:45:13.731 INFO [localhost-startStop-1] org.apache.jasper.servlet.TldScanner.scanJars At least one JAR was scanned for TLDs yet contained no TLDs. Enable debug logging for this logger for a complete list of JARs that were scanned but no TLDs were found in them. Skipping unneeded JARs during scanning can improve startup time and JSP compilation time.
02-May-2019 09:45:13.734 INFO [localhost-startStop-1] com.sun.xml.ws.transport.http.servlet.WSServletContextListener.contextInitialized WSSERVLET12: JAX-WS context listener initializing
02-May-2019 09:45:13.734 INFO [localhost-startStop-1] com.sun.xml.ws.transport.http.servlet.WSServletContextListener.contextInitialized WSSERVLET12: JAX-WS context listener initializing
02-May-2019 09:45:13.779 WARNING [localhost-startStop-1] org.postgresql.core.v3.ConnectionFactoryImpl.log SQLException occurred while connecting to umisdb:5432
 org.postgresql.util.PSQLException: FATAL: role "babcock_admin" does not exist
	at org.postgresql.core.v3.QueryExecutorImpl.receiveErrorResponse(QueryExecutorImpl.java:2433)
	at org.postgresql.core.v3.QueryExecutorImpl.readStartupMessages(QueryExecutorImpl.java:2566)
	at org.postgresql.core.v3.QueryExecutorImpl.<init>(QueryExecutorImpl.java:131)
	at org.postgresql.core.v3.ConnectionFactoryImpl.openConnectionImpl(ConnectionFactoryImpl.java:210)
	at org.postgresql.core.ConnectionFactory.openConnection(ConnectionFactory.java:49)
	at org.postgresql.jdbc.PgConnection.<init>(PgConnection.java:195)
	at org.postgresql.Driver.makeConnection(Driver.java:452)
	at org.postgresql.Driver.connect(Driver.java:254)
	at org.apache.tomcat.dbcp.dbcp2.DriverConnectionFactory.createConnection(DriverConnectionFactory.java:53)
	at org.apache.tomcat.dbcp.dbcp2.PoolableConnectionFactory.makeObject(PoolableConnectionFactory.java:291)
	at org.apache.tomcat.dbcp.dbcp2.BasicDataSource.validateConnectionFactory(BasicDataSource.java:2395)
	at org.apache.tomcat.dbcp.dbcp2.BasicDataSource.createPoolableConnectionFactory(BasicDataSource.java:2381)
	at org.apache.tomcat.dbcp.dbcp2.BasicDataSource.createDataSource(BasicDataSource.java:2110)
	at org.apache.tomcat.dbcp.dbcp2.BasicDataSource.getConnection(BasicDataSource.java:1563)
	at org.baraza.DB.BDB.connectDB(BDB.java:100)
	at org.baraza.DB.BDB.<init>(BDB.java:92)
	at org.baraza.web.BWebRegister.init(BWebRegister.java:32)
	at org.apache.catalina.core.StandardWrapper.initServlet(StandardWrapper.java:1144)
	at org.apache.catalina.core.StandardWrapper.loadServlet(StandardWrapper.java:1091)
	at org.apache.catalina.core.StandardWrapper.load(StandardWrapper.java:983)
	at org.apache.catalina.core.StandardContext.loadOnStartup(StandardContext.java:4998)
	at org.apache.catalina.core.StandardContext.startInternal(StandardContext.java:5312)
	at org.apache.catalina.util.LifecycleBase.start(LifecycleBase.java:150)
	at org.apache.catalina.core.ContainerBase.addChildInternal(ContainerBase.java:754)
	at org.apache.catalina.core.ContainerBase.addChild(ContainerBase.java:730)
	at org.apache.catalina.core.StandardHost.addChild(StandardHost.java:734)
	at org.apache.catalina.startup.HostConfig.deployDirectory(HostConfig.java:1140)
	at org.apache.catalina.startup.HostConfig$DeployDirectory.run(HostConfig.java:1875)
	at java.util.concurrent.Executors$RunnableAdapter.call(Executors.java:511)
	at java.util.concurrent.FutureTask.run(FutureTask.java:266)
	at java.util.concurrent.ThreadPoolExecutor.runWorker(ThreadPoolExecutor.java:1149)
	at java.util.concurrent.ThreadPoolExecutor$Worker.run(ThreadPoolExecutor.java:624)
	at java.lang.Thread.run(Thread.java:748)

02-May-2019 09:45:13.780 SEVERE [localhost-startStop-1] org.postgresql.Driver.connect Connection error: 
 org.postgresql.util.PSQLException: FATAL: role "babcock_admin" does not exist
	at org.postgresql.core.v3.QueryExecutorImpl.receiveErrorResponse(QueryExecutorImpl.java:2433)
	at org.postgresql.core.v3.QueryExecutorImpl.readStartupMessages(QueryExecutorImpl.java:2566)
	at org.postgresql.core.v3.QueryExecutorImpl.<init>(QueryExecutorImpl.java:131)
	at org.postgresql.core.v3.ConnectionFactoryImpl.openConnectionImpl(ConnectionFactoryImpl.java:210)
	at org.postgresql.core.ConnectionFactory.openConnection(ConnectionFactory.java:49)
	at org.postgresql.jdbc.PgConnection.<init>(PgConnection.java:195)
	at org.postgresql.Driver.makeConnection(Driver.java:452)
	at org.postgresql.Driver.connect(Driver.java:254)
	at org.apache.tomcat.dbcp.dbcp2.DriverConnectionFactory.createConnection(DriverConnectionFactory.java:53)
	at org.apache.tomcat.dbcp.dbcp2.PoolableConnectionFactory.makeObject(PoolableConnectionFactory.java:291)
	at org.apache.tomcat.dbcp.dbcp2.BasicDataSource.validateConnectionFactory(BasicDataSource.java:2395)
	at org.apache.tomcat.dbcp.dbcp2.BasicDataSource.createPoolableConnectionFactory(BasicDataSource.java:2381)
	at org.apache.tomcat.dbcp.dbcp2.BasicDataSource.createDataSource(BasicDataSource.java:2110)
	at org.apache.tomcat.dbcp.dbcp2.BasicDataSource.getConnection(BasicDataSource.java:1563)
	at org.baraza.DB.BDB.connectDB(BDB.java:100)
	at org.baraza.DB.BDB.<init>(BDB.java:92)
	at org.baraza.web.BWebRegister.init(BWebRegister.java:32)
	at org.apache.catalina.core.StandardWrapper.initServlet(StandardWrapper.java:1144)
	at org.apache.catalina.core.StandardWrapper.loadServlet(StandardWrapper.java:1091)
	at org.apache.catalina.core.StandardWrapper.load(StandardWrapper.java:983)
	at org.apache.catalina.core.StandardContext.loadOnStartup(StandardContext.java:4998)
	at org.apache.catalina.core.StandardContext.startInternal(StandardContext.java:5312)
	at org.apache.catalina.util.LifecycleBase.start(LifecycleBase.java:150)
	at org.apache.catalina.core.ContainerBase.addChildInternal(ContainerBase.java:754)
	at org.apache.catalina.core.ContainerBase.addChild(ContainerBase.java:730)
	at org.apache.catalina.core.StandardHost.addChild(StandardHost.java:734)
	at org.apache.catalina.startup.HostConfig.deployDirectory(HostConfig.java:1140)
	at org.apache.catalina.startup.HostConfig$DeployDirectory.run(HostConfig.java:1875)
	at java.util.concurrent.Executors$RunnableAdapter.call(Executors.java:511)
	at java.util.concurrent.FutureTask.run(FutureTask.java:266)
	at java.util.concurrent.ThreadPoolExecutor.runWorker(ThreadPoolExecutor.java:1149)
	at java.util.concurrent.ThreadPoolExecutor$Worker.run(ThreadPoolExecutor.java:624)
	at java.lang.Thread.run(Thread.java:748)

02-May-2019 09:45:13.781 SEVERE [localhost-startStop-1] org.baraza.DB.BDB.connectDB Cannot connect to this database : java.sql.SQLException: Cannot create PoolableConnectionFactory (FATAL: role "babcock_admin" does not exist)
02-May-2019 09:45:13.789 INFO [localhost-startStop-1] org.apache.catalina.startup.HostConfig.deployDirectory Deployment of web application directory [/opt/projects/tomcat/webapps/babcock] has finished in [4,705] ms
02-May-2019 09:45:13.789 INFO [localhost-startStop-1] org.apache.catalina.startup.HostConfig.deployDirectory Deploying web application directory [/opt/projects/tomcat/webapps/host-manager]
02-May-2019 09:45:13.876 INFO [localhost-startStop-1] org.apache.jasper.servlet.TldScanner.scanJars At least one JAR was scanned for TLDs yet contained no TLDs. Enable debug logging for this logger for a complete list of JARs that were scanned but no TLDs were found in them. Skipping unneeded JARs during scanning can improve startup time and JSP compilation time.
02-May-2019 09:45:13.892 INFO [localhost-startStop-1] org.apache.catalina.startup.HostConfig.deployDirectory Deployment of web application directory [/opt/projects/tomcat/webapps/host-manager] has finished in [103] ms
02-May-2019 09:45:13.892 INFO [localhost-startStop-1] org.apache.catalina.startup.HostConfig.deployDirectory Deploying web application directory [/opt/projects/tomcat/webapps/docs]
02-May-2019 09:45:13.959 INFO [localhost-startStop-1] org.apache.jasper.servlet.TldScanner.scanJars At least one JAR was scanned for TLDs yet contained no TLDs. Enable debug logging for this logger for a complete list of JARs that were scanned but no TLDs were found in them. Skipping unneeded JARs during scanning can improve startup time and JSP compilation time.
02-May-2019 09:45:13.960 INFO [localhost-startStop-1] org.apache.catalina.startup.HostConfig.deployDirectory Deployment of web application directory [/opt/projects/tomcat/webapps/docs] has finished in [68] ms
02-May-2019 09:45:13.960 INFO [localhost-startStop-1] org.apache.catalina.startup.HostConfig.deployDirectory Deploying web application directory [/opt/projects/tomcat/webapps/ROOT]
02-May-2019 09:45:17.177 INFO [localhost-startStop-1] org.apache.jasper.servlet.TldScanner.scanJars At least one JAR was scanned for TLDs yet contained no TLDs. Enable debug logging for this logger for a complete list of JARs that were scanned but no TLDs were found in them. Skipping unneeded JARs during scanning can improve startup time and JSP compilation time.
02-May-2019 09:45:17.182 INFO [localhost-startStop-1] org.apache.catalina.startup.HostConfig.deployDirectory Deployment of web application directory [/opt/projects/tomcat/webapps/ROOT] has finished in [3,222] ms
02-May-2019 09:45:17.182 INFO [localhost-startStop-1] org.apache.catalina.startup.HostConfig.deployDirectory Deploying web application directory [/opt/projects/tomcat/webapps/aua]
02-May-2019 09:45:20.616 INFO [localhost-startStop-1] org.apache.jasper.servlet.TldScanner.scanJars At least one JAR was scanned for TLDs yet contained no TLDs. Enable debug logging for this logger for a complete list of JARs that were scanned but no TLDs were found in them. Skipping unneeded JARs during scanning can improve startup time and JSP compilation time.
02-May-2019 09:45:20.632 INFO [localhost-startStop-1] org.apache.catalina.startup.HostConfig.deployDirectory Deployment of web application directory [/opt/projects/tomcat/webapps/aua] has finished in [3,450] ms
02-May-2019 09:45:20.633 INFO [localhost-startStop-1] org.apache.catalina.startup.HostConfig.deployDirectory Deploying web application directory [/opt/projects/tomcat/webapps/repository]
02-May-2019 09:45:21.921 INFO [localhost-startStop-1] org.apache.jasper.servlet.TldScanner.scanJars At least one JAR was scanned for TLDs yet contained no TLDs. Enable debug logging for this logger for a complete list of JARs that were scanned but no TLDs were found in them. Skipping unneeded JARs during scanning can improve startup time and JSP compilation time.
02-May-2019 09:45:21.940 INFO [localhost-startStop-1] org.apache.catalina.startup.HostConfig.deployDirectory Deployment of web application directory [/opt/projects/tomcat/webapps/repository] has finished in [1,307] ms
02-May-2019 09:45:21.944 INFO [main] org.apache.coyote.AbstractProtocol.start Starting ProtocolHandler ["http-nio-8080"]
02-May-2019 09:45:21.961 INFO [main] org.apache.coyote.AbstractProtocol.start Starting ProtocolHandler ["ajp-nio-8009"]
02-May-2019 09:45:21.962 INFO [main] org.apache.catalina.startup.Catalina.start Server startup in 24090 ms
02-May-2019 10:19:50.748 SEVERE [http-nio-8080-exec-6] org.baraza.DB.BDB.executeFunction Database executeFunction error : org.postgresql.util.PSQLException: ERROR: function get_instructor_school(unknown) does not exist
  Hint: No function matches the given name and argument types. You might need to add explicit type casts.
  Position: 8
02-May-2019 10:19:50.749 SEVERE [http-nio-8080-exec-6] org.baraza.DB.BQuery.makeQuery Get Table read and Metadata Error : org.postgresql.util.PSQLException: ERROR: relation "qprimajorstudentview" does not exist
  Position: 76
02-May-2019 10:19:50.750 SEVERE [http-nio-8080-exec-6] org.baraza.DB.BQuery.makeQuery SQL SELECT studentid, studentname, sex, majorname, noapproval, qstudentid
FROM qprimajorstudentview
WHERE (schoolid = 'null')
ORDER BY qstudentid
02-May-2019 10:19:52.888 SEVERE [http-nio-8080-exec-1] org.baraza.DB.BDB.executeFunction Database executeFunction error : org.postgresql.util.PSQLException: ERROR: function get_instructor_school(unknown) does not exist
  Hint: No function matches the given name and argument types. You might need to add explicit type casts.
  Position: 8
02-May-2019 10:19:52.889 SEVERE [http-nio-8080-exec-1] org.baraza.DB.BQuery.makeQuery Get Table read and Metadata Error : org.postgresql.util.PSQLException: ERROR: relation "primajorstudentview" does not exist
  Position: 77
02-May-2019 10:19:52.889 SEVERE [http-nio-8080-exec-1] org.baraza.DB.BQuery.makeQuery SQL SELECT studentid, studentname, sex, majorname, studentdegreeid, org_id
FROM primajorstudentview
WHERE (org_id = '0') AND (schoolid = 'null')
ORDER BY studentdegreeid
02-May-2019 10:19:55.131 SEVERE [http-nio-8080-exec-3] org.baraza.DB.BDB.executeFunction Database executeFunction error : org.postgresql.util.PSQLException: ERROR: function get_instructor_school(unknown) does not exist
  Hint: No function matches the given name and argument types. You might need to add explicit type casts.
  Position: 8
02-May-2019 10:19:55.132 SEVERE [http-nio-8080-exec-3] org.baraza.DB.BQuery.makeQuery Get Table read and Metadata Error : org.postgresql.util.PSQLException: ERROR: relation "qcourseview" does not exist
  Position: 83
02-May-2019 10:19:55.132 SEVERE [http-nio-8080-exec-3] org.baraza.DB.BQuery.makeQuery SQL SELECT quarterid, courseid, coursetitle, classoption, credithours, qcourseid
FROM qcourseview
WHERE (submit_grades = true) AND (approved_grades = false) AND (department_head = true) AND (schoolid = 'null')
ORDER BY quarterid, courseid
02-May-2019 10:34:32.845 SEVERE [http-nio-8080-exec-1] org.baraza.DB.BDB.executeFunction Database executeFunction error : org.postgresql.util.PSQLException: ERROR: function get_instructor_school(unknown) does not exist
  Hint: No function matches the given name and argument types. You might need to add explicit type casts.
  Position: 8
02-May-2019 10:34:33.145 SEVERE [http-nio-8080-exec-1] org.baraza.DB.BQuery.makeQuery Get Table read and Metadata Error : org.postgresql.util.PSQLException: ERROR: column "department_head" does not exist
  Hint: Perhaps you meant to reference the column "vw_scourses.department_id".
  Position: 165
02-May-2019 10:34:33.145 SEVERE [http-nio-8080-exec-1] org.baraza.DB.BQuery.makeQuery SQL SELECT session_id, course_id, course_title, class_option, credit_hours, scourse_id
FROM vw_scourses
WHERE (submit_grades = true) AND (approved_grades = false) AND (department_head = true) AND (school_id = 'null')
ORDER BY session_id, courseid
02-May-2019 10:34:34.401 SEVERE [http-nio-8080-exec-10] org.baraza.DB.BDB.executeFunction Database executeFunction error : org.postgresql.util.PSQLException: ERROR: function get_instructor_school(unknown) does not exist
  Hint: No function matches the given name and argument types. You might need to add explicit type casts.
  Position: 8
02-May-2019 10:34:39.178 SEVERE [http-nio-8080-exec-2] org.baraza.DB.BDB.executeFunction Database executeFunction error : org.postgresql.util.PSQLException: ERROR: function get_instructor_school(unknown) does not exist
  Hint: No function matches the given name and argument types. You might need to add explicit type casts.
  Position: 8
02-May-2019 10:34:39.179 SEVERE [http-nio-8080-exec-2] org.baraza.DB.BQuery.makeQuery Get Table read and Metadata Error : org.postgresql.util.PSQLException: ERROR: relation "vw_primajor_students" does not exist
  Position: 91
02-May-2019 10:34:39.179 SEVERE [http-nio-8080-exec-2] org.baraza.DB.BQuery.makeQuery SQL SELECT student_id, student_name, sex, specialization_name, student_degree_id, org_id
FROM vw_primajor_students
WHERE (org_id = '0') AND (school_id = 'null')
ORDER BY student_degree_id
02-May-2019 10:35:02.064 SEVERE [http-nio-8080-exec-5] org.baraza.DB.BDB.executeFunction Database executeFunction error : org.postgresql.util.PSQLException: ERROR: function get_instructor_school(unknown) does not exist
  Hint: No function matches the given name and argument types. You might need to add explicit type casts.
  Position: 8
02-May-2019 10:35:02.065 SEVERE [http-nio-8080-exec-5] org.baraza.DB.BQuery.makeQuery Get Table read and Metadata Error : org.postgresql.util.PSQLException: ERROR: relation "vw_primajor_students" does not exist
  Position: 91
02-May-2019 10:35:02.065 SEVERE [http-nio-8080-exec-5] org.baraza.DB.BQuery.makeQuery SQL SELECT student_id, student_name, sex, specialization_name, student_degree_id, org_id
FROM vw_primajor_students
WHERE (org_id = '0') AND (school_id = 'null')
ORDER BY student_degree_id
02-May-2019 10:44:14.754 SEVERE [http-nio-8080-exec-8] org.baraza.DB.BDB.executeFunction Database executeFunction error : org.postgresql.util.PSQLException: ERROR: function get_instructor_school(unknown) does not exist
  Hint: No function matches the given name and argument types. You might need to add explicit type casts.
  Position: 8
02-May-2019 10:44:14.755 SEVERE [http-nio-8080-exec-8] org.baraza.DB.BQuery.makeQuery Get Table read and Metadata Error : org.postgresql.util.PSQLException: ERROR: relation "vw_primajor_students" does not exist
  Position: 91
02-May-2019 10:44:14.755 SEVERE [http-nio-8080-exec-8] org.baraza.DB.BQuery.makeQuery SQL SELECT student_id, student_name, sex, specialization_name, student_degree_id, org_id
FROM vw_primajor_students
WHERE (org_id = '0') AND (school_id = 'null')
ORDER BY student_degree_id
02-May-2019 10:44:59.194 SEVERE [http-nio-8080-exec-6] org.baraza.DB.BDB.executeFunction Database executeFunction error : org.postgresql.util.PSQLException: ERROR: function get_instructor_school(unknown) does not exist
  Hint: No function matches the given name and argument types. You might need to add explicit type casts.
  Position: 8
02-May-2019 10:44:59.195 SEVERE [http-nio-8080-exec-6] org.baraza.DB.BQuery.makeQuery Get Table read and Metadata Error : org.postgresql.util.PSQLException: ERROR: relation "vw_primajor_students" does not exist
  Position: 91
02-May-2019 10:44:59.195 SEVERE [http-nio-8080-exec-6] org.baraza.DB.BQuery.makeQuery SQL SELECT student_id, student_name, sex, specialization_name, student_degree_id, org_id
FROM vw_primajor_students
WHERE (org_id = '0') AND (school_id = 'null')
ORDER BY student_degree_id
02-May-2019 10:45:47.526 SEVERE [http-nio-8080-exec-10] org.baraza.DB.BDB.executeFunction Database executeFunction error : org.postgresql.util.PSQLException: ERROR: function get_instructor_school(unknown) does not exist
  Hint: No function matches the given name and argument types. You might need to add explicit type casts.
  Position: 8
02-May-2019 10:49:34.542 INFO [http-nio-8080-exec-5] org.baraza.reports.BWebReport.setParams Filter = filterid key = 306
02-May-2019 10:49:35.417 INFO [http-nio-8080-exec-5] org.baraza.reports.BWebReport.getReport entityid | 2014015
02-May-2019 10:49:42.384 INFO [http-nio-8080-exec-3] org.baraza.reports.BWebReport.setParams Filter = filterid key = 306
02-May-2019 10:49:42.455 INFO [http-nio-8080-exec-3] org.baraza.reports.BWebReport.getReport entityid | 2014015
02-May-2019 10:49:43.805 SEVERE [http-nio-8080-exec-3] net.sf.jasperreports.engine.fill.JRFillSubreport.prepare Fill 1: exception
 net.sf.jasperreports.engine.JRException: Error executing SQL statement for: coursecheckpass.
	at net.sf.jasperreports.engine.query.JRJdbcQueryExecuter.createDatasource(JRJdbcQueryExecuter.java:344)
	at net.sf.jasperreports.engine.fill.JRFillDataset.createQueryDatasource(JRFillDataset.java:1129)
	at net.sf.jasperreports.engine.fill.JRFillDataset.initDatasource(JRFillDataset.java:696)
	at net.sf.jasperreports.engine.fill.BaseReportFiller.setParameters(BaseReportFiller.java:437)
	at net.sf.jasperreports.engine.fill.JRBaseFiller.fill(JRBaseFiller.java:548)
	at net.sf.jasperreports.engine.fill.BaseReportFiller.fill(BaseReportFiller.java:396)
	at net.sf.jasperreports.engine.fill.JRFillSubreport.fillSubreport(JRFillSubreport.java:732)
	at net.sf.jasperreports.engine.fill.JRSubreportRunnable.run(JRSubreportRunnable.java:59)
	at net.sf.jasperreports.engine.fill.AbstractThreadSubreportRunner.run(AbstractThreadSubreportRunner.java:221)
	at java.util.concurrent.ThreadPoolExecutor.runWorker(ThreadPoolExecutor.java:1149)
	at java.util.concurrent.ThreadPoolExecutor$Worker.run(ThreadPoolExecutor.java:624)
	at java.lang.Thread.run(Thread.java:748)
Caused by: org.postgresql.util.PSQLException: ERROR: column "course_passed" does not exist
  Position: 69
	at org.postgresql.core.v3.QueryExecutorImpl.receiveErrorResponse(QueryExecutorImpl.java:2433)
	at org.postgresql.core.v3.QueryExecutorImpl.processResults(QueryExecutorImpl.java:2178)
	at org.postgresql.core.v3.QueryExecutorImpl.execute(QueryExecutorImpl.java:306)
	at org.postgresql.jdbc.PgStatement.executeInternal(PgStatement.java:441)
	at org.postgresql.jdbc.PgStatement.execute(PgStatement.java:365)
	at org.postgresql.jdbc.PgPreparedStatement.executeWithFlags(PgPreparedStatement.java:155)
	at org.postgresql.jdbc.PgPreparedStatement.executeQuery(PgPreparedStatement.java:118)
	at org.apache.tomcat.dbcp.dbcp2.DelegatingPreparedStatement.executeQuery(DelegatingPreparedStatement.java:107)
	at org.apache.tomcat.dbcp.dbcp2.DelegatingPreparedStatement.executeQuery(DelegatingPreparedStatement.java:107)
	at net.sf.jasperreports.engine.query.JRJdbcQueryExecuter.createDatasource(JRJdbcQueryExecuter.java:310)
	... 11 more

02-May-2019 11:03:41.571 INFO [http-nio-8080-exec-7] org.baraza.reports.BWebReport.setParams Filter = filterid key = 306
02-May-2019 11:03:41.571 INFO [http-nio-8080-exec-6] org.baraza.reports.BWebReport.setParams Filter = filterid key = 306
02-May-2019 11:03:41.736 INFO [http-nio-8080-exec-6] org.baraza.reports.BWebReport.getReport entityid | 2014015
02-May-2019 11:03:41.737 INFO [http-nio-8080-exec-7] org.baraza.reports.BWebReport.getReport entityid | 2014015
02-May-2019 11:07:41.706 INFO [http-nio-8080-exec-1] org.baraza.reports.BWebReport.setParams Filter = filterid key = 306
02-May-2019 11:07:41.764 INFO [http-nio-8080-exec-1] org.baraza.reports.BWebReport.getReport entityid | 2014015
02-May-2019 11:08:21.486 INFO [http-nio-8080-exec-2] org.baraza.reports.BWebReport.setParams Filter = filterid key = 1014
02-May-2019 11:08:21.489 INFO [http-nio-8080-exec-2] org.baraza.reports.BWebReport.getReport entityid | 2014015
02-May-2019 11:15:25.906 SEVERE [http-nio-8080-exec-5] org.baraza.DB.BQuery.makeQuery Get Table read and Metadata Error : org.postgresql.util.PSQLException: ERROR: column "department_head" does not exist
  Hint: Perhaps you meant to reference the column "vw_scourses.department_id".
  Position: 165
02-May-2019 11:15:26.108 SEVERE [http-nio-8080-exec-5] org.baraza.DB.BQuery.makeQuery SQL SELECT session_id, course_id, course_title, class_option, credit_hours, scourse_id
FROM vw_scourses
WHERE (submit_grades = true) AND (approved_grades = false) AND (department_head = true) AND (school_id = 'THSM')
ORDER BY session_id, courseid
02-May-2019 11:49:47.307 SEVERE [http-nio-8080-exec-8] org.baraza.DB.BQuery.makeQuery Get Table read and Metadata Error : org.postgresql.util.PSQLException: ERROR: column "courseid" does not exist
  Hint: Perhaps you meant to reference the column "vw_scourses.course_id".
  Position: 237
02-May-2019 11:49:47.307 SEVERE [http-nio-8080-exec-8] org.baraza.DB.BQuery.makeQuery SQL SELECT session_id, course_id, course_title, class_option, credit_hours, scourse_id
FROM vw_scourses
WHERE (submit_grades = true) AND (approved_grades = false) AND (lecturer_category_id = 3) AND (school_id = 'THSM')
ORDER BY session_id, courseid
02-May-2019 11:53:44.880 SEVERE [http-nio-8080-exec-11] org.baraza.DB.BQuery.makeQuery Get Table read and Metadata Error : org.postgresql.util.PSQLException: ERROR: column "classoption" does not exist
  Hint: Perhaps you meant to reference the column "vw_scourses.class_option".
  Position: 33
02-May-2019 11:53:44.880 SEVERE [http-nio-8080-exec-11] org.baraza.DB.BQuery.makeQuery SQL SELECT course_title, course_id, classoption, scourse_id, instructor_name
FROM vw_scourses
WHERE (scourse_id = '3')
ORDER BY scourse_id
02-May-2019 11:54:51.893 INFO [http-nio-8080-exec-5] org.baraza.reports.BWebReport.setParams Filter = filterid key = 3
02-May-2019 11:54:52.623 INFO [http-nio-8080-exec-5] org.baraza.reports.BWebReport.getReport entityid | 2014015
02-May-2019 11:55:36.306 INFO [http-nio-8080-exec-5] org.baraza.web.BWeb.setOperations SELECT upd_Approve_Grade('3', '2014015', '3') 
02-May-2019 12:11:14.426 INFO [http-nio-8080-exec-2] org.baraza.reports.BWebReport.setParams Filter = filterid key = 39
02-May-2019 12:11:14.675 INFO [http-nio-8080-exec-2] org.baraza.reports.BWebReport.getReport entityid | 2014015
02-May-2019 12:11:48.210 INFO [http-nio-8080-exec-11] org.baraza.reports.BWebReport.setParams Filter = filterid key = 39
02-May-2019 12:11:48.212 INFO [http-nio-8080-exec-11] org.baraza.reports.BWebReport.getReport entityid | 2014015
02-May-2019 12:11:54.272 INFO [http-nio-8080-exec-2] org.baraza.reports.BWebReport.setParams Filter = filterid key = 39
02-May-2019 12:11:54.273 INFO [http-nio-8080-exec-2] org.baraza.reports.BWebReport.getReport entityid | 2014015
02-May-2019 12:13:44.469 INFO [http-nio-8080-exec-11] org.baraza.reports.BWebReport.setParams Filter = school_id key = 39
02-May-2019 12:13:44.998 INFO [http-nio-8080-exec-11] org.baraza.reports.BWebReport.getReport entityid | 2014015
02-May-2019 12:14:37.540 INFO [http-nio-8080-exec-14] org.baraza.reports.BWebReport.setParams Filter = filterid key = 39
02-May-2019 12:14:37.545 INFO [http-nio-8080-exec-14] org.baraza.reports.BWebReport.getReport entityid | 2014015
02-May-2019 12:19:26.639 SEVERE [http-nio-8080-exec-8] org.baraza.DB.BQuery.makeQuery Get Table read and Metadata Error : org.postgresql.util.PSQLException: ERROR: relation "vw_sprimary_major_students" does not exist
  Position: 90
02-May-2019 12:19:26.639 SEVERE [http-nio-8080-exec-8] org.baraza.DB.BQuery.makeQuery SQL SELECT student_id, student_name, sex, specialization_name, no_approval, sstudent_id
FROM vw_sprimary_major_students
WHERE (school_id = 'THSM')
ORDER BY sstudent_id
02-May-2019 12:23:56.735 SEVERE [http-nio-8080-exec-15] org.baraza.DB.BQuery.makeQuery Get Table read and Metadata Error : org.postgresql.util.PSQLException: ERROR: column "cours_title" does not exist
  Hint: Perhaps you meant to reference the column "vw_scourses.course_title".
  Position: 31
02-May-2019 12:23:56.735 SEVERE [http-nio-8080-exec-15] org.baraza.DB.BQuery.makeQuery SQL SELECT session_id, course_id, cours_title, class_option, credit_hours, scourse_id
FROM vw_scourses
WHERE (session_id = 'LEAD2019.1') AND (submit_grades = true) OR (approved_grades = false) AND (lecturer_category_id = 3) AND (school_id = 'THSM')
ORDER BY session_id, course_id
02-May-2019 12:28:18.442 INFO [http-nio-8080-exec-15] org.baraza.web.BWeb.setOperations SELECT upd_Approve_Grade('3', '2014015', '3') 
02-May-2019 12:28:30.628 INFO [http-nio-8080-exec-2] org.baraza.reports.BWebReport.setParams Filter = filterid key = 3
02-May-2019 12:28:30.730 INFO [http-nio-8080-exec-2] org.baraza.reports.BWebReport.getReport entityid | 2014015
02-May-2019 12:32:42.151 INFO [http-nio-8080-exec-1] org.baraza.reports.BWebReport.setParams Filter = filterid key = 3
02-May-2019 12:32:42.154 INFO [http-nio-8080-exec-1] org.baraza.reports.BWebReport.getReport entityid | 2014015
02-May-2019 12:34:15.320 INFO [http-nio-8080-exec-7] org.baraza.reports.BWebReport.setParams Filter = filterid key = 3
02-May-2019 12:34:15.322 INFO [http-nio-8080-exec-7] org.baraza.reports.BWebReport.getReport entityid | 2014015
02-May-2019 12:41:36.336 INFO [http-nio-8080-exec-12] org.baraza.reports.BWebReport.setParams Filter = filterid key = 1
02-May-2019 12:41:36.452 INFO [http-nio-8080-exec-12] org.baraza.reports.BWebReport.getReport entityid | 2014015
02-May-2019 12:41:41.665 INFO [http-nio-8080-exec-8] org.baraza.reports.BWebReport.setParams Filter = filterid key = 1
02-May-2019 12:41:41.670 INFO [http-nio-8080-exec-8] org.baraza.reports.BWebReport.getReport entityid | 2014015
02-May-2019 13:13:53.175 SEVERE [http-nio-8080-exec-11] org.baraza.DB.BQuery.makeQuery Get Table read and Metadata Error : org.postgresql.util.PSQLException: ERROR: relation "vw_applicants" does not exist
  Position: 192
02-May-2019 13:13:53.175 SEVERE [http-nio-8080-exec-11] org.baraza.DB.BQuery.makeQuery SQL SELECT entity_id, applicant_name, applicant_email, applicant_phone, applicant_age, gender_name, sys_country_name, education_class_name, date_to, examination_taken, emp_experince, org_id
FROM vw_applicants
WHERE (org_id = '0')
ORDER BY entity_id
02-May-2019 14:17:10.412 SEVERE [http-nio-8080-exec-2] org.baraza.DB.BQuery.makeQuery Get Table read and Metadata Error : org.postgresql.util.PSQLException: ERROR: relation "applicants" does not exist
  Position: 237
02-May-2019 14:17:10.412 SEVERE [http-nio-8080-exec-2] org.baraza.DB.BQuery.makeQuery SQL SELECT person_title, surname, first_name, middle_name, identity_card, date_of_birth, gender, nationality, marital_status, language, applicant_email, applicant_phone, objective, Interests, field_of_study, details, entity_id, org_id
FROM applicants
WHERE (org_id = '0')
ORDER BY entity_id
02-May-2019 14:22:00.655 SEVERE [http-nio-8080-exec-14] org.baraza.DB.BQuery.makeQuery Get Table read and Metadata Error : org.postgresql.util.PSQLException: ERROR: relation "applicants" does not exist
  Position: 237
02-May-2019 14:22:00.655 SEVERE [http-nio-8080-exec-14] org.baraza.DB.BQuery.makeQuery SQL SELECT person_title, surname, first_name, middle_name, identity_card, date_of_birth, gender, nationality, marital_status, language, applicant_email, applicant_phone, objective, Interests, field_of_study, details, entity_id, org_id
FROM applicants
WHERE entity_id = null AND (org_id = '0')
ORDER BY entity_id
02-May-2019 14:22:33.848 SEVERE [http-nio-8080-exec-1] org.baraza.DB.BQuery.makeQuery Get Table read and Metadata Error : org.postgresql.util.PSQLException: ERROR: relation "applicants" does not exist
  Position: 237
02-May-2019 14:22:33.848 SEVERE [http-nio-8080-exec-1] org.baraza.DB.BQuery.makeQuery SQL SELECT person_title, surname, first_name, middle_name, identity_card, date_of_birth, gender, nationality, marital_status, language, applicant_email, applicant_phone, objective, Interests, field_of_study, details, entity_id, org_id
FROM applicants
WHERE (org_id = '0')
ORDER BY entity_id
02-May-2019 14:22:35.985 SEVERE [http-nio-8080-exec-12] org.baraza.DB.BQuery.makeQuery Get Table read and Metadata Error : org.postgresql.util.PSQLException: ERROR: relation "vw_applicants" does not exist
  Position: 192
02-May-2019 14:22:35.985 SEVERE [http-nio-8080-exec-12] org.baraza.DB.BQuery.makeQuery SQL SELECT entity_id, applicant_name, applicant_email, applicant_phone, applicant_age, gender_name, sys_country_name, education_class_name, date_to, examination_taken, emp_experince, org_id
FROM vw_applicants
WHERE (org_id = '0')
ORDER BY entity_id
02-May-2019 15:09:15.420 SEVERE [http-nio-8080-exec-8] org.baraza.DB.BQuery.makeQuery Get Table read and Metadata Error : org.postgresql.util.PSQLException: ERROR: column "org_id" does not exist
  Position: 127
02-May-2019 15:09:15.420 SEVERE [http-nio-8080-exec-8] org.baraza.DB.BQuery.makeQuery SQL SELECT education_class_name, date_from, date_to, name_of_school, examination_taken, grades_obtained, education_id, entity_id, org_id
FROM vw_education
WHERE (org_id = '0')
ORDER BY date_from desc
02-May-2019 15:10:40.986 SEVERE [http-nio-8080-exec-7] org.baraza.DB.BQuery.makeQuery Get Table read and Metadata Error : org.postgresql.util.PSQLException: ERROR: column "org_id" does not exist
  Position: 127
02-May-2019 15:10:40.986 SEVERE [http-nio-8080-exec-7] org.baraza.DB.BQuery.makeQuery SQL SELECT education_class_name, date_from, date_to, name_of_school, examination_taken, grades_obtained, education_id, entity_id, org_id
FROM vw_education
WHERE (org_id = '0')
ORDER BY date_from desc
02-May-2019 15:11:21.281 SEVERE [http-nio-8080-exec-11] org.baraza.DB.BQuery.makeQuery Get Table read and Metadata Error : org.postgresql.util.PSQLException: ERROR: column "org_id" does not exist
  Position: 127
02-May-2019 15:11:21.281 SEVERE [http-nio-8080-exec-11] org.baraza.DB.BQuery.makeQuery SQL SELECT education_class_name, date_from, date_to, name_of_school, examination_taken, grades_obtained, education_id, entity_id, org_id
FROM vw_education
WHERE (org_id = '0')
ORDER BY date_from desc
02-May-2019 15:11:22.779 SEVERE [http-nio-8080-exec-7] org.baraza.DB.BQuery.makeQuery Get Table read and Metadata Error : org.postgresql.util.PSQLException: ERROR: column "org_id" does not exist
  Position: 127
02-May-2019 15:11:22.779 SEVERE [http-nio-8080-exec-7] org.baraza.DB.BQuery.makeQuery SQL SELECT education_class_name, date_from, date_to, name_of_school, examination_taken, grades_obtained, education_id, entity_id, org_id
FROM vw_education
WHERE (org_id = '0')
ORDER BY date_from desc
02-May-2019 15:15:15.222 SEVERE [http-nio-8080-exec-11] org.baraza.DB.BQuery.saveNewRec Number format exception on field = entity_id : value = S2019029 : java.lang.NumberFormatException: For input string: "S2019029"
02-May-2019 15:20:17.650 SEVERE [http-nio-8080-exec-7] org.baraza.DB.BQuery.saveNewRec Number format exception on field = entity_id : value = S2019029 : java.lang.NumberFormatException: For input string: "S2019029"
02-May-2019 15:20:37.200 SEVERE [http-nio-8080-exec-11] org.baraza.DB.BQuery.saveNewRec Number format exception on field = entity_id : value = S2019029 : java.lang.NumberFormatException: For input string: "S2019029"
02-May-2019 15:24:24.209 SEVERE [http-nio-8080-exec-16] org.baraza.DB.BQuery.saveNewRec Number format exception on field = entity_id : value = S2019029 : java.lang.NumberFormatException: For input string: "S2019029"
02-May-2019 16:02:34.259 SEVERE [http-nio-8080-exec-12] org.baraza.DB.BQuery.saveNewRec Number format exception on field = entity_id : value = S2019029 : java.lang.NumberFormatException: For input string: "S2019029"
02-May-2019 16:02:49.057 SEVERE [http-nio-8080-exec-16] org.baraza.DB.BQuery.saveNewRec Number format exception on field = entity_id : value = S2019029 : java.lang.NumberFormatException: For input string: "S2019029"
02-May-2019 16:18:23.570 SEVERE [http-nio-8080-exec-12] org.baraza.DB.BQuery.saveNewRec Number format exception on field = entity_id : value = S2019029 : java.lang.NumberFormatException: For input string: "S2019029"
02-May-2019 16:18:47.101 SEVERE [http-nio-8080-exec-1] org.baraza.DB.BQuery.saveNewRec Number format exception on field = entity_id : value = S2019029 : java.lang.NumberFormatException: For input string: "S2019029"
02-May-2019 16:20:33.307 SEVERE [http-nio-8080-exec-12] org.baraza.DB.BQuery.saveNewRec Number format exception on field = entity_id : value = S2019029 : java.lang.NumberFormatException: For input string: "S2019029"
02-May-2019 16:26:39.593 SEVERE [http-nio-8080-exec-2] org.baraza.DB.BQuery.saveNewRec Number format exception on field = entity_id : value = S2019029 : java.lang.NumberFormatException: For input string: "S2019029"
02-May-2019 16:30:31.737 SEVERE [http-nio-8080-exec-7] org.baraza.DB.BQuery.saveNewRec Number format exception on field = entity_id : value = S2019029 : java.lang.NumberFormatException: For input string: "S2019029"
02-May-2019 16:30:48.613 SEVERE [http-nio-8080-exec-5] org.baraza.DB.BQuery.saveNewRec Number format exception on field = entity_id : value = S2019029 : java.lang.NumberFormatException: For input string: "S2019029"
02-May-2019 16:32:54.963 SEVERE [http-nio-8080-exec-14] org.baraza.DB.BQuery.makeQuery Get Table read and Metadata Error : org.postgresql.util.PSQLException: ERROR: invalid input syntax for integer: ""
  Position: 63
02-May-2019 16:32:54.963 SEVERE [http-nio-8080-exec-14] org.baraza.DB.BQuery.makeQuery SQL SELECT entity_id, entity_name FROM entitys WHERE (entity_id = '') ORDER BY entity_id
02-May-2019 16:32:56.475 SEVERE [http-nio-8080-exec-8] org.baraza.DB.BQuery.makeQuery Get Table read and Metadata Error : org.postgresql.util.PSQLException: ERROR: invalid input syntax for integer: ""
  Position: 63
02-May-2019 16:32:56.475 SEVERE [http-nio-8080-exec-8] org.baraza.DB.BQuery.makeQuery SQL SELECT entity_id, entity_name FROM entitys WHERE (entity_id = '') ORDER BY entity_id
02-May-2019 16:34:31.237 SEVERE [http-nio-8080-exec-11] org.baraza.DB.BQuery.makeQuery Get Table read and Metadata Error : org.postgresql.util.PSQLException: ERROR: invalid input syntax for integer: "S2019029"
  Position: 63
02-May-2019 16:34:31.237 SEVERE [http-nio-8080-exec-11] org.baraza.DB.BQuery.makeQuery SQL SELECT entity_id, entity_name FROM entitys WHERE (entity_id = 'S2019029') ORDER BY entity_id
02-May-2019 16:39:17.575 SEVERE [http-nio-8080-exec-16] org.baraza.DB.BQuery.saveNewRec The SQL Exeption on new record examination_taken : org.postgresql.util.PSQLException: ERROR: reached here
  Where: PL/pgSQL function upd_entity_id() line 5 at RAISE
02-May-2019 16:39:17.575 SEVERE [http-nio-8080-exec-16] org.baraza.DB.BQuery.saveNewRec The error code 0
02-May-2019 16:40:04.997 SEVERE [http-nio-8080-exec-14] org.baraza.DB.BQuery.saveNewRec The SQL Exeption on new record examination_taken : org.postgresql.util.PSQLException: ERROR: duplicate key value violates unique constraint "education_org_id_name_of_school_key"
  Detail: Key (org_id, name_of_school)=(0, Ngumo Boys) already exists.
02-May-2019 16:40:04.998 SEVERE [http-nio-8080-exec-14] org.baraza.DB.BQuery.saveNewRec The error code 0
02-May-2019 18:40:56.825 INFO [Thread-5] org.apache.coyote.AbstractProtocol.pause Pausing ProtocolHandler ["http-nio-8080"]
02-May-2019 18:40:59.293 INFO [Thread-5] org.apache.coyote.AbstractProtocol.pause Pausing ProtocolHandler ["ajp-nio-8009"]
02-May-2019 18:41:00.686 INFO [Thread-5] org.apache.catalina.core.StandardService.stopInternal Stopping service [Catalina]
02-May-2019 18:41:11.753 SEVERE [localhost-startStop-2] org.apache.catalina.loader.WebappClassLoaderBase.checkThreadLocalMapForLeaks The web application [aua] created a ThreadLocal with key of type [java.lang.ThreadLocal] (value [java.lang.ThreadLocal@3135463a]) and a value of type [java.lang.Class] (value [class qgradeviewinsturctor_1549445116931_640903]) but failed to remove it when the web application was stopped. Threads are going to be renewed over time to try and avoid a probable memory leak.
02-May-2019 18:41:11.809 SEVERE [localhost-startStop-2] org.apache.catalina.loader.WebappClassLoaderBase.checkThreadLocalMapForLeaks The web application [aua] created a ThreadLocal with key of type [java.lang.ThreadLocal] (value [java.lang.ThreadLocal@3135463a]) and a value of type [java.lang.Class] (value [class qgradeviewinsturctor_1549445116931_640903]) but failed to remove it when the web application was stopped. Threads are going to be renewed over time to try and avoid a probable memory leak.
02-May-2019 18:41:11.868 SEVERE [localhost-startStop-2] org.apache.catalina.loader.WebappClassLoaderBase.checkThreadLocalMapForLeaks The web application [aua] created a ThreadLocal with key of type [java.lang.ThreadLocal] (value [java.lang.ThreadLocal@3135463a]) and a value of type [java.lang.Class] (value [class qgradeviewinsturctor_1549445116931_640903]) but failed to remove it when the web application was stopped. Threads are going to be renewed over time to try and avoid a probable memory leak.
02-May-2019 18:41:11.869 SEVERE [localhost-startStop-2] org.apache.catalina.loader.WebappClassLoaderBase.checkThreadLocalMapForLeaks The web application [aua] created a ThreadLocal with key of type [java.lang.ThreadLocal] (value [java.lang.ThreadLocal@3135463a]) and a value of type [java.lang.Class] (value [class qgradeviewinsturctor_1549445116931_640903]) but failed to remove it when the web application was stopped. Threads are going to be renewed over time to try and avoid a probable memory leak.
02-May-2019 18:41:11.884 SEVERE [localhost-startStop-2] org.apache.catalina.loader.WebappClassLoaderBase.checkThreadLocalMapForLeaks The web application [aua] created a ThreadLocal with key of type [java.lang.ThreadLocal] (value [java.lang.ThreadLocal@3135463a]) and a value of type [java.lang.Class] (value [class qgradeviewc_1541064825138_175221]) but failed to remove it when the web application was stopped. Threads are going to be renewed over time to try and avoid a probable memory leak.
02-May-2019 18:41:11.885 SEVERE [localhost-startStop-2] org.apache.catalina.loader.WebappClassLoaderBase.checkThreadLocalMapForLeaks The web application [aua] created a ThreadLocal with key of type [java.lang.ThreadLocal] (value [java.lang.ThreadLocal@3135463a]) and a value of type [java.lang.Class] (value [class qgradeviewc_1541064825138_175221]) but failed to remove it when the web application was stopped. Threads are going to be renewed over time to try and avoid a probable memory leak.
02-May-2019 18:41:11.886 SEVERE [localhost-startStop-2] org.apache.catalina.loader.WebappClassLoaderBase.checkThreadLocalMapForLeaks The web application [aua] created a ThreadLocal with key of type [java.lang.ThreadLocal] (value [java.lang.ThreadLocal@3135463a]) and a value of type [java.lang.Class] (value [class qgradeviewinsturctor_1549445116931_640903]) but failed to remove it when the web application was stopped. Threads are going to be renewed over time to try and avoid a probable memory leak.
02-May-2019 18:41:11.886 SEVERE [localhost-startStop-2] org.apache.catalina.loader.WebappClassLoaderBase.checkThreadLocalMapForLeaks The web application [aua] created a ThreadLocal with key of type [java.lang.ThreadLocal] (value [java.lang.ThreadLocal@3135463a]) and a value of type [java.lang.Class] (value [class qgradeviewinsturctor_1549445116931_640903]) but failed to remove it when the web application was stopped. Threads are going to be renewed over time to try and avoid a probable memory leak.
02-May-2019 18:41:12.653 INFO [localhost-startStop-2] com.sun.xml.ws.transport.http.servlet.WSServletDelegate.destroy WSSERVLET15: JAX-WS servlet destroyed
02-May-2019 18:41:13.219 INFO [localhost-startStop-2] com.sun.xml.ws.transport.http.servlet.WSServletContextListener.contextDestroyed WSSERVLET13: JAX-WS context listener destroyed
02-May-2019 18:41:13.220 INFO [localhost-startStop-2] com.sun.xml.ws.transport.http.servlet.WSServletContextListener.contextDestroyed WSSERVLET13: JAX-WS context listener destroyed
02-May-2019 18:41:14.134 INFO [Thread-5] org.apache.coyote.AbstractProtocol.stop Stopping ProtocolHandler ["http-nio-8080"]
02-May-2019 18:41:14.445 INFO [Thread-5] org.apache.coyote.AbstractProtocol.stop Stopping ProtocolHandler ["ajp-nio-8009"]
02-May-2019 18:41:14.997 INFO [Thread-5] org.apache.coyote.AbstractProtocol.destroy Destroying ProtocolHandler ["http-nio-8080"]
02-May-2019 18:41:15.112 INFO [Thread-5] org.apache.coyote.AbstractProtocol.destroy Destroying ProtocolHandler ["ajp-nio-8009"]
