12-Feb-2019 11:46:40.526 INFO [http-nio-80-exec-1] org.baraza.reports.BWebReport.setParams Filter = filterid key = 1487
12-Feb-2019 11:46:40.537 INFO [http-nio-80-exec-1] org.baraza.reports.BWebReport.getReport entityid | 0
12-Feb-2019 11:46:48.972 INFO [http-nio-80-exec-1] org.baraza.reports.BWebReport.setParams Filter = filterid key = 1487
12-Feb-2019 11:46:48.983 INFO [http-nio-80-exec-1] org.baraza.reports.BWebReport.getReport entityid | 0
12-Feb-2019 11:47:30.109 INFO [http-nio-80-exec-2] org.baraza.reports.BWebReport.setParams Filter = filterid key = 1433
12-Feb-2019 11:47:30.116 INFO [http-nio-80-exec-2] org.baraza.reports.BWebReport.getReport entityid | 0
12-Feb-2019 11:47:34.998 INFO [http-nio-80-exec-10] org.baraza.reports.BWebReport.setParams Filter = filterid key = 1433
12-Feb-2019 11:47:36.250 INFO [http-nio-80-exec-10] org.baraza.reports.BWebReport.getReport entityid | 0
12-Feb-2019 11:47:41.229 INFO [http-nio-80-exec-5] org.baraza.reports.BWebReport.setParams Filter = filterid key = 1433
12-Feb-2019 11:47:41.235 INFO [http-nio-80-exec-5] org.baraza.reports.BWebReport.getReport entityid | 0
12-Feb-2019 11:47:46.262 INFO [http-nio-80-exec-7] org.baraza.reports.BWebReport.setParams Filter = filterid key = 1433
12-Feb-2019 11:47:46.265 INFO [http-nio-80-exec-7] org.baraza.reports.BWebReport.getReport entityid | 0
12-Feb-2019 11:48:00.245 INFO [http-nio-80-exec-3] org.baraza.reports.BWebReport.setParams Filter = filterid key = 1456
12-Feb-2019 11:48:00.251 INFO [http-nio-80-exec-3] org.baraza.reports.BWebReport.getReport entityid | 0
12-Feb-2019 11:49:17.836 INFO [http-nio-80-exec-2] org.baraza.reports.BWebReport.setParams Filter = filterid key = 1456
12-Feb-2019 11:49:17.842 INFO [http-nio-80-exec-2] org.baraza.reports.BWebReport.getReport entityid | 0
12-Feb-2019 11:49:25.800 INFO [http-nio-80-exec-1] org.baraza.reports.BWebReport.setParams Filter = filterid key = 1456
12-Feb-2019 11:49:25.807 INFO [http-nio-80-exec-1] org.baraza.reports.BWebReport.getReport entityid | 0
12-Feb-2019 11:49:56.295 INFO [http-nio-80-exec-10] org.baraza.reports.BWebReport.setParams Filter = filterid key = 5
12-Feb-2019 11:49:56.306 INFO [http-nio-80-exec-10] org.baraza.reports.BWebReport.getReport entityid | 0
12-Feb-2019 11:50:10.437 INFO [http-nio-80-exec-3] org.baraza.reports.BWebReport.setParams Filter = filterid key = 5
12-Feb-2019 11:50:10.447 INFO [http-nio-80-exec-3] org.baraza.reports.BWebReport.getReport entityid | 0
12-Feb-2019 15:33:08.772 INFO [http-nio-80-exec-4] org.apache.coyote.http11.Http11Processor.service Error parsing HTTP request header
 Note: further occurrences of HTTP header parsing errors will be logged at DEBUG level.
 java.lang.IllegalArgumentException: Invalid character found in method name. HTTP method names must be tokens
	at org.apache.coyote.http11.Http11InputBuffer.parseRequestLine(Http11InputBuffer.java:428)
	at org.apache.coyote.http11.Http11Processor.service(Http11Processor.java:684)
	at org.apache.coyote.AbstractProcessorLight.process(AbstractProcessorLight.java:66)
	at org.apache.coyote.AbstractProtocol$ConnectionHandler.process(AbstractProtocol.java:806)
	at org.apache.tomcat.util.net.NioEndpoint$SocketProcessor.doRun(NioEndpoint.java:1498)
	at org.apache.tomcat.util.net.SocketProcessorBase.run(SocketProcessorBase.java:49)
	at java.util.concurrent.ThreadPoolExecutor.runWorker(ThreadPoolExecutor.java:1149)
	at java.util.concurrent.ThreadPoolExecutor$Worker.run(ThreadPoolExecutor.java:624)
	at org.apache.tomcat.util.threads.TaskThread$WrappingRunnable.run(TaskThread.java:61)
	at java.lang.Thread.run(Thread.java:748)

