25-Jun-2019 08:34:03.261 INFO [main] org.apache.catalina.startup.VersionLoggerListener.log Server version:        Apache Tomcat/8.5.37
25-Jun-2019 08:34:03.263 INFO [main] org.apache.catalina.startup.VersionLoggerListener.log Server built:          Dec 12 2018 12:07:02 UTC
25-Jun-2019 08:34:03.263 INFO [main] org.apache.catalina.startup.VersionLoggerListener.log Server number:         8.5.37.0
25-Jun-2019 08:34:03.263 INFO [main] org.apache.catalina.startup.VersionLoggerListener.log OS Name:               Linux
25-Jun-2019 08:34:03.263 INFO [main] org.apache.catalina.startup.VersionLoggerListener.log OS Version:            4.15.0-52-generic
25-Jun-2019 08:34:03.263 INFO [main] org.apache.catalina.startup.VersionLoggerListener.log Architecture:          amd64
25-Jun-2019 08:34:03.263 INFO [main] org.apache.catalina.startup.VersionLoggerListener.log Java Home:             /usr/lib/jvm/java-8-openjdk-amd64/jre
25-Jun-2019 08:34:03.263 INFO [main] org.apache.catalina.startup.VersionLoggerListener.log JVM Version:           1.8.0_212-8u212-b03-0ubuntu1.18.04.1-b03
25-Jun-2019 08:34:03.263 INFO [main] org.apache.catalina.startup.VersionLoggerListener.log JVM Vendor:            Oracle Corporation
25-Jun-2019 08:34:03.263 INFO [main] org.apache.catalina.startup.VersionLoggerListener.log CATALINA_BASE:         /opt/projects/tomcat
25-Jun-2019 08:34:03.263 INFO [main] org.apache.catalina.startup.VersionLoggerListener.log CATALINA_HOME:         /opt/projects/tomcat
25-Jun-2019 08:34:03.264 INFO [main] org.apache.catalina.startup.VersionLoggerListener.log Command line argument: -Djava.util.logging.config.file=/opt/projects/tomcat/conf/logging.properties
25-Jun-2019 08:34:03.264 INFO [main] org.apache.catalina.startup.VersionLoggerListener.log Command line argument: -Djava.util.logging.manager=org.apache.juli.ClassLoaderLogManager
25-Jun-2019 08:34:03.264 INFO [main] org.apache.catalina.startup.VersionLoggerListener.log Command line argument: -Djdk.tls.ephemeralDHKeySize=2048
25-Jun-2019 08:34:03.264 INFO [main] org.apache.catalina.startup.VersionLoggerListener.log Command line argument: -Djava.protocol.handler.pkgs=org.apache.catalina.webresources
25-Jun-2019 08:34:03.264 INFO [main] org.apache.catalina.startup.VersionLoggerListener.log Command line argument: -Dorg.apache.catalina.security.SecurityListener.UMASK=0027
25-Jun-2019 08:34:03.264 INFO [main] org.apache.catalina.startup.VersionLoggerListener.log Command line argument: -Dignore.endorsed.dirs=
25-Jun-2019 08:34:03.264 INFO [main] org.apache.catalina.startup.VersionLoggerListener.log Command line argument: -Dcatalina.base=/opt/projects/tomcat
25-Jun-2019 08:34:03.264 INFO [main] org.apache.catalina.startup.VersionLoggerListener.log Command line argument: -Dcatalina.home=/opt/projects/tomcat
25-Jun-2019 08:34:03.264 INFO [main] org.apache.catalina.startup.VersionLoggerListener.log Command line argument: -Djava.io.tmpdir=/opt/projects/tomcat/temp
25-Jun-2019 08:34:03.265 INFO [main] org.apache.catalina.core.AprLifecycleListener.lifecycleEvent The APR based Apache Tomcat Native library which allows optimal performance in production environments was not found on the java.library.path: [/usr/java/packages/lib/amd64:/usr/lib/x86_64-linux-gnu/jni:/lib/x86_64-linux-gnu:/usr/lib/x86_64-linux-gnu:/usr/lib/jni:/lib:/usr/lib]
25-Jun-2019 08:34:03.596 INFO [main] org.apache.coyote.AbstractProtocol.init Initializing ProtocolHandler ["http-nio-8080"]
25-Jun-2019 08:34:03.606 INFO [main] org.apache.tomcat.util.net.NioSelectorPool.getSharedSelector Using a shared selector for servlet write/read
25-Jun-2019 08:34:03.618 INFO [main] org.apache.coyote.AbstractProtocol.init Initializing ProtocolHandler ["ajp-nio-8009"]
25-Jun-2019 08:34:03.619 INFO [main] org.apache.tomcat.util.net.NioSelectorPool.getSharedSelector Using a shared selector for servlet write/read
25-Jun-2019 08:34:03.619 INFO [main] org.apache.catalina.startup.Catalina.load Initialization processed in 1400 ms
25-Jun-2019 08:34:03.676 INFO [main] org.apache.catalina.core.StandardService.startInternal Starting service [Catalina]
25-Jun-2019 08:34:03.676 INFO [main] org.apache.catalina.core.StandardEngine.startInternal Starting Servlet Engine: Apache Tomcat/8.5.37
25-Jun-2019 08:34:03.741 INFO [localhost-startStop-1] org.apache.catalina.startup.HostConfig.deployDirectory Deploying web application directory [/opt/projects/tomcat/webapps/umis]
25-Jun-2019 08:34:03.980 SEVERE [localhost-startStop-1] org.apache.tomcat.util.digester.Digester.startElement Begin event threw exception
 java.lang.ClassNotFoundException: org.baraza.server.tomcat.BJDBCRealm
	at java.net.URLClassLoader.findClass(URLClassLoader.java:382)
	at java.lang.ClassLoader.loadClass(ClassLoader.java:424)
	at java.lang.ClassLoader.loadClass(ClassLoader.java:357)
	at org.apache.tomcat.util.digester.ObjectCreateRule.begin(ObjectCreateRule.java:116)
	at org.apache.tomcat.util.digester.Digester.startElement(Digester.java:1250)
	at com.sun.org.apache.xerces.internal.parsers.AbstractSAXParser.startElement(AbstractSAXParser.java:509)
	at com.sun.org.apache.xerces.internal.impl.XMLDocumentFragmentScannerImpl.scanStartElement(XMLDocumentFragmentScannerImpl.java:1359)
	at com.sun.org.apache.xerces.internal.impl.XMLDocumentFragmentScannerImpl$FragmentContentDriver.next(XMLDocumentFragmentScannerImpl.java:2784)
	at com.sun.org.apache.xerces.internal.impl.XMLDocumentScannerImpl.next(XMLDocumentScannerImpl.java:602)
	at com.sun.org.apache.xerces.internal.impl.XMLDocumentFragmentScannerImpl.scanDocument(XMLDocumentFragmentScannerImpl.java:505)
	at com.sun.org.apache.xerces.internal.parsers.XML11Configuration.parse(XML11Configuration.java:842)
	at com.sun.org.apache.xerces.internal.parsers.XML11Configuration.parse(XML11Configuration.java:771)
	at com.sun.org.apache.xerces.internal.parsers.XMLParser.parse(XMLParser.java:141)
	at com.sun.org.apache.xerces.internal.parsers.AbstractSAXParser.parse(AbstractSAXParser.java:1213)
	at com.sun.org.apache.xerces.internal.jaxp.SAXParserImpl$JAXPSAXParser.parse(SAXParserImpl.java:643)
	at org.apache.tomcat.util.digester.Digester.parse(Digester.java:1518)
	at org.apache.catalina.startup.ContextConfig.processContextConfig(ContextConfig.java:531)
	at org.apache.catalina.startup.ContextConfig.contextConfig(ContextConfig.java:488)
	at org.apache.catalina.startup.ContextConfig.init(ContextConfig.java:732)
	at org.apache.catalina.startup.ContextConfig.lifecycleEvent(ContextConfig.java:310)
	at org.apache.catalina.util.LifecycleBase.fireLifecycleEvent(LifecycleBase.java:94)
	at org.apache.catalina.util.LifecycleBase.setStateInternal(LifecycleBase.java:395)
	at org.apache.catalina.util.LifecycleBase.init(LifecycleBase.java:108)
	at org.apache.catalina.util.LifecycleBase.start(LifecycleBase.java:140)
	at org.apache.catalina.core.ContainerBase.addChildInternal(ContainerBase.java:754)
	at org.apache.catalina.core.ContainerBase.addChild(ContainerBase.java:730)
	at org.apache.catalina.core.StandardHost.addChild(StandardHost.java:734)
	at org.apache.catalina.startup.HostConfig.deployDirectory(HostConfig.java:1140)
	at org.apache.catalina.startup.HostConfig$DeployDirectory.run(HostConfig.java:1875)
	at java.util.concurrent.Executors$RunnableAdapter.call(Executors.java:511)
	at java.util.concurrent.FutureTask.run(FutureTask.java:266)
	at java.util.concurrent.ThreadPoolExecutor.runWorker(ThreadPoolExecutor.java:1149)
	at java.util.concurrent.ThreadPoolExecutor$Worker.run(ThreadPoolExecutor.java:624)
	at java.lang.Thread.run(Thread.java:748)

25-Jun-2019 08:34:03.990 SEVERE [localhost-startStop-1] org.apache.catalina.startup.ContextConfig.processContextConfig Parse error in context.xml for [/umis]
 org.xml.sax.SAXParseException; systemId: file:/opt/projects/tomcat/webapps/umis/META-INF/context.xml; lineNumber: 10; columnNumber: 82; Error at (10, 82) : org.baraza.server.tomcat.BJDBCRealm
	at org.apache.tomcat.util.digester.Digester.createSAXException(Digester.java:1968)
	at org.apache.tomcat.util.digester.Digester.createSAXException(Digester.java:2000)
	at org.apache.tomcat.util.digester.Digester.startElement(Digester.java:1253)
	at com.sun.org.apache.xerces.internal.parsers.AbstractSAXParser.startElement(AbstractSAXParser.java:509)
	at com.sun.org.apache.xerces.internal.impl.XMLDocumentFragmentScannerImpl.scanStartElement(XMLDocumentFragmentScannerImpl.java:1359)
	at com.sun.org.apache.xerces.internal.impl.XMLDocumentFragmentScannerImpl$FragmentContentDriver.next(XMLDocumentFragmentScannerImpl.java:2784)
	at com.sun.org.apache.xerces.internal.impl.XMLDocumentScannerImpl.next(XMLDocumentScannerImpl.java:602)
	at com.sun.org.apache.xerces.internal.impl.XMLDocumentFragmentScannerImpl.scanDocument(XMLDocumentFragmentScannerImpl.java:505)
	at com.sun.org.apache.xerces.internal.parsers.XML11Configuration.parse(XML11Configuration.java:842)
	at com.sun.org.apache.xerces.internal.parsers.XML11Configuration.parse(XML11Configuration.java:771)
	at com.sun.org.apache.xerces.internal.parsers.XMLParser.parse(XMLParser.java:141)
	at com.sun.org.apache.xerces.internal.parsers.AbstractSAXParser.parse(AbstractSAXParser.java:1213)
	at com.sun.org.apache.xerces.internal.jaxp.SAXParserImpl$JAXPSAXParser.parse(SAXParserImpl.java:643)
	at org.apache.tomcat.util.digester.Digester.parse(Digester.java:1518)
	at org.apache.catalina.startup.ContextConfig.processContextConfig(ContextConfig.java:531)
	at org.apache.catalina.startup.ContextConfig.contextConfig(ContextConfig.java:488)
	at org.apache.catalina.startup.ContextConfig.init(ContextConfig.java:732)
	at org.apache.catalina.startup.ContextConfig.lifecycleEvent(ContextConfig.java:310)
	at org.apache.catalina.util.LifecycleBase.fireLifecycleEvent(LifecycleBase.java:94)
	at org.apache.catalina.util.LifecycleBase.setStateInternal(LifecycleBase.java:395)
	at org.apache.catalina.util.LifecycleBase.init(LifecycleBase.java:108)
	at org.apache.catalina.util.LifecycleBase.start(LifecycleBase.java:140)
	at org.apache.catalina.core.ContainerBase.addChildInternal(ContainerBase.java:754)
	at org.apache.catalina.core.ContainerBase.addChild(ContainerBase.java:730)
	at org.apache.catalina.core.StandardHost.addChild(StandardHost.java:734)
	at org.apache.catalina.startup.HostConfig.deployDirectory(HostConfig.java:1140)
	at org.apache.catalina.startup.HostConfig$DeployDirectory.run(HostConfig.java:1875)
	at java.util.concurrent.Executors$RunnableAdapter.call(Executors.java:511)
	at java.util.concurrent.FutureTask.run(FutureTask.java:266)
	at java.util.concurrent.ThreadPoolExecutor.runWorker(ThreadPoolExecutor.java:1149)
	at java.util.concurrent.ThreadPoolExecutor$Worker.run(ThreadPoolExecutor.java:624)
	at java.lang.Thread.run(Thread.java:748)
Caused by: java.lang.ClassNotFoundException: org.baraza.server.tomcat.BJDBCRealm
	at java.net.URLClassLoader.findClass(URLClassLoader.java:382)
	at java.lang.ClassLoader.loadClass(ClassLoader.java:424)
	at java.lang.ClassLoader.loadClass(ClassLoader.java:357)
	at org.apache.tomcat.util.digester.ObjectCreateRule.begin(ObjectCreateRule.java:116)
	at org.apache.tomcat.util.digester.Digester.startElement(Digester.java:1250)
	... 29 more

25-Jun-2019 08:34:03.997 SEVERE [localhost-startStop-1] org.apache.catalina.startup.ContextConfig.processContextConfig Occurred at line [10] column [82]
25-Jun-2019 08:34:05.555 SEVERE [localhost-startStop-1] org.apache.catalina.startup.ContextConfig.configureStart Marking this application unavailable due to previous error(s)
25-Jun-2019 08:34:05.561 SEVERE [localhost-startStop-1] org.apache.catalina.core.StandardContext.startInternal One or more components marked the context as not correctly configured
25-Jun-2019 08:34:05.637 SEVERE [localhost-startStop-1] org.apache.catalina.core.StandardContext.startInternal Context [/umis] startup failed due to previous errors
25-Jun-2019 08:34:05.729 INFO [localhost-startStop-1] org.apache.catalina.startup.HostConfig.deployDirectory Deployment of web application directory [/opt/projects/tomcat/webapps/umis] has finished in [1,986] ms
25-Jun-2019 08:34:05.730 INFO [localhost-startStop-1] org.apache.catalina.startup.HostConfig.deployDirectory Deploying web application directory [/opt/projects/tomcat/webapps/examples]
25-Jun-2019 08:34:06.346 INFO [localhost-startStop-1] org.apache.jasper.servlet.TldScanner.scanJars At least one JAR was scanned for TLDs yet contained no TLDs. Enable debug logging for this logger for a complete list of JARs that were scanned but no TLDs were found in them. Skipping unneeded JARs during scanning can improve startup time and JSP compilation time.
25-Jun-2019 08:34:06.394 INFO [localhost-startStop-1] org.apache.catalina.startup.HostConfig.deployDirectory Deployment of web application directory [/opt/projects/tomcat/webapps/examples] has finished in [664] ms
25-Jun-2019 08:34:06.394 INFO [localhost-startStop-1] org.apache.catalina.startup.HostConfig.deployDirectory Deploying web application directory [/opt/projects/tomcat/webapps/ueab]
25-Jun-2019 08:34:19.464 INFO [localhost-startStop-1] org.apache.jasper.servlet.TldScanner.scanJars At least one JAR was scanned for TLDs yet contained no TLDs. Enable debug logging for this logger for a complete list of JARs that were scanned but no TLDs were found in them. Skipping unneeded JARs during scanning can improve startup time and JSP compilation time.
25-Jun-2019 08:34:23.385 INFO [localhost-startStop-1] org.apache.catalina.startup.HostConfig.deployDirectory Deployment of web application directory [/opt/projects/tomcat/webapps/ueab] has finished in [16,991] ms
25-Jun-2019 08:34:23.386 INFO [localhost-startStop-1] org.apache.catalina.startup.HostConfig.deployDirectory Deploying web application directory [/opt/projects/tomcat/webapps/manager]
25-Jun-2019 08:34:23.789 INFO [localhost-startStop-1] org.apache.jasper.servlet.TldScanner.scanJars At least one JAR was scanned for TLDs yet contained no TLDs. Enable debug logging for this logger for a complete list of JARs that were scanned but no TLDs were found in them. Skipping unneeded JARs during scanning can improve startup time and JSP compilation time.
25-Jun-2019 08:34:23.808 INFO [localhost-startStop-1] org.apache.catalina.startup.HostConfig.deployDirectory Deployment of web application directory [/opt/projects/tomcat/webapps/manager] has finished in [422] ms
25-Jun-2019 08:34:23.809 INFO [localhost-startStop-1] org.apache.catalina.startup.HostConfig.deployDirectory Deploying web application directory [/opt/projects/tomcat/webapps/babcock]
25-Jun-2019 08:35:15.133 INFO [localhost-startStop-1] com.sun.xml.ws.transport.http.servlet.WSServletDelegate.<init> WSSERVLET14: JAX-WS servlet initializing
25-Jun-2019 08:35:16.964 INFO [localhost-startStop-1] org.apache.jasper.servlet.TldScanner.scanJars At least one JAR was scanned for TLDs yet contained no TLDs. Enable debug logging for this logger for a complete list of JARs that were scanned but no TLDs were found in them. Skipping unneeded JARs during scanning can improve startup time and JSP compilation time.
25-Jun-2019 08:35:16.970 INFO [localhost-startStop-1] com.sun.xml.ws.transport.http.servlet.WSServletContextListener.contextInitialized WSSERVLET12: JAX-WS context listener initializing
25-Jun-2019 08:35:16.970 INFO [localhost-startStop-1] com.sun.xml.ws.transport.http.servlet.WSServletContextListener.contextInitialized WSSERVLET12: JAX-WS context listener initializing
25-Jun-2019 08:35:20.666 INFO [localhost-startStop-1] org.apache.catalina.startup.HostConfig.deployDirectory Deployment of web application directory [/opt/projects/tomcat/webapps/babcock] has finished in [56,856] ms
25-Jun-2019 08:35:20.666 INFO [localhost-startStop-1] org.apache.catalina.startup.HostConfig.deployDirectory Deploying web application directory [/opt/projects/tomcat/webapps/host-manager]
25-Jun-2019 08:35:21.190 INFO [localhost-startStop-1] org.apache.jasper.servlet.TldScanner.scanJars At least one JAR was scanned for TLDs yet contained no TLDs. Enable debug logging for this logger for a complete list of JARs that were scanned but no TLDs were found in them. Skipping unneeded JARs during scanning can improve startup time and JSP compilation time.
25-Jun-2019 08:35:21.240 INFO [localhost-startStop-1] org.apache.catalina.startup.HostConfig.deployDirectory Deployment of web application directory [/opt/projects/tomcat/webapps/host-manager] has finished in [574] ms
25-Jun-2019 08:35:21.241 INFO [localhost-startStop-1] org.apache.catalina.startup.HostConfig.deployDirectory Deploying web application directory [/opt/projects/tomcat/webapps/docs]
25-Jun-2019 08:35:21.508 INFO [localhost-startStop-1] org.apache.jasper.servlet.TldScanner.scanJars At least one JAR was scanned for TLDs yet contained no TLDs. Enable debug logging for this logger for a complete list of JARs that were scanned but no TLDs were found in them. Skipping unneeded JARs during scanning can improve startup time and JSP compilation time.
25-Jun-2019 08:35:21.509 INFO [localhost-startStop-1] org.apache.catalina.startup.HostConfig.deployDirectory Deployment of web application directory [/opt/projects/tomcat/webapps/docs] has finished in [268] ms
25-Jun-2019 08:35:21.509 INFO [localhost-startStop-1] org.apache.catalina.startup.HostConfig.deployDirectory Deploying web application directory [/opt/projects/tomcat/webapps/college]
25-Jun-2019 08:35:21.528 WARNING [localhost-startStop-1] org.apache.tomcat.util.digester.SetPropertiesRule.begin [SetPropertiesRule]{Context/Realm} Setting property 'digest' to 'md5' did not find a matching property.
25-Jun-2019 08:35:27.421 WARNING [localhost-startStop-1] org.apache.tomcat.dbcp.dbcp2.BasicDataSourceFactory.getObjectInstance Name = acharya Property maxActive is not used in DBCP2, use maxTotal instead. maxTotal default value is 8. You have set value of "150" for "maxActive" property, which is being ignored.
25-Jun-2019 08:35:27.421 WARNING [localhost-startStop-1] org.apache.tomcat.dbcp.dbcp2.BasicDataSourceFactory.getObjectInstance Name = acharya Property removeAbandoned is not used in DBCP2, use one or both of removeAbandonedOnBorrow or removeAbandonedOnMaintenance instead. Both have default value set to false. You have set value of "true" for "removeAbandoned" property, which is being ignored.
25-Jun-2019 08:35:27.421 WARNING [localhost-startStop-1] org.apache.tomcat.dbcp.dbcp2.BasicDataSourceFactory.getObjectInstance Name = acharya Property maxWait is not used in DBCP2 , use maxWaitMillis instead. maxWaitMillis default value is -1. You have set value of "50" for "maxWait" property, which is being ignored.
25-Jun-2019 08:35:27.421 WARNING [localhost-startStop-1] org.apache.tomcat.dbcp.dbcp2.BasicDataSourceFactory.getObjectInstance Name = incentive Property maxActive is not used in DBCP2, use maxTotal instead. maxTotal default value is 8. You have set value of "150" for "maxActive" property, which is being ignored.
25-Jun-2019 08:35:27.421 WARNING [localhost-startStop-1] org.apache.tomcat.dbcp.dbcp2.BasicDataSourceFactory.getObjectInstance Name = incentive Property removeAbandoned is not used in DBCP2, use one or both of removeAbandonedOnBorrow or removeAbandonedOnMaintenance instead. Both have default value set to false. You have set value of "true" for "removeAbandoned" property, which is being ignored.
25-Jun-2019 08:35:27.422 WARNING [localhost-startStop-1] org.apache.tomcat.dbcp.dbcp2.BasicDataSourceFactory.getObjectInstance Name = incentive Property maxWait is not used in DBCP2 , use maxWaitMillis instead. maxWaitMillis default value is -1. You have set value of "50" for "maxWait" property, which is being ignored.
25-Jun-2019 08:35:27.507 INFO [localhost-startStop-1] org.apache.jasper.servlet.TldScanner.scanJars At least one JAR was scanned for TLDs yet contained no TLDs. Enable debug logging for this logger for a complete list of JARs that were scanned but no TLDs were found in them. Skipping unneeded JARs during scanning can improve startup time and JSP compilation time.
25-Jun-2019 08:35:28.237 INFO [localhost-startStop-1] org.apache.catalina.startup.HostConfig.deployDirectory Deployment of web application directory [/opt/projects/tomcat/webapps/college] has finished in [6,728] ms
25-Jun-2019 08:35:28.237 INFO [localhost-startStop-1] org.apache.catalina.startup.HostConfig.deployDirectory Deploying web application directory [/opt/projects/tomcat/webapps/ROOT]
25-Jun-2019 08:35:32.357 INFO [localhost-startStop-1] org.apache.jasper.servlet.TldScanner.scanJars At least one JAR was scanned for TLDs yet contained no TLDs. Enable debug logging for this logger for a complete list of JARs that were scanned but no TLDs were found in them. Skipping unneeded JARs during scanning can improve startup time and JSP compilation time.
25-Jun-2019 08:35:32.376 INFO [localhost-startStop-1] org.apache.catalina.startup.HostConfig.deployDirectory Deployment of web application directory [/opt/projects/tomcat/webapps/ROOT] has finished in [4,138] ms
25-Jun-2019 08:35:32.376 INFO [localhost-startStop-1] org.apache.catalina.startup.HostConfig.deployDirectory Deploying web application directory [/opt/projects/tomcat/webapps/aua]
25-Jun-2019 08:35:38.832 INFO [localhost-startStop-1] org.apache.jasper.servlet.TldScanner.scanJars At least one JAR was scanned for TLDs yet contained no TLDs. Enable debug logging for this logger for a complete list of JARs that were scanned but no TLDs were found in them. Skipping unneeded JARs during scanning can improve startup time and JSP compilation time.
25-Jun-2019 08:35:38.854 INFO [localhost-startStop-1] org.apache.catalina.startup.HostConfig.deployDirectory Deployment of web application directory [/opt/projects/tomcat/webapps/aua] has finished in [6,478] ms
25-Jun-2019 08:35:38.854 INFO [localhost-startStop-1] org.apache.catalina.startup.HostConfig.deployDirectory Deploying web application directory [/opt/projects/tomcat/webapps/repository]
25-Jun-2019 08:35:40.623 INFO [localhost-startStop-1] org.apache.jasper.servlet.TldScanner.scanJars At least one JAR was scanned for TLDs yet contained no TLDs. Enable debug logging for this logger for a complete list of JARs that were scanned but no TLDs were found in them. Skipping unneeded JARs during scanning can improve startup time and JSP compilation time.
25-Jun-2019 08:35:40.627 INFO [localhost-startStop-1] org.apache.catalina.startup.HostConfig.deployDirectory Deployment of web application directory [/opt/projects/tomcat/webapps/repository] has finished in [1,773] ms
25-Jun-2019 08:35:40.649 INFO [main] org.apache.coyote.AbstractProtocol.start Starting ProtocolHandler ["http-nio-8080"]
25-Jun-2019 08:35:40.691 INFO [main] org.apache.coyote.AbstractProtocol.start Starting ProtocolHandler ["ajp-nio-8009"]
25-Jun-2019 08:35:40.694 INFO [main] org.apache.catalina.startup.Catalina.start Server startup in 97074 ms
25-Jun-2019 09:24:34.159 INFO [http-nio-8080-exec-6] org.baraza.web.BWeb.setOperations SELECT ins_new_student('9', '0', '1') 
25-Jun-2019 09:28:42.180 SEVERE [http-nio-8080-exec-2] org.baraza.DB.BQuery.makeQuery Get Table read and Metadata Error : org.postgresql.util.PSQLException: ERROR: column "org_id" does not exist
  Position: 66
25-Jun-2019 09:28:42.180 SEVERE [http-nio-8080-exec-2] org.baraza.DB.BQuery.makeQuery SQL SELECT sys_country_id, sys_country_name FROM sys_countrys WHERE (org_id=0) ORDER BY sys_country_name
25-Jun-2019 09:33:48.943 SEVERE [http-nio-8080-exec-8] org.baraza.DB.BQuery.makeQuery Get Table read and Metadata Error : org.postgresql.util.PSQLException: ERROR: column "org_id" does not exist
  Position: 66
25-Jun-2019 09:33:48.943 SEVERE [http-nio-8080-exec-8] org.baraza.DB.BQuery.makeQuery SQL SELECT sys_country_id, sys_country_name FROM sys_countrys WHERE (org_id=0) ORDER BY sys_country_name
25-Jun-2019 09:33:58.024 SEVERE [http-nio-8080-exec-2] org.baraza.DB.BQuery.makeQuery Get Table read and Metadata Error : org.postgresql.util.PSQLException: ERROR: column "org_id" does not exist
  Position: 66
25-Jun-2019 09:33:58.024 SEVERE [http-nio-8080-exec-2] org.baraza.DB.BQuery.makeQuery SQL SELECT sys_country_id, sys_country_name FROM sys_countrys WHERE (org_id=0) ORDER BY sys_country_name
25-Jun-2019 09:34:39.902 SEVERE [http-nio-8080-exec-7] org.baraza.DB.BQuery.makeQuery Get Table read and Metadata Error : org.postgresql.util.PSQLException: ERROR: column "org_id" does not exist
  Position: 66
25-Jun-2019 09:34:39.902 SEVERE [http-nio-8080-exec-7] org.baraza.DB.BQuery.makeQuery SQL SELECT sys_country_id, sys_country_name FROM sys_countrys WHERE (org_id=0) ORDER BY sys_country_name
25-Jun-2019 10:21:52.382 SEVERE [http-nio-8080-exec-9] org.baraza.DB.BQuery.makeQuery Get Table read and Metadata Error : org.postgresql.util.PSQLException: ERROR: syntax error at or near ","
  Position: 8
25-Jun-2019 10:21:52.413 SEVERE [http-nio-8080-exec-9] org.baraza.DB.BQuery.makeQuery SQL SELECT , session_id
FROM scharges
ORDER BY session_id
25-Jun-2019 10:23:36.744 SEVERE [http-nio-8080-exec-3] org.baraza.DB.BQuery.makeQuery Get Table read and Metadata Error : org.postgresql.util.PSQLException: ERROR: syntax error at or near ","
  Position: 8
25-Jun-2019 10:23:36.745 SEVERE [http-nio-8080-exec-3] org.baraza.DB.BQuery.makeQuery SQL SELECT , scharge_id
FROM scharges
ORDER BY scharge_id
25-Jun-2019 10:23:38.403 SEVERE [http-nio-8080-exec-4] org.baraza.DB.BQuery.makeQuery Get Table read and Metadata Error : org.postgresql.util.PSQLException: ERROR: syntax error at or near ","
  Position: 8
25-Jun-2019 10:23:38.403 SEVERE [http-nio-8080-exec-4] org.baraza.DB.BQuery.makeQuery SQL SELECT , scharge_id
FROM scharges
ORDER BY scharge_id
25-Jun-2019 10:23:41.188 SEVERE [http-nio-8080-exec-6] org.baraza.DB.BQuery.makeQuery Get Table read and Metadata Error : org.postgresql.util.PSQLException: ERROR: syntax error at or near ","
  Position: 8
25-Jun-2019 10:23:41.188 SEVERE [http-nio-8080-exec-6] org.baraza.DB.BQuery.makeQuery SQL SELECT , scharge_id
FROM scharges
ORDER BY scharge_id
25-Jun-2019 10:24:10.677 SEVERE [http-nio-8080-exec-4] org.baraza.DB.BQuery.makeQuery Get Table read and Metadata Error : org.postgresql.util.PSQLException: ERROR: syntax error at or near ","
  Position: 8
25-Jun-2019 10:24:10.677 SEVERE [http-nio-8080-exec-4] org.baraza.DB.BQuery.makeQuery SQL SELECT , scharge_id
FROM scharges
ORDER BY scharge_id
25-Jun-2019 10:24:12.359 SEVERE [http-nio-8080-exec-2] org.baraza.DB.BQuery.makeQuery Get Table read and Metadata Error : org.postgresql.util.PSQLException: ERROR: syntax error at or near ","
  Position: 8
25-Jun-2019 10:24:12.359 SEVERE [http-nio-8080-exec-2] org.baraza.DB.BQuery.makeQuery SQL SELECT , scharge_id
FROM scharges
ORDER BY scharge_id
25-Jun-2019 10:24:16.149 SEVERE [http-nio-8080-exec-8] org.baraza.DB.BQuery.makeQuery Get Table read and Metadata Error : org.postgresql.util.PSQLException: ERROR: syntax error at or near ","
  Position: 8
25-Jun-2019 10:24:16.149 SEVERE [http-nio-8080-exec-8] org.baraza.DB.BQuery.makeQuery SQL SELECT , scharge_id
FROM scharges
ORDER BY scharge_id
25-Jun-2019 10:24:25.978 SEVERE [http-nio-8080-exec-1] org.baraza.DB.BQuery.makeQuery Get Table read and Metadata Error : org.postgresql.util.PSQLException: ERROR: syntax error at or near ","
  Position: 8
25-Jun-2019 10:24:25.979 SEVERE [http-nio-8080-exec-1] org.baraza.DB.BQuery.makeQuery SQL SELECT , scharge_id
FROM scharges
ORDER BY scharge_id
25-Jun-2019 10:25:31.263 SEVERE [http-nio-8080-exec-4] org.baraza.DB.BQuery.makeQuery Get Table read and Metadata Error : org.postgresql.util.PSQLException: ERROR: column "vote_head_id" does not exist
  Position: 8
25-Jun-2019 10:25:31.263 SEVERE [http-nio-8080-exec-4] org.baraza.DB.BQuery.makeQuery SQL SELECT vote_head_id, currency_id, amount, scharge_id, org_id
FROM scharges
WHERE scharge_id = '24' AND (org_id = '0')
ORDER BY scharge_id
25-Jun-2019 10:26:41.723 SEVERE [http-nio-8080-exec-10] org.baraza.DB.BQuery.makeQuery Get Table read and Metadata Error : org.postgresql.util.PSQLException: ERROR: column "currency_id" does not exist
  Position: 22
25-Jun-2019 10:26:41.723 SEVERE [http-nio-8080-exec-10] org.baraza.DB.BQuery.makeQuery SQL SELECT vote_head_id, currency_id, amount, scharge_id, org_id
FROM scharges
WHERE scharge_id = '24' AND (org_id = '0')
ORDER BY scharge_id
25-Jun-2019 10:26:44.123 SEVERE [http-nio-8080-exec-2] org.baraza.DB.BQuery.makeQuery Get Table read and Metadata Error : org.postgresql.util.PSQLException: ERROR: column "currency_id" does not exist
  Position: 22
25-Jun-2019 10:26:44.123 SEVERE [http-nio-8080-exec-2] org.baraza.DB.BQuery.makeQuery SQL SELECT vote_head_id, currency_id, amount, scharge_id, org_id
FROM scharges
WHERE scharge_id = '24' AND (org_id = '0')
ORDER BY scharge_id
25-Jun-2019 10:26:49.380 SEVERE [http-nio-8080-exec-9] org.baraza.DB.BQuery.makeQuery Get Table read and Metadata Error : org.postgresql.util.PSQLException: ERROR: column "currency_id" does not exist
  Position: 22
25-Jun-2019 10:26:49.380 SEVERE [http-nio-8080-exec-9] org.baraza.DB.BQuery.makeQuery SQL SELECT vote_head_id, currency_id, amount, scharge_id, org_id
FROM scharges
WHERE scharge_id = '24' AND (org_id = '0')
ORDER BY scharge_id
25-Jun-2019 10:28:22.142 SEVERE [http-nio-8080-exec-1] org.baraza.DB.BQuery.saveNewRec The SQL Exeption on new record scharge_id : org.postgresql.util.PSQLException: ERROR: duplicate key value violates unique constraint "scharges_pkey"
  Detail: Key (scharge_id)=(24) already exists.
25-Jun-2019 10:28:22.143 SEVERE [http-nio-8080-exec-1] org.baraza.DB.BQuery.saveNewRec The error code 0
25-Jun-2019 10:28:22.144 SEVERE [http-nio-8080-exec-1] org.baraza.DB.BQuery.formatData Query data field formating error : COMBOBOX : vote_head_id : org.postgresql.util.PSQLException: ResultSet not positioned properly, perhaps you need to call next.
25-Jun-2019 10:28:22.145 SEVERE [http-nio-8080-exec-1] org.baraza.DB.BQuery.formatData Query data field formating error : TEXTDECIMAL : amount : org.postgresql.util.PSQLException: ResultSet not positioned properly, perhaps you need to call next.
25-Jun-2019 10:28:22.145 SEVERE [http-nio-8080-exec-1] org.baraza.DB.BQuery.readField Data field read error : org.postgresql.util.PSQLException: ResultSet not positioned properly, perhaps you need to call next.
25-Jun-2019 10:28:28.133 SEVERE [http-nio-8080-exec-8] org.baraza.DB.BQuery.saveNewRec The SQL Exeption on new record scharge_id : org.postgresql.util.PSQLException: ERROR: duplicate key value violates unique constraint "scharges_pkey"
  Detail: Key (scharge_id)=(24) already exists.
25-Jun-2019 10:28:28.133 SEVERE [http-nio-8080-exec-8] org.baraza.DB.BQuery.saveNewRec The error code 0
25-Jun-2019 10:28:28.134 SEVERE [http-nio-8080-exec-8] org.baraza.DB.BQuery.formatData Query data field formating error : COMBOBOX : vote_head_id : org.postgresql.util.PSQLException: ResultSet not positioned properly, perhaps you need to call next.
25-Jun-2019 10:28:28.134 SEVERE [http-nio-8080-exec-8] org.baraza.DB.BQuery.formatData Query data field formating error : TEXTDECIMAL : amount : org.postgresql.util.PSQLException: ResultSet not positioned properly, perhaps you need to call next.
25-Jun-2019 10:28:28.134 SEVERE [http-nio-8080-exec-8] org.baraza.DB.BQuery.readField Data field read error : org.postgresql.util.PSQLException: ResultSet not positioned properly, perhaps you need to call next.
25-Jun-2019 10:28:45.977 SEVERE [http-nio-8080-exec-7] org.baraza.DB.BQuery.saveNewRec The SQL Exeption on new record scharge_id : org.postgresql.util.PSQLException: ERROR: duplicate key value violates unique constraint "scharges_pkey"
  Detail: Key (scharge_id)=(24) already exists.
25-Jun-2019 10:28:45.977 SEVERE [http-nio-8080-exec-7] org.baraza.DB.BQuery.saveNewRec The error code 0
25-Jun-2019 10:28:45.977 SEVERE [http-nio-8080-exec-7] org.baraza.DB.BQuery.formatData Query data field formating error : COMBOBOX : vote_head_id : org.postgresql.util.PSQLException: ResultSet not positioned properly, perhaps you need to call next.
25-Jun-2019 10:28:45.977 SEVERE [http-nio-8080-exec-7] org.baraza.DB.BQuery.formatData Query data field formating error : TEXTDECIMAL : amount : org.postgresql.util.PSQLException: ResultSet not positioned properly, perhaps you need to call next.
25-Jun-2019 10:28:45.977 SEVERE [http-nio-8080-exec-7] org.baraza.DB.BQuery.readField Data field read error : org.postgresql.util.PSQLException: ResultSet not positioned properly, perhaps you need to call next.
25-Jun-2019 10:51:08.886 INFO [http-nio-8080-exec-3] org.baraza.reports.BWebReport.setParams Filter = filterid key = 24
25-Jun-2019 10:51:12.354 INFO [http-nio-8080-exec-3] org.baraza.reports.BWebReport.getReport entityid | 0
25-Jun-2019 11:39:36.826 INFO [http-nio-8080-exec-9] org.baraza.reports.BWebReport.setParams Filter = filterid key = 24
25-Jun-2019 11:39:37.329 INFO [http-nio-8080-exec-9] org.baraza.reports.BWebReport.getReport entityid | 0
25-Jun-2019 11:40:20.108 INFO [http-nio-8080-exec-1] org.baraza.reports.BWebReport.setParams Filter = filterid key = 24
25-Jun-2019 11:40:20.125 INFO [http-nio-8080-exec-1] org.baraza.reports.BWebReport.getReport entityid | 0
25-Jun-2019 11:49:35.642 INFO [http-nio-8080-exec-5] org.baraza.reports.BWebReport.setParams Filter = filterid key = 24
25-Jun-2019 11:49:35.757 INFO [http-nio-8080-exec-5] org.baraza.reports.BWebReport.getReport entityid | 0
25-Jun-2019 11:49:46.609 INFO [http-nio-8080-exec-3] org.baraza.reports.BWebReport.setParams Filter = filterid key = 24
25-Jun-2019 11:49:46.613 INFO [http-nio-8080-exec-3] org.baraza.reports.BWebReport.getReport entityid | 0
25-Jun-2019 11:52:28.753 INFO [http-nio-8080-exec-6] org.baraza.reports.BWebReport.setParams Filter = filterid key = 24
25-Jun-2019 11:52:28.756 INFO [http-nio-8080-exec-6] org.baraza.reports.BWebReport.getReport entityid | 0
25-Jun-2019 11:59:09.449 INFO [http-nio-8080-exec-4] org.baraza.web.BWeb.setOperations SELECT approve_student('5', '0', '24') 
25-Jun-2019 12:10:23.114 INFO [http-nio-8080-exec-9] org.baraza.web.BWeb.setOperations SELECT delete_student('5', '0', '24') 
25-Jun-2019 12:10:42.852 INFO [http-nio-8080-exec-10] org.baraza.web.BWeb.setOperations SELECT approve_student('6', '0', '24') 
25-Jun-2019 12:36:09.101 SEVERE [http-nio-8080-exec-1] org.baraza.DB.BQuery.makeQuery Get Table read and Metadata Error : org.postgresql.util.PSQLException: ERROR: column "grade_name" does not exist
  Position: 57
25-Jun-2019 12:36:09.101 SEVERE [http-nio-8080-exec-1] org.baraza.DB.BQuery.makeQuery SQL SELECT course_unit_code, course_unit_name, final_score, grade_name, sgrade_id, sstudent_id, org_id
FROM vw_student_grading
WHERE (sstudent_id = '6') AND (org_id = '0')
ORDER BY sgrade_id
25-Jun-2019 12:39:38.733 SEVERE [http-nio-8080-exec-6] org.baraza.DB.BQuery.makeQuery Get Table read and Metadata Error : org.postgresql.util.PSQLException: ERROR: column "org_id" does not exist
  Position: 93
25-Jun-2019 12:39:38.734 SEVERE [http-nio-8080-exec-6] org.baraza.DB.BQuery.makeQuery SQL SELECT course_unit_code, course_unit_name, final_score, grade_name, sgrade_id, sstudent_id, org_id
FROM vw_student_grading
WHERE (sstudent_id = '6') AND (org_id = '0')
ORDER BY sgrade_id
25-Jun-2019 12:50:20.600 SEVERE [http-nio-8080-exec-2] org.baraza.DB.BDB.executeQuery Database executeQuery error : org.postgresql.util.PSQLException: ERROR: column "course_unit_code" does not exist
  Hint: Perhaps you meant to reference the column "sgrades.course_unit_id".
  Position: 45
25-Jun-2019 12:58:02.696 INFO [http-nio-8080-exec-2] org.baraza.web.BWeb.setOperations SELECT delete_student('6', '0', '24') 
25-Jun-2019 12:58:19.411 INFO [http-nio-8080-exec-8] org.baraza.web.BWeb.setOperations SELECT approve_student('7', '0', '24') 
25-Jun-2019 12:58:19.462 SEVERE [http-nio-8080-exec-8] org.baraza.DB.BDB.executeFunction Database executeFunction error : org.postgresql.util.PSQLException: ERROR: column "v_course_unit_id" of relation "sgrades" does not exist
  Where: PL/pgSQL function approve_student(character varying,character varying,character varying) line 11 at SQL statement
25-Jun-2019 12:58:54.222 INFO [http-nio-8080-exec-6] org.baraza.web.BWeb.setOperations SELECT approve_student('7', '0', '24') 
25-Jun-2019 13:05:25.014 INFO [http-nio-8080-exec-10] org.baraza.web.BWeb.setOperations SELECT delete_student('7', '0', '24') 
25-Jun-2019 13:05:34.263 INFO [http-nio-8080-exec-6] org.baraza.web.BWeb.setOperations SELECT approve_student('8', '0', '24') 
25-Jun-2019 13:05:34.264 SEVERE [http-nio-8080-exec-6] org.baraza.DB.BDB.executeFunction Database executeFunction error : org.postgresql.util.PSQLException: ERROR: INSERT has more expressions than target columns
  Where: PL/pgSQL function approve_student(character varying,character varying,character varying) line 8 at SQL statement
25-Jun-2019 13:06:15.337 INFO [http-nio-8080-exec-3] org.baraza.web.BWeb.setOperations SELECT approve_student('8', '0', '24') 
25-Jun-2019 13:26:25.336 SEVERE [http-nio-8080-exec-6] org.baraza.DB.BDB.executeQuery Database executeQuery error : org.postgresql.util.PSQLException: ERROR: column "course_unit_code" does not exist
  Hint: Perhaps you meant to reference the column "sgrades.course_unit_id".
  Position: 45
25-Jun-2019 13:28:07.263 SEVERE [http-nio-8080-exec-8] org.baraza.DB.BDB.executeQuery Database executeQuery error : org.postgresql.util.PSQLException: ERROR: column "course_unit_code" does not exist
  Hint: Perhaps you meant to reference the column "sgrades.course_unit_id".
  Position: 45
25-Jun-2019 13:30:42.290 INFO [http-nio-8080-exec-6] org.baraza.reports.BWebReport.setParams Filter = filterid key = 24
25-Jun-2019 13:30:42.709 INFO [http-nio-8080-exec-6] org.baraza.reports.BWebReport.getReport entityid | 0
25-Jun-2019 13:32:09.604 INFO [http-nio-8080-exec-7] org.baraza.reports.BWebReport.setParams Filter = filterid key = 24
25-Jun-2019 13:32:09.657 INFO [http-nio-8080-exec-7] org.baraza.reports.BWebReport.getReport entityid | 0
25-Jun-2019 14:16:31.737 INFO [http-nio-8080-exec-5] org.baraza.web.BWeb.setOperations SELECT mark_attendance_register('8', '0', '1') 
25-Jun-2019 14:16:41.285 INFO [http-nio-8080-exec-1] org.baraza.reports.BWebReport.setParams Filter = filterid key = 4
25-Jun-2019 14:16:41.590 INFO [http-nio-8080-exec-1] org.baraza.reports.BWebReport.getReport entityid | 0
25-Jun-2019 14:20:46.556 INFO [http-nio-8080-exec-2] org.baraza.reports.BWebReport.setParams Filter = filterid key = 4
25-Jun-2019 14:20:47.741 INFO [http-nio-8080-exec-2] org.baraza.reports.BWebReport.getReport entityid | 0
25-Jun-2019 14:20:55.823 INFO [http-nio-8080-exec-8] org.baraza.reports.BWebReport.setParams Filter = filterid key = 4
25-Jun-2019 14:20:55.950 INFO [http-nio-8080-exec-8] org.baraza.reports.BWebReport.getReport entityid | 0
25-Jun-2019 14:23:28.448 INFO [http-nio-8080-exec-4] org.baraza.reports.BWebReport.setParams Filter = filterid key = 4
25-Jun-2019 14:23:29.309 INFO [http-nio-8080-exec-4] org.baraza.reports.BWebReport.getReport entityid | 0
25-Jun-2019 14:23:42.496 INFO [http-nio-8080-exec-1] org.baraza.reports.BWebReport.setParams Filter = filterid key = 4
25-Jun-2019 14:23:42.503 INFO [http-nio-8080-exec-1] org.baraza.reports.BWebReport.getReport entityid | 0
25-Jun-2019 14:23:46.143 INFO [http-nio-8080-exec-10] org.baraza.reports.BWebReport.setParams Filter = filterid key = 4
25-Jun-2019 14:23:46.195 INFO [http-nio-8080-exec-10] org.baraza.reports.BWebReport.getReport entityid | 0
25-Jun-2019 14:23:48.218 INFO [http-nio-8080-exec-5] org.baraza.reports.BWebReport.setParams Filter = filterid key = 4
25-Jun-2019 14:23:48.220 INFO [http-nio-8080-exec-5] org.baraza.reports.BWebReport.getReport entityid | 0
25-Jun-2019 14:25:09.549 INFO [http-nio-8080-exec-8] org.baraza.reports.BWebReport.setParams Filter = filterid key = 4
25-Jun-2019 14:25:09.551 INFO [http-nio-8080-exec-8] org.baraza.reports.BWebReport.getReport entityid | 0
25-Jun-2019 14:25:55.127 SEVERE [http-nio-8080-exec-2] org.baraza.DB.BQuery.makeQuery Get Table read and Metadata Error : org.postgresql.util.PSQLException: ERROR: column "tuition_fee" does not exist
  Position: 22
25-Jun-2019 14:25:55.127 SEVERE [http-nio-8080-exec-2] org.baraza.DB.BQuery.makeQuery SQL SELECT session_name, tuition_fee, attachment_fee, exam_fee, graduation_fee, extra_fees, approved, scharge_id, session_id, org_id
FROM vw_scharges
WHERE (session_id = '24') AND (org_id = '0')
ORDER BY scharge_id
25-Jun-2019 14:26:15.082 SEVERE [http-nio-8080-exec-9] org.baraza.DB.BQuery.makeQuery Get Table read and Metadata Error : org.postgresql.util.PSQLException: ERROR: relation "vw_student_charges" does not exist
  Position: 184
25-Jun-2019 14:26:15.083 SEVERE [http-nio-8080-exec-9] org.baraza.DB.BQuery.makeQuery SQL SELECT student_id, student_name, course_level_name, course_name, tuition_fee, attachment_fee, exam_fee, graduation_fee, extra_fees, total_charge, sstudent_id, session_id, org_id
FROM vw_student_charges
WHERE (session_id = '24') AND (org_id = '0')
ORDER BY sstudent_id
25-Jun-2019 17:54:28.521 INFO [Thread-5] org.apache.coyote.AbstractProtocol.pause Pausing ProtocolHandler ["http-nio-8080"]
25-Jun-2019 17:54:30.954 INFO [Thread-5] org.apache.coyote.AbstractProtocol.pause Pausing ProtocolHandler ["ajp-nio-8009"]
25-Jun-2019 17:54:31.274 INFO [Thread-5] org.apache.catalina.core.StandardService.stopInternal Stopping service [Catalina]
25-Jun-2019 17:54:45.733 SEVERE [localhost-startStop-2] org.apache.catalina.loader.WebappClassLoaderBase.checkThreadLocalMapForLeaks The web application [college] created a ThreadLocal with key of type [java.lang.ThreadLocal] (value [java.lang.ThreadLocal@6e0e0816]) and a value of type [java.lang.Class] (value [class class_register_1561461798372_667952]) but failed to remove it when the web application was stopped. Threads are going to be renewed over time to try and avoid a probable memory leak.
25-Jun-2019 17:54:45.801 SEVERE [localhost-startStop-2] org.apache.catalina.loader.WebappClassLoaderBase.checkThreadLocalMapForLeaks The web application [college] created a ThreadLocal with key of type [java.lang.ThreadLocal] (value [java.lang.ThreadLocal@6e0e0816]) and a value of type [java.lang.Class] (value [class class_register_1558358796784_382608]) but failed to remove it when the web application was stopped. Threads are going to be renewed over time to try and avoid a probable memory leak.
25-Jun-2019 17:54:45.801 SEVERE [localhost-startStop-2] org.apache.catalina.loader.WebappClassLoaderBase.checkThreadLocalMapForLeaks The web application [college] created a ThreadLocal with key of type [java.lang.ThreadLocal] (value [java.lang.ThreadLocal@6e0e0816]) and a value of type [java.lang.Class] (value [class session_charges_summary_1561452559668_263466]) but failed to remove it when the web application was stopped. Threads are going to be renewed over time to try and avoid a probable memory leak.
25-Jun-2019 17:54:45.802 SEVERE [localhost-startStop-2] org.apache.catalina.loader.WebappClassLoaderBase.checkThreadLocalMapForLeaks The web application [college] created a ThreadLocal with key of type [java.lang.ThreadLocal] (value [java.lang.ThreadLocal@6e0e0816]) and a value of type [java.lang.Class] (value [class class_register_1561461631589_630173]) but failed to remove it when the web application was stopped. Threads are going to be renewed over time to try and avoid a probable memory leak.
25-Jun-2019 17:54:45.802 SEVERE [localhost-startStop-2] org.apache.catalina.loader.WebappClassLoaderBase.checkThreadLocalMapForLeaks The web application [college] created a ThreadLocal with key of type [java.lang.ThreadLocal] (value [java.lang.ThreadLocal@6e0e0816]) and a value of type [java.lang.Class] (value [class class_register_1561461798372_667952]) but failed to remove it when the web application was stopped. Threads are going to be renewed over time to try and avoid a probable memory leak.
25-Jun-2019 17:54:45.803 SEVERE [localhost-startStop-2] org.apache.catalina.loader.WebappClassLoaderBase.checkThreadLocalMapForLeaks The web application [college] created a ThreadLocal with key of type [java.lang.ThreadLocal] (value [java.lang.ThreadLocal@6e0e0816]) and a value of type [java.lang.Class] (value [class vw_sgrades_1558093701330_521989]) but failed to remove it when the web application was stopped. Threads are going to be renewed over time to try and avoid a probable memory leak.
25-Jun-2019 17:54:45.804 SEVERE [localhost-startStop-2] org.apache.catalina.loader.WebappClassLoaderBase.checkThreadLocalMapForLeaks The web application [college] created a ThreadLocal with key of type [java.lang.ThreadLocal] (value [java.lang.ThreadLocal@6e0e0816]) and a value of type [java.lang.Class] (value [class vw_sgrades_1558093701330_521989]) but failed to remove it when the web application was stopped. Threads are going to be renewed over time to try and avoid a probable memory leak.
25-Jun-2019 17:54:45.804 SEVERE [localhost-startStop-2] org.apache.catalina.loader.WebappClassLoaderBase.checkThreadLocalMapForLeaks The web application [college] created a ThreadLocal with key of type [java.lang.ThreadLocal] (value [java.lang.ThreadLocal@6e0e0816]) and a value of type [java.lang.Class] (value [class class_register_1561461894884_592398]) but failed to remove it when the web application was stopped. Threads are going to be renewed over time to try and avoid a probable memory leak.
25-Jun-2019 17:54:45.805 SEVERE [localhost-startStop-2] org.apache.catalina.loader.WebappClassLoaderBase.checkThreadLocalMapForLeaks The web application [college] created a ThreadLocal with key of type [java.lang.ThreadLocal] (value [java.lang.ThreadLocal@6e0e0816]) and a value of type [java.lang.Class] (value [class session_charges_summary_1561451652069_444476]) but failed to remove it when the web application was stopped. Threads are going to be renewed over time to try and avoid a probable memory leak.
25-Jun-2019 17:54:45.806 SEVERE [localhost-startStop-2] org.apache.catalina.loader.WebappClassLoaderBase.checkThreadLocalMapForLeaks The web application [college] created a ThreadLocal with key of type [java.lang.ThreadLocal] (value [java.lang.ThreadLocal@6e0e0816]) and a value of type [java.lang.Class] (value [class class_register_1561461798372_667952]) but failed to remove it when the web application was stopped. Threads are going to be renewed over time to try and avoid a probable memory leak.
25-Jun-2019 17:54:46.394 INFO [localhost-startStop-2] com.sun.xml.ws.transport.http.servlet.WSServletDelegate.destroy WSSERVLET15: JAX-WS servlet destroyed
25-Jun-2019 17:54:47.171 INFO [localhost-startStop-2] com.sun.xml.ws.transport.http.servlet.WSServletContextListener.contextDestroyed WSSERVLET13: JAX-WS context listener destroyed
25-Jun-2019 17:54:47.171 INFO [localhost-startStop-2] com.sun.xml.ws.transport.http.servlet.WSServletContextListener.contextDestroyed WSSERVLET13: JAX-WS context listener destroyed
25-Jun-2019 17:54:47.686 INFO [Thread-5] org.apache.coyote.AbstractProtocol.stop Stopping ProtocolHandler ["http-nio-8080"]
25-Jun-2019 17:54:48.343 INFO [Thread-5] org.apache.coyote.AbstractProtocol.stop Stopping ProtocolHandler ["ajp-nio-8009"]
25-Jun-2019 17:54:48.954 INFO [Thread-5] org.apache.coyote.AbstractProtocol.destroy Destroying ProtocolHandler ["http-nio-8080"]
25-Jun-2019 17:54:49.024 INFO [Thread-5] org.apache.coyote.AbstractProtocol.destroy Destroying ProtocolHandler ["ajp-nio-8009"]
