18-Feb-2019 07:41:28.687 INFO [http-nio-80-exec-19] org.apache.coyote.http11.Http11Processor.service Error parsing HTTP request header
 Note: further occurrences of HTTP header parsing errors will be logged at DEBUG level.
 java.lang.IllegalArgumentException: Invalid character found in method name. HTTP method names must be tokens
	at org.apache.coyote.http11.Http11InputBuffer.parseRequestLine(Http11InputBuffer.java:428)
	at org.apache.coyote.http11.Http11Processor.service(Http11Processor.java:684)
	at org.apache.coyote.AbstractProcessorLight.process(AbstractProcessorLight.java:66)
	at org.apache.coyote.AbstractProtocol$ConnectionHandler.process(AbstractProtocol.java:806)
	at org.apache.tomcat.util.net.NioEndpoint$SocketProcessor.doRun(NioEndpoint.java:1498)
	at org.apache.tomcat.util.net.SocketProcessorBase.run(SocketProcessorBase.java:49)
	at java.util.concurrent.ThreadPoolExecutor.runWorker(ThreadPoolExecutor.java:1149)
	at java.util.concurrent.ThreadPoolExecutor$Worker.run(ThreadPoolExecutor.java:624)
	at org.apache.tomcat.util.threads.TaskThread$WrappingRunnable.run(TaskThread.java:61)
	at java.lang.Thread.run(Thread.java:748)

18-Feb-2019 09:52:57.570 INFO [http-nio-80-exec-22] org.baraza.web.BWeb.setOperations SELECT application_finance_approval('32', '0', '') 
18-Feb-2019 14:16:46.777 INFO [http-nio-80-exec-20] org.baraza.web.BWeb.setOperations SELECT application_finance_approval('36', '0', '') 
18-Feb-2019 15:08:24.520 INFO [http-nio-80-exec-25] org.baraza.web.BWeb.setOperations SELECT application_finance_approval('35', '0', '') 
18-Feb-2019 15:36:55.377 SEVERE [http-nio-80-exec-23] org.baraza.utils.BWebdav.<init> File list error : com.github.sardine.impl.SardineException: Unexpected response (404 )
18-Feb-2019 15:37:29.023 SEVERE [http-nio-80-exec-24] org.baraza.utils.BWebdav.<init> File list error : com.github.sardine.impl.SardineException: Unexpected response (404 )
18-Feb-2019 15:37:41.396 SEVERE [http-nio-80-exec-20] org.baraza.utils.BWebdav.<init> File list error : com.github.sardine.impl.SardineException: Unexpected response (404 )
18-Feb-2019 15:38:08.346 SEVERE [http-nio-80-exec-28] org.baraza.utils.BWebdav.<init> File list error : com.github.sardine.impl.SardineException: Unexpected response (404 )
18-Feb-2019 15:38:57.271 SEVERE [http-nio-80-exec-28] org.baraza.utils.BWebdav.<init> File list error : com.github.sardine.impl.SardineException: Unexpected response (404 )
18-Feb-2019 15:39:00.425 SEVERE [http-nio-80-exec-21] org.baraza.utils.BWebdav.<init> File list error : com.github.sardine.impl.SardineException: Unexpected response (404 )
18-Feb-2019 15:39:03.200 SEVERE [http-nio-80-exec-23] org.baraza.utils.BWebdav.<init> File list error : com.github.sardine.impl.SardineException: Unexpected response (404 )
18-Feb-2019 15:39:47.812 SEVERE [http-nio-80-exec-24] org.baraza.utils.BWebdav.<init> File list error : com.github.sardine.impl.SardineException: Unexpected response (404 )
18-Feb-2019 15:39:52.090 SEVERE [http-nio-80-exec-31] org.baraza.utils.BWebdav.<init> File list error : com.github.sardine.impl.SardineException: Unexpected response (404 )
18-Feb-2019 15:39:55.072 SEVERE [http-nio-80-exec-28] org.baraza.utils.BWebdav.<init> File list error : com.github.sardine.impl.SardineException: Unexpected response (404 )
18-Feb-2019 15:39:58.345 SEVERE [http-nio-80-exec-21] org.baraza.utils.BWebdav.<init> File list error : com.github.sardine.impl.SardineException: Unexpected response (404 )
18-Feb-2019 15:50:43.394 SEVERE [http-nio-80-exec-28] org.baraza.utils.BWebdav.<init> File list error : com.github.sardine.impl.SardineException: Unexpected response (404 )
18-Feb-2019 15:50:57.461 INFO [http-nio-80-exec-21] org.baraza.web.BWeb.setOperations SELECT application_finance_approval('37', '0', '') 
18-Feb-2019 15:51:12.794 SEVERE [http-nio-80-exec-26] org.baraza.utils.BWebdav.<init> File list error : com.github.sardine.impl.SardineException: Unexpected response (404 )
18-Feb-2019 15:51:16.528 SEVERE [http-nio-80-exec-20] org.baraza.utils.BWebdav.<init> File list error : com.github.sardine.impl.SardineException: Unexpected response (404 )
18-Feb-2019 15:51:20.166 SEVERE [http-nio-80-exec-23] org.baraza.utils.BWebdav.<init> File list error : com.github.sardine.impl.SardineException: Unexpected response (404 )
18-Feb-2019 15:51:23.190 SEVERE [http-nio-80-exec-28] org.baraza.utils.BWebdav.<init> File list error : com.github.sardine.impl.SardineException: Unexpected response (404 )
18-Feb-2019 15:51:26.261 SEVERE [http-nio-80-exec-30] org.baraza.utils.BWebdav.<init> File list error : com.github.sardine.impl.SardineException: Unexpected response (404 )
18-Feb-2019 15:52:15.500 SEVERE [http-nio-80-exec-30] org.baraza.utils.BWebdav.<init> File list error : com.github.sardine.impl.SardineException: Unexpected response (404 )
18-Feb-2019 15:52:18.370 SEVERE [http-nio-80-exec-19] org.baraza.utils.BWebdav.<init> File list error : com.github.sardine.impl.SardineException: Unexpected response (404 )
18-Feb-2019 15:52:37.777 SEVERE [http-nio-80-exec-23] org.baraza.utils.BWebdav.<init> File list error : com.github.sardine.impl.SardineException: Unexpected response (404 )
18-Feb-2019 15:53:13.461 SEVERE [http-nio-80-exec-23] org.baraza.utils.BWebdav.<init> File list error : com.github.sardine.impl.SardineException: Unexpected response (404 )
18-Feb-2019 15:53:16.553 SEVERE [http-nio-80-exec-19] org.baraza.utils.BWebdav.<init> File list error : com.github.sardine.impl.SardineException: Unexpected response (404 )
18-Feb-2019 15:53:19.518 SEVERE [http-nio-80-exec-31] org.baraza.utils.BWebdav.<init> File list error : com.github.sardine.impl.SardineException: Unexpected response (404 )
18-Feb-2019 15:54:48.200 SEVERE [http-nio-80-exec-31] org.baraza.utils.BWebdav.<init> File list error : com.github.sardine.impl.SardineException: Unexpected response (404 )
18-Feb-2019 16:25:03.937 INFO [http-nio-80-exec-31] org.baraza.web.BWeb.setOperations SELECT application_finance_approval('34', '0', '') 
18-Feb-2019 18:19:16.714 SEVERE [http-nio-80-exec-20] org.baraza.utils.BWebdav.<init> File list error : com.github.sardine.impl.SardineException: Unexpected response (404 )
18-Feb-2019 18:19:44.106 INFO [http-nio-80-exec-20] org.baraza.web.BWeb.setOperations SELECT application_finance_approval('38', '0', '') 
18-Feb-2019 18:20:04.222 SEVERE [http-nio-80-exec-20] org.baraza.utils.BWebdav.<init> File list error : com.github.sardine.impl.SardineException: Unexpected response (404 )
18-Feb-2019 18:20:08.448 SEVERE [http-nio-80-exec-26] org.baraza.utils.BWebdav.<init> File list error : com.github.sardine.impl.SardineException: Unexpected response (404 )
18-Feb-2019 18:20:11.639 SEVERE [http-nio-80-exec-21] org.baraza.utils.BWebdav.<init> File list error : com.github.sardine.impl.SardineException: Unexpected response (404 )
18-Feb-2019 18:20:16.754 SEVERE [http-nio-80-exec-23] org.baraza.utils.BWebdav.<init> File list error : com.github.sardine.impl.SardineException: Unexpected response (404 )
18-Feb-2019 18:20:21.497 SEVERE [http-nio-80-exec-31] org.baraza.utils.BWebdav.<init> File list error : com.github.sardine.impl.SardineException: Unexpected response (404 )
18-Feb-2019 18:21:25.386 SEVERE [http-nio-80-exec-30] org.baraza.utils.BWebdav.<init> File list error : com.github.sardine.impl.SardineException: Unexpected response (404 )
18-Feb-2019 18:21:27.988 SEVERE [http-nio-80-exec-28] org.baraza.utils.BWebdav.<init> File list error : com.github.sardine.impl.SardineException: Unexpected response (404 )
18-Feb-2019 18:21:49.650 SEVERE [http-nio-80-exec-19] org.baraza.utils.BWebdav.<init> File list error : com.github.sardine.impl.SardineException: Unexpected response (404 )
18-Feb-2019 18:22:19.856 SEVERE [http-nio-80-exec-31] org.baraza.utils.BWebdav.<init> File list error : com.github.sardine.impl.SardineException: Unexpected response (404 )
18-Feb-2019 18:22:26.164 SEVERE [http-nio-80-exec-23] org.baraza.utils.BWebdav.<init> File list error : com.github.sardine.impl.SardineException: Unexpected response (404 )
18-Feb-2019 18:22:28.949 SEVERE [http-nio-80-exec-21] org.baraza.utils.BWebdav.<init> File list error : com.github.sardine.impl.SardineException: Unexpected response (404 )
18-Feb-2019 18:30:50.685 SEVERE [http-nio-80-exec-28] org.baraza.utils.BWebdav.<init> File list error : com.github.sardine.impl.SardineException: Unexpected response (404 )
18-Feb-2019 18:31:02.358 INFO [http-nio-80-exec-28] org.baraza.web.BWeb.setOperations SELECT application_finance_approval('6', '0', '') 
18-Feb-2019 18:31:26.880 SEVERE [http-nio-80-exec-21] org.baraza.utils.BWebdav.<init> File list error : com.github.sardine.impl.SardineException: Unexpected response (404 )
18-Feb-2019 18:31:31.330 SEVERE [http-nio-80-exec-31] org.baraza.utils.BWebdav.<init> File list error : com.github.sardine.impl.SardineException: Unexpected response (404 )
18-Feb-2019 18:31:35.229 SEVERE [http-nio-80-exec-23] org.baraza.utils.BWebdav.<init> File list error : com.github.sardine.impl.SardineException: Unexpected response (404 )
18-Feb-2019 18:31:42.628 SEVERE [http-nio-80-exec-21] org.baraza.utils.BWebdav.<init> File list error : com.github.sardine.impl.SardineException: Unexpected response (404 )
18-Feb-2019 18:31:46.624 SEVERE [http-nio-80-exec-31] org.baraza.utils.BWebdav.<init> File list error : com.github.sardine.impl.SardineException: Unexpected response (404 )
18-Feb-2019 18:33:09.541 SEVERE [http-nio-80-exec-19] org.baraza.utils.BWebdav.<init> File list error : com.github.sardine.impl.SardineException: Unexpected response (404 )
18-Feb-2019 18:33:12.591 SEVERE [http-nio-80-exec-23] org.baraza.utils.BWebdav.<init> File list error : com.github.sardine.impl.SardineException: Unexpected response (404 )
18-Feb-2019 18:33:31.881 SEVERE [http-nio-80-exec-21] org.baraza.utils.BWebdav.<init> File list error : com.github.sardine.impl.SardineException: Unexpected response (404 )
18-Feb-2019 18:34:05.175 SEVERE [http-nio-80-exec-23] org.baraza.utils.BWebdav.<init> File list error : com.github.sardine.impl.SardineException: Unexpected response (404 )
18-Feb-2019 18:34:08.107 SEVERE [http-nio-80-exec-31] org.baraza.utils.BWebdav.<init> File list error : com.github.sardine.impl.SardineException: Unexpected response (404 )
18-Feb-2019 18:34:10.831 SEVERE [http-nio-80-exec-27] org.baraza.utils.BWebdav.<init> File list error : com.github.sardine.impl.SardineException: Unexpected response (404 )
18-Feb-2019 18:41:15.106 SEVERE [http-nio-80-exec-30] org.baraza.utils.BWebdav.<init> File list error : com.github.sardine.impl.SardineException: Unexpected response (404 )
18-Feb-2019 19:30:43.800 INFO [http-nio-80-exec-20] org.apache.coyote.http11.Http11Processor.service Error parsing HTTP request header
 Note: further occurrences of HTTP header parsing errors will be logged at DEBUG level.
 java.lang.IllegalArgumentException: Invalid character found in the HTTP protocol
	at org.apache.coyote.http11.Http11InputBuffer.parseRequestLine(Http11InputBuffer.java:541)
	at org.apache.coyote.http11.Http11Processor.service(Http11Processor.java:684)
	at org.apache.coyote.AbstractProcessorLight.process(AbstractProcessorLight.java:66)
	at org.apache.coyote.AbstractProtocol$ConnectionHandler.process(AbstractProtocol.java:806)
	at org.apache.tomcat.util.net.NioEndpoint$SocketProcessor.doRun(NioEndpoint.java:1498)
	at org.apache.tomcat.util.net.SocketProcessorBase.run(SocketProcessorBase.java:49)
	at java.util.concurrent.ThreadPoolExecutor.runWorker(ThreadPoolExecutor.java:1149)
	at java.util.concurrent.ThreadPoolExecutor$Worker.run(ThreadPoolExecutor.java:624)
	at org.apache.tomcat.util.threads.TaskThread$WrappingRunnable.run(TaskThread.java:61)
	at java.lang.Thread.run(Thread.java:748)

