23-Jul-2019 10:31:33.344 INFO [main] org.apache.catalina.startup.VersionLoggerListener.log Server version:        Apache Tomcat/8.5.37
23-Jul-2019 10:31:33.345 INFO [main] org.apache.catalina.startup.VersionLoggerListener.log Server built:          Dec 12 2018 12:07:02 UTC
23-Jul-2019 10:31:33.345 INFO [main] org.apache.catalina.startup.VersionLoggerListener.log Server number:         8.5.37.0
23-Jul-2019 10:31:33.345 INFO [main] org.apache.catalina.startup.VersionLoggerListener.log OS Name:               Linux
23-Jul-2019 10:31:33.345 INFO [main] org.apache.catalina.startup.VersionLoggerListener.log OS Version:            4.15.0-54-generic
23-Jul-2019 10:31:33.345 INFO [main] org.apache.catalina.startup.VersionLoggerListener.log Architecture:          amd64
23-Jul-2019 10:31:33.345 INFO [main] org.apache.catalina.startup.VersionLoggerListener.log Java Home:             /usr/lib/jvm/java-8-openjdk-amd64/jre
23-Jul-2019 10:31:33.345 INFO [main] org.apache.catalina.startup.VersionLoggerListener.log JVM Version:           1.8.0_212-8u212-b03-0ubuntu1.18.04.1-b03
23-Jul-2019 10:31:33.346 INFO [main] org.apache.catalina.startup.VersionLoggerListener.log JVM Vendor:            Oracle Corporation
23-Jul-2019 10:31:33.346 INFO [main] org.apache.catalina.startup.VersionLoggerListener.log CATALINA_BASE:         /opt/projects/tomcat
23-Jul-2019 10:31:33.346 INFO [main] org.apache.catalina.startup.VersionLoggerListener.log CATALINA_HOME:         /opt/projects/tomcat
23-Jul-2019 10:31:33.346 INFO [main] org.apache.catalina.startup.VersionLoggerListener.log Command line argument: -Djava.util.logging.config.file=/opt/projects/tomcat/conf/logging.properties
23-Jul-2019 10:31:33.346 INFO [main] org.apache.catalina.startup.VersionLoggerListener.log Command line argument: -Djava.util.logging.manager=org.apache.juli.ClassLoaderLogManager
23-Jul-2019 10:31:33.346 INFO [main] org.apache.catalina.startup.VersionLoggerListener.log Command line argument: -Djdk.tls.ephemeralDHKeySize=2048
23-Jul-2019 10:31:33.346 INFO [main] org.apache.catalina.startup.VersionLoggerListener.log Command line argument: -Djava.protocol.handler.pkgs=org.apache.catalina.webresources
23-Jul-2019 10:31:33.346 INFO [main] org.apache.catalina.startup.VersionLoggerListener.log Command line argument: -Dorg.apache.catalina.security.SecurityListener.UMASK=0027
23-Jul-2019 10:31:33.346 INFO [main] org.apache.catalina.startup.VersionLoggerListener.log Command line argument: -Dignore.endorsed.dirs=
23-Jul-2019 10:31:33.346 INFO [main] org.apache.catalina.startup.VersionLoggerListener.log Command line argument: -Dcatalina.base=/opt/projects/tomcat
23-Jul-2019 10:31:33.347 INFO [main] org.apache.catalina.startup.VersionLoggerListener.log Command line argument: -Dcatalina.home=/opt/projects/tomcat
23-Jul-2019 10:31:33.347 INFO [main] org.apache.catalina.startup.VersionLoggerListener.log Command line argument: -Djava.io.tmpdir=/opt/projects/tomcat/temp
23-Jul-2019 10:31:33.347 INFO [main] org.apache.catalina.core.AprLifecycleListener.lifecycleEvent The APR based Apache Tomcat Native library which allows optimal performance in production environments was not found on the java.library.path: [/usr/java/packages/lib/amd64:/usr/lib/x86_64-linux-gnu/jni:/lib/x86_64-linux-gnu:/usr/lib/x86_64-linux-gnu:/usr/lib/jni:/lib:/usr/lib]
23-Jul-2019 10:31:33.611 INFO [main] org.apache.coyote.AbstractProtocol.init Initializing ProtocolHandler ["http-nio-8080"]
23-Jul-2019 10:31:33.657 INFO [main] org.apache.tomcat.util.net.NioSelectorPool.getSharedSelector Using a shared selector for servlet write/read
23-Jul-2019 10:31:33.668 INFO [main] org.apache.coyote.AbstractProtocol.init Initializing ProtocolHandler ["ajp-nio-8009"]
23-Jul-2019 10:31:33.669 INFO [main] org.apache.tomcat.util.net.NioSelectorPool.getSharedSelector Using a shared selector for servlet write/read
23-Jul-2019 10:31:33.670 INFO [main] org.apache.catalina.startup.Catalina.load Initialization processed in 963 ms
23-Jul-2019 10:31:33.697 INFO [main] org.apache.catalina.core.StandardService.startInternal Starting service [Catalina]
23-Jul-2019 10:31:33.697 INFO [main] org.apache.catalina.core.StandardEngine.startInternal Starting Servlet Engine: Apache Tomcat/8.5.37
23-Jul-2019 10:31:33.726 INFO [localhost-startStop-1] org.apache.catalina.startup.HostConfig.deployDirectory Deploying web application directory [/opt/projects/tomcat/webapps/umis]
23-Jul-2019 10:31:34.030 SEVERE [localhost-startStop-1] org.apache.tomcat.util.digester.Digester.startElement Begin event threw exception
 java.lang.ClassNotFoundException: org.baraza.server.tomcat.BJDBCRealm
	at java.net.URLClassLoader.findClass(URLClassLoader.java:382)
	at java.lang.ClassLoader.loadClass(ClassLoader.java:424)
	at java.lang.ClassLoader.loadClass(ClassLoader.java:357)
	at org.apache.tomcat.util.digester.ObjectCreateRule.begin(ObjectCreateRule.java:116)
	at org.apache.tomcat.util.digester.Digester.startElement(Digester.java:1250)
	at com.sun.org.apache.xerces.internal.parsers.AbstractSAXParser.startElement(AbstractSAXParser.java:509)
	at com.sun.org.apache.xerces.internal.impl.XMLDocumentFragmentScannerImpl.scanStartElement(XMLDocumentFragmentScannerImpl.java:1359)
	at com.sun.org.apache.xerces.internal.impl.XMLDocumentFragmentScannerImpl$FragmentContentDriver.next(XMLDocumentFragmentScannerImpl.java:2784)
	at com.sun.org.apache.xerces.internal.impl.XMLDocumentScannerImpl.next(XMLDocumentScannerImpl.java:602)
	at com.sun.org.apache.xerces.internal.impl.XMLDocumentFragmentScannerImpl.scanDocument(XMLDocumentFragmentScannerImpl.java:505)
	at com.sun.org.apache.xerces.internal.parsers.XML11Configuration.parse(XML11Configuration.java:842)
	at com.sun.org.apache.xerces.internal.parsers.XML11Configuration.parse(XML11Configuration.java:771)
	at com.sun.org.apache.xerces.internal.parsers.XMLParser.parse(XMLParser.java:141)
	at com.sun.org.apache.xerces.internal.parsers.AbstractSAXParser.parse(AbstractSAXParser.java:1213)
	at com.sun.org.apache.xerces.internal.jaxp.SAXParserImpl$JAXPSAXParser.parse(SAXParserImpl.java:643)
	at org.apache.tomcat.util.digester.Digester.parse(Digester.java:1518)
	at org.apache.catalina.startup.ContextConfig.processContextConfig(ContextConfig.java:531)
	at org.apache.catalina.startup.ContextConfig.contextConfig(ContextConfig.java:488)
	at org.apache.catalina.startup.ContextConfig.init(ContextConfig.java:732)
	at org.apache.catalina.startup.ContextConfig.lifecycleEvent(ContextConfig.java:310)
	at org.apache.catalina.util.LifecycleBase.fireLifecycleEvent(LifecycleBase.java:94)
	at org.apache.catalina.util.LifecycleBase.setStateInternal(LifecycleBase.java:395)
	at org.apache.catalina.util.LifecycleBase.init(LifecycleBase.java:108)
	at org.apache.catalina.util.LifecycleBase.start(LifecycleBase.java:140)
	at org.apache.catalina.core.ContainerBase.addChildInternal(ContainerBase.java:754)
	at org.apache.catalina.core.ContainerBase.addChild(ContainerBase.java:730)
	at org.apache.catalina.core.StandardHost.addChild(StandardHost.java:734)
	at org.apache.catalina.startup.HostConfig.deployDirectory(HostConfig.java:1140)
	at org.apache.catalina.startup.HostConfig$DeployDirectory.run(HostConfig.java:1875)
	at java.util.concurrent.Executors$RunnableAdapter.call(Executors.java:511)
	at java.util.concurrent.FutureTask.run(FutureTask.java:266)
	at java.util.concurrent.ThreadPoolExecutor.runWorker(ThreadPoolExecutor.java:1149)
	at java.util.concurrent.ThreadPoolExecutor$Worker.run(ThreadPoolExecutor.java:624)
	at java.lang.Thread.run(Thread.java:748)

23-Jul-2019 10:31:34.042 SEVERE [localhost-startStop-1] org.apache.catalina.startup.ContextConfig.processContextConfig Parse error in context.xml for [/umis]
 org.xml.sax.SAXParseException; systemId: file:/opt/projects/tomcat/webapps/umis/META-INF/context.xml; lineNumber: 10; columnNumber: 82; Error at (10, 82) : org.baraza.server.tomcat.BJDBCRealm
	at org.apache.tomcat.util.digester.Digester.createSAXException(Digester.java:1968)
	at org.apache.tomcat.util.digester.Digester.createSAXException(Digester.java:2000)
	at org.apache.tomcat.util.digester.Digester.startElement(Digester.java:1253)
	at com.sun.org.apache.xerces.internal.parsers.AbstractSAXParser.startElement(AbstractSAXParser.java:509)
	at com.sun.org.apache.xerces.internal.impl.XMLDocumentFragmentScannerImpl.scanStartElement(XMLDocumentFragmentScannerImpl.java:1359)
	at com.sun.org.apache.xerces.internal.impl.XMLDocumentFragmentScannerImpl$FragmentContentDriver.next(XMLDocumentFragmentScannerImpl.java:2784)
	at com.sun.org.apache.xerces.internal.impl.XMLDocumentScannerImpl.next(XMLDocumentScannerImpl.java:602)
	at com.sun.org.apache.xerces.internal.impl.XMLDocumentFragmentScannerImpl.scanDocument(XMLDocumentFragmentScannerImpl.java:505)
	at com.sun.org.apache.xerces.internal.parsers.XML11Configuration.parse(XML11Configuration.java:842)
	at com.sun.org.apache.xerces.internal.parsers.XML11Configuration.parse(XML11Configuration.java:771)
	at com.sun.org.apache.xerces.internal.parsers.XMLParser.parse(XMLParser.java:141)
	at com.sun.org.apache.xerces.internal.parsers.AbstractSAXParser.parse(AbstractSAXParser.java:1213)
	at com.sun.org.apache.xerces.internal.jaxp.SAXParserImpl$JAXPSAXParser.parse(SAXParserImpl.java:643)
	at org.apache.tomcat.util.digester.Digester.parse(Digester.java:1518)
	at org.apache.catalina.startup.ContextConfig.processContextConfig(ContextConfig.java:531)
	at org.apache.catalina.startup.ContextConfig.contextConfig(ContextConfig.java:488)
	at org.apache.catalina.startup.ContextConfig.init(ContextConfig.java:732)
	at org.apache.catalina.startup.ContextConfig.lifecycleEvent(ContextConfig.java:310)
	at org.apache.catalina.util.LifecycleBase.fireLifecycleEvent(LifecycleBase.java:94)
	at org.apache.catalina.util.LifecycleBase.setStateInternal(LifecycleBase.java:395)
	at org.apache.catalina.util.LifecycleBase.init(LifecycleBase.java:108)
	at org.apache.catalina.util.LifecycleBase.start(LifecycleBase.java:140)
	at org.apache.catalina.core.ContainerBase.addChildInternal(ContainerBase.java:754)
	at org.apache.catalina.core.ContainerBase.addChild(ContainerBase.java:730)
	at org.apache.catalina.core.StandardHost.addChild(StandardHost.java:734)
	at org.apache.catalina.startup.HostConfig.deployDirectory(HostConfig.java:1140)
	at org.apache.catalina.startup.HostConfig$DeployDirectory.run(HostConfig.java:1875)
	at java.util.concurrent.Executors$RunnableAdapter.call(Executors.java:511)
	at java.util.concurrent.FutureTask.run(FutureTask.java:266)
	at java.util.concurrent.ThreadPoolExecutor.runWorker(ThreadPoolExecutor.java:1149)
	at java.util.concurrent.ThreadPoolExecutor$Worker.run(ThreadPoolExecutor.java:624)
	at java.lang.Thread.run(Thread.java:748)
Caused by: java.lang.ClassNotFoundException: org.baraza.server.tomcat.BJDBCRealm
	at java.net.URLClassLoader.findClass(URLClassLoader.java:382)
	at java.lang.ClassLoader.loadClass(ClassLoader.java:424)
	at java.lang.ClassLoader.loadClass(ClassLoader.java:357)
	at org.apache.tomcat.util.digester.ObjectCreateRule.begin(ObjectCreateRule.java:116)
	at org.apache.tomcat.util.digester.Digester.startElement(Digester.java:1250)
	... 29 more

23-Jul-2019 10:31:34.043 SEVERE [localhost-startStop-1] org.apache.catalina.startup.ContextConfig.processContextConfig Occurred at line [10] column [82]
23-Jul-2019 10:31:34.109 WARNING [localhost-startStop-1] org.apache.catalina.core.StandardContext.postWorkDirectory Failed to create work directory [/opt/projects/tomcat/work/Catalina/localhost/umis] for context [/umis]
23-Jul-2019 10:31:35.361 SEVERE [localhost-startStop-1] org.apache.catalina.startup.ContextConfig.configureStart Marking this application unavailable due to previous error(s)
23-Jul-2019 10:31:35.367 SEVERE [localhost-startStop-1] org.apache.catalina.core.StandardContext.startInternal One or more components marked the context as not correctly configured
23-Jul-2019 10:31:35.439 SEVERE [localhost-startStop-1] org.apache.catalina.core.StandardContext.startInternal Context [/umis] startup failed due to previous errors
23-Jul-2019 10:31:35.515 INFO [localhost-startStop-1] org.apache.catalina.startup.HostConfig.deployDirectory Deployment of web application directory [/opt/projects/tomcat/webapps/umis] has finished in [1,788] ms
23-Jul-2019 10:31:35.515 INFO [localhost-startStop-1] org.apache.catalina.startup.HostConfig.deployDirectory Deploying web application directory [/opt/projects/tomcat/webapps/examples]
23-Jul-2019 10:31:35.544 WARNING [localhost-startStop-1] org.apache.catalina.core.StandardContext.postWorkDirectory Failed to create work directory [/opt/projects/tomcat/work/Catalina/localhost/examples] for context [/examples]
23-Jul-2019 10:31:36.525 INFO [localhost-startStop-1] org.apache.jasper.servlet.TldScanner.scanJars At least one JAR was scanned for TLDs yet contained no TLDs. Enable debug logging for this logger for a complete list of JARs that were scanned but no TLDs were found in them. Skipping unneeded JARs during scanning can improve startup time and JSP compilation time.
23-Jul-2019 10:31:36.555 SEVERE [localhost-startStop-1] org.apache.jasper.EmbeddedServletOptions.<init> The scratchDir you specified: [/opt/projects/tomcat/work/Catalina/localhost/examples] is unusable.
23-Jul-2019 10:31:36.563 INFO [localhost-startStop-1] org.apache.catalina.startup.HostConfig.deployDirectory Deployment of web application directory [/opt/projects/tomcat/webapps/examples] has finished in [1,048] ms
23-Jul-2019 10:31:36.564 INFO [localhost-startStop-1] org.apache.catalina.startup.HostConfig.deployDirectory Deploying web application directory [/opt/projects/tomcat/webapps/auaold]
23-Jul-2019 10:31:36.622 WARNING [localhost-startStop-1] org.apache.tomcat.util.digester.SetPropertiesRule.begin [SetPropertiesRule]{Context/Realm} Setting property 'digest' to 'md5' did not find a matching property.
23-Jul-2019 10:31:36.624 WARNING [localhost-startStop-1] org.apache.catalina.core.StandardContext.postWorkDirectory Failed to create work directory [/opt/projects/tomcat/work/Catalina/localhost/auaold] for context [/auaold]
23-Jul-2019 10:31:39.085 WARNING [localhost-startStop-1] org.apache.tomcat.dbcp.dbcp2.BasicDataSourceFactory.getObjectInstance Name = database Property maxActive is not used in DBCP2, use maxTotal instead. maxTotal default value is 8. You have set value of "150" for "maxActive" property, which is being ignored.
23-Jul-2019 10:31:39.086 WARNING [localhost-startStop-1] org.apache.tomcat.dbcp.dbcp2.BasicDataSourceFactory.getObjectInstance Name = database Property removeAbandoned is not used in DBCP2, use one or both of removeAbandonedOnBorrow or removeAbandonedOnMaintenance instead. Both have default value set to false. You have set value of "true" for "removeAbandoned" property, which is being ignored.
23-Jul-2019 10:31:39.086 WARNING [localhost-startStop-1] org.apache.tomcat.dbcp.dbcp2.BasicDataSourceFactory.getObjectInstance Name = database Property maxWait is not used in DBCP2 , use maxWaitMillis instead. maxWaitMillis default value is -1. You have set value of "50" for "maxWait" property, which is being ignored.
23-Jul-2019 10:31:39.147 INFO [localhost-startStop-1] org.apache.jasper.servlet.TldScanner.scanJars At least one JAR was scanned for TLDs yet contained no TLDs. Enable debug logging for this logger for a complete list of JARs that were scanned but no TLDs were found in them. Skipping unneeded JARs during scanning can improve startup time and JSP compilation time.
23-Jul-2019 10:31:39.154 SEVERE [localhost-startStop-1] org.apache.jasper.EmbeddedServletOptions.<init> The scratchDir you specified: [/opt/projects/tomcat/work/Catalina/localhost/auaold] is unusable.
23-Jul-2019 10:31:39.155 INFO [localhost-startStop-1] org.apache.catalina.startup.HostConfig.deployDirectory Deployment of web application directory [/opt/projects/tomcat/webapps/auaold] has finished in [2,592] ms
23-Jul-2019 10:31:39.155 INFO [localhost-startStop-1] org.apache.catalina.startup.HostConfig.deployDirectory Deploying web application directory [/opt/projects/tomcat/webapps/ueab]
23-Jul-2019 10:31:39.449 WARNING [localhost-startStop-1] org.apache.catalina.core.StandardContext.postWorkDirectory Failed to create work directory [/opt/projects/tomcat/work/Catalina/localhost/ueab] for context [/ueab]
23-Jul-2019 10:31:43.782 INFO [localhost-startStop-1] org.apache.jasper.servlet.TldScanner.scanJars At least one JAR was scanned for TLDs yet contained no TLDs. Enable debug logging for this logger for a complete list of JARs that were scanned but no TLDs were found in them. Skipping unneeded JARs during scanning can improve startup time and JSP compilation time.
23-Jul-2019 10:31:44.580 SEVERE [localhost-startStop-1] org.apache.jasper.EmbeddedServletOptions.<init> The scratchDir you specified: [/opt/projects/tomcat/work/Catalina/localhost/ueab] is unusable.
23-Jul-2019 10:31:44.584 INFO [localhost-startStop-1] org.apache.catalina.startup.HostConfig.deployDirectory Deployment of web application directory [/opt/projects/tomcat/webapps/ueab] has finished in [5,429] ms
23-Jul-2019 10:31:44.584 INFO [localhost-startStop-1] org.apache.catalina.startup.HostConfig.deployDirectory Deploying web application directory [/opt/projects/tomcat/webapps/manager]
23-Jul-2019 10:31:44.699 WARNING [localhost-startStop-1] org.apache.catalina.core.StandardContext.postWorkDirectory Failed to create work directory [/opt/projects/tomcat/work/Catalina/localhost/manager] for context [/manager]
23-Jul-2019 10:31:44.773 INFO [localhost-startStop-1] org.apache.jasper.servlet.TldScanner.scanJars At least one JAR was scanned for TLDs yet contained no TLDs. Enable debug logging for this logger for a complete list of JARs that were scanned but no TLDs were found in them. Skipping unneeded JARs during scanning can improve startup time and JSP compilation time.
23-Jul-2019 10:31:44.778 SEVERE [localhost-startStop-1] org.apache.jasper.EmbeddedServletOptions.<init> The scratchDir you specified: [/opt/projects/tomcat/work/Catalina/localhost/manager] is unusable.
23-Jul-2019 10:31:44.778 INFO [localhost-startStop-1] org.apache.catalina.startup.HostConfig.deployDirectory Deployment of web application directory [/opt/projects/tomcat/webapps/manager] has finished in [194] ms
23-Jul-2019 10:31:44.778 INFO [localhost-startStop-1] org.apache.catalina.startup.HostConfig.deployDirectory Deploying web application directory [/opt/projects/tomcat/webapps/babcock]
23-Jul-2019 10:31:44.887 WARNING [localhost-startStop-1] org.apache.catalina.core.StandardContext.postWorkDirectory Failed to create work directory [/opt/projects/tomcat/work/Catalina/localhost/babcock] for context [/babcock]
23-Jul-2019 10:32:23.864 INFO [main] org.apache.catalina.startup.VersionLoggerListener.log Server version:        Apache Tomcat/8.5.37
23-Jul-2019 10:32:23.866 INFO [main] org.apache.catalina.startup.VersionLoggerListener.log Server built:          Dec 12 2018 12:07:02 UTC
23-Jul-2019 10:32:23.866 INFO [main] org.apache.catalina.startup.VersionLoggerListener.log Server number:         8.5.37.0
23-Jul-2019 10:32:23.866 INFO [main] org.apache.catalina.startup.VersionLoggerListener.log OS Name:               Linux
23-Jul-2019 10:32:23.866 INFO [main] org.apache.catalina.startup.VersionLoggerListener.log OS Version:            4.15.0-54-generic
23-Jul-2019 10:32:23.866 INFO [main] org.apache.catalina.startup.VersionLoggerListener.log Architecture:          amd64
23-Jul-2019 10:32:23.866 INFO [main] org.apache.catalina.startup.VersionLoggerListener.log Java Home:             /usr/lib/jvm/java-8-openjdk-amd64/jre
23-Jul-2019 10:32:23.866 INFO [main] org.apache.catalina.startup.VersionLoggerListener.log JVM Version:           1.8.0_212-8u212-b03-0ubuntu1.18.04.1-b03
23-Jul-2019 10:32:23.866 INFO [main] org.apache.catalina.startup.VersionLoggerListener.log JVM Vendor:            Oracle Corporation
23-Jul-2019 10:32:23.866 INFO [main] org.apache.catalina.startup.VersionLoggerListener.log CATALINA_BASE:         /opt/projects/tomcat
23-Jul-2019 10:32:23.866 INFO [main] org.apache.catalina.startup.VersionLoggerListener.log CATALINA_HOME:         /opt/projects/tomcat
23-Jul-2019 10:32:23.867 INFO [main] org.apache.catalina.startup.VersionLoggerListener.log Command line argument: -Djava.util.logging.config.file=/opt/projects/tomcat/conf/logging.properties
23-Jul-2019 10:32:23.867 INFO [main] org.apache.catalina.startup.VersionLoggerListener.log Command line argument: -Djava.util.logging.manager=org.apache.juli.ClassLoaderLogManager
23-Jul-2019 10:32:23.867 INFO [main] org.apache.catalina.startup.VersionLoggerListener.log Command line argument: -Djdk.tls.ephemeralDHKeySize=2048
23-Jul-2019 10:32:23.867 INFO [main] org.apache.catalina.startup.VersionLoggerListener.log Command line argument: -Djava.protocol.handler.pkgs=org.apache.catalina.webresources
23-Jul-2019 10:32:23.867 INFO [main] org.apache.catalina.startup.VersionLoggerListener.log Command line argument: -Dorg.apache.catalina.security.SecurityListener.UMASK=0027
23-Jul-2019 10:32:23.867 INFO [main] org.apache.catalina.startup.VersionLoggerListener.log Command line argument: -Dignore.endorsed.dirs=
23-Jul-2019 10:32:23.867 INFO [main] org.apache.catalina.startup.VersionLoggerListener.log Command line argument: -Dcatalina.base=/opt/projects/tomcat
23-Jul-2019 10:32:23.867 INFO [main] org.apache.catalina.startup.VersionLoggerListener.log Command line argument: -Dcatalina.home=/opt/projects/tomcat
23-Jul-2019 10:32:23.867 INFO [main] org.apache.catalina.startup.VersionLoggerListener.log Command line argument: -Djava.io.tmpdir=/opt/projects/tomcat/temp
23-Jul-2019 10:32:23.867 INFO [main] org.apache.catalina.core.AprLifecycleListener.lifecycleEvent The APR based Apache Tomcat Native library which allows optimal performance in production environments was not found on the java.library.path: [/usr/java/packages/lib/amd64:/usr/lib/x86_64-linux-gnu/jni:/lib/x86_64-linux-gnu:/usr/lib/x86_64-linux-gnu:/usr/lib/jni:/lib:/usr/lib]
23-Jul-2019 10:32:24.176 INFO [main] org.apache.coyote.AbstractProtocol.init Initializing ProtocolHandler ["http-nio-8080"]
23-Jul-2019 10:32:24.185 INFO [main] org.apache.tomcat.util.net.NioSelectorPool.getSharedSelector Using a shared selector for servlet write/read
23-Jul-2019 10:32:24.198 INFO [main] org.apache.coyote.AbstractProtocol.init Initializing ProtocolHandler ["ajp-nio-8009"]
23-Jul-2019 10:32:24.199 INFO [main] org.apache.tomcat.util.net.NioSelectorPool.getSharedSelector Using a shared selector for servlet write/read
23-Jul-2019 10:32:24.200 INFO [main] org.apache.catalina.startup.Catalina.load Initialization processed in 1258 ms
23-Jul-2019 10:32:24.236 INFO [main] org.apache.catalina.core.StandardService.startInternal Starting service [Catalina]
23-Jul-2019 10:32:24.237 INFO [main] org.apache.catalina.core.StandardEngine.startInternal Starting Servlet Engine: Apache Tomcat/8.5.37
23-Jul-2019 10:32:24.244 INFO [localhost-startStop-1] org.apache.catalina.startup.HostConfig.deployDirectory Deploying web application directory [/opt/projects/tomcat/webapps/umis]
23-Jul-2019 10:32:24.303 SEVERE [localhost-startStop-1] org.apache.tomcat.util.digester.Digester.startElement Begin event threw exception
 java.lang.ClassNotFoundException: org.baraza.server.tomcat.BJDBCRealm
	at java.net.URLClassLoader.findClass(URLClassLoader.java:382)
	at java.lang.ClassLoader.loadClass(ClassLoader.java:424)
	at java.lang.ClassLoader.loadClass(ClassLoader.java:357)
	at org.apache.tomcat.util.digester.ObjectCreateRule.begin(ObjectCreateRule.java:116)
	at org.apache.tomcat.util.digester.Digester.startElement(Digester.java:1250)
	at com.sun.org.apache.xerces.internal.parsers.AbstractSAXParser.startElement(AbstractSAXParser.java:509)
	at com.sun.org.apache.xerces.internal.impl.XMLDocumentFragmentScannerImpl.scanStartElement(XMLDocumentFragmentScannerImpl.java:1359)
	at com.sun.org.apache.xerces.internal.impl.XMLDocumentFragmentScannerImpl$FragmentContentDriver.next(XMLDocumentFragmentScannerImpl.java:2784)
	at com.sun.org.apache.xerces.internal.impl.XMLDocumentScannerImpl.next(XMLDocumentScannerImpl.java:602)
	at com.sun.org.apache.xerces.internal.impl.XMLDocumentFragmentScannerImpl.scanDocument(XMLDocumentFragmentScannerImpl.java:505)
	at com.sun.org.apache.xerces.internal.parsers.XML11Configuration.parse(XML11Configuration.java:842)
	at com.sun.org.apache.xerces.internal.parsers.XML11Configuration.parse(XML11Configuration.java:771)
	at com.sun.org.apache.xerces.internal.parsers.XMLParser.parse(XMLParser.java:141)
	at com.sun.org.apache.xerces.internal.parsers.AbstractSAXParser.parse(AbstractSAXParser.java:1213)
	at com.sun.org.apache.xerces.internal.jaxp.SAXParserImpl$JAXPSAXParser.parse(SAXParserImpl.java:643)
	at org.apache.tomcat.util.digester.Digester.parse(Digester.java:1518)
	at org.apache.catalina.startup.ContextConfig.processContextConfig(ContextConfig.java:531)
	at org.apache.catalina.startup.ContextConfig.contextConfig(ContextConfig.java:488)
	at org.apache.catalina.startup.ContextConfig.init(ContextConfig.java:732)
	at org.apache.catalina.startup.ContextConfig.lifecycleEvent(ContextConfig.java:310)
	at org.apache.catalina.util.LifecycleBase.fireLifecycleEvent(LifecycleBase.java:94)
	at org.apache.catalina.util.LifecycleBase.setStateInternal(LifecycleBase.java:395)
	at org.apache.catalina.util.LifecycleBase.init(LifecycleBase.java:108)
	at org.apache.catalina.util.LifecycleBase.start(LifecycleBase.java:140)
	at org.apache.catalina.core.ContainerBase.addChildInternal(ContainerBase.java:754)
	at org.apache.catalina.core.ContainerBase.addChild(ContainerBase.java:730)
	at org.apache.catalina.core.StandardHost.addChild(StandardHost.java:734)
	at org.apache.catalina.startup.HostConfig.deployDirectory(HostConfig.java:1140)
	at org.apache.catalina.startup.HostConfig$DeployDirectory.run(HostConfig.java:1875)
	at java.util.concurrent.Executors$RunnableAdapter.call(Executors.java:511)
	at java.util.concurrent.FutureTask.run(FutureTask.java:266)
	at java.util.concurrent.ThreadPoolExecutor.runWorker(ThreadPoolExecutor.java:1149)
	at java.util.concurrent.ThreadPoolExecutor$Worker.run(ThreadPoolExecutor.java:624)
	at java.lang.Thread.run(Thread.java:748)

23-Jul-2019 10:32:24.305 SEVERE [localhost-startStop-1] org.apache.catalina.startup.ContextConfig.processContextConfig Parse error in context.xml for [/umis]
 org.xml.sax.SAXParseException; systemId: file:/opt/projects/tomcat/webapps/umis/META-INF/context.xml; lineNumber: 10; columnNumber: 82; Error at (10, 82) : org.baraza.server.tomcat.BJDBCRealm
	at org.apache.tomcat.util.digester.Digester.createSAXException(Digester.java:1968)
	at org.apache.tomcat.util.digester.Digester.createSAXException(Digester.java:2000)
	at org.apache.tomcat.util.digester.Digester.startElement(Digester.java:1253)
	at com.sun.org.apache.xerces.internal.parsers.AbstractSAXParser.startElement(AbstractSAXParser.java:509)
	at com.sun.org.apache.xerces.internal.impl.XMLDocumentFragmentScannerImpl.scanStartElement(XMLDocumentFragmentScannerImpl.java:1359)
	at com.sun.org.apache.xerces.internal.impl.XMLDocumentFragmentScannerImpl$FragmentContentDriver.next(XMLDocumentFragmentScannerImpl.java:2784)
	at com.sun.org.apache.xerces.internal.impl.XMLDocumentScannerImpl.next(XMLDocumentScannerImpl.java:602)
	at com.sun.org.apache.xerces.internal.impl.XMLDocumentFragmentScannerImpl.scanDocument(XMLDocumentFragmentScannerImpl.java:505)
	at com.sun.org.apache.xerces.internal.parsers.XML11Configuration.parse(XML11Configuration.java:842)
	at com.sun.org.apache.xerces.internal.parsers.XML11Configuration.parse(XML11Configuration.java:771)
	at com.sun.org.apache.xerces.internal.parsers.XMLParser.parse(XMLParser.java:141)
	at com.sun.org.apache.xerces.internal.parsers.AbstractSAXParser.parse(AbstractSAXParser.java:1213)
	at com.sun.org.apache.xerces.internal.jaxp.SAXParserImpl$JAXPSAXParser.parse(SAXParserImpl.java:643)
	at org.apache.tomcat.util.digester.Digester.parse(Digester.java:1518)
	at org.apache.catalina.startup.ContextConfig.processContextConfig(ContextConfig.java:531)
	at org.apache.catalina.startup.ContextConfig.contextConfig(ContextConfig.java:488)
	at org.apache.catalina.startup.ContextConfig.init(ContextConfig.java:732)
	at org.apache.catalina.startup.ContextConfig.lifecycleEvent(ContextConfig.java:310)
	at org.apache.catalina.util.LifecycleBase.fireLifecycleEvent(LifecycleBase.java:94)
	at org.apache.catalina.util.LifecycleBase.setStateInternal(LifecycleBase.java:395)
	at org.apache.catalina.util.LifecycleBase.init(LifecycleBase.java:108)
	at org.apache.catalina.util.LifecycleBase.start(LifecycleBase.java:140)
	at org.apache.catalina.core.ContainerBase.addChildInternal(ContainerBase.java:754)
	at org.apache.catalina.core.ContainerBase.addChild(ContainerBase.java:730)
	at org.apache.catalina.core.StandardHost.addChild(StandardHost.java:734)
	at org.apache.catalina.startup.HostConfig.deployDirectory(HostConfig.java:1140)
	at org.apache.catalina.startup.HostConfig$DeployDirectory.run(HostConfig.java:1875)
	at java.util.concurrent.Executors$RunnableAdapter.call(Executors.java:511)
	at java.util.concurrent.FutureTask.run(FutureTask.java:266)
	at java.util.concurrent.ThreadPoolExecutor.runWorker(ThreadPoolExecutor.java:1149)
	at java.util.concurrent.ThreadPoolExecutor$Worker.run(ThreadPoolExecutor.java:624)
	at java.lang.Thread.run(Thread.java:748)
Caused by: java.lang.ClassNotFoundException: org.baraza.server.tomcat.BJDBCRealm
	at java.net.URLClassLoader.findClass(URLClassLoader.java:382)
	at java.lang.ClassLoader.loadClass(ClassLoader.java:424)
	at java.lang.ClassLoader.loadClass(ClassLoader.java:357)
	at org.apache.tomcat.util.digester.ObjectCreateRule.begin(ObjectCreateRule.java:116)
	at org.apache.tomcat.util.digester.Digester.startElement(Digester.java:1250)
	... 29 more

23-Jul-2019 10:32:24.311 SEVERE [localhost-startStop-1] org.apache.catalina.startup.ContextConfig.processContextConfig Occurred at line [10] column [82]
23-Jul-2019 10:32:26.820 SEVERE [localhost-startStop-1] org.apache.catalina.startup.ContextConfig.configureStart Marking this application unavailable due to previous error(s)
23-Jul-2019 10:32:26.827 SEVERE [localhost-startStop-1] org.apache.catalina.core.StandardContext.startInternal One or more components marked the context as not correctly configured
23-Jul-2019 10:32:26.910 SEVERE [localhost-startStop-1] org.apache.catalina.core.StandardContext.startInternal Context [/umis] startup failed due to previous errors
23-Jul-2019 10:32:27.000 INFO [localhost-startStop-1] org.apache.catalina.startup.HostConfig.deployDirectory Deployment of web application directory [/opt/projects/tomcat/webapps/umis] has finished in [2,747] ms
23-Jul-2019 10:32:27.000 INFO [localhost-startStop-1] org.apache.catalina.startup.HostConfig.deployDirectory Deploying web application directory [/opt/projects/tomcat/webapps/examples]
23-Jul-2019 10:32:27.589 INFO [localhost-startStop-1] org.apache.jasper.servlet.TldScanner.scanJars At least one JAR was scanned for TLDs yet contained no TLDs. Enable debug logging for this logger for a complete list of JARs that were scanned but no TLDs were found in them. Skipping unneeded JARs during scanning can improve startup time and JSP compilation time.
23-Jul-2019 10:32:27.622 INFO [localhost-startStop-1] org.apache.catalina.startup.HostConfig.deployDirectory Deployment of web application directory [/opt/projects/tomcat/webapps/examples] has finished in [621] ms
23-Jul-2019 10:32:27.622 INFO [localhost-startStop-1] org.apache.catalina.startup.HostConfig.deployDirectory Deploying web application directory [/opt/projects/tomcat/webapps/auaold]
23-Jul-2019 10:32:27.655 WARNING [localhost-startStop-1] org.apache.tomcat.util.digester.SetPropertiesRule.begin [SetPropertiesRule]{Context/Realm} Setting property 'digest' to 'md5' did not find a matching property.
23-Jul-2019 10:32:29.506 WARNING [localhost-startStop-1] org.apache.tomcat.dbcp.dbcp2.BasicDataSourceFactory.getObjectInstance Name = database Property maxActive is not used in DBCP2, use maxTotal instead. maxTotal default value is 8. You have set value of "150" for "maxActive" property, which is being ignored.
23-Jul-2019 10:32:29.506 WARNING [localhost-startStop-1] org.apache.tomcat.dbcp.dbcp2.BasicDataSourceFactory.getObjectInstance Name = database Property removeAbandoned is not used in DBCP2, use one or both of removeAbandonedOnBorrow or removeAbandonedOnMaintenance instead. Both have default value set to false. You have set value of "true" for "removeAbandoned" property, which is being ignored.
23-Jul-2019 10:32:29.507 WARNING [localhost-startStop-1] org.apache.tomcat.dbcp.dbcp2.BasicDataSourceFactory.getObjectInstance Name = database Property maxWait is not used in DBCP2 , use maxWaitMillis instead. maxWaitMillis default value is -1. You have set value of "50" for "maxWait" property, which is being ignored.
23-Jul-2019 10:32:29.555 INFO [localhost-startStop-1] org.apache.jasper.servlet.TldScanner.scanJars At least one JAR was scanned for TLDs yet contained no TLDs. Enable debug logging for this logger for a complete list of JARs that were scanned but no TLDs were found in them. Skipping unneeded JARs during scanning can improve startup time and JSP compilation time.
23-Jul-2019 10:32:29.579 INFO [localhost-startStop-1] org.apache.catalina.startup.HostConfig.deployDirectory Deployment of web application directory [/opt/projects/tomcat/webapps/auaold] has finished in [1,957] ms
23-Jul-2019 10:32:29.579 INFO [localhost-startStop-1] org.apache.catalina.startup.HostConfig.deployDirectory Deploying web application directory [/opt/projects/tomcat/webapps/ueab]
23-Jul-2019 10:32:32.506 INFO [localhost-startStop-1] org.apache.jasper.servlet.TldScanner.scanJars At least one JAR was scanned for TLDs yet contained no TLDs. Enable debug logging for this logger for a complete list of JARs that were scanned but no TLDs were found in them. Skipping unneeded JARs during scanning can improve startup time and JSP compilation time.
23-Jul-2019 10:32:32.602 INFO [localhost-startStop-1] org.apache.catalina.startup.HostConfig.deployDirectory Deployment of web application directory [/opt/projects/tomcat/webapps/ueab] has finished in [3,023] ms
23-Jul-2019 10:32:32.602 INFO [localhost-startStop-1] org.apache.catalina.startup.HostConfig.deployDirectory Deploying web application directory [/opt/projects/tomcat/webapps/manager]
23-Jul-2019 10:32:32.695 INFO [localhost-startStop-1] org.apache.jasper.servlet.TldScanner.scanJars At least one JAR was scanned for TLDs yet contained no TLDs. Enable debug logging for this logger for a complete list of JARs that were scanned but no TLDs were found in them. Skipping unneeded JARs during scanning can improve startup time and JSP compilation time.
23-Jul-2019 10:32:32.710 INFO [localhost-startStop-1] org.apache.catalina.startup.HostConfig.deployDirectory Deployment of web application directory [/opt/projects/tomcat/webapps/manager] has finished in [108] ms
23-Jul-2019 10:32:32.710 INFO [localhost-startStop-1] org.apache.catalina.startup.HostConfig.deployDirectory Deploying web application directory [/opt/projects/tomcat/webapps/babcock]
23-Jul-2019 10:32:37.428 INFO [localhost-startStop-1] com.sun.xml.ws.transport.http.servlet.WSServletDelegate.<init> WSSERVLET14: JAX-WS servlet initializing
23-Jul-2019 10:32:37.643 INFO [localhost-startStop-1] org.apache.jasper.servlet.TldScanner.scanJars At least one JAR was scanned for TLDs yet contained no TLDs. Enable debug logging for this logger for a complete list of JARs that were scanned but no TLDs were found in them. Skipping unneeded JARs during scanning can improve startup time and JSP compilation time.
23-Jul-2019 10:32:37.647 INFO [localhost-startStop-1] com.sun.xml.ws.transport.http.servlet.WSServletContextListener.contextInitialized WSSERVLET12: JAX-WS context listener initializing
23-Jul-2019 10:32:37.647 INFO [localhost-startStop-1] com.sun.xml.ws.transport.http.servlet.WSServletContextListener.contextInitialized WSSERVLET12: JAX-WS context listener initializing
23-Jul-2019 10:32:38.400 INFO [localhost-startStop-1] org.apache.catalina.startup.HostConfig.deployDirectory Deployment of web application directory [/opt/projects/tomcat/webapps/babcock] has finished in [5,690] ms
23-Jul-2019 10:32:38.401 INFO [localhost-startStop-1] org.apache.catalina.startup.HostConfig.deployDirectory Deploying web application directory [/opt/projects/tomcat/webapps/host-manager]
23-Jul-2019 10:32:38.522 INFO [localhost-startStop-1] org.apache.jasper.servlet.TldScanner.scanJars At least one JAR was scanned for TLDs yet contained no TLDs. Enable debug logging for this logger for a complete list of JARs that were scanned but no TLDs were found in them. Skipping unneeded JARs during scanning can improve startup time and JSP compilation time.
23-Jul-2019 10:32:38.542 INFO [localhost-startStop-1] org.apache.catalina.startup.HostConfig.deployDirectory Deployment of web application directory [/opt/projects/tomcat/webapps/host-manager] has finished in [141] ms
23-Jul-2019 10:32:38.542 INFO [localhost-startStop-1] org.apache.catalina.startup.HostConfig.deployDirectory Deploying web application directory [/opt/projects/tomcat/webapps/docs]
23-Jul-2019 10:32:38.669 INFO [localhost-startStop-1] org.apache.jasper.servlet.TldScanner.scanJars At least one JAR was scanned for TLDs yet contained no TLDs. Enable debug logging for this logger for a complete list of JARs that were scanned but no TLDs were found in them. Skipping unneeded JARs during scanning can improve startup time and JSP compilation time.
23-Jul-2019 10:32:38.695 INFO [localhost-startStop-1] org.apache.catalina.startup.HostConfig.deployDirectory Deployment of web application directory [/opt/projects/tomcat/webapps/docs] has finished in [153] ms
23-Jul-2019 10:32:38.696 INFO [localhost-startStop-1] org.apache.catalina.startup.HostConfig.deployDirectory Deploying web application directory [/opt/projects/tomcat/webapps/college]
23-Jul-2019 10:32:38.722 WARNING [localhost-startStop-1] org.apache.tomcat.util.digester.SetPropertiesRule.begin [SetPropertiesRule]{Context/Realm} Setting property 'digest' to 'md5' did not find a matching property.
23-Jul-2019 10:32:44.931 WARNING [localhost-startStop-1] org.apache.tomcat.dbcp.dbcp2.BasicDataSourceFactory.getObjectInstance Name = acharya Property maxActive is not used in DBCP2, use maxTotal instead. maxTotal default value is 8. You have set value of "150" for "maxActive" property, which is being ignored.
23-Jul-2019 10:32:44.931 WARNING [localhost-startStop-1] org.apache.tomcat.dbcp.dbcp2.BasicDataSourceFactory.getObjectInstance Name = acharya Property removeAbandoned is not used in DBCP2, use one or both of removeAbandonedOnBorrow or removeAbandonedOnMaintenance instead. Both have default value set to false. You have set value of "true" for "removeAbandoned" property, which is being ignored.
23-Jul-2019 10:32:44.931 WARNING [localhost-startStop-1] org.apache.tomcat.dbcp.dbcp2.BasicDataSourceFactory.getObjectInstance Name = acharya Property maxWait is not used in DBCP2 , use maxWaitMillis instead. maxWaitMillis default value is -1. You have set value of "50" for "maxWait" property, which is being ignored.
23-Jul-2019 10:32:44.932 WARNING [localhost-startStop-1] org.apache.tomcat.dbcp.dbcp2.BasicDataSourceFactory.getObjectInstance Name = incentive Property maxActive is not used in DBCP2, use maxTotal instead. maxTotal default value is 8. You have set value of "150" for "maxActive" property, which is being ignored.
23-Jul-2019 10:32:44.932 WARNING [localhost-startStop-1] org.apache.tomcat.dbcp.dbcp2.BasicDataSourceFactory.getObjectInstance Name = incentive Property removeAbandoned is not used in DBCP2, use one or both of removeAbandonedOnBorrow or removeAbandonedOnMaintenance instead. Both have default value set to false. You have set value of "true" for "removeAbandoned" property, which is being ignored.
23-Jul-2019 10:32:44.932 WARNING [localhost-startStop-1] org.apache.tomcat.dbcp.dbcp2.BasicDataSourceFactory.getObjectInstance Name = incentive Property maxWait is not used in DBCP2 , use maxWaitMillis instead. maxWaitMillis default value is -1. You have set value of "50" for "maxWait" property, which is being ignored.
23-Jul-2019 10:32:45.020 INFO [localhost-startStop-1] org.apache.jasper.servlet.TldScanner.scanJars At least one JAR was scanned for TLDs yet contained no TLDs. Enable debug logging for this logger for a complete list of JARs that were scanned but no TLDs were found in them. Skipping unneeded JARs during scanning can improve startup time and JSP compilation time.
23-Jul-2019 10:32:45.683 INFO [localhost-startStop-1] org.apache.catalina.startup.HostConfig.deployDirectory Deployment of web application directory [/opt/projects/tomcat/webapps/college] has finished in [6,988] ms
23-Jul-2019 10:32:45.683 INFO [localhost-startStop-1] org.apache.catalina.startup.HostConfig.deployDirectory Deploying web application directory [/opt/projects/tomcat/webapps/ROOT]
23-Jul-2019 10:32:49.265 INFO [localhost-startStop-1] org.apache.jasper.servlet.TldScanner.scanJars At least one JAR was scanned for TLDs yet contained no TLDs. Enable debug logging for this logger for a complete list of JARs that were scanned but no TLDs were found in them. Skipping unneeded JARs during scanning can improve startup time and JSP compilation time.
23-Jul-2019 10:32:49.301 INFO [localhost-startStop-1] org.apache.catalina.startup.HostConfig.deployDirectory Deployment of web application directory [/opt/projects/tomcat/webapps/ROOT] has finished in [3,618] ms
23-Jul-2019 10:32:49.301 INFO [localhost-startStop-1] org.apache.catalina.startup.HostConfig.deployDirectory Deploying web application directory [/opt/projects/tomcat/webapps/aua]
23-Jul-2019 10:32:55.447 INFO [localhost-startStop-1] org.apache.jasper.servlet.TldScanner.scanJars At least one JAR was scanned for TLDs yet contained no TLDs. Enable debug logging for this logger for a complete list of JARs that were scanned but no TLDs were found in them. Skipping unneeded JARs during scanning can improve startup time and JSP compilation time.
23-Jul-2019 10:32:55.489 INFO [localhost-startStop-1] org.apache.catalina.startup.HostConfig.deployDirectory Deployment of web application directory [/opt/projects/tomcat/webapps/aua] has finished in [6,187] ms
23-Jul-2019 10:32:55.489 INFO [localhost-startStop-1] org.apache.catalina.startup.HostConfig.deployDirectory Deploying web application directory [/opt/projects/tomcat/webapps/repository]
23-Jul-2019 10:32:57.900 INFO [localhost-startStop-1] org.apache.jasper.servlet.TldScanner.scanJars At least one JAR was scanned for TLDs yet contained no TLDs. Enable debug logging for this logger for a complete list of JARs that were scanned but no TLDs were found in them. Skipping unneeded JARs during scanning can improve startup time and JSP compilation time.
23-Jul-2019 10:32:57.916 INFO [localhost-startStop-1] org.apache.catalina.startup.HostConfig.deployDirectory Deployment of web application directory [/opt/projects/tomcat/webapps/repository] has finished in [2,427] ms
23-Jul-2019 10:32:57.937 INFO [main] org.apache.coyote.AbstractProtocol.start Starting ProtocolHandler ["http-nio-8080"]
23-Jul-2019 10:32:58.036 INFO [main] org.apache.coyote.AbstractProtocol.start Starting ProtocolHandler ["ajp-nio-8009"]
23-Jul-2019 10:32:58.042 INFO [main] org.apache.catalina.startup.Catalina.start Server startup in 33841 ms
23-Jul-2019 11:42:24.149 INFO [http-nio-8080-exec-3] org.baraza.reports.BWebReport.setParams Filter = filterid key = LEAD2019.1
23-Jul-2019 11:42:26.231 INFO [http-nio-8080-exec-3] org.baraza.reports.BWebReport.getReport entityid | 0
23-Jul-2019 12:08:24.594 INFO [http-nio-8080-exec-3] org.baraza.reports.BWebReport.setParams Filter = filterid key = LEAD2019.1
23-Jul-2019 12:08:24.664 INFO [http-nio-8080-exec-3] org.baraza.reports.BWebReport.getReport entityid | 0
23-Jul-2019 12:13:13.915 SEVERE [http-nio-8080-exec-1] org.baraza.DB.BDB.executeFunction Database executeFunction error : org.postgresql.util.PSQLException: ERROR: syntax error at or near "WAD"
  Position: 80
23-Jul-2019 12:13:13.916 SEVERE [http-nio-8080-exec-1] org.baraza.DB.BDB.executeFunction Database executeFunction error : org.postgresql.util.PSQLException: ERROR: syntax error at or near "WAD"
  Position: 80
23-Jul-2019 12:13:13.917 SEVERE [http-nio-8080-exec-1] org.baraza.DB.BDB.executeFunction Database executeFunction error : org.postgresql.util.PSQLException: ERROR: syntax error at or near "WAD"
  Position: 80
23-Jul-2019 12:13:16.443 SEVERE [http-nio-8080-exec-8] org.baraza.DB.BDB.executeFunction Database executeFunction error : org.postgresql.util.PSQLException: ERROR: syntax error at or near "WAD"
  Position: 80
23-Jul-2019 12:13:16.443 SEVERE [http-nio-8080-exec-8] org.baraza.DB.BDB.executeFunction Database executeFunction error : org.postgresql.util.PSQLException: ERROR: syntax error at or near "WAD"
  Position: 80
23-Jul-2019 12:13:16.444 SEVERE [http-nio-8080-exec-8] org.baraza.DB.BDB.executeFunction Database executeFunction error : org.postgresql.util.PSQLException: ERROR: syntax error at or near "WAD"
  Position: 80
23-Jul-2019 12:13:18.474 SEVERE [http-nio-8080-exec-10] org.baraza.DB.BDB.executeFunction Database executeFunction error : org.postgresql.util.PSQLException: ERROR: syntax error at or near "WAD"
  Position: 80
23-Jul-2019 12:13:18.474 SEVERE [http-nio-8080-exec-10] org.baraza.DB.BDB.executeFunction Database executeFunction error : org.postgresql.util.PSQLException: ERROR: syntax error at or near "WAD"
  Position: 80
23-Jul-2019 12:13:18.475 SEVERE [http-nio-8080-exec-10] org.baraza.DB.BDB.executeFunction Database executeFunction error : org.postgresql.util.PSQLException: ERROR: syntax error at or near "WAD"
  Position: 80
23-Jul-2019 12:13:20.242 SEVERE [http-nio-8080-exec-3] org.baraza.DB.BDB.executeFunction Database executeFunction error : org.postgresql.util.PSQLException: ERROR: syntax error at or near "WAD"
  Position: 80
23-Jul-2019 12:13:20.242 SEVERE [http-nio-8080-exec-3] org.baraza.DB.BDB.executeFunction Database executeFunction error : org.postgresql.util.PSQLException: ERROR: syntax error at or near "WAD"
  Position: 80
23-Jul-2019 12:13:20.243 SEVERE [http-nio-8080-exec-3] org.baraza.DB.BDB.executeFunction Database executeFunction error : org.postgresql.util.PSQLException: ERROR: syntax error at or near "WAD"
  Position: 80
23-Jul-2019 12:13:24.035 SEVERE [http-nio-8080-exec-1] org.baraza.DB.BDB.executeFunction Database executeFunction error : org.postgresql.util.PSQLException: ERROR: syntax error at or near "ECDCHAP"
  Position: 81
23-Jul-2019 12:13:24.036 SEVERE [http-nio-8080-exec-1] org.baraza.DB.BDB.executeFunction Database executeFunction error : org.postgresql.util.PSQLException: ERROR: syntax error at or near "ECDCHAP"
  Position: 81
23-Jul-2019 12:13:24.037 SEVERE [http-nio-8080-exec-1] org.baraza.DB.BDB.executeFunction Database executeFunction error : org.postgresql.util.PSQLException: ERROR: syntax error at or near "ECDCHAP"
  Position: 81
23-Jul-2019 12:13:27.875 SEVERE [http-nio-8080-exec-10] org.baraza.DB.BDB.executeFunction Database executeFunction error : org.postgresql.util.PSQLException: ERROR: syntax error at or near "ECDCHAP2"
  Position: 80
23-Jul-2019 12:13:27.876 SEVERE [http-nio-8080-exec-10] org.baraza.DB.BDB.executeFunction Database executeFunction error : org.postgresql.util.PSQLException: ERROR: syntax error at or near "ECDCHAP2"
  Position: 80
23-Jul-2019 12:13:27.878 SEVERE [http-nio-8080-exec-10] org.baraza.DB.BDB.executeFunction Database executeFunction error : org.postgresql.util.PSQLException: ERROR: syntax error at or near "ECDCHAP2"
  Position: 80
23-Jul-2019 12:38:34.681 INFO [http-nio-8080-exec-3] org.baraza.reports.BWebReport.setParams Filter = filterid key = LEAD2019.1
23-Jul-2019 12:38:34.894 INFO [http-nio-8080-exec-3] org.baraza.reports.BWebReport.getReport entityid | 0
23-Jul-2019 12:45:42.636 INFO [http-nio-8080-exec-4] org.baraza.reports.BWebReport.setParams Filter = filterid key = LEAD2019.1
23-Jul-2019 12:45:42.679 INFO [http-nio-8080-exec-4] org.baraza.reports.BWebReport.getReport entityid | 0
23-Jul-2019 12:48:20.523 SEVERE [http-nio-8080-exec-3] org.baraza.DB.BQuery.readField Data field read error : org.postgresql.util.PSQLException: ResultSet not positioned properly, perhaps you need to call next.
23-Jul-2019 12:48:20.545 SEVERE [http-nio-8080-exec-3] org.baraza.DB.BQuery.updateRecField The SQL Exeption on update field vote_head_id : org.postgresql.util.PSQLException: Cannot update the ResultSet because it is either before the start or after the end of the results.
23-Jul-2019 12:48:20.545 SEVERE [http-nio-8080-exec-3] org.baraza.DB.BQuery.readField Data field read error : org.postgresql.util.PSQLException: ResultSet not positioned properly, perhaps you need to call next.
23-Jul-2019 12:48:20.545 SEVERE [http-nio-8080-exec-3] org.baraza.DB.BQuery.updateRecField The SQL Exeption on update field amount : org.postgresql.util.PSQLException: Cannot update the ResultSet because it is either before the start or after the end of the results.
23-Jul-2019 12:48:20.954 SEVERE [http-nio-8080-exec-3] org.baraza.DB.BQuery.recSave Update record error : org.postgresql.util.PSQLException: Cannot update the ResultSet because it is either before the start or after the end of the results.
23-Jul-2019 12:48:20.954 SEVERE [http-nio-8080-exec-3] org.baraza.DB.BQuery.recSave The error code 0
23-Jul-2019 12:48:20.956 SEVERE [http-nio-8080-exec-3] org.baraza.DB.BQuery.formatData Query data field formating error : COMBOBOX : vote_head_id : org.postgresql.util.PSQLException: ResultSet not positioned properly, perhaps you need to call next.
23-Jul-2019 12:48:20.957 SEVERE [http-nio-8080-exec-3] org.baraza.DB.BQuery.formatData Query data field formating error : TEXTDECIMAL : amount : org.postgresql.util.PSQLException: ResultSet not positioned properly, perhaps you need to call next.
23-Jul-2019 12:48:20.957 SEVERE [http-nio-8080-exec-3] org.baraza.DB.BQuery.readField Data field read error : org.postgresql.util.PSQLException: ResultSet not positioned properly, perhaps you need to call next.
23-Jul-2019 12:48:24.426 SEVERE [http-nio-8080-exec-1] org.baraza.DB.BQuery.readField Data field read error : org.postgresql.util.PSQLException: ResultSet not positioned properly, perhaps you need to call next.
23-Jul-2019 12:48:24.559 SEVERE [http-nio-8080-exec-1] org.baraza.DB.BQuery.updateRecField The SQL Exeption on update field vote_head_id : org.postgresql.util.PSQLException: Cannot update the ResultSet because it is either before the start or after the end of the results.
23-Jul-2019 12:48:24.560 SEVERE [http-nio-8080-exec-1] org.baraza.DB.BQuery.readField Data field read error : org.postgresql.util.PSQLException: ResultSet not positioned properly, perhaps you need to call next.
23-Jul-2019 12:48:24.560 SEVERE [http-nio-8080-exec-1] org.baraza.DB.BQuery.updateRecField The SQL Exeption on update field amount : org.postgresql.util.PSQLException: Cannot update the ResultSet because it is either before the start or after the end of the results.
23-Jul-2019 12:48:24.561 SEVERE [http-nio-8080-exec-1] org.baraza.DB.BQuery.recSave Update record error : org.postgresql.util.PSQLException: Cannot update the ResultSet because it is either before the start or after the end of the results.
23-Jul-2019 12:48:24.562 SEVERE [http-nio-8080-exec-1] org.baraza.DB.BQuery.recSave The error code 0
23-Jul-2019 12:48:24.563 SEVERE [http-nio-8080-exec-1] org.baraza.DB.BQuery.formatData Query data field formating error : COMBOBOX : vote_head_id : org.postgresql.util.PSQLException: ResultSet not positioned properly, perhaps you need to call next.
23-Jul-2019 12:48:24.564 SEVERE [http-nio-8080-exec-1] org.baraza.DB.BQuery.formatData Query data field formating error : TEXTDECIMAL : amount : org.postgresql.util.PSQLException: ResultSet not positioned properly, perhaps you need to call next.
23-Jul-2019 12:48:24.564 SEVERE [http-nio-8080-exec-1] org.baraza.DB.BQuery.readField Data field read error : org.postgresql.util.PSQLException: ResultSet not positioned properly, perhaps you need to call next.
23-Jul-2019 12:48:26.429 SEVERE [http-nio-8080-exec-8] org.baraza.DB.BQuery.readField Data field read error : org.postgresql.util.PSQLException: ResultSet not positioned properly, perhaps you need to call next.
23-Jul-2019 12:48:26.442 SEVERE [http-nio-8080-exec-8] org.baraza.DB.BQuery.updateRecField The SQL Exeption on update field vote_head_id : org.postgresql.util.PSQLException: Cannot update the ResultSet because it is either before the start or after the end of the results.
23-Jul-2019 12:48:26.442 SEVERE [http-nio-8080-exec-8] org.baraza.DB.BQuery.readField Data field read error : org.postgresql.util.PSQLException: ResultSet not positioned properly, perhaps you need to call next.
23-Jul-2019 12:48:26.443 SEVERE [http-nio-8080-exec-8] org.baraza.DB.BQuery.updateRecField The SQL Exeption on update field amount : org.postgresql.util.PSQLException: Cannot update the ResultSet because it is either before the start or after the end of the results.
23-Jul-2019 12:48:26.445 SEVERE [http-nio-8080-exec-8] org.baraza.DB.BQuery.recSave Update record error : org.postgresql.util.PSQLException: Cannot update the ResultSet because it is either before the start or after the end of the results.
23-Jul-2019 12:48:26.445 SEVERE [http-nio-8080-exec-8] org.baraza.DB.BQuery.recSave The error code 0
23-Jul-2019 12:48:26.447 SEVERE [http-nio-8080-exec-8] org.baraza.DB.BQuery.formatData Query data field formating error : COMBOBOX : vote_head_id : org.postgresql.util.PSQLException: ResultSet not positioned properly, perhaps you need to call next.
23-Jul-2019 12:48:26.447 SEVERE [http-nio-8080-exec-8] org.baraza.DB.BQuery.formatData Query data field formating error : TEXTDECIMAL : amount : org.postgresql.util.PSQLException: ResultSet not positioned properly, perhaps you need to call next.
23-Jul-2019 12:48:26.447 SEVERE [http-nio-8080-exec-8] org.baraza.DB.BQuery.readField Data field read error : org.postgresql.util.PSQLException: ResultSet not positioned properly, perhaps you need to call next.
23-Jul-2019 12:48:39.029 SEVERE [http-nio-8080-exec-6] org.baraza.DB.BQuery.readField Data field read error : org.postgresql.util.PSQLException: ResultSet not positioned properly, perhaps you need to call next.
23-Jul-2019 12:48:39.034 SEVERE [http-nio-8080-exec-6] org.baraza.DB.BQuery.updateRecField The SQL Exeption on update field vote_head_id : org.postgresql.util.PSQLException: Cannot update the ResultSet because it is either before the start or after the end of the results.
23-Jul-2019 12:48:39.034 SEVERE [http-nio-8080-exec-6] org.baraza.DB.BQuery.readField Data field read error : org.postgresql.util.PSQLException: ResultSet not positioned properly, perhaps you need to call next.
23-Jul-2019 12:48:39.034 SEVERE [http-nio-8080-exec-6] org.baraza.DB.BQuery.updateRecField The SQL Exeption on update field amount : org.postgresql.util.PSQLException: Cannot update the ResultSet because it is either before the start or after the end of the results.
23-Jul-2019 12:48:39.035 SEVERE [http-nio-8080-exec-6] org.baraza.DB.BQuery.recSave Update record error : org.postgresql.util.PSQLException: Cannot update the ResultSet because it is either before the start or after the end of the results.
23-Jul-2019 12:48:39.035 SEVERE [http-nio-8080-exec-6] org.baraza.DB.BQuery.recSave The error code 0
23-Jul-2019 12:48:39.036 SEVERE [http-nio-8080-exec-6] org.baraza.DB.BQuery.formatData Query data field formating error : COMBOBOX : vote_head_id : org.postgresql.util.PSQLException: ResultSet not positioned properly, perhaps you need to call next.
23-Jul-2019 12:48:39.036 SEVERE [http-nio-8080-exec-6] org.baraza.DB.BQuery.formatData Query data field formating error : TEXTDECIMAL : amount : org.postgresql.util.PSQLException: ResultSet not positioned properly, perhaps you need to call next.
23-Jul-2019 12:48:39.036 SEVERE [http-nio-8080-exec-6] org.baraza.DB.BQuery.readField Data field read error : org.postgresql.util.PSQLException: ResultSet not positioned properly, perhaps you need to call next.
23-Jul-2019 12:48:41.105 SEVERE [http-nio-8080-exec-2] org.baraza.DB.BQuery.readField Data field read error : org.postgresql.util.PSQLException: ResultSet not positioned properly, perhaps you need to call next.
23-Jul-2019 12:48:41.111 SEVERE [http-nio-8080-exec-2] org.baraza.DB.BQuery.updateRecField The SQL Exeption on update field vote_head_id : org.postgresql.util.PSQLException: Cannot update the ResultSet because it is either before the start or after the end of the results.
23-Jul-2019 12:48:41.111 SEVERE [http-nio-8080-exec-2] org.baraza.DB.BQuery.readField Data field read error : org.postgresql.util.PSQLException: ResultSet not positioned properly, perhaps you need to call next.
23-Jul-2019 12:48:41.111 SEVERE [http-nio-8080-exec-2] org.baraza.DB.BQuery.updateRecField The SQL Exeption on update field amount : org.postgresql.util.PSQLException: Cannot update the ResultSet because it is either before the start or after the end of the results.
23-Jul-2019 12:48:41.112 SEVERE [http-nio-8080-exec-2] org.baraza.DB.BQuery.recSave Update record error : org.postgresql.util.PSQLException: Cannot update the ResultSet because it is either before the start or after the end of the results.
23-Jul-2019 12:48:41.112 SEVERE [http-nio-8080-exec-2] org.baraza.DB.BQuery.recSave The error code 0
23-Jul-2019 12:48:41.113 SEVERE [http-nio-8080-exec-2] org.baraza.DB.BQuery.formatData Query data field formating error : COMBOBOX : vote_head_id : org.postgresql.util.PSQLException: ResultSet not positioned properly, perhaps you need to call next.
23-Jul-2019 12:48:41.113 SEVERE [http-nio-8080-exec-2] org.baraza.DB.BQuery.formatData Query data field formating error : TEXTDECIMAL : amount : org.postgresql.util.PSQLException: ResultSet not positioned properly, perhaps you need to call next.
23-Jul-2019 12:48:41.113 SEVERE [http-nio-8080-exec-2] org.baraza.DB.BQuery.readField Data field read error : org.postgresql.util.PSQLException: ResultSet not positioned properly, perhaps you need to call next.
23-Jul-2019 12:48:41.569 SEVERE [http-nio-8080-exec-4] org.baraza.DB.BQuery.readField Data field read error : org.postgresql.util.PSQLException: ResultSet not positioned properly, perhaps you need to call next.
23-Jul-2019 12:48:41.575 SEVERE [http-nio-8080-exec-4] org.baraza.DB.BQuery.updateRecField The SQL Exeption on update field vote_head_id : org.postgresql.util.PSQLException: Cannot update the ResultSet because it is either before the start or after the end of the results.
23-Jul-2019 12:48:41.576 SEVERE [http-nio-8080-exec-4] org.baraza.DB.BQuery.readField Data field read error : org.postgresql.util.PSQLException: ResultSet not positioned properly, perhaps you need to call next.
23-Jul-2019 12:48:41.576 SEVERE [http-nio-8080-exec-4] org.baraza.DB.BQuery.updateRecField The SQL Exeption on update field amount : org.postgresql.util.PSQLException: Cannot update the ResultSet because it is either before the start or after the end of the results.
23-Jul-2019 12:48:41.576 SEVERE [http-nio-8080-exec-4] org.baraza.DB.BQuery.recSave Update record error : org.postgresql.util.PSQLException: Cannot update the ResultSet because it is either before the start or after the end of the results.
23-Jul-2019 12:48:41.576 SEVERE [http-nio-8080-exec-4] org.baraza.DB.BQuery.recSave The error code 0
23-Jul-2019 12:48:41.577 SEVERE [http-nio-8080-exec-4] org.baraza.DB.BQuery.formatData Query data field formating error : COMBOBOX : vote_head_id : org.postgresql.util.PSQLException: ResultSet not positioned properly, perhaps you need to call next.
23-Jul-2019 12:48:41.577 SEVERE [http-nio-8080-exec-4] org.baraza.DB.BQuery.formatData Query data field formating error : TEXTDECIMAL : amount : org.postgresql.util.PSQLException: ResultSet not positioned properly, perhaps you need to call next.
23-Jul-2019 12:48:41.577 SEVERE [http-nio-8080-exec-4] org.baraza.DB.BQuery.readField Data field read error : org.postgresql.util.PSQLException: ResultSet not positioned properly, perhaps you need to call next.
23-Jul-2019 12:48:41.772 SEVERE [http-nio-8080-exec-5] org.baraza.DB.BQuery.readField Data field read error : org.postgresql.util.PSQLException: ResultSet not positioned properly, perhaps you need to call next.
23-Jul-2019 12:48:41.778 SEVERE [http-nio-8080-exec-5] org.baraza.DB.BQuery.updateRecField The SQL Exeption on update field vote_head_id : org.postgresql.util.PSQLException: Cannot update the ResultSet because it is either before the start or after the end of the results.
23-Jul-2019 12:48:41.779 SEVERE [http-nio-8080-exec-5] org.baraza.DB.BQuery.readField Data field read error : org.postgresql.util.PSQLException: ResultSet not positioned properly, perhaps you need to call next.
23-Jul-2019 12:48:41.779 SEVERE [http-nio-8080-exec-5] org.baraza.DB.BQuery.updateRecField The SQL Exeption on update field amount : org.postgresql.util.PSQLException: Cannot update the ResultSet because it is either before the start or after the end of the results.
23-Jul-2019 12:48:41.779 SEVERE [http-nio-8080-exec-5] org.baraza.DB.BQuery.recSave Update record error : org.postgresql.util.PSQLException: Cannot update the ResultSet because it is either before the start or after the end of the results.
23-Jul-2019 12:48:41.779 SEVERE [http-nio-8080-exec-5] org.baraza.DB.BQuery.recSave The error code 0
23-Jul-2019 12:48:41.780 SEVERE [http-nio-8080-exec-5] org.baraza.DB.BQuery.formatData Query data field formating error : COMBOBOX : vote_head_id : org.postgresql.util.PSQLException: ResultSet not positioned properly, perhaps you need to call next.
23-Jul-2019 12:48:41.780 SEVERE [http-nio-8080-exec-5] org.baraza.DB.BQuery.formatData Query data field formating error : TEXTDECIMAL : amount : org.postgresql.util.PSQLException: ResultSet not positioned properly, perhaps you need to call next.
23-Jul-2019 12:48:41.780 SEVERE [http-nio-8080-exec-5] org.baraza.DB.BQuery.readField Data field read error : org.postgresql.util.PSQLException: ResultSet not positioned properly, perhaps you need to call next.
23-Jul-2019 12:48:42.174 SEVERE [http-nio-8080-exec-10] org.baraza.DB.BQuery.readField Data field read error : org.postgresql.util.PSQLException: ResultSet not positioned properly, perhaps you need to call next.
23-Jul-2019 12:48:42.180 SEVERE [http-nio-8080-exec-10] org.baraza.DB.BQuery.updateRecField The SQL Exeption on update field vote_head_id : org.postgresql.util.PSQLException: Cannot update the ResultSet because it is either before the start or after the end of the results.
23-Jul-2019 12:48:42.181 SEVERE [http-nio-8080-exec-10] org.baraza.DB.BQuery.readField Data field read error : org.postgresql.util.PSQLException: ResultSet not positioned properly, perhaps you need to call next.
23-Jul-2019 12:48:42.181 SEVERE [http-nio-8080-exec-10] org.baraza.DB.BQuery.updateRecField The SQL Exeption on update field amount : org.postgresql.util.PSQLException: Cannot update the ResultSet because it is either before the start or after the end of the results.
23-Jul-2019 12:48:42.181 SEVERE [http-nio-8080-exec-10] org.baraza.DB.BQuery.recSave Update record error : org.postgresql.util.PSQLException: Cannot update the ResultSet because it is either before the start or after the end of the results.
23-Jul-2019 12:48:42.182 SEVERE [http-nio-8080-exec-10] org.baraza.DB.BQuery.recSave The error code 0
23-Jul-2019 12:48:42.182 SEVERE [http-nio-8080-exec-10] org.baraza.DB.BQuery.formatData Query data field formating error : COMBOBOX : vote_head_id : org.postgresql.util.PSQLException: ResultSet not positioned properly, perhaps you need to call next.
23-Jul-2019 12:48:42.182 SEVERE [http-nio-8080-exec-10] org.baraza.DB.BQuery.formatData Query data field formating error : TEXTDECIMAL : amount : org.postgresql.util.PSQLException: ResultSet not positioned properly, perhaps you need to call next.
23-Jul-2019 12:48:42.182 SEVERE [http-nio-8080-exec-10] org.baraza.DB.BQuery.readField Data field read error : org.postgresql.util.PSQLException: ResultSet not positioned properly, perhaps you need to call next.
23-Jul-2019 12:48:42.270 SEVERE [http-nio-8080-exec-7] org.baraza.DB.BQuery.readField Data field read error : org.postgresql.util.PSQLException: ResultSet not positioned properly, perhaps you need to call next.
23-Jul-2019 12:48:42.275 SEVERE [http-nio-8080-exec-7] org.baraza.DB.BQuery.updateRecField The SQL Exeption on update field vote_head_id : org.postgresql.util.PSQLException: Cannot update the ResultSet because it is either before the start or after the end of the results.
23-Jul-2019 12:48:42.275 SEVERE [http-nio-8080-exec-7] org.baraza.DB.BQuery.readField Data field read error : org.postgresql.util.PSQLException: ResultSet not positioned properly, perhaps you need to call next.
23-Jul-2019 12:48:42.275 SEVERE [http-nio-8080-exec-7] org.baraza.DB.BQuery.updateRecField The SQL Exeption on update field amount : org.postgresql.util.PSQLException: Cannot update the ResultSet because it is either before the start or after the end of the results.
23-Jul-2019 12:48:42.275 SEVERE [http-nio-8080-exec-7] org.baraza.DB.BQuery.recSave Update record error : org.postgresql.util.PSQLException: Cannot update the ResultSet because it is either before the start or after the end of the results.
23-Jul-2019 12:48:42.275 SEVERE [http-nio-8080-exec-7] org.baraza.DB.BQuery.recSave The error code 0
23-Jul-2019 12:48:42.276 SEVERE [http-nio-8080-exec-7] org.baraza.DB.BQuery.formatData Query data field formating error : COMBOBOX : vote_head_id : org.postgresql.util.PSQLException: ResultSet not positioned properly, perhaps you need to call next.
23-Jul-2019 12:48:42.276 SEVERE [http-nio-8080-exec-7] org.baraza.DB.BQuery.formatData Query data field formating error : TEXTDECIMAL : amount : org.postgresql.util.PSQLException: ResultSet not positioned properly, perhaps you need to call next.
23-Jul-2019 12:48:42.276 SEVERE [http-nio-8080-exec-7] org.baraza.DB.BQuery.readField Data field read error : org.postgresql.util.PSQLException: ResultSet not positioned properly, perhaps you need to call next.
23-Jul-2019 12:48:42.521 SEVERE [http-nio-8080-exec-9] org.baraza.DB.BQuery.readField Data field read error : org.postgresql.util.PSQLException: ResultSet not positioned properly, perhaps you need to call next.
23-Jul-2019 12:48:42.526 SEVERE [http-nio-8080-exec-9] org.baraza.DB.BQuery.updateRecField The SQL Exeption on update field vote_head_id : org.postgresql.util.PSQLException: Cannot update the ResultSet because it is either before the start or after the end of the results.
23-Jul-2019 12:48:42.526 SEVERE [http-nio-8080-exec-9] org.baraza.DB.BQuery.readField Data field read error : org.postgresql.util.PSQLException: ResultSet not positioned properly, perhaps you need to call next.
23-Jul-2019 12:48:42.526 SEVERE [http-nio-8080-exec-9] org.baraza.DB.BQuery.updateRecField The SQL Exeption on update field amount : org.postgresql.util.PSQLException: Cannot update the ResultSet because it is either before the start or after the end of the results.
23-Jul-2019 12:48:42.527 SEVERE [http-nio-8080-exec-9] org.baraza.DB.BQuery.recSave Update record error : org.postgresql.util.PSQLException: Cannot update the ResultSet because it is either before the start or after the end of the results.
23-Jul-2019 12:48:42.527 SEVERE [http-nio-8080-exec-9] org.baraza.DB.BQuery.recSave The error code 0
23-Jul-2019 12:48:42.527 SEVERE [http-nio-8080-exec-9] org.baraza.DB.BQuery.formatData Query data field formating error : COMBOBOX : vote_head_id : org.postgresql.util.PSQLException: ResultSet not positioned properly, perhaps you need to call next.
23-Jul-2019 12:48:42.527 SEVERE [http-nio-8080-exec-9] org.baraza.DB.BQuery.formatData Query data field formating error : TEXTDECIMAL : amount : org.postgresql.util.PSQLException: ResultSet not positioned properly, perhaps you need to call next.
23-Jul-2019 12:48:42.528 SEVERE [http-nio-8080-exec-9] org.baraza.DB.BQuery.readField Data field read error : org.postgresql.util.PSQLException: ResultSet not positioned properly, perhaps you need to call next.
23-Jul-2019 12:48:42.713 SEVERE [http-nio-8080-exec-3] org.baraza.DB.BQuery.readField Data field read error : org.postgresql.util.PSQLException: ResultSet not positioned properly, perhaps you need to call next.
23-Jul-2019 12:48:42.716 SEVERE [http-nio-8080-exec-3] org.baraza.DB.BQuery.updateRecField The SQL Exeption on update field vote_head_id : org.postgresql.util.PSQLException: Cannot update the ResultSet because it is either before the start or after the end of the results.
23-Jul-2019 12:48:42.716 SEVERE [http-nio-8080-exec-3] org.baraza.DB.BQuery.readField Data field read error : org.postgresql.util.PSQLException: ResultSet not positioned properly, perhaps you need to call next.
23-Jul-2019 12:48:42.717 SEVERE [http-nio-8080-exec-3] org.baraza.DB.BQuery.updateRecField The SQL Exeption on update field amount : org.postgresql.util.PSQLException: Cannot update the ResultSet because it is either before the start or after the end of the results.
23-Jul-2019 12:48:42.717 SEVERE [http-nio-8080-exec-3] org.baraza.DB.BQuery.recSave Update record error : org.postgresql.util.PSQLException: Cannot update the ResultSet because it is either before the start or after the end of the results.
23-Jul-2019 12:48:42.717 SEVERE [http-nio-8080-exec-3] org.baraza.DB.BQuery.recSave The error code 0
23-Jul-2019 12:48:42.718 SEVERE [http-nio-8080-exec-3] org.baraza.DB.BQuery.formatData Query data field formating error : COMBOBOX : vote_head_id : org.postgresql.util.PSQLException: ResultSet not positioned properly, perhaps you need to call next.
23-Jul-2019 12:48:42.718 SEVERE [http-nio-8080-exec-3] org.baraza.DB.BQuery.formatData Query data field formating error : TEXTDECIMAL : amount : org.postgresql.util.PSQLException: ResultSet not positioned properly, perhaps you need to call next.
23-Jul-2019 12:48:42.718 SEVERE [http-nio-8080-exec-3] org.baraza.DB.BQuery.readField Data field read error : org.postgresql.util.PSQLException: ResultSet not positioned properly, perhaps you need to call next.
23-Jul-2019 12:48:43.132 SEVERE [http-nio-8080-exec-1] org.baraza.DB.BQuery.readField Data field read error : org.postgresql.util.PSQLException: ResultSet not positioned properly, perhaps you need to call next.
23-Jul-2019 12:48:43.136 SEVERE [http-nio-8080-exec-1] org.baraza.DB.BQuery.updateRecField The SQL Exeption on update field vote_head_id : org.postgresql.util.PSQLException: Cannot update the ResultSet because it is either before the start or after the end of the results.
23-Jul-2019 12:48:43.136 SEVERE [http-nio-8080-exec-1] org.baraza.DB.BQuery.readField Data field read error : org.postgresql.util.PSQLException: ResultSet not positioned properly, perhaps you need to call next.
23-Jul-2019 12:48:43.136 SEVERE [http-nio-8080-exec-1] org.baraza.DB.BQuery.updateRecField The SQL Exeption on update field amount : org.postgresql.util.PSQLException: Cannot update the ResultSet because it is either before the start or after the end of the results.
23-Jul-2019 12:48:43.136 SEVERE [http-nio-8080-exec-1] org.baraza.DB.BQuery.recSave Update record error : org.postgresql.util.PSQLException: Cannot update the ResultSet because it is either before the start or after the end of the results.
23-Jul-2019 12:48:43.136 SEVERE [http-nio-8080-exec-1] org.baraza.DB.BQuery.recSave The error code 0
23-Jul-2019 12:48:43.137 SEVERE [http-nio-8080-exec-1] org.baraza.DB.BQuery.formatData Query data field formating error : COMBOBOX : vote_head_id : org.postgresql.util.PSQLException: ResultSet not positioned properly, perhaps you need to call next.
23-Jul-2019 12:48:43.137 SEVERE [http-nio-8080-exec-1] org.baraza.DB.BQuery.formatData Query data field formating error : TEXTDECIMAL : amount : org.postgresql.util.PSQLException: ResultSet not positioned properly, perhaps you need to call next.
23-Jul-2019 12:48:43.137 SEVERE [http-nio-8080-exec-1] org.baraza.DB.BQuery.readField Data field read error : org.postgresql.util.PSQLException: ResultSet not positioned properly, perhaps you need to call next.
23-Jul-2019 12:48:43.270 SEVERE [http-nio-8080-exec-8] org.baraza.DB.BQuery.readField Data field read error : org.postgresql.util.PSQLException: ResultSet not positioned properly, perhaps you need to call next.
23-Jul-2019 12:48:43.274 SEVERE [http-nio-8080-exec-8] org.baraza.DB.BQuery.updateRecField The SQL Exeption on update field vote_head_id : org.postgresql.util.PSQLException: Cannot update the ResultSet because it is either before the start or after the end of the results.
23-Jul-2019 12:48:43.274 SEVERE [http-nio-8080-exec-8] org.baraza.DB.BQuery.readField Data field read error : org.postgresql.util.PSQLException: ResultSet not positioned properly, perhaps you need to call next.
23-Jul-2019 12:48:43.275 SEVERE [http-nio-8080-exec-8] org.baraza.DB.BQuery.updateRecField The SQL Exeption on update field amount : org.postgresql.util.PSQLException: Cannot update the ResultSet because it is either before the start or after the end of the results.
23-Jul-2019 12:48:43.275 SEVERE [http-nio-8080-exec-8] org.baraza.DB.BQuery.recSave Update record error : org.postgresql.util.PSQLException: Cannot update the ResultSet because it is either before the start or after the end of the results.
23-Jul-2019 12:48:43.275 SEVERE [http-nio-8080-exec-8] org.baraza.DB.BQuery.recSave The error code 0
23-Jul-2019 12:48:43.276 SEVERE [http-nio-8080-exec-8] org.baraza.DB.BQuery.formatData Query data field formating error : COMBOBOX : vote_head_id : org.postgresql.util.PSQLException: ResultSet not positioned properly, perhaps you need to call next.
23-Jul-2019 12:48:43.276 SEVERE [http-nio-8080-exec-8] org.baraza.DB.BQuery.formatData Query data field formating error : TEXTDECIMAL : amount : org.postgresql.util.PSQLException: ResultSet not positioned properly, perhaps you need to call next.
23-Jul-2019 12:48:43.276 SEVERE [http-nio-8080-exec-8] org.baraza.DB.BQuery.readField Data field read error : org.postgresql.util.PSQLException: ResultSet not positioned properly, perhaps you need to call next.
23-Jul-2019 12:48:43.561 SEVERE [http-nio-8080-exec-6] org.baraza.DB.BQuery.readField Data field read error : org.postgresql.util.PSQLException: ResultSet not positioned properly, perhaps you need to call next.
23-Jul-2019 12:48:43.565 SEVERE [http-nio-8080-exec-6] org.baraza.DB.BQuery.updateRecField The SQL Exeption on update field vote_head_id : org.postgresql.util.PSQLException: Cannot update the ResultSet because it is either before the start or after the end of the results.
23-Jul-2019 12:48:43.565 SEVERE [http-nio-8080-exec-6] org.baraza.DB.BQuery.readField Data field read error : org.postgresql.util.PSQLException: ResultSet not positioned properly, perhaps you need to call next.
23-Jul-2019 12:48:43.565 SEVERE [http-nio-8080-exec-6] org.baraza.DB.BQuery.updateRecField The SQL Exeption on update field amount : org.postgresql.util.PSQLException: Cannot update the ResultSet because it is either before the start or after the end of the results.
23-Jul-2019 12:48:43.566 SEVERE [http-nio-8080-exec-6] org.baraza.DB.BQuery.recSave Update record error : org.postgresql.util.PSQLException: Cannot update the ResultSet because it is either before the start or after the end of the results.
23-Jul-2019 12:48:43.566 SEVERE [http-nio-8080-exec-6] org.baraza.DB.BQuery.recSave The error code 0
23-Jul-2019 12:48:43.566 SEVERE [http-nio-8080-exec-6] org.baraza.DB.BQuery.formatData Query data field formating error : COMBOBOX : vote_head_id : org.postgresql.util.PSQLException: ResultSet not positioned properly, perhaps you need to call next.
23-Jul-2019 12:48:43.566 SEVERE [http-nio-8080-exec-6] org.baraza.DB.BQuery.formatData Query data field formating error : TEXTDECIMAL : amount : org.postgresql.util.PSQLException: ResultSet not positioned properly, perhaps you need to call next.
23-Jul-2019 12:48:43.567 SEVERE [http-nio-8080-exec-6] org.baraza.DB.BQuery.readField Data field read error : org.postgresql.util.PSQLException: ResultSet not positioned properly, perhaps you need to call next.
23-Jul-2019 12:48:43.814 SEVERE [http-nio-8080-exec-2] org.baraza.DB.BQuery.readField Data field read error : org.postgresql.util.PSQLException: ResultSet not positioned properly, perhaps you need to call next.
23-Jul-2019 12:48:43.821 SEVERE [http-nio-8080-exec-2] org.baraza.DB.BQuery.updateRecField The SQL Exeption on update field vote_head_id : org.postgresql.util.PSQLException: Cannot update the ResultSet because it is either before the start or after the end of the results.
23-Jul-2019 12:48:43.822 SEVERE [http-nio-8080-exec-2] org.baraza.DB.BQuery.readField Data field read error : org.postgresql.util.PSQLException: ResultSet not positioned properly, perhaps you need to call next.
23-Jul-2019 12:48:43.822 SEVERE [http-nio-8080-exec-2] org.baraza.DB.BQuery.updateRecField The SQL Exeption on update field amount : org.postgresql.util.PSQLException: Cannot update the ResultSet because it is either before the start or after the end of the results.
23-Jul-2019 12:48:43.822 SEVERE [http-nio-8080-exec-2] org.baraza.DB.BQuery.recSave Update record error : org.postgresql.util.PSQLException: Cannot update the ResultSet because it is either before the start or after the end of the results.
23-Jul-2019 12:48:43.823 SEVERE [http-nio-8080-exec-2] org.baraza.DB.BQuery.recSave The error code 0
23-Jul-2019 12:48:43.823 SEVERE [http-nio-8080-exec-2] org.baraza.DB.BQuery.formatData Query data field formating error : COMBOBOX : vote_head_id : org.postgresql.util.PSQLException: ResultSet not positioned properly, perhaps you need to call next.
23-Jul-2019 12:48:43.823 SEVERE [http-nio-8080-exec-2] org.baraza.DB.BQuery.formatData Query data field formating error : TEXTDECIMAL : amount : org.postgresql.util.PSQLException: ResultSet not positioned properly, perhaps you need to call next.
23-Jul-2019 12:48:43.824 SEVERE [http-nio-8080-exec-2] org.baraza.DB.BQuery.readField Data field read error : org.postgresql.util.PSQLException: ResultSet not positioned properly, perhaps you need to call next.
23-Jul-2019 12:48:43.993 SEVERE [http-nio-8080-exec-4] org.baraza.DB.BQuery.readField Data field read error : org.postgresql.util.PSQLException: ResultSet not positioned properly, perhaps you need to call next.
23-Jul-2019 12:48:43.998 SEVERE [http-nio-8080-exec-4] org.baraza.DB.BQuery.updateRecField The SQL Exeption on update field vote_head_id : org.postgresql.util.PSQLException: Cannot update the ResultSet because it is either before the start or after the end of the results.
23-Jul-2019 12:48:43.998 SEVERE [http-nio-8080-exec-4] org.baraza.DB.BQuery.readField Data field read error : org.postgresql.util.PSQLException: ResultSet not positioned properly, perhaps you need to call next.
23-Jul-2019 12:48:43.998 SEVERE [http-nio-8080-exec-4] org.baraza.DB.BQuery.updateRecField The SQL Exeption on update field amount : org.postgresql.util.PSQLException: Cannot update the ResultSet because it is either before the start or after the end of the results.
23-Jul-2019 12:48:43.999 SEVERE [http-nio-8080-exec-4] org.baraza.DB.BQuery.recSave Update record error : org.postgresql.util.PSQLException: Cannot update the ResultSet because it is either before the start or after the end of the results.
23-Jul-2019 12:48:43.999 SEVERE [http-nio-8080-exec-4] org.baraza.DB.BQuery.recSave The error code 0
23-Jul-2019 12:48:43.999 SEVERE [http-nio-8080-exec-4] org.baraza.DB.BQuery.formatData Query data field formating error : COMBOBOX : vote_head_id : org.postgresql.util.PSQLException: ResultSet not positioned properly, perhaps you need to call next.
23-Jul-2019 12:48:43.999 SEVERE [http-nio-8080-exec-4] org.baraza.DB.BQuery.formatData Query data field formating error : TEXTDECIMAL : amount : org.postgresql.util.PSQLException: ResultSet not positioned properly, perhaps you need to call next.
23-Jul-2019 12:48:43.999 SEVERE [http-nio-8080-exec-4] org.baraza.DB.BQuery.readField Data field read error : org.postgresql.util.PSQLException: ResultSet not positioned properly, perhaps you need to call next.
23-Jul-2019 12:48:44.357 SEVERE [http-nio-8080-exec-5] org.baraza.DB.BQuery.readField Data field read error : org.postgresql.util.PSQLException: ResultSet not positioned properly, perhaps you need to call next.
23-Jul-2019 12:48:44.362 SEVERE [http-nio-8080-exec-5] org.baraza.DB.BQuery.updateRecField The SQL Exeption on update field vote_head_id : org.postgresql.util.PSQLException: Cannot update the ResultSet because it is either before the start or after the end of the results.
23-Jul-2019 12:48:44.362 SEVERE [http-nio-8080-exec-5] org.baraza.DB.BQuery.readField Data field read error : org.postgresql.util.PSQLException: ResultSet not positioned properly, perhaps you need to call next.
23-Jul-2019 12:48:44.363 SEVERE [http-nio-8080-exec-5] org.baraza.DB.BQuery.updateRecField The SQL Exeption on update field amount : org.postgresql.util.PSQLException: Cannot update the ResultSet because it is either before the start or after the end of the results.
23-Jul-2019 12:48:44.363 SEVERE [http-nio-8080-exec-5] org.baraza.DB.BQuery.recSave Update record error : org.postgresql.util.PSQLException: Cannot update the ResultSet because it is either before the start or after the end of the results.
23-Jul-2019 12:48:44.364 SEVERE [http-nio-8080-exec-5] org.baraza.DB.BQuery.recSave The error code 0
23-Jul-2019 12:48:44.364 SEVERE [http-nio-8080-exec-5] org.baraza.DB.BQuery.formatData Query data field formating error : COMBOBOX : vote_head_id : org.postgresql.util.PSQLException: ResultSet not positioned properly, perhaps you need to call next.
23-Jul-2019 12:48:44.364 SEVERE [http-nio-8080-exec-5] org.baraza.DB.BQuery.formatData Query data field formating error : TEXTDECIMAL : amount : org.postgresql.util.PSQLException: ResultSet not positioned properly, perhaps you need to call next.
23-Jul-2019 12:48:44.364 SEVERE [http-nio-8080-exec-5] org.baraza.DB.BQuery.readField Data field read error : org.postgresql.util.PSQLException: ResultSet not positioned properly, perhaps you need to call next.
23-Jul-2019 12:49:31.178 INFO [http-nio-8080-exec-10] org.baraza.reports.BWebReport.setParams Filter = filterid key = LEAD2019.1
23-Jul-2019 12:49:31.181 INFO [http-nio-8080-exec-10] org.baraza.reports.BWebReport.getReport entityid | 0
23-Jul-2019 14:36:47.499 INFO [http-nio-8080-exec-2] org.baraza.reports.BWebReport.setParams Filter = filterid key = LEAD2019.1
23-Jul-2019 14:36:48.021 INFO [http-nio-8080-exec-2] org.baraza.reports.BWebReport.getReport entityid | 0
23-Jul-2019 17:43:18.503 INFO [http-nio-8080-exec-6] org.baraza.reports.BWebReport.setParams Filter = filterid key = LEAD2019.1
23-Jul-2019 17:43:22.475 INFO [http-nio-8080-exec-6] org.baraza.reports.BWebReport.getReport entityid | 0
23-Jul-2019 17:44:38.507 INFO [http-nio-8080-exec-8] org.baraza.reports.BWebReport.setParams Filter = filterid key = LEAD2019.1
23-Jul-2019 17:44:38.569 INFO [http-nio-8080-exec-8] org.baraza.reports.BWebReport.getReport entityid | 0
23-Jul-2019 17:45:42.041 INFO [http-nio-8080-exec-2] org.baraza.reports.BWebReport.setParams Filter = filterid key = LEAD2019.1
23-Jul-2019 17:45:42.316 INFO [http-nio-8080-exec-2] org.baraza.reports.BWebReport.getReport entityid | 0
23-Jul-2019 17:46:05.036 INFO [http-nio-8080-exec-6] org.baraza.reports.BWebReport.setParams Filter = filterid key = LEAD2019.1
23-Jul-2019 17:46:05.089 INFO [http-nio-8080-exec-6] org.baraza.reports.BWebReport.getReport entityid | 0
23-Jul-2019 17:46:08.749 INFO [http-nio-8080-exec-5] org.baraza.reports.BWebReport.setParams Filter = filterid key = LEAD2019.1
23-Jul-2019 17:46:09.013 INFO [http-nio-8080-exec-5] org.baraza.reports.BWebReport.getReport entityid | 0
23-Jul-2019 17:46:12.152 INFO [http-nio-8080-exec-8] org.baraza.reports.BWebReport.setParams Filter = filterid key = LEAD2019.1
23-Jul-2019 17:46:12.210 INFO [http-nio-8080-exec-8] org.baraza.reports.BWebReport.getReport entityid | 0
23-Jul-2019 17:54:10.612 INFO [http-nio-8080-exec-4] org.baraza.reports.BWebReport.setParams Filter = filterid key = LEAD2019.1
23-Jul-2019 17:54:10.662 INFO [http-nio-8080-exec-4] org.baraza.reports.BWebReport.getReport entityid | 0
23-Jul-2019 18:01:46.875 INFO [Thread-5] org.apache.coyote.AbstractProtocol.pause Pausing ProtocolHandler ["http-nio-8080"]
23-Jul-2019 18:01:47.884 INFO [Thread-5] org.apache.coyote.AbstractProtocol.pause Pausing ProtocolHandler ["ajp-nio-8009"]
23-Jul-2019 18:01:48.026 INFO [Thread-5] org.apache.catalina.core.StandardService.stopInternal Stopping service [Catalina]
23-Jul-2019 18:01:51.926 SEVERE [localhost-startStop-2] org.apache.catalina.loader.WebappClassLoaderBase.checkThreadLocalMapForLeaks The web application [aua] created a ThreadLocal with key of type [java.lang.ThreadLocal] (value [java.lang.ThreadLocal@462eb360]) and a value of type [java.lang.Class] (value [class vw_student_charges_CROSSTAB0_1563893070030_275060]) but failed to remove it when the web application was stopped. Threads are going to be renewed over time to try and avoid a probable memory leak.
23-Jul-2019 18:01:51.995 SEVERE [localhost-startStop-2] org.apache.catalina.loader.WebappClassLoaderBase.checkThreadLocalMapForLeaks The web application [aua] created a ThreadLocal with key of type [java.lang.ThreadLocal] (value [java.lang.ThreadLocal@462eb360]) and a value of type [java.lang.Class] (value [class session_charges_summary_1563799457997_143246]) but failed to remove it when the web application was stopped. Threads are going to be renewed over time to try and avoid a probable memory leak.
23-Jul-2019 18:01:52.047 SEVERE [localhost-startStop-2] org.apache.catalina.loader.WebappClassLoaderBase.checkThreadLocalMapForLeaks The web application [aua] created a ThreadLocal with key of type [java.lang.ThreadLocal] (value [java.lang.ThreadLocal@462eb360]) and a value of type [java.lang.Class] (value [class vw_residence_bookings_1555509409539_457966]) but failed to remove it when the web application was stopped. Threads are going to be renewed over time to try and avoid a probable memory leak.
23-Jul-2019 18:01:52.047 SEVERE [localhost-startStop-2] org.apache.catalina.loader.WebappClassLoaderBase.checkThreadLocalMapForLeaks The web application [aua] created a ThreadLocal with key of type [java.lang.ThreadLocal] (value [java.lang.ThreadLocal@462eb360]) and a value of type [java.lang.Class] (value [class vw_residence_bookings_1555509409539_457966]) but failed to remove it when the web application was stopped. Threads are going to be renewed over time to try and avoid a probable memory leak.
23-Jul-2019 18:01:52.047 SEVERE [localhost-startStop-2] org.apache.catalina.loader.WebappClassLoaderBase.checkThreadLocalMapForLeaks The web application [aua] created a ThreadLocal with key of type [java.lang.ThreadLocal] (value [java.lang.ThreadLocal@462eb360]) and a value of type [java.lang.Class] (value [class vw_student_charges_CROSSTAB0_1563893070030_275060]) but failed to remove it when the web application was stopped. Threads are going to be renewed over time to try and avoid a probable memory leak.
23-Jul-2019 18:01:52.048 SEVERE [localhost-startStop-2] org.apache.catalina.loader.WebappClassLoaderBase.checkThreadLocalMapForLeaks The web application [aua] created a ThreadLocal with key of type [java.lang.ThreadLocal] (value [java.lang.ThreadLocal@462eb360]) and a value of type [java.lang.Class] (value [class vw_meal_session_charge_summary_1556534570102_298642]) but failed to remove it when the web application was stopped. Threads are going to be renewed over time to try and avoid a probable memory leak.
23-Jul-2019 18:01:52.048 SEVERE [localhost-startStop-2] org.apache.catalina.loader.WebappClassLoaderBase.checkThreadLocalMapForLeaks The web application [aua] created a ThreadLocal with key of type [java.lang.ThreadLocal] (value [java.lang.ThreadLocal@462eb360]) and a value of type [java.lang.Class] (value [class session_charges_summary_1563799457997_143246]) but failed to remove it when the web application was stopped. Threads are going to be renewed over time to try and avoid a probable memory leak.
23-Jul-2019 18:01:52.549 INFO [localhost-startStop-2] com.sun.xml.ws.transport.http.servlet.WSServletDelegate.destroy WSSERVLET15: JAX-WS servlet destroyed
23-Jul-2019 18:01:52.903 INFO [localhost-startStop-2] com.sun.xml.ws.transport.http.servlet.WSServletContextListener.contextDestroyed WSSERVLET13: JAX-WS context listener destroyed
23-Jul-2019 18:01:52.904 INFO [localhost-startStop-2] com.sun.xml.ws.transport.http.servlet.WSServletContextListener.contextDestroyed WSSERVLET13: JAX-WS context listener destroyed
23-Jul-2019 18:01:53.529 INFO [Thread-5] org.apache.coyote.AbstractProtocol.stop Stopping ProtocolHandler ["http-nio-8080"]
23-Jul-2019 18:01:53.817 INFO [Thread-5] org.apache.coyote.AbstractProtocol.stop Stopping ProtocolHandler ["ajp-nio-8009"]
23-Jul-2019 18:01:54.263 INFO [Thread-5] org.apache.coyote.AbstractProtocol.destroy Destroying ProtocolHandler ["http-nio-8080"]
23-Jul-2019 18:01:54.308 INFO [Thread-5] org.apache.coyote.AbstractProtocol.destroy Destroying ProtocolHandler ["ajp-nio-8009"]
