05-Sep-2019 12:19:56.775 INFO [main] org.apache.catalina.startup.VersionLoggerListener.log Server version:        Apache Tomcat/8.5.37
05-Sep-2019 12:19:56.792 INFO [main] org.apache.catalina.startup.VersionLoggerListener.log Server built:          Dec 12 2018 12:07:02 UTC
05-Sep-2019 12:19:56.792 INFO [main] org.apache.catalina.startup.VersionLoggerListener.log Server number:         8.5.37.0
05-Sep-2019 12:19:56.793 INFO [main] org.apache.catalina.startup.VersionLoggerListener.log OS Name:               Linux
05-Sep-2019 12:19:56.794 INFO [main] org.apache.catalina.startup.VersionLoggerListener.log OS Version:            4.15.0-54-generic
05-Sep-2019 12:19:56.794 INFO [main] org.apache.catalina.startup.VersionLoggerListener.log Architecture:          amd64
05-Sep-2019 12:19:56.794 INFO [main] org.apache.catalina.startup.VersionLoggerListener.log Java Home:             /usr/lib/jvm/java-8-openjdk-amd64/jre
05-Sep-2019 12:19:56.795 INFO [main] org.apache.catalina.startup.VersionLoggerListener.log JVM Version:           1.8.0_212-8u212-b03-0ubuntu1.18.04.1-b03
05-Sep-2019 12:19:56.795 INFO [main] org.apache.catalina.startup.VersionLoggerListener.log JVM Vendor:            Oracle Corporation
05-Sep-2019 12:19:56.795 INFO [main] org.apache.catalina.startup.VersionLoggerListener.log CATALINA_BASE:         /opt/projects/tomcat
05-Sep-2019 12:19:56.795 INFO [main] org.apache.catalina.startup.VersionLoggerListener.log CATALINA_HOME:         /opt/projects/tomcat
05-Sep-2019 12:19:56.796 INFO [main] org.apache.catalina.startup.VersionLoggerListener.log Command line argument: -Djava.util.logging.config.file=/opt/projects/tomcat/conf/logging.properties
05-Sep-2019 12:19:56.796 INFO [main] org.apache.catalina.startup.VersionLoggerListener.log Command line argument: -Djava.util.logging.manager=org.apache.juli.ClassLoaderLogManager
05-Sep-2019 12:19:56.797 INFO [main] org.apache.catalina.startup.VersionLoggerListener.log Command line argument: -Djdk.tls.ephemeralDHKeySize=2048
05-Sep-2019 12:19:56.797 INFO [main] org.apache.catalina.startup.VersionLoggerListener.log Command line argument: -Djava.protocol.handler.pkgs=org.apache.catalina.webresources
05-Sep-2019 12:19:56.797 INFO [main] org.apache.catalina.startup.VersionLoggerListener.log Command line argument: -Dorg.apache.catalina.security.SecurityListener.UMASK=0027
05-Sep-2019 12:19:56.798 INFO [main] org.apache.catalina.startup.VersionLoggerListener.log Command line argument: -Dignore.endorsed.dirs=
05-Sep-2019 12:19:56.798 INFO [main] org.apache.catalina.startup.VersionLoggerListener.log Command line argument: -Dcatalina.base=/opt/projects/tomcat
05-Sep-2019 12:19:56.798 INFO [main] org.apache.catalina.startup.VersionLoggerListener.log Command line argument: -Dcatalina.home=/opt/projects/tomcat
05-Sep-2019 12:19:56.799 INFO [main] org.apache.catalina.startup.VersionLoggerListener.log Command line argument: -Djava.io.tmpdir=/opt/projects/tomcat/temp
05-Sep-2019 12:19:56.799 INFO [main] org.apache.catalina.core.AprLifecycleListener.lifecycleEvent The APR based Apache Tomcat Native library which allows optimal performance in production environments was not found on the java.library.path: [/usr/java/packages/lib/amd64:/usr/lib/x86_64-linux-gnu/jni:/lib/x86_64-linux-gnu:/usr/lib/x86_64-linux-gnu:/usr/lib/jni:/lib:/usr/lib]
05-Sep-2019 12:19:59.542 INFO [main] org.apache.coyote.AbstractProtocol.init Initializing ProtocolHandler ["http-nio-8080"]
05-Sep-2019 12:19:59.634 INFO [main] org.apache.tomcat.util.net.NioSelectorPool.getSharedSelector Using a shared selector for servlet write/read
05-Sep-2019 12:19:59.680 INFO [main] org.apache.coyote.AbstractProtocol.init Initializing ProtocolHandler ["ajp-nio-8009"]
05-Sep-2019 12:19:59.681 INFO [main] org.apache.tomcat.util.net.NioSelectorPool.getSharedSelector Using a shared selector for servlet write/read
05-Sep-2019 12:19:59.682 INFO [main] org.apache.catalina.startup.Catalina.load Initialization processed in 7885 ms
05-Sep-2019 12:19:59.787 INFO [main] org.apache.catalina.core.StandardService.startInternal Starting service [Catalina]
05-Sep-2019 12:19:59.787 INFO [main] org.apache.catalina.core.StandardEngine.startInternal Starting Servlet Engine: Apache Tomcat/8.5.37
05-Sep-2019 12:20:00.088 INFO [localhost-startStop-1] org.apache.catalina.startup.HostConfig.deployDirectory Deploying web application directory [/opt/projects/tomcat/webapps/umis]
05-Sep-2019 12:20:01.200 SEVERE [localhost-startStop-1] org.apache.tomcat.util.digester.Digester.startElement Begin event threw exception
 java.lang.ClassNotFoundException: org.baraza.server.tomcat.BJDBCRealm
	at java.net.URLClassLoader.findClass(URLClassLoader.java:382)
	at java.lang.ClassLoader.loadClass(ClassLoader.java:424)
	at java.lang.ClassLoader.loadClass(ClassLoader.java:357)
	at org.apache.tomcat.util.digester.ObjectCreateRule.begin(ObjectCreateRule.java:116)
	at org.apache.tomcat.util.digester.Digester.startElement(Digester.java:1250)
	at com.sun.org.apache.xerces.internal.parsers.AbstractSAXParser.startElement(AbstractSAXParser.java:509)
	at com.sun.org.apache.xerces.internal.impl.XMLDocumentFragmentScannerImpl.scanStartElement(XMLDocumentFragmentScannerImpl.java:1359)
	at com.sun.org.apache.xerces.internal.impl.XMLDocumentFragmentScannerImpl$FragmentContentDriver.next(XMLDocumentFragmentScannerImpl.java:2784)
	at com.sun.org.apache.xerces.internal.impl.XMLDocumentScannerImpl.next(XMLDocumentScannerImpl.java:602)
	at com.sun.org.apache.xerces.internal.impl.XMLDocumentFragmentScannerImpl.scanDocument(XMLDocumentFragmentScannerImpl.java:505)
	at com.sun.org.apache.xerces.internal.parsers.XML11Configuration.parse(XML11Configuration.java:842)
	at com.sun.org.apache.xerces.internal.parsers.XML11Configuration.parse(XML11Configuration.java:771)
	at com.sun.org.apache.xerces.internal.parsers.XMLParser.parse(XMLParser.java:141)
	at com.sun.org.apache.xerces.internal.parsers.AbstractSAXParser.parse(AbstractSAXParser.java:1213)
	at com.sun.org.apache.xerces.internal.jaxp.SAXParserImpl$JAXPSAXParser.parse(SAXParserImpl.java:643)
	at org.apache.tomcat.util.digester.Digester.parse(Digester.java:1518)
	at org.apache.catalina.startup.ContextConfig.processContextConfig(ContextConfig.java:531)
	at org.apache.catalina.startup.ContextConfig.contextConfig(ContextConfig.java:488)
	at org.apache.catalina.startup.ContextConfig.init(ContextConfig.java:732)
	at org.apache.catalina.startup.ContextConfig.lifecycleEvent(ContextConfig.java:310)
	at org.apache.catalina.util.LifecycleBase.fireLifecycleEvent(LifecycleBase.java:94)
	at org.apache.catalina.util.LifecycleBase.setStateInternal(LifecycleBase.java:395)
	at org.apache.catalina.util.LifecycleBase.init(LifecycleBase.java:108)
	at org.apache.catalina.util.LifecycleBase.start(LifecycleBase.java:140)
	at org.apache.catalina.core.ContainerBase.addChildInternal(ContainerBase.java:754)
	at org.apache.catalina.core.ContainerBase.addChild(ContainerBase.java:730)
	at org.apache.catalina.core.StandardHost.addChild(StandardHost.java:734)
	at org.apache.catalina.startup.HostConfig.deployDirectory(HostConfig.java:1140)
	at org.apache.catalina.startup.HostConfig$DeployDirectory.run(HostConfig.java:1875)
	at java.util.concurrent.Executors$RunnableAdapter.call(Executors.java:511)
	at java.util.concurrent.FutureTask.run(FutureTask.java:266)
	at java.util.concurrent.ThreadPoolExecutor.runWorker(ThreadPoolExecutor.java:1149)
	at java.util.concurrent.ThreadPoolExecutor$Worker.run(ThreadPoolExecutor.java:624)
	at java.lang.Thread.run(Thread.java:748)

05-Sep-2019 12:20:01.248 SEVERE [localhost-startStop-1] org.apache.catalina.startup.ContextConfig.processContextConfig Parse error in context.xml for [/umis]
 org.xml.sax.SAXParseException; systemId: file:/opt/projects/tomcat/webapps/umis/META-INF/context.xml; lineNumber: 10; columnNumber: 82; Error at (10, 82) : org.baraza.server.tomcat.BJDBCRealm
	at org.apache.tomcat.util.digester.Digester.createSAXException(Digester.java:1968)
	at org.apache.tomcat.util.digester.Digester.createSAXException(Digester.java:2000)
	at org.apache.tomcat.util.digester.Digester.startElement(Digester.java:1253)
	at com.sun.org.apache.xerces.internal.parsers.AbstractSAXParser.startElement(AbstractSAXParser.java:509)
	at com.sun.org.apache.xerces.internal.impl.XMLDocumentFragmentScannerImpl.scanStartElement(XMLDocumentFragmentScannerImpl.java:1359)
	at com.sun.org.apache.xerces.internal.impl.XMLDocumentFragmentScannerImpl$FragmentContentDriver.next(XMLDocumentFragmentScannerImpl.java:2784)
	at com.sun.org.apache.xerces.internal.impl.XMLDocumentScannerImpl.next(XMLDocumentScannerImpl.java:602)
	at com.sun.org.apache.xerces.internal.impl.XMLDocumentFragmentScannerImpl.scanDocument(XMLDocumentFragmentScannerImpl.java:505)
	at com.sun.org.apache.xerces.internal.parsers.XML11Configuration.parse(XML11Configuration.java:842)
	at com.sun.org.apache.xerces.internal.parsers.XML11Configuration.parse(XML11Configuration.java:771)
	at com.sun.org.apache.xerces.internal.parsers.XMLParser.parse(XMLParser.java:141)
	at com.sun.org.apache.xerces.internal.parsers.AbstractSAXParser.parse(AbstractSAXParser.java:1213)
	at com.sun.org.apache.xerces.internal.jaxp.SAXParserImpl$JAXPSAXParser.parse(SAXParserImpl.java:643)
	at org.apache.tomcat.util.digester.Digester.parse(Digester.java:1518)
	at org.apache.catalina.startup.ContextConfig.processContextConfig(ContextConfig.java:531)
	at org.apache.catalina.startup.ContextConfig.contextConfig(ContextConfig.java:488)
	at org.apache.catalina.startup.ContextConfig.init(ContextConfig.java:732)
	at org.apache.catalina.startup.ContextConfig.lifecycleEvent(ContextConfig.java:310)
	at org.apache.catalina.util.LifecycleBase.fireLifecycleEvent(LifecycleBase.java:94)
	at org.apache.catalina.util.LifecycleBase.setStateInternal(LifecycleBase.java:395)
	at org.apache.catalina.util.LifecycleBase.init(LifecycleBase.java:108)
	at org.apache.catalina.util.LifecycleBase.start(LifecycleBase.java:140)
	at org.apache.catalina.core.ContainerBase.addChildInternal(ContainerBase.java:754)
	at org.apache.catalina.core.ContainerBase.addChild(ContainerBase.java:730)
	at org.apache.catalina.core.StandardHost.addChild(StandardHost.java:734)
	at org.apache.catalina.startup.HostConfig.deployDirectory(HostConfig.java:1140)
	at org.apache.catalina.startup.HostConfig$DeployDirectory.run(HostConfig.java:1875)
	at java.util.concurrent.Executors$RunnableAdapter.call(Executors.java:511)
	at java.util.concurrent.FutureTask.run(FutureTask.java:266)
	at java.util.concurrent.ThreadPoolExecutor.runWorker(ThreadPoolExecutor.java:1149)
	at java.util.concurrent.ThreadPoolExecutor$Worker.run(ThreadPoolExecutor.java:624)
	at java.lang.Thread.run(Thread.java:748)
Caused by: java.lang.ClassNotFoundException: org.baraza.server.tomcat.BJDBCRealm
	at java.net.URLClassLoader.findClass(URLClassLoader.java:382)
	at java.lang.ClassLoader.loadClass(ClassLoader.java:424)
	at java.lang.ClassLoader.loadClass(ClassLoader.java:357)
	at org.apache.tomcat.util.digester.ObjectCreateRule.begin(ObjectCreateRule.java:116)
	at org.apache.tomcat.util.digester.Digester.startElement(Digester.java:1250)
	... 29 more

05-Sep-2019 12:20:01.250 SEVERE [localhost-startStop-1] org.apache.catalina.startup.ContextConfig.processContextConfig Occurred at line [10] column [82]
05-Sep-2019 12:20:01.253 WARNING [localhost-startStop-1] org.apache.catalina.core.StandardContext.postWorkDirectory Failed to create work directory [/opt/projects/tomcat/work/Catalina/localhost/umis] for context [/umis]
05-Sep-2019 12:20:07.862 SEVERE [localhost-startStop-1] org.apache.catalina.startup.ContextConfig.configureStart Marking this application unavailable due to previous error(s)
05-Sep-2019 12:20:07.993 SEVERE [localhost-startStop-1] org.apache.catalina.core.StandardContext.startInternal One or more components marked the context as not correctly configured
05-Sep-2019 12:20:08.101 WARNING [localhost-startStop-1] org.apache.catalina.util.SessionIdGeneratorBase.createSecureRandom Creation of SecureRandom instance for session ID generation using [SHA1PRNG] took [102] milliseconds.
05-Sep-2019 12:20:08.102 SEVERE [localhost-startStop-1] org.apache.catalina.core.StandardContext.startInternal Context [/umis] startup failed due to previous errors
05-Sep-2019 12:20:08.483 INFO [localhost-startStop-1] org.apache.catalina.startup.HostConfig.deployDirectory Deployment of web application directory [/opt/projects/tomcat/webapps/umis] has finished in [8,394] ms
05-Sep-2019 12:20:08.483 INFO [localhost-startStop-1] org.apache.catalina.startup.HostConfig.deployDirectory Deploying web application directory [/opt/projects/tomcat/webapps/examples]
05-Sep-2019 12:20:08.486 WARNING [localhost-startStop-1] org.apache.catalina.core.StandardContext.postWorkDirectory Failed to create work directory [/opt/projects/tomcat/work/Catalina/localhost/examples] for context [/examples]
05-Sep-2019 12:20:12.737 INFO [localhost-startStop-1] org.apache.jasper.servlet.TldScanner.scanJars At least one JAR was scanned for TLDs yet contained no TLDs. Enable debug logging for this logger for a complete list of JARs that were scanned but no TLDs were found in them. Skipping unneeded JARs during scanning can improve startup time and JSP compilation time.
05-Sep-2019 12:20:12.760 SEVERE [localhost-startStop-1] org.apache.jasper.EmbeddedServletOptions.<init> The scratchDir you specified: [/opt/projects/tomcat/work/Catalina/localhost/examples] is unusable.
05-Sep-2019 12:20:12.794 INFO [localhost-startStop-1] org.apache.catalina.startup.HostConfig.deployDirectory Deployment of web application directory [/opt/projects/tomcat/webapps/examples] has finished in [4,311] ms
05-Sep-2019 12:20:12.795 INFO [localhost-startStop-1] org.apache.catalina.startup.HostConfig.deployDirectory Deploying web application directory [/opt/projects/tomcat/webapps/auaold]
05-Sep-2019 12:20:12.929 WARNING [localhost-startStop-1] org.apache.tomcat.util.digester.SetPropertiesRule.begin [SetPropertiesRule]{Context/Realm} Setting property 'digest' to 'md5' did not find a matching property.
05-Sep-2019 12:20:12.932 WARNING [localhost-startStop-1] org.apache.catalina.core.StandardContext.postWorkDirectory Failed to create work directory [/opt/projects/tomcat/work/Catalina/localhost/auaold] for context [/auaold]
05-Sep-2019 12:20:27.265 WARNING [localhost-startStop-1] org.apache.tomcat.dbcp.dbcp2.BasicDataSourceFactory.getObjectInstance Name = database Property maxActive is not used in DBCP2, use maxTotal instead. maxTotal default value is 8. You have set value of "150" for "maxActive" property, which is being ignored.
05-Sep-2019 12:20:27.266 WARNING [localhost-startStop-1] org.apache.tomcat.dbcp.dbcp2.BasicDataSourceFactory.getObjectInstance Name = database Property removeAbandoned is not used in DBCP2, use one or both of removeAbandonedOnBorrow or removeAbandonedOnMaintenance instead. Both have default value set to false. You have set value of "true" for "removeAbandoned" property, which is being ignored.
05-Sep-2019 12:20:27.266 WARNING [localhost-startStop-1] org.apache.tomcat.dbcp.dbcp2.BasicDataSourceFactory.getObjectInstance Name = database Property maxWait is not used in DBCP2 , use maxWaitMillis instead. maxWaitMillis default value is -1. You have set value of "50" for "maxWait" property, which is being ignored.
05-Sep-2019 12:20:27.376 INFO [localhost-startStop-1] org.apache.jasper.servlet.TldScanner.scanJars At least one JAR was scanned for TLDs yet contained no TLDs. Enable debug logging for this logger for a complete list of JARs that were scanned but no TLDs were found in them. Skipping unneeded JARs during scanning can improve startup time and JSP compilation time.
05-Sep-2019 12:20:27.382 SEVERE [localhost-startStop-1] org.apache.jasper.EmbeddedServletOptions.<init> The scratchDir you specified: [/opt/projects/tomcat/work/Catalina/localhost/auaold] is unusable.
05-Sep-2019 12:20:27.383 INFO [localhost-startStop-1] org.apache.catalina.startup.HostConfig.deployDirectory Deployment of web application directory [/opt/projects/tomcat/webapps/auaold] has finished in [14,589] ms
05-Sep-2019 12:20:27.383 INFO [localhost-startStop-1] org.apache.catalina.startup.HostConfig.deployDirectory Deploying web application directory [/opt/projects/tomcat/webapps/ueab]
05-Sep-2019 12:20:27.439 WARNING [localhost-startStop-1] org.apache.catalina.core.StandardContext.postWorkDirectory Failed to create work directory [/opt/projects/tomcat/work/Catalina/localhost/ueab] for context [/ueab]
05-Sep-2019 12:20:48.005 INFO [localhost-startStop-1] org.apache.jasper.servlet.TldScanner.scanJars At least one JAR was scanned for TLDs yet contained no TLDs. Enable debug logging for this logger for a complete list of JARs that were scanned but no TLDs were found in them. Skipping unneeded JARs during scanning can improve startup time and JSP compilation time.
05-Sep-2019 12:20:52.040 SEVERE [localhost-startStop-1] org.apache.jasper.EmbeddedServletOptions.<init> The scratchDir you specified: [/opt/projects/tomcat/work/Catalina/localhost/ueab] is unusable.
05-Sep-2019 12:20:52.045 INFO [localhost-startStop-1] org.apache.catalina.startup.HostConfig.deployDirectory Deployment of web application directory [/opt/projects/tomcat/webapps/ueab] has finished in [24,662] ms
05-Sep-2019 12:20:52.045 INFO [localhost-startStop-1] org.apache.catalina.startup.HostConfig.deployDirectory Deploying web application directory [/opt/projects/tomcat/webapps/manager]
05-Sep-2019 12:20:52.270 WARNING [localhost-startStop-1] org.apache.catalina.core.StandardContext.postWorkDirectory Failed to create work directory [/opt/projects/tomcat/work/Catalina/localhost/manager] for context [/manager]
05-Sep-2019 12:20:52.654 INFO [localhost-startStop-1] org.apache.jasper.servlet.TldScanner.scanJars At least one JAR was scanned for TLDs yet contained no TLDs. Enable debug logging for this logger for a complete list of JARs that were scanned but no TLDs were found in them. Skipping unneeded JARs during scanning can improve startup time and JSP compilation time.
05-Sep-2019 12:20:52.824 SEVERE [localhost-startStop-1] org.apache.jasper.EmbeddedServletOptions.<init> The scratchDir you specified: [/opt/projects/tomcat/work/Catalina/localhost/manager] is unusable.
05-Sep-2019 12:20:52.825 INFO [localhost-startStop-1] org.apache.catalina.startup.HostConfig.deployDirectory Deployment of web application directory [/opt/projects/tomcat/webapps/manager] has finished in [780] ms
05-Sep-2019 12:20:52.826 INFO [localhost-startStop-1] org.apache.catalina.startup.HostConfig.deployDirectory Deploying web application directory [/opt/projects/tomcat/webapps/babcock]
05-Sep-2019 12:20:52.984 WARNING [localhost-startStop-1] org.apache.catalina.core.StandardContext.postWorkDirectory Failed to create work directory [/opt/projects/tomcat/work/Catalina/localhost/babcock] for context [/babcock]
05-Sep-2019 12:21:22.127 INFO [localhost-startStop-1] com.sun.xml.ws.transport.http.servlet.WSServletDelegate.<init> WSSERVLET14: JAX-WS servlet initializing
05-Sep-2019 12:21:22.258 INFO [localhost-startStop-1] org.apache.jasper.servlet.TldScanner.scanJars At least one JAR was scanned for TLDs yet contained no TLDs. Enable debug logging for this logger for a complete list of JARs that were scanned but no TLDs were found in them. Skipping unneeded JARs during scanning can improve startup time and JSP compilation time.
05-Sep-2019 12:21:22.270 INFO [localhost-startStop-1] com.sun.xml.ws.transport.http.servlet.WSServletContextListener.contextInitialized WSSERVLET12: JAX-WS context listener initializing
05-Sep-2019 12:21:22.270 INFO [localhost-startStop-1] com.sun.xml.ws.transport.http.servlet.WSServletContextListener.contextInitialized WSSERVLET12: JAX-WS context listener initializing
05-Sep-2019 12:21:24.099 SEVERE [localhost-startStop-1] org.apache.jasper.EmbeddedServletOptions.<init> The scratchDir you specified: [/opt/projects/tomcat/work/Catalina/localhost/babcock] is unusable.
05-Sep-2019 12:21:24.103 INFO [localhost-startStop-1] org.apache.catalina.startup.HostConfig.deployDirectory Deployment of web application directory [/opt/projects/tomcat/webapps/babcock] has finished in [31,277] ms
05-Sep-2019 12:21:24.103 INFO [localhost-startStop-1] org.apache.catalina.startup.HostConfig.deployDirectory Deploying web application directory [/opt/projects/tomcat/webapps/host-manager]
05-Sep-2019 12:21:24.257 WARNING [localhost-startStop-1] org.apache.catalina.core.StandardContext.postWorkDirectory Failed to create work directory [/opt/projects/tomcat/work/Catalina/localhost/host-manager] for context [/host-manager]
05-Sep-2019 12:21:24.305 INFO [localhost-startStop-1] org.apache.jasper.servlet.TldScanner.scanJars At least one JAR was scanned for TLDs yet contained no TLDs. Enable debug logging for this logger for a complete list of JARs that were scanned but no TLDs were found in them. Skipping unneeded JARs during scanning can improve startup time and JSP compilation time.
05-Sep-2019 12:21:24.306 SEVERE [localhost-startStop-1] org.apache.jasper.EmbeddedServletOptions.<init> The scratchDir you specified: [/opt/projects/tomcat/work/Catalina/localhost/host-manager] is unusable.
05-Sep-2019 12:21:24.307 INFO [localhost-startStop-1] org.apache.catalina.startup.HostConfig.deployDirectory Deployment of web application directory [/opt/projects/tomcat/webapps/host-manager] has finished in [204] ms
05-Sep-2019 12:21:24.307 INFO [localhost-startStop-1] org.apache.catalina.startup.HostConfig.deployDirectory Deploying web application directory [/opt/projects/tomcat/webapps/docs]
05-Sep-2019 12:21:24.309 WARNING [localhost-startStop-1] org.apache.catalina.core.StandardContext.postWorkDirectory Failed to create work directory [/opt/projects/tomcat/work/Catalina/localhost/docs] for context [/docs]
05-Sep-2019 12:21:24.374 INFO [localhost-startStop-1] org.apache.jasper.servlet.TldScanner.scanJars At least one JAR was scanned for TLDs yet contained no TLDs. Enable debug logging for this logger for a complete list of JARs that were scanned but no TLDs were found in them. Skipping unneeded JARs during scanning can improve startup time and JSP compilation time.
05-Sep-2019 12:21:24.375 SEVERE [localhost-startStop-1] org.apache.jasper.EmbeddedServletOptions.<init> The scratchDir you specified: [/opt/projects/tomcat/work/Catalina/localhost/docs] is unusable.
05-Sep-2019 12:21:24.375 INFO [localhost-startStop-1] org.apache.catalina.startup.HostConfig.deployDirectory Deployment of web application directory [/opt/projects/tomcat/webapps/docs] has finished in [68] ms
05-Sep-2019 12:21:24.376 INFO [localhost-startStop-1] org.apache.catalina.startup.HostConfig.deployDirectory Deploying web application directory [/opt/projects/tomcat/webapps/hotel]
05-Sep-2019 12:21:24.409 WARNING [localhost-startStop-1] org.apache.catalina.core.StandardContext.postWorkDirectory Failed to create work directory [/opt/projects/tomcat/work/Catalina/localhost/hotel] for context [/hotel]
05-Sep-2019 12:21:40.787 INFO [localhost-startStop-1] org.apache.jasper.servlet.TldScanner.scanJars At least one JAR was scanned for TLDs yet contained no TLDs. Enable debug logging for this logger for a complete list of JARs that were scanned but no TLDs were found in them. Skipping unneeded JARs during scanning can improve startup time and JSP compilation time.
05-Sep-2019 12:21:40.808 INFO [localhost-startStop-1] com.dewcis.hotel.util.ServletInit.contextInitialized Context started
05-Sep-2019 12:21:42.835 SEVERE [localhost-startStop-1] org.apache.jasper.EmbeddedServletOptions.<init> The scratchDir you specified: [/opt/projects/tomcat/work/Catalina/localhost/hotel] is unusable.
05-Sep-2019 12:21:42.836 SEVERE [localhost-startStop-1] org.apache.jasper.EmbeddedServletOptions.<init> The scratchDir you specified: [/opt/projects/tomcat/work/Catalina/localhost/hotel] is unusable.
05-Sep-2019 12:21:43.945 SEVERE [localhost-startStop-1] org.apache.jasper.EmbeddedServletOptions.<init> The scratchDir you specified: [/opt/projects/tomcat/work/Catalina/localhost/hotel] is unusable.
05-Sep-2019 12:21:43.946 SEVERE [localhost-startStop-1] org.apache.jasper.EmbeddedServletOptions.<init> The scratchDir you specified: [/opt/projects/tomcat/work/Catalina/localhost/hotel] is unusable.
05-Sep-2019 12:21:43.947 SEVERE [localhost-startStop-1] org.apache.jasper.EmbeddedServletOptions.<init> The scratchDir you specified: [/opt/projects/tomcat/work/Catalina/localhost/hotel] is unusable.
05-Sep-2019 12:21:43.948 SEVERE [localhost-startStop-1] org.apache.jasper.EmbeddedServletOptions.<init> The scratchDir you specified: [/opt/projects/tomcat/work/Catalina/localhost/hotel] is unusable.
05-Sep-2019 12:21:43.948 SEVERE [localhost-startStop-1] org.apache.jasper.EmbeddedServletOptions.<init> The scratchDir you specified: [/opt/projects/tomcat/work/Catalina/localhost/hotel] is unusable.
05-Sep-2019 12:21:43.950 INFO [localhost-startStop-1] org.apache.catalina.startup.HostConfig.deployDirectory Deployment of web application directory [/opt/projects/tomcat/webapps/hotel] has finished in [19,574] ms
05-Sep-2019 12:21:43.950 INFO [localhost-startStop-1] org.apache.catalina.startup.HostConfig.deployDirectory Deploying web application directory [/opt/projects/tomcat/webapps/college]
05-Sep-2019 12:21:44.288 WARNING [localhost-startStop-1] org.apache.tomcat.util.digester.SetPropertiesRule.begin [SetPropertiesRule]{Context/Realm} Setting property 'digest' to 'md5' did not find a matching property.
05-Sep-2019 12:21:44.291 WARNING [localhost-startStop-1] org.apache.catalina.core.StandardContext.postWorkDirectory Failed to create work directory [/opt/projects/tomcat/work/Catalina/localhost/college] for context [/college]
05-Sep-2019 12:21:58.674 WARNING [localhost-startStop-1] org.apache.tomcat.dbcp.dbcp2.BasicDataSourceFactory.getObjectInstance Name = acharya Property maxActive is not used in DBCP2, use maxTotal instead. maxTotal default value is 8. You have set value of "150" for "maxActive" property, which is being ignored.
05-Sep-2019 12:21:58.674 WARNING [localhost-startStop-1] org.apache.tomcat.dbcp.dbcp2.BasicDataSourceFactory.getObjectInstance Name = acharya Property removeAbandoned is not used in DBCP2, use one or both of removeAbandonedOnBorrow or removeAbandonedOnMaintenance instead. Both have default value set to false. You have set value of "true" for "removeAbandoned" property, which is being ignored.
05-Sep-2019 12:21:58.674 WARNING [localhost-startStop-1] org.apache.tomcat.dbcp.dbcp2.BasicDataSourceFactory.getObjectInstance Name = acharya Property maxWait is not used in DBCP2 , use maxWaitMillis instead. maxWaitMillis default value is -1. You have set value of "50" for "maxWait" property, which is being ignored.
05-Sep-2019 12:21:58.675 WARNING [localhost-startStop-1] org.apache.tomcat.dbcp.dbcp2.BasicDataSourceFactory.getObjectInstance Name = incentive Property maxActive is not used in DBCP2, use maxTotal instead. maxTotal default value is 8. You have set value of "150" for "maxActive" property, which is being ignored.
05-Sep-2019 12:21:58.675 WARNING [localhost-startStop-1] org.apache.tomcat.dbcp.dbcp2.BasicDataSourceFactory.getObjectInstance Name = incentive Property removeAbandoned is not used in DBCP2, use one or both of removeAbandonedOnBorrow or removeAbandonedOnMaintenance instead. Both have default value set to false. You have set value of "true" for "removeAbandoned" property, which is being ignored.
05-Sep-2019 12:21:58.675 WARNING [localhost-startStop-1] org.apache.tomcat.dbcp.dbcp2.BasicDataSourceFactory.getObjectInstance Name = incentive Property maxWait is not used in DBCP2 , use maxWaitMillis instead. maxWaitMillis default value is -1. You have set value of "50" for "maxWait" property, which is being ignored.
05-Sep-2019 12:21:58.824 INFO [localhost-startStop-1] org.apache.jasper.servlet.TldScanner.scanJars At least one JAR was scanned for TLDs yet contained no TLDs. Enable debug logging for this logger for a complete list of JARs that were scanned but no TLDs were found in them. Skipping unneeded JARs during scanning can improve startup time and JSP compilation time.
05-Sep-2019 12:21:59.398 SEVERE [localhost-startStop-1] org.apache.jasper.EmbeddedServletOptions.<init> The scratchDir you specified: [/opt/projects/tomcat/work/Catalina/localhost/college] is unusable.
05-Sep-2019 12:21:59.402 INFO [localhost-startStop-1] org.apache.catalina.startup.HostConfig.deployDirectory Deployment of web application directory [/opt/projects/tomcat/webapps/college] has finished in [15,452] ms
05-Sep-2019 12:21:59.403 INFO [localhost-startStop-1] org.apache.catalina.startup.HostConfig.deployDirectory Deploying web application directory [/opt/projects/tomcat/webapps/ROOT]
05-Sep-2019 12:21:59.616 WARNING [localhost-startStop-1] org.apache.catalina.core.StandardContext.postWorkDirectory Failed to create work directory [/opt/projects/tomcat/work/Catalina/localhost/ROOT] for context []
05-Sep-2019 12:22:06.024 INFO [localhost-startStop-1] org.apache.jasper.servlet.TldScanner.scanJars At least one JAR was scanned for TLDs yet contained no TLDs. Enable debug logging for this logger for a complete list of JARs that were scanned but no TLDs were found in them. Skipping unneeded JARs during scanning can improve startup time and JSP compilation time.
05-Sep-2019 12:22:06.026 SEVERE [localhost-startStop-1] org.apache.jasper.EmbeddedServletOptions.<init> The scratchDir you specified: [/opt/projects/tomcat/work/Catalina/localhost/ROOT] is unusable.
05-Sep-2019 12:22:06.028 INFO [localhost-startStop-1] org.apache.catalina.startup.HostConfig.deployDirectory Deployment of web application directory [/opt/projects/tomcat/webapps/ROOT] has finished in [6,625] ms
05-Sep-2019 12:22:06.028 INFO [localhost-startStop-1] org.apache.catalina.startup.HostConfig.deployDirectory Deploying web application directory [/opt/projects/tomcat/webapps/aua]
05-Sep-2019 12:22:06.179 WARNING [localhost-startStop-1] org.apache.catalina.core.StandardContext.postWorkDirectory Failed to create work directory [/opt/projects/tomcat/work/Catalina/localhost/aua] for context [/aua]
05-Sep-2019 12:22:11.528 INFO [localhost-startStop-1] org.apache.jasper.servlet.TldScanner.scanJars At least one JAR was scanned for TLDs yet contained no TLDs. Enable debug logging for this logger for a complete list of JARs that were scanned but no TLDs were found in them. Skipping unneeded JARs during scanning can improve startup time and JSP compilation time.
05-Sep-2019 12:22:11.530 SEVERE [localhost-startStop-1] org.apache.jasper.EmbeddedServletOptions.<init> The scratchDir you specified: [/opt/projects/tomcat/work/Catalina/localhost/aua] is unusable.
05-Sep-2019 12:22:11.531 INFO [localhost-startStop-1] org.apache.catalina.startup.HostConfig.deployDirectory Deployment of web application directory [/opt/projects/tomcat/webapps/aua] has finished in [5,503] ms
05-Sep-2019 12:22:11.532 INFO [localhost-startStop-1] org.apache.catalina.startup.HostConfig.deployDirectory Deploying web application directory [/opt/projects/tomcat/webapps/repository]
05-Sep-2019 12:22:11.653 WARNING [localhost-startStop-1] org.apache.catalina.core.StandardContext.postWorkDirectory Failed to create work directory [/opt/projects/tomcat/work/Catalina/localhost/repository] for context [/repository]
05-Sep-2019 12:22:13.216 INFO [localhost-startStop-1] org.apache.jasper.servlet.TldScanner.scanJars At least one JAR was scanned for TLDs yet contained no TLDs. Enable debug logging for this logger for a complete list of JARs that were scanned but no TLDs were found in them. Skipping unneeded JARs during scanning can improve startup time and JSP compilation time.
05-Sep-2019 12:22:13.218 SEVERE [localhost-startStop-1] org.apache.jasper.EmbeddedServletOptions.<init> The scratchDir you specified: [/opt/projects/tomcat/work/Catalina/localhost/repository] is unusable.
05-Sep-2019 12:22:13.219 INFO [localhost-startStop-1] org.apache.catalina.startup.HostConfig.deployDirectory Deployment of web application directory [/opt/projects/tomcat/webapps/repository] has finished in [1,688] ms
05-Sep-2019 12:22:13.236 INFO [main] org.apache.coyote.AbstractProtocol.start Starting ProtocolHandler ["http-nio-8080"]
05-Sep-2019 12:22:13.279 INFO [main] org.apache.coyote.AbstractProtocol.start Starting ProtocolHandler ["ajp-nio-8009"]
05-Sep-2019 12:22:13.284 INFO [main] org.apache.catalina.startup.Catalina.start Server startup in 133601 ms
05-Sep-2019 13:54:37.094 INFO [main] org.apache.catalina.startup.VersionLoggerListener.log Server version:        Apache Tomcat/8.5.37
05-Sep-2019 13:54:37.096 INFO [main] org.apache.catalina.startup.VersionLoggerListener.log Server built:          Dec 12 2018 12:07:02 UTC
05-Sep-2019 13:54:37.096 INFO [main] org.apache.catalina.startup.VersionLoggerListener.log Server number:         8.5.37.0
05-Sep-2019 13:54:37.096 INFO [main] org.apache.catalina.startup.VersionLoggerListener.log OS Name:               Linux
05-Sep-2019 13:54:37.096 INFO [main] org.apache.catalina.startup.VersionLoggerListener.log OS Version:            4.15.0-54-generic
05-Sep-2019 13:54:37.096 INFO [main] org.apache.catalina.startup.VersionLoggerListener.log Architecture:          amd64
05-Sep-2019 13:54:37.096 INFO [main] org.apache.catalina.startup.VersionLoggerListener.log Java Home:             /usr/lib/jvm/java-8-openjdk-amd64/jre
05-Sep-2019 13:54:37.096 INFO [main] org.apache.catalina.startup.VersionLoggerListener.log JVM Version:           1.8.0_212-8u212-b03-0ubuntu1.18.04.1-b03
05-Sep-2019 13:54:37.096 INFO [main] org.apache.catalina.startup.VersionLoggerListener.log JVM Vendor:            Oracle Corporation
05-Sep-2019 13:54:37.097 INFO [main] org.apache.catalina.startup.VersionLoggerListener.log CATALINA_BASE:         /opt/projects/tomcat
05-Sep-2019 13:54:37.097 INFO [main] org.apache.catalina.startup.VersionLoggerListener.log CATALINA_HOME:         /opt/projects/tomcat
05-Sep-2019 13:54:37.097 INFO [main] org.apache.catalina.startup.VersionLoggerListener.log Command line argument: -Djava.util.logging.config.file=/opt/projects/tomcat/conf/logging.properties
05-Sep-2019 13:54:37.097 INFO [main] org.apache.catalina.startup.VersionLoggerListener.log Command line argument: -Djava.util.logging.manager=org.apache.juli.ClassLoaderLogManager
05-Sep-2019 13:54:37.097 INFO [main] org.apache.catalina.startup.VersionLoggerListener.log Command line argument: -Djdk.tls.ephemeralDHKeySize=2048
05-Sep-2019 13:54:37.097 INFO [main] org.apache.catalina.startup.VersionLoggerListener.log Command line argument: -Djava.protocol.handler.pkgs=org.apache.catalina.webresources
05-Sep-2019 13:54:37.097 INFO [main] org.apache.catalina.startup.VersionLoggerListener.log Command line argument: -Dorg.apache.catalina.security.SecurityListener.UMASK=0027
05-Sep-2019 13:54:37.097 INFO [main] org.apache.catalina.startup.VersionLoggerListener.log Command line argument: -Dignore.endorsed.dirs=
05-Sep-2019 13:54:37.097 INFO [main] org.apache.catalina.startup.VersionLoggerListener.log Command line argument: -Dcatalina.base=/opt/projects/tomcat
05-Sep-2019 13:54:37.097 INFO [main] org.apache.catalina.startup.VersionLoggerListener.log Command line argument: -Dcatalina.home=/opt/projects/tomcat
05-Sep-2019 13:54:37.097 INFO [main] org.apache.catalina.startup.VersionLoggerListener.log Command line argument: -Djava.io.tmpdir=/opt/projects/tomcat/temp
05-Sep-2019 13:54:37.098 INFO [main] org.apache.catalina.core.AprLifecycleListener.lifecycleEvent The APR based Apache Tomcat Native library which allows optimal performance in production environments was not found on the java.library.path: [/usr/java/packages/lib/amd64:/usr/lib/x86_64-linux-gnu/jni:/lib/x86_64-linux-gnu:/usr/lib/x86_64-linux-gnu:/usr/lib/jni:/lib:/usr/lib]
05-Sep-2019 13:54:37.468 INFO [main] org.apache.coyote.AbstractProtocol.init Initializing ProtocolHandler ["http-nio-8080"]
05-Sep-2019 13:54:37.487 INFO [main] org.apache.tomcat.util.net.NioSelectorPool.getSharedSelector Using a shared selector for servlet write/read
05-Sep-2019 13:54:37.497 INFO [main] org.apache.coyote.AbstractProtocol.init Initializing ProtocolHandler ["ajp-nio-8009"]
05-Sep-2019 13:54:37.498 INFO [main] org.apache.tomcat.util.net.NioSelectorPool.getSharedSelector Using a shared selector for servlet write/read
05-Sep-2019 13:54:37.498 INFO [main] org.apache.catalina.startup.Catalina.load Initialization processed in 979 ms
05-Sep-2019 13:54:37.523 INFO [main] org.apache.catalina.core.StandardService.startInternal Starting service [Catalina]
05-Sep-2019 13:54:37.523 INFO [main] org.apache.catalina.core.StandardEngine.startInternal Starting Servlet Engine: Apache Tomcat/8.5.37
05-Sep-2019 13:54:37.554 INFO [localhost-startStop-1] org.apache.catalina.startup.HostConfig.deployDirectory Deploying web application directory [/opt/projects/tomcat/webapps/hschool]
05-Sep-2019 13:54:38.258 INFO [localhost-startStop-1] org.apache.jasper.servlet.TldScanner.scanJars At least one JAR was scanned for TLDs yet contained no TLDs. Enable debug logging for this logger for a complete list of JARs that were scanned but no TLDs were found in them. Skipping unneeded JARs during scanning can improve startup time and JSP compilation time.
05-Sep-2019 13:54:38.365 INFO [localhost-startStop-1] org.apache.catalina.startup.HostConfig.deployDirectory Deployment of web application directory [/opt/projects/tomcat/webapps/hschool] has finished in [799] ms
05-Sep-2019 13:54:38.365 INFO [localhost-startStop-1] org.apache.catalina.startup.HostConfig.deployDirectory Deploying web application directory [/opt/projects/tomcat/webapps/umis]
05-Sep-2019 13:54:38.394 SEVERE [localhost-startStop-1] org.apache.tomcat.util.digester.Digester.startElement Begin event threw exception
 java.lang.ClassNotFoundException: org.baraza.server.tomcat.BJDBCRealm
	at java.net.URLClassLoader.findClass(URLClassLoader.java:382)
	at java.lang.ClassLoader.loadClass(ClassLoader.java:424)
	at java.lang.ClassLoader.loadClass(ClassLoader.java:357)
	at org.apache.tomcat.util.digester.ObjectCreateRule.begin(ObjectCreateRule.java:116)
	at org.apache.tomcat.util.digester.Digester.startElement(Digester.java:1250)
	at com.sun.org.apache.xerces.internal.parsers.AbstractSAXParser.startElement(AbstractSAXParser.java:509)
	at com.sun.org.apache.xerces.internal.impl.XMLDocumentFragmentScannerImpl.scanStartElement(XMLDocumentFragmentScannerImpl.java:1359)
	at com.sun.org.apache.xerces.internal.impl.XMLDocumentFragmentScannerImpl$FragmentContentDriver.next(XMLDocumentFragmentScannerImpl.java:2784)
	at com.sun.org.apache.xerces.internal.impl.XMLDocumentScannerImpl.next(XMLDocumentScannerImpl.java:602)
	at com.sun.org.apache.xerces.internal.impl.XMLDocumentFragmentScannerImpl.scanDocument(XMLDocumentFragmentScannerImpl.java:505)
	at com.sun.org.apache.xerces.internal.parsers.XML11Configuration.parse(XML11Configuration.java:842)
	at com.sun.org.apache.xerces.internal.parsers.XML11Configuration.parse(XML11Configuration.java:771)
	at com.sun.org.apache.xerces.internal.parsers.XMLParser.parse(XMLParser.java:141)
	at com.sun.org.apache.xerces.internal.parsers.AbstractSAXParser.parse(AbstractSAXParser.java:1213)
	at com.sun.org.apache.xerces.internal.jaxp.SAXParserImpl$JAXPSAXParser.parse(SAXParserImpl.java:643)
	at org.apache.tomcat.util.digester.Digester.parse(Digester.java:1518)
	at org.apache.catalina.startup.ContextConfig.processContextConfig(ContextConfig.java:531)
	at org.apache.catalina.startup.ContextConfig.contextConfig(ContextConfig.java:488)
	at org.apache.catalina.startup.ContextConfig.init(ContextConfig.java:732)
	at org.apache.catalina.startup.ContextConfig.lifecycleEvent(ContextConfig.java:310)
	at org.apache.catalina.util.LifecycleBase.fireLifecycleEvent(LifecycleBase.java:94)
	at org.apache.catalina.util.LifecycleBase.setStateInternal(LifecycleBase.java:395)
	at org.apache.catalina.util.LifecycleBase.init(LifecycleBase.java:108)
	at org.apache.catalina.util.LifecycleBase.start(LifecycleBase.java:140)
	at org.apache.catalina.core.ContainerBase.addChildInternal(ContainerBase.java:754)
	at org.apache.catalina.core.ContainerBase.addChild(ContainerBase.java:730)
	at org.apache.catalina.core.StandardHost.addChild(StandardHost.java:734)
	at org.apache.catalina.startup.HostConfig.deployDirectory(HostConfig.java:1140)
	at org.apache.catalina.startup.HostConfig$DeployDirectory.run(HostConfig.java:1875)
	at java.util.concurrent.Executors$RunnableAdapter.call(Executors.java:511)
	at java.util.concurrent.FutureTask.run(FutureTask.java:266)
	at java.util.concurrent.ThreadPoolExecutor.runWorker(ThreadPoolExecutor.java:1149)
	at java.util.concurrent.ThreadPoolExecutor$Worker.run(ThreadPoolExecutor.java:624)
	at java.lang.Thread.run(Thread.java:748)

05-Sep-2019 13:54:38.396 SEVERE [localhost-startStop-1] org.apache.catalina.startup.ContextConfig.processContextConfig Parse error in context.xml for [/umis]
 org.xml.sax.SAXParseException; systemId: file:/opt/projects/tomcat/webapps/umis/META-INF/context.xml; lineNumber: 10; columnNumber: 82; Error at (10, 82) : org.baraza.server.tomcat.BJDBCRealm
	at org.apache.tomcat.util.digester.Digester.createSAXException(Digester.java:1968)
	at org.apache.tomcat.util.digester.Digester.createSAXException(Digester.java:2000)
	at org.apache.tomcat.util.digester.Digester.startElement(Digester.java:1253)
	at com.sun.org.apache.xerces.internal.parsers.AbstractSAXParser.startElement(AbstractSAXParser.java:509)
	at com.sun.org.apache.xerces.internal.impl.XMLDocumentFragmentScannerImpl.scanStartElement(XMLDocumentFragmentScannerImpl.java:1359)
	at com.sun.org.apache.xerces.internal.impl.XMLDocumentFragmentScannerImpl$FragmentContentDriver.next(XMLDocumentFragmentScannerImpl.java:2784)
	at com.sun.org.apache.xerces.internal.impl.XMLDocumentScannerImpl.next(XMLDocumentScannerImpl.java:602)
	at com.sun.org.apache.xerces.internal.impl.XMLDocumentFragmentScannerImpl.scanDocument(XMLDocumentFragmentScannerImpl.java:505)
	at com.sun.org.apache.xerces.internal.parsers.XML11Configuration.parse(XML11Configuration.java:842)
	at com.sun.org.apache.xerces.internal.parsers.XML11Configuration.parse(XML11Configuration.java:771)
	at com.sun.org.apache.xerces.internal.parsers.XMLParser.parse(XMLParser.java:141)
	at com.sun.org.apache.xerces.internal.parsers.AbstractSAXParser.parse(AbstractSAXParser.java:1213)
	at com.sun.org.apache.xerces.internal.jaxp.SAXParserImpl$JAXPSAXParser.parse(SAXParserImpl.java:643)
	at org.apache.tomcat.util.digester.Digester.parse(Digester.java:1518)
	at org.apache.catalina.startup.ContextConfig.processContextConfig(ContextConfig.java:531)
	at org.apache.catalina.startup.ContextConfig.contextConfig(ContextConfig.java:488)
	at org.apache.catalina.startup.ContextConfig.init(ContextConfig.java:732)
	at org.apache.catalina.startup.ContextConfig.lifecycleEvent(ContextConfig.java:310)
	at org.apache.catalina.util.LifecycleBase.fireLifecycleEvent(LifecycleBase.java:94)
	at org.apache.catalina.util.LifecycleBase.setStateInternal(LifecycleBase.java:395)
	at org.apache.catalina.util.LifecycleBase.init(LifecycleBase.java:108)
	at org.apache.catalina.util.LifecycleBase.start(LifecycleBase.java:140)
	at org.apache.catalina.core.ContainerBase.addChildInternal(ContainerBase.java:754)
	at org.apache.catalina.core.ContainerBase.addChild(ContainerBase.java:730)
	at org.apache.catalina.core.StandardHost.addChild(StandardHost.java:734)
	at org.apache.catalina.startup.HostConfig.deployDirectory(HostConfig.java:1140)
	at org.apache.catalina.startup.HostConfig$DeployDirectory.run(HostConfig.java:1875)
	at java.util.concurrent.Executors$RunnableAdapter.call(Executors.java:511)
	at java.util.concurrent.FutureTask.run(FutureTask.java:266)
	at java.util.concurrent.ThreadPoolExecutor.runWorker(ThreadPoolExecutor.java:1149)
	at java.util.concurrent.ThreadPoolExecutor$Worker.run(ThreadPoolExecutor.java:624)
	at java.lang.Thread.run(Thread.java:748)
Caused by: java.lang.ClassNotFoundException: org.baraza.server.tomcat.BJDBCRealm
	at java.net.URLClassLoader.findClass(URLClassLoader.java:382)
	at java.lang.ClassLoader.loadClass(ClassLoader.java:424)
	at java.lang.ClassLoader.loadClass(ClassLoader.java:357)
	at org.apache.tomcat.util.digester.ObjectCreateRule.begin(ObjectCreateRule.java:116)
	at org.apache.tomcat.util.digester.Digester.startElement(Digester.java:1250)
	... 29 more

05-Sep-2019 13:54:38.396 SEVERE [localhost-startStop-1] org.apache.catalina.startup.ContextConfig.processContextConfig Occurred at line [10] column [82]
05-Sep-2019 13:54:39.087 SEVERE [localhost-startStop-1] org.apache.catalina.startup.ContextConfig.configureStart Marking this application unavailable due to previous error(s)
05-Sep-2019 13:54:39.087 SEVERE [localhost-startStop-1] org.apache.catalina.core.StandardContext.startInternal One or more components marked the context as not correctly configured
05-Sep-2019 13:54:39.088 SEVERE [localhost-startStop-1] org.apache.catalina.core.StandardContext.startInternal Context [/umis] startup failed due to previous errors
05-Sep-2019 13:54:39.098 INFO [localhost-startStop-1] org.apache.catalina.startup.HostConfig.deployDirectory Deployment of web application directory [/opt/projects/tomcat/webapps/umis] has finished in [733] ms
05-Sep-2019 13:54:39.098 INFO [localhost-startStop-1] org.apache.catalina.startup.HostConfig.deployDirectory Deploying web application directory [/opt/projects/tomcat/webapps/examples]
05-Sep-2019 13:54:39.491 INFO [localhost-startStop-1] org.apache.jasper.servlet.TldScanner.scanJars At least one JAR was scanned for TLDs yet contained no TLDs. Enable debug logging for this logger for a complete list of JARs that were scanned but no TLDs were found in them. Skipping unneeded JARs during scanning can improve startup time and JSP compilation time.
05-Sep-2019 13:54:39.551 INFO [localhost-startStop-1] org.apache.catalina.startup.HostConfig.deployDirectory Deployment of web application directory [/opt/projects/tomcat/webapps/examples] has finished in [453] ms
05-Sep-2019 13:54:39.551 INFO [localhost-startStop-1] org.apache.catalina.startup.HostConfig.deployDirectory Deploying web application directory [/opt/projects/tomcat/webapps/auaold]
05-Sep-2019 13:54:39.583 WARNING [localhost-startStop-1] org.apache.tomcat.util.digester.SetPropertiesRule.begin [SetPropertiesRule]{Context/Realm} Setting property 'digest' to 'md5' did not find a matching property.
05-Sep-2019 13:54:41.851 WARNING [localhost-startStop-1] org.apache.tomcat.dbcp.dbcp2.BasicDataSourceFactory.getObjectInstance Name = database Property maxActive is not used in DBCP2, use maxTotal instead. maxTotal default value is 8. You have set value of "150" for "maxActive" property, which is being ignored.
05-Sep-2019 13:54:41.851 WARNING [localhost-startStop-1] org.apache.tomcat.dbcp.dbcp2.BasicDataSourceFactory.getObjectInstance Name = database Property removeAbandoned is not used in DBCP2, use one or both of removeAbandonedOnBorrow or removeAbandonedOnMaintenance instead. Both have default value set to false. You have set value of "true" for "removeAbandoned" property, which is being ignored.
05-Sep-2019 13:54:41.852 WARNING [localhost-startStop-1] org.apache.tomcat.dbcp.dbcp2.BasicDataSourceFactory.getObjectInstance Name = database Property maxWait is not used in DBCP2 , use maxWaitMillis instead. maxWaitMillis default value is -1. You have set value of "50" for "maxWait" property, which is being ignored.
05-Sep-2019 13:54:41.932 INFO [localhost-startStop-1] org.apache.jasper.servlet.TldScanner.scanJars At least one JAR was scanned for TLDs yet contained no TLDs. Enable debug logging for this logger for a complete list of JARs that were scanned but no TLDs were found in them. Skipping unneeded JARs during scanning can improve startup time and JSP compilation time.
05-Sep-2019 13:54:41.954 INFO [localhost-startStop-1] org.apache.catalina.startup.HostConfig.deployDirectory Deployment of web application directory [/opt/projects/tomcat/webapps/auaold] has finished in [2,403] ms
05-Sep-2019 13:54:41.954 INFO [localhost-startStop-1] org.apache.catalina.startup.HostConfig.deployDirectory Deploying web application directory [/opt/projects/tomcat/webapps/highschool]
05-Sep-2019 13:54:46.394 INFO [localhost-startStop-1] org.apache.jasper.servlet.TldScanner.scanJars At least one JAR was scanned for TLDs yet contained no TLDs. Enable debug logging for this logger for a complete list of JARs that were scanned but no TLDs were found in them. Skipping unneeded JARs during scanning can improve startup time and JSP compilation time.
05-Sep-2019 13:54:46.399 INFO [localhost-startStop-1] org.apache.catalina.startup.HostConfig.deployDirectory Deployment of web application directory [/opt/projects/tomcat/webapps/highschool] has finished in [4,444] ms
05-Sep-2019 13:54:46.399 INFO [localhost-startStop-1] org.apache.catalina.startup.HostConfig.deployDirectory Deploying web application directory [/opt/projects/tomcat/webapps/ueab]
05-Sep-2019 13:54:51.092 INFO [localhost-startStop-1] org.apache.jasper.servlet.TldScanner.scanJars At least one JAR was scanned for TLDs yet contained no TLDs. Enable debug logging for this logger for a complete list of JARs that were scanned but no TLDs were found in them. Skipping unneeded JARs during scanning can improve startup time and JSP compilation time.
05-Sep-2019 13:54:52.179 INFO [localhost-startStop-1] org.apache.catalina.startup.HostConfig.deployDirectory Deployment of web application directory [/opt/projects/tomcat/webapps/ueab] has finished in [5,779] ms
05-Sep-2019 13:54:52.179 INFO [localhost-startStop-1] org.apache.catalina.startup.HostConfig.deployDirectory Deploying web application directory [/opt/projects/tomcat/webapps/manager]
05-Sep-2019 13:54:52.416 INFO [localhost-startStop-1] org.apache.jasper.servlet.TldScanner.scanJars At least one JAR was scanned for TLDs yet contained no TLDs. Enable debug logging for this logger for a complete list of JARs that were scanned but no TLDs were found in them. Skipping unneeded JARs during scanning can improve startup time and JSP compilation time.
05-Sep-2019 13:54:52.439 INFO [localhost-startStop-1] org.apache.catalina.startup.HostConfig.deployDirectory Deployment of web application directory [/opt/projects/tomcat/webapps/manager] has finished in [260] ms
05-Sep-2019 13:54:52.440 INFO [localhost-startStop-1] org.apache.catalina.startup.HostConfig.deployDirectory Deploying web application directory [/opt/projects/tomcat/webapps/babcock]
05-Sep-2019 13:54:58.222 INFO [localhost-startStop-1] com.sun.xml.ws.transport.http.servlet.WSServletDelegate.<init> WSSERVLET14: JAX-WS servlet initializing
05-Sep-2019 13:54:58.276 INFO [localhost-startStop-1] org.apache.jasper.servlet.TldScanner.scanJars At least one JAR was scanned for TLDs yet contained no TLDs. Enable debug logging for this logger for a complete list of JARs that were scanned but no TLDs were found in them. Skipping unneeded JARs during scanning can improve startup time and JSP compilation time.
05-Sep-2019 13:54:58.279 INFO [localhost-startStop-1] com.sun.xml.ws.transport.http.servlet.WSServletContextListener.contextInitialized WSSERVLET12: JAX-WS context listener initializing
05-Sep-2019 13:54:58.279 INFO [localhost-startStop-1] com.sun.xml.ws.transport.http.servlet.WSServletContextListener.contextInitialized WSSERVLET12: JAX-WS context listener initializing
05-Sep-2019 13:54:59.025 INFO [localhost-startStop-1] org.apache.catalina.startup.HostConfig.deployDirectory Deployment of web application directory [/opt/projects/tomcat/webapps/babcock] has finished in [6,585] ms
05-Sep-2019 13:54:59.026 INFO [localhost-startStop-1] org.apache.catalina.startup.HostConfig.deployDirectory Deploying web application directory [/opt/projects/tomcat/webapps/host-manager]
05-Sep-2019 13:54:59.244 INFO [localhost-startStop-1] org.apache.jasper.servlet.TldScanner.scanJars At least one JAR was scanned for TLDs yet contained no TLDs. Enable debug logging for this logger for a complete list of JARs that were scanned but no TLDs were found in them. Skipping unneeded JARs during scanning can improve startup time and JSP compilation time.
05-Sep-2019 13:54:59.246 INFO [localhost-startStop-1] org.apache.catalina.startup.HostConfig.deployDirectory Deployment of web application directory [/opt/projects/tomcat/webapps/host-manager] has finished in [220] ms
05-Sep-2019 13:54:59.246 INFO [localhost-startStop-1] org.apache.catalina.startup.HostConfig.deployDirectory Deploying web application directory [/opt/projects/tomcat/webapps/docs]
05-Sep-2019 13:54:59.449 INFO [localhost-startStop-1] org.apache.jasper.servlet.TldScanner.scanJars At least one JAR was scanned for TLDs yet contained no TLDs. Enable debug logging for this logger for a complete list of JARs that were scanned but no TLDs were found in them. Skipping unneeded JARs during scanning can improve startup time and JSP compilation time.
05-Sep-2019 13:54:59.450 INFO [localhost-startStop-1] org.apache.catalina.startup.HostConfig.deployDirectory Deployment of web application directory [/opt/projects/tomcat/webapps/docs] has finished in [204] ms
05-Sep-2019 13:54:59.450 INFO [localhost-startStop-1] org.apache.catalina.startup.HostConfig.deployDirectory Deploying web application directory [/opt/projects/tomcat/webapps/hotel]
05-Sep-2019 13:55:05.109 INFO [localhost-startStop-1] org.apache.jasper.servlet.TldScanner.scanJars At least one JAR was scanned for TLDs yet contained no TLDs. Enable debug logging for this logger for a complete list of JARs that were scanned but no TLDs were found in them. Skipping unneeded JARs during scanning can improve startup time and JSP compilation time.
05-Sep-2019 13:55:05.172 INFO [localhost-startStop-1] com.dewcis.hotel.util.ServletInit.contextInitialized Context started
05-Sep-2019 13:55:06.262 INFO [localhost-startStop-1] org.apache.catalina.startup.HostConfig.deployDirectory Deployment of web application directory [/opt/projects/tomcat/webapps/hotel] has finished in [6,812] ms
05-Sep-2019 13:55:06.263 INFO [localhost-startStop-1] org.apache.catalina.startup.HostConfig.deployDirectory Deploying web application directory [/opt/projects/tomcat/webapps/college]
05-Sep-2019 13:55:06.294 WARNING [localhost-startStop-1] org.apache.tomcat.util.digester.SetPropertiesRule.begin [SetPropertiesRule]{Context/Realm} Setting property 'digest' to 'md5' did not find a matching property.
05-Sep-2019 13:55:10.610 WARNING [localhost-startStop-1] org.apache.tomcat.dbcp.dbcp2.BasicDataSourceFactory.getObjectInstance Name = acharya Property maxActive is not used in DBCP2, use maxTotal instead. maxTotal default value is 8. You have set value of "150" for "maxActive" property, which is being ignored.
05-Sep-2019 13:55:10.610 WARNING [localhost-startStop-1] org.apache.tomcat.dbcp.dbcp2.BasicDataSourceFactory.getObjectInstance Name = acharya Property removeAbandoned is not used in DBCP2, use one or both of removeAbandonedOnBorrow or removeAbandonedOnMaintenance instead. Both have default value set to false. You have set value of "true" for "removeAbandoned" property, which is being ignored.
05-Sep-2019 13:55:10.610 WARNING [localhost-startStop-1] org.apache.tomcat.dbcp.dbcp2.BasicDataSourceFactory.getObjectInstance Name = acharya Property maxWait is not used in DBCP2 , use maxWaitMillis instead. maxWaitMillis default value is -1. You have set value of "50" for "maxWait" property, which is being ignored.
05-Sep-2019 13:55:10.611 WARNING [localhost-startStop-1] org.apache.tomcat.dbcp.dbcp2.BasicDataSourceFactory.getObjectInstance Name = incentive Property maxActive is not used in DBCP2, use maxTotal instead. maxTotal default value is 8. You have set value of "150" for "maxActive" property, which is being ignored.
05-Sep-2019 13:55:10.611 WARNING [localhost-startStop-1] org.apache.tomcat.dbcp.dbcp2.BasicDataSourceFactory.getObjectInstance Name = incentive Property removeAbandoned is not used in DBCP2, use one or both of removeAbandonedOnBorrow or removeAbandonedOnMaintenance instead. Both have default value set to false. You have set value of "true" for "removeAbandoned" property, which is being ignored.
05-Sep-2019 13:55:10.611 WARNING [localhost-startStop-1] org.apache.tomcat.dbcp.dbcp2.BasicDataSourceFactory.getObjectInstance Name = incentive Property maxWait is not used in DBCP2 , use maxWaitMillis instead. maxWaitMillis default value is -1. You have set value of "50" for "maxWait" property, which is being ignored.
05-Sep-2019 13:55:10.665 INFO [localhost-startStop-1] org.apache.jasper.servlet.TldScanner.scanJars At least one JAR was scanned for TLDs yet contained no TLDs. Enable debug logging for this logger for a complete list of JARs that were scanned but no TLDs were found in them. Skipping unneeded JARs during scanning can improve startup time and JSP compilation time.
05-Sep-2019 13:55:11.244 INFO [localhost-startStop-1] org.apache.catalina.startup.HostConfig.deployDirectory Deployment of web application directory [/opt/projects/tomcat/webapps/college] has finished in [4,981] ms
05-Sep-2019 13:55:11.245 INFO [localhost-startStop-1] org.apache.catalina.startup.HostConfig.deployDirectory Deploying web application directory [/opt/projects/tomcat/webapps/ROOT]
05-Sep-2019 13:55:14.933 INFO [localhost-startStop-1] org.apache.jasper.servlet.TldScanner.scanJars At least one JAR was scanned for TLDs yet contained no TLDs. Enable debug logging for this logger for a complete list of JARs that were scanned but no TLDs were found in them. Skipping unneeded JARs during scanning can improve startup time and JSP compilation time.
05-Sep-2019 13:55:14.957 INFO [localhost-startStop-1] org.apache.catalina.startup.HostConfig.deployDirectory Deployment of web application directory [/opt/projects/tomcat/webapps/ROOT] has finished in [3,712] ms
05-Sep-2019 13:55:14.957 INFO [localhost-startStop-1] org.apache.catalina.startup.HostConfig.deployDirectory Deploying web application directory [/opt/projects/tomcat/webapps/aua]
05-Sep-2019 13:55:20.034 INFO [localhost-startStop-1] org.apache.jasper.servlet.TldScanner.scanJars At least one JAR was scanned for TLDs yet contained no TLDs. Enable debug logging for this logger for a complete list of JARs that were scanned but no TLDs were found in them. Skipping unneeded JARs during scanning can improve startup time and JSP compilation time.
05-Sep-2019 13:55:20.057 INFO [localhost-startStop-1] org.apache.catalina.startup.HostConfig.deployDirectory Deployment of web application directory [/opt/projects/tomcat/webapps/aua] has finished in [5,099] ms
05-Sep-2019 13:55:20.057 INFO [localhost-startStop-1] org.apache.catalina.startup.HostConfig.deployDirectory Deploying web application directory [/opt/projects/tomcat/webapps/repository]
05-Sep-2019 13:55:21.823 INFO [localhost-startStop-1] org.apache.jasper.servlet.TldScanner.scanJars At least one JAR was scanned for TLDs yet contained no TLDs. Enable debug logging for this logger for a complete list of JARs that were scanned but no TLDs were found in them. Skipping unneeded JARs during scanning can improve startup time and JSP compilation time.
05-Sep-2019 13:55:21.833 INFO [localhost-startStop-1] org.apache.catalina.startup.HostConfig.deployDirectory Deployment of web application directory [/opt/projects/tomcat/webapps/repository] has finished in [1,776] ms
05-Sep-2019 13:55:21.866 INFO [main] org.apache.coyote.AbstractProtocol.start Starting ProtocolHandler ["http-nio-8080"]
05-Sep-2019 13:55:21.966 INFO [main] org.apache.coyote.AbstractProtocol.start Starting ProtocolHandler ["ajp-nio-8009"]
05-Sep-2019 13:55:21.970 INFO [main] org.apache.catalina.startup.Catalina.start Server startup in 44471 ms
05-Sep-2019 13:58:22.272 INFO [ContainerBackgroundProcessor[StandardEngine[Catalina]]] org.apache.catalina.startup.HostConfig.undeploy Undeploying context [/highschool]
05-Sep-2019 13:58:23.309 INFO [localhost-startStop-2] org.apache.catalina.startup.HostConfig.deployDirectory Deploying web application directory [/opt/projects/tomcat/webapps/highschool]
05-Sep-2019 13:58:28.010 INFO [localhost-startStop-2] org.apache.jasper.servlet.TldScanner.scanJars At least one JAR was scanned for TLDs yet contained no TLDs. Enable debug logging for this logger for a complete list of JARs that were scanned but no TLDs were found in them. Skipping unneeded JARs during scanning can improve startup time and JSP compilation time.
05-Sep-2019 13:58:28.014 INFO [localhost-startStop-2] org.apache.catalina.startup.HostConfig.deployDirectory Deployment of web application directory [/opt/projects/tomcat/webapps/highschool] has finished in [4,706] ms
05-Sep-2019 14:07:10.742 INFO [ContainerBackgroundProcessor[StandardEngine[Catalina]]] org.apache.catalina.startup.HostConfig.reload Reloading context [/highschool]
05-Sep-2019 14:07:10.742 INFO [ContainerBackgroundProcessor[StandardEngine[Catalina]]] org.apache.catalina.core.StandardContext.reload Reloading Context with name [/highschool] has started
05-Sep-2019 14:07:16.157 INFO [ContainerBackgroundProcessor[StandardEngine[Catalina]]] org.apache.jasper.servlet.TldScanner.scanJars At least one JAR was scanned for TLDs yet contained no TLDs. Enable debug logging for this logger for a complete list of JARs that were scanned but no TLDs were found in them. Skipping unneeded JARs during scanning can improve startup time and JSP compilation time.
05-Sep-2019 14:07:16.187 INFO [ContainerBackgroundProcessor[StandardEngine[Catalina]]] org.apache.catalina.core.StandardContext.reload Reloading Context with name [/highschool] is completed
05-Sep-2019 14:08:47.259 INFO [ContainerBackgroundProcessor[StandardEngine[Catalina]]] org.apache.catalina.startup.HostConfig.reload Reloading context [/highschool]
05-Sep-2019 14:08:47.259 INFO [ContainerBackgroundProcessor[StandardEngine[Catalina]]] org.apache.catalina.core.StandardContext.reload Reloading Context with name [/highschool] has started
05-Sep-2019 14:08:51.631 INFO [ContainerBackgroundProcessor[StandardEngine[Catalina]]] org.apache.jasper.servlet.TldScanner.scanJars At least one JAR was scanned for TLDs yet contained no TLDs. Enable debug logging for this logger for a complete list of JARs that were scanned but no TLDs were found in them. Skipping unneeded JARs during scanning can improve startup time and JSP compilation time.
05-Sep-2019 14:08:51.634 INFO [ContainerBackgroundProcessor[StandardEngine[Catalina]]] org.apache.catalina.core.StandardContext.reload Reloading Context with name [/highschool] is completed
05-Sep-2019 14:10:11.417 INFO [ContainerBackgroundProcessor[StandardEngine[Catalina]]] org.apache.catalina.startup.HostConfig.reload Reloading context [/highschool]
05-Sep-2019 14:10:11.418 INFO [ContainerBackgroundProcessor[StandardEngine[Catalina]]] org.apache.catalina.core.StandardContext.reload Reloading Context with name [/highschool] has started
05-Sep-2019 14:10:12.800 INFO [ContainerBackgroundProcessor[StandardEngine[Catalina]]] org.apache.jasper.servlet.TldScanner.scanJars At least one JAR was scanned for TLDs yet contained no TLDs. Enable debug logging for this logger for a complete list of JARs that were scanned but no TLDs were found in them. Skipping unneeded JARs during scanning can improve startup time and JSP compilation time.
05-Sep-2019 14:10:12.802 INFO [ContainerBackgroundProcessor[StandardEngine[Catalina]]] org.apache.catalina.core.StandardContext.reload Reloading Context with name [/highschool] is completed
05-Sep-2019 21:54:11.479 INFO [Thread-5] org.apache.coyote.AbstractProtocol.pause Pausing ProtocolHandler ["http-nio-8080"]
05-Sep-2019 21:54:11.514 INFO [Thread-5] org.apache.coyote.AbstractProtocol.pause Pausing ProtocolHandler ["ajp-nio-8009"]
05-Sep-2019 21:54:11.520 INFO [Thread-5] org.apache.catalina.core.StandardService.stopInternal Stopping service [Catalina]
05-Sep-2019 21:54:12.300 INFO [localhost-startStop-3] com.sun.xml.ws.transport.http.servlet.WSServletDelegate.destroy WSSERVLET15: JAX-WS servlet destroyed
05-Sep-2019 21:54:12.385 INFO [localhost-startStop-3] com.sun.xml.ws.transport.http.servlet.WSServletContextListener.contextDestroyed WSSERVLET13: JAX-WS context listener destroyed
05-Sep-2019 21:54:12.386 INFO [localhost-startStop-3] com.sun.xml.ws.transport.http.servlet.WSServletContextListener.contextDestroyed WSSERVLET13: JAX-WS context listener destroyed
05-Sep-2019 21:54:12.485 INFO [Thread-5] org.apache.coyote.AbstractProtocol.stop Stopping ProtocolHandler ["http-nio-8080"]
05-Sep-2019 21:54:12.491 INFO [Thread-5] org.apache.coyote.AbstractProtocol.stop Stopping ProtocolHandler ["ajp-nio-8009"]
05-Sep-2019 21:54:12.497 INFO [Thread-5] org.apache.coyote.AbstractProtocol.destroy Destroying ProtocolHandler ["http-nio-8080"]
05-Sep-2019 21:54:12.498 INFO [Thread-5] org.apache.coyote.AbstractProtocol.destroy Destroying ProtocolHandler ["ajp-nio-8009"]
