08-Apr-2019 09:51:14.647 INFO [main] org.apache.catalina.startup.VersionLoggerListener.log Server version:        Apache Tomcat/8.5.37
08-Apr-2019 09:51:14.649 INFO [main] org.apache.catalina.startup.VersionLoggerListener.log Server built:          Dec 12 2018 12:07:02 UTC
08-Apr-2019 09:51:14.649 INFO [main] org.apache.catalina.startup.VersionLoggerListener.log Server number:         8.5.37.0
08-Apr-2019 09:51:14.649 INFO [main] org.apache.catalina.startup.VersionLoggerListener.log OS Name:               Linux
08-Apr-2019 09:51:14.649 INFO [main] org.apache.catalina.startup.VersionLoggerListener.log OS Version:            4.15.0-47-generic
08-Apr-2019 09:51:14.649 INFO [main] org.apache.catalina.startup.VersionLoggerListener.log Architecture:          amd64
08-Apr-2019 09:51:14.649 INFO [main] org.apache.catalina.startup.VersionLoggerListener.log Java Home:             /usr/lib/jvm/java-8-openjdk-amd64/jre
08-Apr-2019 09:51:14.649 INFO [main] org.apache.catalina.startup.VersionLoggerListener.log JVM Version:           1.8.0_191-8u191-b12-2ubuntu0.18.04.1-b12
08-Apr-2019 09:51:14.649 INFO [main] org.apache.catalina.startup.VersionLoggerListener.log JVM Vendor:            Oracle Corporation
08-Apr-2019 09:51:14.649 INFO [main] org.apache.catalina.startup.VersionLoggerListener.log CATALINA_BASE:         /opt/projects/tomcat
08-Apr-2019 09:51:14.650 INFO [main] org.apache.catalina.startup.VersionLoggerListener.log CATALINA_HOME:         /opt/projects/tomcat
08-Apr-2019 09:51:14.650 INFO [main] org.apache.catalina.startup.VersionLoggerListener.log Command line argument: -Djava.util.logging.config.file=/opt/projects/tomcat/conf/logging.properties
08-Apr-2019 09:51:14.650 INFO [main] org.apache.catalina.startup.VersionLoggerListener.log Command line argument: -Djava.util.logging.manager=org.apache.juli.ClassLoaderLogManager
08-Apr-2019 09:51:14.650 INFO [main] org.apache.catalina.startup.VersionLoggerListener.log Command line argument: -Djdk.tls.ephemeralDHKeySize=2048
08-Apr-2019 09:51:14.650 INFO [main] org.apache.catalina.startup.VersionLoggerListener.log Command line argument: -Djava.protocol.handler.pkgs=org.apache.catalina.webresources
08-Apr-2019 09:51:14.650 INFO [main] org.apache.catalina.startup.VersionLoggerListener.log Command line argument: -Dorg.apache.catalina.security.SecurityListener.UMASK=0027
08-Apr-2019 09:51:14.650 INFO [main] org.apache.catalina.startup.VersionLoggerListener.log Command line argument: -Dignore.endorsed.dirs=
08-Apr-2019 09:51:14.650 INFO [main] org.apache.catalina.startup.VersionLoggerListener.log Command line argument: -Dcatalina.base=/opt/projects/tomcat
08-Apr-2019 09:51:14.650 INFO [main] org.apache.catalina.startup.VersionLoggerListener.log Command line argument: -Dcatalina.home=/opt/projects/tomcat
08-Apr-2019 09:51:14.650 INFO [main] org.apache.catalina.startup.VersionLoggerListener.log Command line argument: -Djava.io.tmpdir=/opt/projects/tomcat/temp
08-Apr-2019 09:51:14.650 INFO [main] org.apache.catalina.core.AprLifecycleListener.lifecycleEvent The APR based Apache Tomcat Native library which allows optimal performance in production environments was not found on the java.library.path: [/usr/java/packages/lib/amd64:/usr/lib/x86_64-linux-gnu/jni:/lib/x86_64-linux-gnu:/usr/lib/x86_64-linux-gnu:/usr/lib/jni:/lib:/usr/lib]
08-Apr-2019 09:51:14.898 INFO [main] org.apache.coyote.AbstractProtocol.init Initializing ProtocolHandler ["http-nio-8080"]
08-Apr-2019 09:51:14.927 INFO [main] org.apache.tomcat.util.net.NioSelectorPool.getSharedSelector Using a shared selector for servlet write/read
08-Apr-2019 09:51:14.941 INFO [main] org.apache.coyote.AbstractProtocol.init Initializing ProtocolHandler ["ajp-nio-8009"]
08-Apr-2019 09:51:14.942 INFO [main] org.apache.tomcat.util.net.NioSelectorPool.getSharedSelector Using a shared selector for servlet write/read
08-Apr-2019 09:51:14.943 INFO [main] org.apache.catalina.startup.Catalina.load Initialization processed in 1049 ms
08-Apr-2019 09:51:14.976 INFO [main] org.apache.catalina.core.StandardService.startInternal Starting service [Catalina]
08-Apr-2019 09:51:14.976 INFO [main] org.apache.catalina.core.StandardEngine.startInternal Starting Servlet Engine: Apache Tomcat/8.5.37
08-Apr-2019 09:51:14.987 INFO [localhost-startStop-1] org.apache.catalina.startup.HostConfig.deployDirectory Deploying web application directory [/opt/projects/tomcat/webapps/examples]
08-Apr-2019 09:51:16.233 INFO [localhost-startStop-1] org.apache.jasper.servlet.TldScanner.scanJars At least one JAR was scanned for TLDs yet contained no TLDs. Enable debug logging for this logger for a complete list of JARs that were scanned but no TLDs were found in them. Skipping unneeded JARs during scanning can improve startup time and JSP compilation time.
08-Apr-2019 09:51:16.359 INFO [localhost-startStop-1] org.apache.catalina.startup.HostConfig.deployDirectory Deployment of web application directory [/opt/projects/tomcat/webapps/examples] has finished in [1,372] ms
08-Apr-2019 09:51:16.359 INFO [localhost-startStop-1] org.apache.catalina.startup.HostConfig.deployDirectory Deploying web application directory [/opt/projects/tomcat/webapps/colleges]
08-Apr-2019 09:51:21.371 INFO [localhost-startStop-1] org.apache.jasper.servlet.TldScanner.scanJars At least one JAR was scanned for TLDs yet contained no TLDs. Enable debug logging for this logger for a complete list of JARs that were scanned but no TLDs were found in them. Skipping unneeded JARs during scanning can improve startup time and JSP compilation time.
08-Apr-2019 09:51:21.665 INFO [localhost-startStop-1] org.apache.catalina.startup.HostConfig.deployDirectory Deployment of web application directory [/opt/projects/tomcat/webapps/colleges] has finished in [5,306] ms
08-Apr-2019 09:51:21.665 INFO [localhost-startStop-1] org.apache.catalina.startup.HostConfig.deployDirectory Deploying web application directory [/opt/projects/tomcat/webapps/ueab]
08-Apr-2019 09:51:24.710 INFO [localhost-startStop-1] org.apache.jasper.servlet.TldScanner.scanJars At least one JAR was scanned for TLDs yet contained no TLDs. Enable debug logging for this logger for a complete list of JARs that were scanned but no TLDs were found in them. Skipping unneeded JARs during scanning can improve startup time and JSP compilation time.
08-Apr-2019 09:51:25.700 INFO [localhost-startStop-1] org.apache.catalina.startup.HostConfig.deployDirectory Deployment of web application directory [/opt/projects/tomcat/webapps/ueab] has finished in [4,035] ms
08-Apr-2019 09:51:25.701 INFO [localhost-startStop-1] org.apache.catalina.startup.HostConfig.deployDirectory Deploying web application directory [/opt/projects/tomcat/webapps/manager]
08-Apr-2019 09:51:25.819 INFO [localhost-startStop-1] org.apache.jasper.servlet.TldScanner.scanJars At least one JAR was scanned for TLDs yet contained no TLDs. Enable debug logging for this logger for a complete list of JARs that were scanned but no TLDs were found in them. Skipping unneeded JARs during scanning can improve startup time and JSP compilation time.
08-Apr-2019 09:51:25.833 INFO [localhost-startStop-1] org.apache.catalina.startup.HostConfig.deployDirectory Deployment of web application directory [/opt/projects/tomcat/webapps/manager] has finished in [132] ms
08-Apr-2019 09:51:25.834 INFO [localhost-startStop-1] org.apache.catalina.startup.HostConfig.deployDirectory Deploying web application directory [/opt/projects/tomcat/webapps/babcock]
08-Apr-2019 09:51:26.911 WARNING [localhost-startStop-1] org.postgresql.core.v3.ConnectionFactoryImpl.log SQLException occurred while connecting to umisdb:5432
 org.postgresql.util.PSQLException: FATAL: role "babcock_admin" does not exist
	at org.postgresql.core.v3.QueryExecutorImpl.receiveErrorResponse(QueryExecutorImpl.java:2433)
	at org.postgresql.core.v3.QueryExecutorImpl.readStartupMessages(QueryExecutorImpl.java:2566)
	at org.postgresql.core.v3.QueryExecutorImpl.<init>(QueryExecutorImpl.java:131)
	at org.postgresql.core.v3.ConnectionFactoryImpl.openConnectionImpl(ConnectionFactoryImpl.java:210)
	at org.postgresql.core.ConnectionFactory.openConnection(ConnectionFactory.java:49)
	at org.postgresql.jdbc.PgConnection.<init>(PgConnection.java:195)
	at org.postgresql.Driver.makeConnection(Driver.java:452)
	at org.postgresql.Driver.connect(Driver.java:254)
	at org.apache.catalina.realm.JDBCRealm.open(JDBCRealm.java:670)
	at org.apache.catalina.realm.JDBCRealm.startInternal(JDBCRealm.java:733)
	at org.apache.catalina.util.LifecycleBase.start(LifecycleBase.java:150)
	at org.apache.catalina.core.StandardContext.startInternal(StandardContext.java:5155)
	at org.apache.catalina.util.LifecycleBase.start(LifecycleBase.java:150)
	at org.apache.catalina.core.ContainerBase.addChildInternal(ContainerBase.java:754)
	at org.apache.catalina.core.ContainerBase.addChild(ContainerBase.java:730)
	at org.apache.catalina.core.StandardHost.addChild(StandardHost.java:734)
	at org.apache.catalina.startup.HostConfig.deployDirectory(HostConfig.java:1140)
	at org.apache.catalina.startup.HostConfig$DeployDirectory.run(HostConfig.java:1875)
	at java.util.concurrent.Executors$RunnableAdapter.call(Executors.java:511)
	at java.util.concurrent.FutureTask.run(FutureTask.java:266)
	at java.util.concurrent.ThreadPoolExecutor.runWorker(ThreadPoolExecutor.java:1149)
	at java.util.concurrent.ThreadPoolExecutor$Worker.run(ThreadPoolExecutor.java:624)
	at java.lang.Thread.run(Thread.java:748)

08-Apr-2019 09:51:26.912 SEVERE [localhost-startStop-1] org.postgresql.Driver.connect Connection error: 
 org.postgresql.util.PSQLException: FATAL: role "babcock_admin" does not exist
	at org.postgresql.core.v3.QueryExecutorImpl.receiveErrorResponse(QueryExecutorImpl.java:2433)
	at org.postgresql.core.v3.QueryExecutorImpl.readStartupMessages(QueryExecutorImpl.java:2566)
	at org.postgresql.core.v3.QueryExecutorImpl.<init>(QueryExecutorImpl.java:131)
	at org.postgresql.core.v3.ConnectionFactoryImpl.openConnectionImpl(ConnectionFactoryImpl.java:210)
	at org.postgresql.core.ConnectionFactory.openConnection(ConnectionFactory.java:49)
	at org.postgresql.jdbc.PgConnection.<init>(PgConnection.java:195)
	at org.postgresql.Driver.makeConnection(Driver.java:452)
	at org.postgresql.Driver.connect(Driver.java:254)
	at org.apache.catalina.realm.JDBCRealm.open(JDBCRealm.java:670)
	at org.apache.catalina.realm.JDBCRealm.startInternal(JDBCRealm.java:733)
	at org.apache.catalina.util.LifecycleBase.start(LifecycleBase.java:150)
	at org.apache.catalina.core.StandardContext.startInternal(StandardContext.java:5155)
	at org.apache.catalina.util.LifecycleBase.start(LifecycleBase.java:150)
	at org.apache.catalina.core.ContainerBase.addChildInternal(ContainerBase.java:754)
	at org.apache.catalina.core.ContainerBase.addChild(ContainerBase.java:730)
	at org.apache.catalina.core.StandardHost.addChild(StandardHost.java:734)
	at org.apache.catalina.startup.HostConfig.deployDirectory(HostConfig.java:1140)
	at org.apache.catalina.startup.HostConfig$DeployDirectory.run(HostConfig.java:1875)
	at java.util.concurrent.Executors$RunnableAdapter.call(Executors.java:511)
	at java.util.concurrent.FutureTask.run(FutureTask.java:266)
	at java.util.concurrent.ThreadPoolExecutor.runWorker(ThreadPoolExecutor.java:1149)
	at java.util.concurrent.ThreadPoolExecutor$Worker.run(ThreadPoolExecutor.java:624)
	at java.lang.Thread.run(Thread.java:748)

08-Apr-2019 09:51:30.460 INFO [localhost-startStop-1] com.sun.xml.ws.transport.http.servlet.WSServletDelegate.<init> WSSERVLET14: JAX-WS servlet initializing
08-Apr-2019 09:51:30.510 INFO [localhost-startStop-1] org.apache.jasper.servlet.TldScanner.scanJars At least one JAR was scanned for TLDs yet contained no TLDs. Enable debug logging for this logger for a complete list of JARs that were scanned but no TLDs were found in them. Skipping unneeded JARs during scanning can improve startup time and JSP compilation time.
08-Apr-2019 09:51:30.513 INFO [localhost-startStop-1] com.sun.xml.ws.transport.http.servlet.WSServletContextListener.contextInitialized WSSERVLET12: JAX-WS context listener initializing
08-Apr-2019 09:51:30.513 INFO [localhost-startStop-1] com.sun.xml.ws.transport.http.servlet.WSServletContextListener.contextInitialized WSSERVLET12: JAX-WS context listener initializing
08-Apr-2019 09:51:30.541 WARNING [localhost-startStop-1] org.postgresql.core.v3.ConnectionFactoryImpl.log SQLException occurred while connecting to umisdb:5432
 org.postgresql.util.PSQLException: FATAL: role "babcock_admin" does not exist
	at org.postgresql.core.v3.QueryExecutorImpl.receiveErrorResponse(QueryExecutorImpl.java:2433)
	at org.postgresql.core.v3.QueryExecutorImpl.readStartupMessages(QueryExecutorImpl.java:2566)
	at org.postgresql.core.v3.QueryExecutorImpl.<init>(QueryExecutorImpl.java:131)
	at org.postgresql.core.v3.ConnectionFactoryImpl.openConnectionImpl(ConnectionFactoryImpl.java:210)
	at org.postgresql.core.ConnectionFactory.openConnection(ConnectionFactory.java:49)
	at org.postgresql.jdbc.PgConnection.<init>(PgConnection.java:195)
	at org.postgresql.Driver.makeConnection(Driver.java:452)
	at org.postgresql.Driver.connect(Driver.java:254)
	at org.apache.tomcat.dbcp.dbcp2.DriverConnectionFactory.createConnection(DriverConnectionFactory.java:53)
	at org.apache.tomcat.dbcp.dbcp2.PoolableConnectionFactory.makeObject(PoolableConnectionFactory.java:291)
	at org.apache.tomcat.dbcp.dbcp2.BasicDataSource.validateConnectionFactory(BasicDataSource.java:2395)
	at org.apache.tomcat.dbcp.dbcp2.BasicDataSource.createPoolableConnectionFactory(BasicDataSource.java:2381)
	at org.apache.tomcat.dbcp.dbcp2.BasicDataSource.createDataSource(BasicDataSource.java:2110)
	at org.apache.tomcat.dbcp.dbcp2.BasicDataSource.getConnection(BasicDataSource.java:1563)
	at org.baraza.DB.BDB.connectDB(BDB.java:100)
	at org.baraza.DB.BDB.<init>(BDB.java:92)
	at org.baraza.web.BWebRegister.init(BWebRegister.java:32)
	at org.apache.catalina.core.StandardWrapper.initServlet(StandardWrapper.java:1144)
	at org.apache.catalina.core.StandardWrapper.loadServlet(StandardWrapper.java:1091)
	at org.apache.catalina.core.StandardWrapper.load(StandardWrapper.java:983)
	at org.apache.catalina.core.StandardContext.loadOnStartup(StandardContext.java:4998)
	at org.apache.catalina.core.StandardContext.startInternal(StandardContext.java:5312)
	at org.apache.catalina.util.LifecycleBase.start(LifecycleBase.java:150)
	at org.apache.catalina.core.ContainerBase.addChildInternal(ContainerBase.java:754)
	at org.apache.catalina.core.ContainerBase.addChild(ContainerBase.java:730)
	at org.apache.catalina.core.StandardHost.addChild(StandardHost.java:734)
	at org.apache.catalina.startup.HostConfig.deployDirectory(HostConfig.java:1140)
	at org.apache.catalina.startup.HostConfig$DeployDirectory.run(HostConfig.java:1875)
	at java.util.concurrent.Executors$RunnableAdapter.call(Executors.java:511)
	at java.util.concurrent.FutureTask.run(FutureTask.java:266)
	at java.util.concurrent.ThreadPoolExecutor.runWorker(ThreadPoolExecutor.java:1149)
	at java.util.concurrent.ThreadPoolExecutor$Worker.run(ThreadPoolExecutor.java:624)
	at java.lang.Thread.run(Thread.java:748)

08-Apr-2019 09:51:30.542 SEVERE [localhost-startStop-1] org.postgresql.Driver.connect Connection error: 
 org.postgresql.util.PSQLException: FATAL: role "babcock_admin" does not exist
	at org.postgresql.core.v3.QueryExecutorImpl.receiveErrorResponse(QueryExecutorImpl.java:2433)
	at org.postgresql.core.v3.QueryExecutorImpl.readStartupMessages(QueryExecutorImpl.java:2566)
	at org.postgresql.core.v3.QueryExecutorImpl.<init>(QueryExecutorImpl.java:131)
	at org.postgresql.core.v3.ConnectionFactoryImpl.openConnectionImpl(ConnectionFactoryImpl.java:210)
	at org.postgresql.core.ConnectionFactory.openConnection(ConnectionFactory.java:49)
	at org.postgresql.jdbc.PgConnection.<init>(PgConnection.java:195)
	at org.postgresql.Driver.makeConnection(Driver.java:452)
	at org.postgresql.Driver.connect(Driver.java:254)
	at org.apache.tomcat.dbcp.dbcp2.DriverConnectionFactory.createConnection(DriverConnectionFactory.java:53)
	at org.apache.tomcat.dbcp.dbcp2.PoolableConnectionFactory.makeObject(PoolableConnectionFactory.java:291)
	at org.apache.tomcat.dbcp.dbcp2.BasicDataSource.validateConnectionFactory(BasicDataSource.java:2395)
	at org.apache.tomcat.dbcp.dbcp2.BasicDataSource.createPoolableConnectionFactory(BasicDataSource.java:2381)
	at org.apache.tomcat.dbcp.dbcp2.BasicDataSource.createDataSource(BasicDataSource.java:2110)
	at org.apache.tomcat.dbcp.dbcp2.BasicDataSource.getConnection(BasicDataSource.java:1563)
	at org.baraza.DB.BDB.connectDB(BDB.java:100)
	at org.baraza.DB.BDB.<init>(BDB.java:92)
	at org.baraza.web.BWebRegister.init(BWebRegister.java:32)
	at org.apache.catalina.core.StandardWrapper.initServlet(StandardWrapper.java:1144)
	at org.apache.catalina.core.StandardWrapper.loadServlet(StandardWrapper.java:1091)
	at org.apache.catalina.core.StandardWrapper.load(StandardWrapper.java:983)
	at org.apache.catalina.core.StandardContext.loadOnStartup(StandardContext.java:4998)
	at org.apache.catalina.core.StandardContext.startInternal(StandardContext.java:5312)
	at org.apache.catalina.util.LifecycleBase.start(LifecycleBase.java:150)
	at org.apache.catalina.core.ContainerBase.addChildInternal(ContainerBase.java:754)
	at org.apache.catalina.core.ContainerBase.addChild(ContainerBase.java:730)
	at org.apache.catalina.core.StandardHost.addChild(StandardHost.java:734)
	at org.apache.catalina.startup.HostConfig.deployDirectory(HostConfig.java:1140)
	at org.apache.catalina.startup.HostConfig$DeployDirectory.run(HostConfig.java:1875)
	at java.util.concurrent.Executors$RunnableAdapter.call(Executors.java:511)
	at java.util.concurrent.FutureTask.run(FutureTask.java:266)
	at java.util.concurrent.ThreadPoolExecutor.runWorker(ThreadPoolExecutor.java:1149)
	at java.util.concurrent.ThreadPoolExecutor$Worker.run(ThreadPoolExecutor.java:624)
	at java.lang.Thread.run(Thread.java:748)

08-Apr-2019 09:51:30.542 SEVERE [localhost-startStop-1] org.baraza.DB.BDB.connectDB Cannot connect to this database : java.sql.SQLException: Cannot create PoolableConnectionFactory (FATAL: role "babcock_admin" does not exist)
08-Apr-2019 09:51:30.548 INFO [localhost-startStop-1] org.apache.catalina.startup.HostConfig.deployDirectory Deployment of web application directory [/opt/projects/tomcat/webapps/babcock] has finished in [4,713] ms
08-Apr-2019 09:51:30.548 INFO [localhost-startStop-1] org.apache.catalina.startup.HostConfig.deployDirectory Deploying web application directory [/opt/projects/tomcat/webapps/host-manager]
08-Apr-2019 09:51:30.667 INFO [localhost-startStop-1] org.apache.jasper.servlet.TldScanner.scanJars At least one JAR was scanned for TLDs yet contained no TLDs. Enable debug logging for this logger for a complete list of JARs that were scanned but no TLDs were found in them. Skipping unneeded JARs during scanning can improve startup time and JSP compilation time.
08-Apr-2019 09:51:30.680 INFO [localhost-startStop-1] org.apache.catalina.startup.HostConfig.deployDirectory Deployment of web application directory [/opt/projects/tomcat/webapps/host-manager] has finished in [132] ms
08-Apr-2019 09:51:30.680 INFO [localhost-startStop-1] org.apache.catalina.startup.HostConfig.deployDirectory Deploying web application directory [/opt/projects/tomcat/webapps/docs]
08-Apr-2019 09:51:30.737 INFO [localhost-startStop-1] org.apache.jasper.servlet.TldScanner.scanJars At least one JAR was scanned for TLDs yet contained no TLDs. Enable debug logging for this logger for a complete list of JARs that were scanned but no TLDs were found in them. Skipping unneeded JARs during scanning can improve startup time and JSP compilation time.
08-Apr-2019 09:51:30.738 INFO [localhost-startStop-1] org.apache.catalina.startup.HostConfig.deployDirectory Deployment of web application directory [/opt/projects/tomcat/webapps/docs] has finished in [58] ms
08-Apr-2019 09:51:30.738 INFO [localhost-startStop-1] org.apache.catalina.startup.HostConfig.deployDirectory Deploying web application directory [/opt/projects/tomcat/webapps/ROOT]
08-Apr-2019 09:51:33.793 INFO [localhost-startStop-1] org.apache.jasper.servlet.TldScanner.scanJars At least one JAR was scanned for TLDs yet contained no TLDs. Enable debug logging for this logger for a complete list of JARs that were scanned but no TLDs were found in them. Skipping unneeded JARs during scanning can improve startup time and JSP compilation time.
08-Apr-2019 09:51:33.815 INFO [localhost-startStop-1] org.apache.catalina.startup.HostConfig.deployDirectory Deployment of web application directory [/opt/projects/tomcat/webapps/ROOT] has finished in [3,077] ms
08-Apr-2019 09:51:33.815 INFO [localhost-startStop-1] org.apache.catalina.startup.HostConfig.deployDirectory Deploying web application directory [/opt/projects/tomcat/webapps/aua]
08-Apr-2019 09:51:38.265 INFO [localhost-startStop-1] org.apache.jasper.servlet.TldScanner.scanJars At least one JAR was scanned for TLDs yet contained no TLDs. Enable debug logging for this logger for a complete list of JARs that were scanned but no TLDs were found in them. Skipping unneeded JARs during scanning can improve startup time and JSP compilation time.
08-Apr-2019 09:51:38.282 INFO [localhost-startStop-1] org.apache.catalina.startup.HostConfig.deployDirectory Deployment of web application directory [/opt/projects/tomcat/webapps/aua] has finished in [4,467] ms
08-Apr-2019 09:51:38.282 INFO [localhost-startStop-1] org.apache.catalina.startup.HostConfig.deployDirectory Deploying web application directory [/opt/projects/tomcat/webapps/repository]
08-Apr-2019 09:51:39.911 INFO [localhost-startStop-1] org.apache.jasper.servlet.TldScanner.scanJars At least one JAR was scanned for TLDs yet contained no TLDs. Enable debug logging for this logger for a complete list of JARs that were scanned but no TLDs were found in them. Skipping unneeded JARs during scanning can improve startup time and JSP compilation time.
08-Apr-2019 09:51:39.929 INFO [localhost-startStop-1] org.apache.catalina.startup.HostConfig.deployDirectory Deployment of web application directory [/opt/projects/tomcat/webapps/repository] has finished in [1,647] ms
08-Apr-2019 09:51:39.933 INFO [main] org.apache.coyote.AbstractProtocol.start Starting ProtocolHandler ["http-nio-8080"]
08-Apr-2019 09:51:39.939 INFO [main] org.apache.coyote.AbstractProtocol.start Starting ProtocolHandler ["ajp-nio-8009"]
08-Apr-2019 09:51:39.941 INFO [main] org.apache.catalina.startup.Catalina.start Server startup in 24997 ms
08-Apr-2019 09:56:01.057 SEVERE [http-nio-8080-exec-5] org.baraza.DB.BDB.executeFunction Database executeFunction error : org.postgresql.util.PSQLException: ERROR: syntax error at or near "ECDCHAP"
  Position: 68
08-Apr-2019 09:56:01.058 SEVERE [http-nio-8080-exec-5] org.baraza.DB.BDB.executeFunction Database executeFunction error : org.postgresql.util.PSQLException: ERROR: syntax error at or near "ECDCHAP"
  Position: 69
08-Apr-2019 09:56:01.058 SEVERE [http-nio-8080-exec-5] org.baraza.DB.BDB.executeFunction Database executeFunction error : org.postgresql.util.PSQLException: ERROR: syntax error at or near "ECDCHAP"
  Position: 68
08-Apr-2019 09:56:04.234 SEVERE [http-nio-8080-exec-10] org.baraza.DB.BDB.executeFunction Database executeFunction error : org.postgresql.util.PSQLException: ERROR: syntax error at or near "ECDCHAP"
  Position: 68
08-Apr-2019 09:56:04.235 SEVERE [http-nio-8080-exec-10] org.baraza.DB.BDB.executeFunction Database executeFunction error : org.postgresql.util.PSQLException: ERROR: syntax error at or near "ECDCHAP"
  Position: 69
08-Apr-2019 09:56:04.236 SEVERE [http-nio-8080-exec-10] org.baraza.DB.BDB.executeFunction Database executeFunction error : org.postgresql.util.PSQLException: ERROR: syntax error at or near "ECDCHAP"
  Position: 68
08-Apr-2019 09:56:05.160 SEVERE [http-nio-8080-exec-9] org.baraza.DB.BDB.executeFunction Database executeFunction error : org.postgresql.util.PSQLException: ERROR: syntax error at or near "ECDCHAP"
  Position: 68
08-Apr-2019 09:56:05.160 SEVERE [http-nio-8080-exec-9] org.baraza.DB.BDB.executeFunction Database executeFunction error : org.postgresql.util.PSQLException: ERROR: syntax error at or near "ECDCHAP"
  Position: 69
08-Apr-2019 09:56:05.161 SEVERE [http-nio-8080-exec-9] org.baraza.DB.BDB.executeFunction Database executeFunction error : org.postgresql.util.PSQLException: ERROR: syntax error at or near "ECDCHAP"
  Position: 68
08-Apr-2019 09:56:06.339 SEVERE [http-nio-8080-exec-5] org.baraza.DB.BDB.executeFunction Database executeFunction error : org.postgresql.util.PSQLException: ERROR: syntax error at or near "ECDCHAP"
  Position: 68
08-Apr-2019 09:56:06.339 SEVERE [http-nio-8080-exec-5] org.baraza.DB.BDB.executeFunction Database executeFunction error : org.postgresql.util.PSQLException: ERROR: syntax error at or near "ECDCHAP"
  Position: 69
08-Apr-2019 09:56:06.340 SEVERE [http-nio-8080-exec-5] org.baraza.DB.BDB.executeFunction Database executeFunction error : org.postgresql.util.PSQLException: ERROR: syntax error at or near "ECDCHAP"
  Position: 68
08-Apr-2019 09:56:29.029 SEVERE [http-nio-8080-exec-9] org.baraza.DB.BDB.executeFunction Database executeFunction error : org.postgresql.util.PSQLException: ERROR: syntax error at or near "ECDCHAP"
  Position: 68
08-Apr-2019 09:56:29.030 SEVERE [http-nio-8080-exec-9] org.baraza.DB.BDB.executeFunction Database executeFunction error : org.postgresql.util.PSQLException: ERROR: syntax error at or near "ECDCHAP"
  Position: 69
08-Apr-2019 09:56:29.030 SEVERE [http-nio-8080-exec-9] org.baraza.DB.BDB.executeFunction Database executeFunction error : org.postgresql.util.PSQLException: ERROR: syntax error at or near "ECDCHAP"
  Position: 68
08-Apr-2019 09:56:30.354 SEVERE [http-nio-8080-exec-5] org.baraza.DB.BDB.executeFunction Database executeFunction error : org.postgresql.util.PSQLException: ERROR: syntax error at or near "ECDCHAP"
  Position: 68
08-Apr-2019 09:56:30.355 SEVERE [http-nio-8080-exec-5] org.baraza.DB.BDB.executeFunction Database executeFunction error : org.postgresql.util.PSQLException: ERROR: syntax error at or near "ECDCHAP"
  Position: 69
08-Apr-2019 09:56:30.356 SEVERE [http-nio-8080-exec-5] org.baraza.DB.BDB.executeFunction Database executeFunction error : org.postgresql.util.PSQLException: ERROR: syntax error at or near "ECDCHAP"
  Position: 68
08-Apr-2019 09:56:31.705 SEVERE [http-nio-8080-exec-6] org.baraza.DB.BDB.executeFunction Database executeFunction error : org.postgresql.util.PSQLException: ERROR: syntax error at or near "ECDCHAP"
  Position: 68
08-Apr-2019 09:56:31.706 SEVERE [http-nio-8080-exec-6] org.baraza.DB.BDB.executeFunction Database executeFunction error : org.postgresql.util.PSQLException: ERROR: syntax error at or near "ECDCHAP"
  Position: 69
08-Apr-2019 09:56:31.706 SEVERE [http-nio-8080-exec-6] org.baraza.DB.BDB.executeFunction Database executeFunction error : org.postgresql.util.PSQLException: ERROR: syntax error at or near "ECDCHAP"
  Position: 68
08-Apr-2019 09:56:46.941 SEVERE [http-nio-8080-exec-9] org.baraza.DB.BQuery.makeQuery Get Table read and Metadata Error : org.postgresql.util.PSQLException: ERROR: column "totalcharges" does not exist
  Hint: Perhaps you meant to reference the column "vw_student_session_charges.total_charges".
  Position: 75
08-Apr-2019 09:56:46.942 SEVERE [http-nio-8080-exec-9] org.baraza.DB.BQuery.makeQuery SQL SELECT student_id, Student_name, sponsor_name, accomodation_charge, fees, totalcharges, sstudent_id, session_id
FROM vw_student_session_charges
WHERE (session_id = '2019 ECDCHAP') AND ( fees is not null OR fees!='0')
ORDER BY sstudent_id
08-Apr-2019 10:00:00.186 SEVERE [http-nio-8080-exec-8] org.baraza.DB.BQuery.makeQuery Get Table read and Metadata Error : org.postgresql.util.PSQLException: ERROR: column "totalcharges" does not exist
  Hint: Perhaps you meant to reference the column "vw_student_session_charges.total_charges".
  Position: 75
08-Apr-2019 10:00:00.186 SEVERE [http-nio-8080-exec-8] org.baraza.DB.BQuery.makeQuery SQL SELECT student_id, Student_name, sponsor_name, accomodation_charge, fees, totalcharges, sstudent_id, session_id
FROM vw_student_session_charges
WHERE (session_id = '2018ECDCHAP2') AND ( fees is not null OR fees!='0')
ORDER BY sstudent_id
08-Apr-2019 10:00:05.111 SEVERE [http-nio-8080-exec-3] org.baraza.DB.BQuery.makeQuery Get Table read and Metadata Error : org.postgresql.util.PSQLException: ERROR: column "totalcharges" does not exist
  Hint: Perhaps you meant to reference the column "vw_student_session_charges.total_charges".
  Position: 75
08-Apr-2019 10:00:05.111 SEVERE [http-nio-8080-exec-3] org.baraza.DB.BQuery.makeQuery SQL SELECT student_id, Student_name, sponsor_name, accomodation_charge, fees, totalcharges, sstudent_id, session_id
FROM vw_student_session_charges
WHERE (session_id = '2018ECDCHAP2') AND ( fees is not null OR fees!='0')
ORDER BY sstudent_id
08-Apr-2019 10:59:55.128 SEVERE [http-nio-8080-exec-2] org.baraza.DB.BQuery.makeQuery Get Table read and Metadata Error : org.postgresql.util.PSQLException: ERROR: column "accomodation_charge" does not exist
  Position: 48
08-Apr-2019 10:59:55.255 SEVERE [http-nio-8080-exec-2] org.baraza.DB.BQuery.makeQuery SQL SELECT student_id, Student_name, sponsor_name, accomodation_charge, fees, totalcharges, sstudent_id, session_id
FROM vw_student_session_charges
WHERE (session_id = '2019 ECDCHAP') AND ( fees is not null OR fees!='0')
ORDER BY sstudent_id
08-Apr-2019 18:39:38.335 INFO [Thread-5] org.apache.coyote.AbstractProtocol.pause Pausing ProtocolHandler ["http-nio-8080"]
08-Apr-2019 18:39:44.508 INFO [Thread-5] org.apache.coyote.AbstractProtocol.pause Pausing ProtocolHandler ["ajp-nio-8009"]
08-Apr-2019 18:39:45.466 INFO [Thread-5] org.apache.catalina.core.StandardService.stopInternal Stopping service [Catalina]
08-Apr-2019 18:39:59.048 INFO [localhost-startStop-2] com.sun.xml.ws.transport.http.servlet.WSServletDelegate.destroy WSSERVLET15: JAX-WS servlet destroyed
08-Apr-2019 18:40:00.141 INFO [localhost-startStop-2] com.sun.xml.ws.transport.http.servlet.WSServletContextListener.contextDestroyed WSSERVLET13: JAX-WS context listener destroyed
08-Apr-2019 18:40:00.142 INFO [localhost-startStop-2] com.sun.xml.ws.transport.http.servlet.WSServletContextListener.contextDestroyed WSSERVLET13: JAX-WS context listener destroyed
08-Apr-2019 18:40:01.497 INFO [Thread-5] org.apache.coyote.AbstractProtocol.stop Stopping ProtocolHandler ["http-nio-8080"]
08-Apr-2019 18:40:02.868 INFO [Thread-5] org.apache.coyote.AbstractProtocol.stop Stopping ProtocolHandler ["ajp-nio-8009"]
08-Apr-2019 18:40:03.748 INFO [Thread-5] org.apache.coyote.AbstractProtocol.destroy Destroying ProtocolHandler ["http-nio-8080"]
08-Apr-2019 18:40:03.777 INFO [Thread-5] org.apache.coyote.AbstractProtocol.destroy Destroying ProtocolHandler ["ajp-nio-8009"]
