10-Sep-2019 09:15:34.315 INFO [main] org.apache.catalina.startup.VersionLoggerListener.log Server version:        Apache Tomcat/8.5.37
10-Sep-2019 09:15:34.316 INFO [main] org.apache.catalina.startup.VersionLoggerListener.log Server built:          Dec 12 2018 12:07:02 UTC
10-Sep-2019 09:15:34.317 INFO [main] org.apache.catalina.startup.VersionLoggerListener.log Server number:         8.5.37.0
10-Sep-2019 09:15:34.317 INFO [main] org.apache.catalina.startup.VersionLoggerListener.log OS Name:               Linux
10-Sep-2019 09:15:34.317 INFO [main] org.apache.catalina.startup.VersionLoggerListener.log OS Version:            4.15.0-54-generic
10-Sep-2019 09:15:34.317 INFO [main] org.apache.catalina.startup.VersionLoggerListener.log Architecture:          amd64
10-Sep-2019 09:15:34.317 INFO [main] org.apache.catalina.startup.VersionLoggerListener.log Java Home:             /usr/lib/jvm/java-8-openjdk-amd64/jre
10-Sep-2019 09:15:34.317 INFO [main] org.apache.catalina.startup.VersionLoggerListener.log JVM Version:           1.8.0_212-8u212-b03-0ubuntu1.18.04.1-b03
10-Sep-2019 09:15:34.317 INFO [main] org.apache.catalina.startup.VersionLoggerListener.log JVM Vendor:            Oracle Corporation
10-Sep-2019 09:15:34.317 INFO [main] org.apache.catalina.startup.VersionLoggerListener.log CATALINA_BASE:         /opt/projects/tomcat
10-Sep-2019 09:15:34.317 INFO [main] org.apache.catalina.startup.VersionLoggerListener.log CATALINA_HOME:         /opt/projects/tomcat
10-Sep-2019 09:15:34.317 INFO [main] org.apache.catalina.startup.VersionLoggerListener.log Command line argument: -Djava.util.logging.config.file=/opt/projects/tomcat/conf/logging.properties
10-Sep-2019 09:15:34.318 INFO [main] org.apache.catalina.startup.VersionLoggerListener.log Command line argument: -Djava.util.logging.manager=org.apache.juli.ClassLoaderLogManager
10-Sep-2019 09:15:34.318 INFO [main] org.apache.catalina.startup.VersionLoggerListener.log Command line argument: -Djdk.tls.ephemeralDHKeySize=2048
10-Sep-2019 09:15:34.318 INFO [main] org.apache.catalina.startup.VersionLoggerListener.log Command line argument: -Djava.protocol.handler.pkgs=org.apache.catalina.webresources
10-Sep-2019 09:15:34.318 INFO [main] org.apache.catalina.startup.VersionLoggerListener.log Command line argument: -Dorg.apache.catalina.security.SecurityListener.UMASK=0027
10-Sep-2019 09:15:34.318 INFO [main] org.apache.catalina.startup.VersionLoggerListener.log Command line argument: -Dignore.endorsed.dirs=
10-Sep-2019 09:15:34.318 INFO [main] org.apache.catalina.startup.VersionLoggerListener.log Command line argument: -Dcatalina.base=/opt/projects/tomcat
10-Sep-2019 09:15:34.318 INFO [main] org.apache.catalina.startup.VersionLoggerListener.log Command line argument: -Dcatalina.home=/opt/projects/tomcat
10-Sep-2019 09:15:34.318 INFO [main] org.apache.catalina.startup.VersionLoggerListener.log Command line argument: -Djava.io.tmpdir=/opt/projects/tomcat/temp
10-Sep-2019 09:15:34.318 INFO [main] org.apache.catalina.core.AprLifecycleListener.lifecycleEvent The APR based Apache Tomcat Native library which allows optimal performance in production environments was not found on the java.library.path: [/usr/java/packages/lib/amd64:/usr/lib/x86_64-linux-gnu/jni:/lib/x86_64-linux-gnu:/usr/lib/x86_64-linux-gnu:/usr/lib/jni:/lib:/usr/lib]
10-Sep-2019 09:15:34.665 INFO [main] org.apache.coyote.AbstractProtocol.init Initializing ProtocolHandler ["http-nio-8080"]
10-Sep-2019 09:15:34.675 INFO [main] org.apache.tomcat.util.net.NioSelectorPool.getSharedSelector Using a shared selector for servlet write/read
10-Sep-2019 09:15:34.686 INFO [main] org.apache.coyote.AbstractProtocol.init Initializing ProtocolHandler ["ajp-nio-8009"]
10-Sep-2019 09:15:34.687 INFO [main] org.apache.tomcat.util.net.NioSelectorPool.getSharedSelector Using a shared selector for servlet write/read
10-Sep-2019 09:15:34.687 INFO [main] org.apache.catalina.startup.Catalina.load Initialization processed in 984 ms
10-Sep-2019 09:15:34.733 INFO [main] org.apache.catalina.core.StandardService.startInternal Starting service [Catalina]
10-Sep-2019 09:15:34.733 INFO [main] org.apache.catalina.core.StandardEngine.startInternal Starting Servlet Engine: Apache Tomcat/8.5.37
10-Sep-2019 09:15:34.771 INFO [localhost-startStop-1] org.apache.catalina.startup.HostConfig.deployDirectory Deploying web application directory [/opt/projects/tomcat/webapps/hschool]
10-Sep-2019 09:15:36.129 INFO [localhost-startStop-1] org.apache.jasper.servlet.TldScanner.scanJars At least one JAR was scanned for TLDs yet contained no TLDs. Enable debug logging for this logger for a complete list of JARs that were scanned but no TLDs were found in them. Skipping unneeded JARs during scanning can improve startup time and JSP compilation time.
10-Sep-2019 09:15:36.205 INFO [localhost-startStop-1] org.apache.catalina.startup.HostConfig.deployDirectory Deployment of web application directory [/opt/projects/tomcat/webapps/hschool] has finished in [1,433] ms
10-Sep-2019 09:15:36.205 INFO [localhost-startStop-1] org.apache.catalina.startup.HostConfig.deployDirectory Deploying web application directory [/opt/projects/tomcat/webapps/umis]
10-Sep-2019 09:15:36.328 SEVERE [localhost-startStop-1] org.apache.tomcat.util.digester.Digester.startElement Begin event threw exception
 java.lang.ClassNotFoundException: org.baraza.server.tomcat.BJDBCRealm
	at java.net.URLClassLoader.findClass(URLClassLoader.java:382)
	at java.lang.ClassLoader.loadClass(ClassLoader.java:424)
	at java.lang.ClassLoader.loadClass(ClassLoader.java:357)
	at org.apache.tomcat.util.digester.ObjectCreateRule.begin(ObjectCreateRule.java:116)
	at org.apache.tomcat.util.digester.Digester.startElement(Digester.java:1250)
	at com.sun.org.apache.xerces.internal.parsers.AbstractSAXParser.startElement(AbstractSAXParser.java:509)
	at com.sun.org.apache.xerces.internal.impl.XMLDocumentFragmentScannerImpl.scanStartElement(XMLDocumentFragmentScannerImpl.java:1359)
	at com.sun.org.apache.xerces.internal.impl.XMLDocumentFragmentScannerImpl$FragmentContentDriver.next(XMLDocumentFragmentScannerImpl.java:2784)
	at com.sun.org.apache.xerces.internal.impl.XMLDocumentScannerImpl.next(XMLDocumentScannerImpl.java:602)
	at com.sun.org.apache.xerces.internal.impl.XMLDocumentFragmentScannerImpl.scanDocument(XMLDocumentFragmentScannerImpl.java:505)
	at com.sun.org.apache.xerces.internal.parsers.XML11Configuration.parse(XML11Configuration.java:842)
	at com.sun.org.apache.xerces.internal.parsers.XML11Configuration.parse(XML11Configuration.java:771)
	at com.sun.org.apache.xerces.internal.parsers.XMLParser.parse(XMLParser.java:141)
	at com.sun.org.apache.xerces.internal.parsers.AbstractSAXParser.parse(AbstractSAXParser.java:1213)
	at com.sun.org.apache.xerces.internal.jaxp.SAXParserImpl$JAXPSAXParser.parse(SAXParserImpl.java:643)
	at org.apache.tomcat.util.digester.Digester.parse(Digester.java:1518)
	at org.apache.catalina.startup.ContextConfig.processContextConfig(ContextConfig.java:531)
	at org.apache.catalina.startup.ContextConfig.contextConfig(ContextConfig.java:488)
	at org.apache.catalina.startup.ContextConfig.init(ContextConfig.java:732)
	at org.apache.catalina.startup.ContextConfig.lifecycleEvent(ContextConfig.java:310)
	at org.apache.catalina.util.LifecycleBase.fireLifecycleEvent(LifecycleBase.java:94)
	at org.apache.catalina.util.LifecycleBase.setStateInternal(LifecycleBase.java:395)
	at org.apache.catalina.util.LifecycleBase.init(LifecycleBase.java:108)
	at org.apache.catalina.util.LifecycleBase.start(LifecycleBase.java:140)
	at org.apache.catalina.core.ContainerBase.addChildInternal(ContainerBase.java:754)
	at org.apache.catalina.core.ContainerBase.addChild(ContainerBase.java:730)
	at org.apache.catalina.core.StandardHost.addChild(StandardHost.java:734)
	at org.apache.catalina.startup.HostConfig.deployDirectory(HostConfig.java:1140)
	at org.apache.catalina.startup.HostConfig$DeployDirectory.run(HostConfig.java:1875)
	at java.util.concurrent.Executors$RunnableAdapter.call(Executors.java:511)
	at java.util.concurrent.FutureTask.run(FutureTask.java:266)
	at java.util.concurrent.ThreadPoolExecutor.runWorker(ThreadPoolExecutor.java:1149)
	at java.util.concurrent.ThreadPoolExecutor$Worker.run(ThreadPoolExecutor.java:624)
	at java.lang.Thread.run(Thread.java:748)

10-Sep-2019 09:15:36.332 SEVERE [localhost-startStop-1] org.apache.catalina.startup.ContextConfig.processContextConfig Parse error in context.xml for [/umis]
 org.xml.sax.SAXParseException; systemId: file:/opt/projects/tomcat/webapps/umis/META-INF/context.xml; lineNumber: 10; columnNumber: 82; Error at (10, 82) : org.baraza.server.tomcat.BJDBCRealm
	at org.apache.tomcat.util.digester.Digester.createSAXException(Digester.java:1968)
	at org.apache.tomcat.util.digester.Digester.createSAXException(Digester.java:2000)
	at org.apache.tomcat.util.digester.Digester.startElement(Digester.java:1253)
	at com.sun.org.apache.xerces.internal.parsers.AbstractSAXParser.startElement(AbstractSAXParser.java:509)
	at com.sun.org.apache.xerces.internal.impl.XMLDocumentFragmentScannerImpl.scanStartElement(XMLDocumentFragmentScannerImpl.java:1359)
	at com.sun.org.apache.xerces.internal.impl.XMLDocumentFragmentScannerImpl$FragmentContentDriver.next(XMLDocumentFragmentScannerImpl.java:2784)
	at com.sun.org.apache.xerces.internal.impl.XMLDocumentScannerImpl.next(XMLDocumentScannerImpl.java:602)
	at com.sun.org.apache.xerces.internal.impl.XMLDocumentFragmentScannerImpl.scanDocument(XMLDocumentFragmentScannerImpl.java:505)
	at com.sun.org.apache.xerces.internal.parsers.XML11Configuration.parse(XML11Configuration.java:842)
	at com.sun.org.apache.xerces.internal.parsers.XML11Configuration.parse(XML11Configuration.java:771)
	at com.sun.org.apache.xerces.internal.parsers.XMLParser.parse(XMLParser.java:141)
	at com.sun.org.apache.xerces.internal.parsers.AbstractSAXParser.parse(AbstractSAXParser.java:1213)
	at com.sun.org.apache.xerces.internal.jaxp.SAXParserImpl$JAXPSAXParser.parse(SAXParserImpl.java:643)
	at org.apache.tomcat.util.digester.Digester.parse(Digester.java:1518)
	at org.apache.catalina.startup.ContextConfig.processContextConfig(ContextConfig.java:531)
	at org.apache.catalina.startup.ContextConfig.contextConfig(ContextConfig.java:488)
	at org.apache.catalina.startup.ContextConfig.init(ContextConfig.java:732)
	at org.apache.catalina.startup.ContextConfig.lifecycleEvent(ContextConfig.java:310)
	at org.apache.catalina.util.LifecycleBase.fireLifecycleEvent(LifecycleBase.java:94)
	at org.apache.catalina.util.LifecycleBase.setStateInternal(LifecycleBase.java:395)
	at org.apache.catalina.util.LifecycleBase.init(LifecycleBase.java:108)
	at org.apache.catalina.util.LifecycleBase.start(LifecycleBase.java:140)
	at org.apache.catalina.core.ContainerBase.addChildInternal(ContainerBase.java:754)
	at org.apache.catalina.core.ContainerBase.addChild(ContainerBase.java:730)
	at org.apache.catalina.core.StandardHost.addChild(StandardHost.java:734)
	at org.apache.catalina.startup.HostConfig.deployDirectory(HostConfig.java:1140)
	at org.apache.catalina.startup.HostConfig$DeployDirectory.run(HostConfig.java:1875)
	at java.util.concurrent.Executors$RunnableAdapter.call(Executors.java:511)
	at java.util.concurrent.FutureTask.run(FutureTask.java:266)
	at java.util.concurrent.ThreadPoolExecutor.runWorker(ThreadPoolExecutor.java:1149)
	at java.util.concurrent.ThreadPoolExecutor$Worker.run(ThreadPoolExecutor.java:624)
	at java.lang.Thread.run(Thread.java:748)
Caused by: java.lang.ClassNotFoundException: org.baraza.server.tomcat.BJDBCRealm
	at java.net.URLClassLoader.findClass(URLClassLoader.java:382)
	at java.lang.ClassLoader.loadClass(ClassLoader.java:424)
	at java.lang.ClassLoader.loadClass(ClassLoader.java:357)
	at org.apache.tomcat.util.digester.ObjectCreateRule.begin(ObjectCreateRule.java:116)
	at org.apache.tomcat.util.digester.Digester.startElement(Digester.java:1250)
	... 29 more

10-Sep-2019 09:15:36.334 SEVERE [localhost-startStop-1] org.apache.catalina.startup.ContextConfig.processContextConfig Occurred at line [10] column [82]
10-Sep-2019 09:15:37.351 SEVERE [localhost-startStop-1] org.apache.catalina.startup.ContextConfig.configureStart Marking this application unavailable due to previous error(s)
10-Sep-2019 09:15:37.352 SEVERE [localhost-startStop-1] org.apache.catalina.core.StandardContext.startInternal One or more components marked the context as not correctly configured
10-Sep-2019 09:15:37.352 SEVERE [localhost-startStop-1] org.apache.catalina.core.StandardContext.startInternal Context [/umis] startup failed due to previous errors
10-Sep-2019 09:15:37.399 INFO [localhost-startStop-1] org.apache.catalina.startup.HostConfig.deployDirectory Deployment of web application directory [/opt/projects/tomcat/webapps/umis] has finished in [1,194] ms
10-Sep-2019 09:15:37.399 INFO [localhost-startStop-1] org.apache.catalina.startup.HostConfig.deployDirectory Deploying web application directory [/opt/projects/tomcat/webapps/examples]
10-Sep-2019 09:15:37.858 INFO [localhost-startStop-1] org.apache.jasper.servlet.TldScanner.scanJars At least one JAR was scanned for TLDs yet contained no TLDs. Enable debug logging for this logger for a complete list of JARs that were scanned but no TLDs were found in them. Skipping unneeded JARs during scanning can improve startup time and JSP compilation time.
10-Sep-2019 09:15:37.891 INFO [localhost-startStop-1] org.apache.catalina.startup.HostConfig.deployDirectory Deployment of web application directory [/opt/projects/tomcat/webapps/examples] has finished in [492] ms
10-Sep-2019 09:15:37.891 INFO [localhost-startStop-1] org.apache.catalina.startup.HostConfig.deployDirectory Deploying web application directory [/opt/projects/tomcat/webapps/auaold]
10-Sep-2019 09:15:37.962 WARNING [localhost-startStop-1] org.apache.tomcat.util.digester.SetPropertiesRule.begin [SetPropertiesRule]{Context/Realm} Setting property 'digest' to 'md5' did not find a matching property.
10-Sep-2019 09:15:42.218 WARNING [localhost-startStop-1] org.apache.tomcat.dbcp.dbcp2.BasicDataSourceFactory.getObjectInstance Name = database Property maxActive is not used in DBCP2, use maxTotal instead. maxTotal default value is 8. You have set value of "150" for "maxActive" property, which is being ignored.
10-Sep-2019 09:15:42.218 WARNING [localhost-startStop-1] org.apache.tomcat.dbcp.dbcp2.BasicDataSourceFactory.getObjectInstance Name = database Property removeAbandoned is not used in DBCP2, use one or both of removeAbandonedOnBorrow or removeAbandonedOnMaintenance instead. Both have default value set to false. You have set value of "true" for "removeAbandoned" property, which is being ignored.
10-Sep-2019 09:15:42.218 WARNING [localhost-startStop-1] org.apache.tomcat.dbcp.dbcp2.BasicDataSourceFactory.getObjectInstance Name = database Property maxWait is not used in DBCP2 , use maxWaitMillis instead. maxWaitMillis default value is -1. You have set value of "50" for "maxWait" property, which is being ignored.
10-Sep-2019 09:15:42.715 INFO [localhost-startStop-1] org.apache.jasper.servlet.TldScanner.scanJars At least one JAR was scanned for TLDs yet contained no TLDs. Enable debug logging for this logger for a complete list of JARs that were scanned but no TLDs were found in them. Skipping unneeded JARs during scanning can improve startup time and JSP compilation time.
10-Sep-2019 09:15:42.750 INFO [localhost-startStop-1] org.apache.catalina.startup.HostConfig.deployDirectory Deployment of web application directory [/opt/projects/tomcat/webapps/auaold] has finished in [4,859] ms
10-Sep-2019 09:15:42.750 INFO [localhost-startStop-1] org.apache.catalina.startup.HostConfig.deployDirectory Deploying web application directory [/opt/projects/tomcat/webapps/highschool]
10-Sep-2019 09:15:47.934 INFO [localhost-startStop-1] org.apache.jasper.servlet.TldScanner.scanJars At least one JAR was scanned for TLDs yet contained no TLDs. Enable debug logging for this logger for a complete list of JARs that were scanned but no TLDs were found in them. Skipping unneeded JARs during scanning can improve startup time and JSP compilation time.
10-Sep-2019 09:15:47.959 INFO [localhost-startStop-1] org.apache.catalina.startup.HostConfig.deployDirectory Deployment of web application directory [/opt/projects/tomcat/webapps/highschool] has finished in [5,209] ms
10-Sep-2019 09:15:47.959 INFO [localhost-startStop-1] org.apache.catalina.startup.HostConfig.deployDirectory Deploying web application directory [/opt/projects/tomcat/webapps/ueab]
10-Sep-2019 09:15:51.745 INFO [localhost-startStop-1] org.apache.jasper.servlet.TldScanner.scanJars At least one JAR was scanned for TLDs yet contained no TLDs. Enable debug logging for this logger for a complete list of JARs that were scanned but no TLDs were found in them. Skipping unneeded JARs during scanning can improve startup time and JSP compilation time.
10-Sep-2019 09:15:52.718 INFO [localhost-startStop-1] org.apache.catalina.startup.HostConfig.deployDirectory Deployment of web application directory [/opt/projects/tomcat/webapps/ueab] has finished in [4,759] ms
10-Sep-2019 09:15:52.719 INFO [localhost-startStop-1] org.apache.catalina.startup.HostConfig.deployDirectory Deploying web application directory [/opt/projects/tomcat/webapps/manager]
10-Sep-2019 09:15:52.892 INFO [localhost-startStop-1] org.apache.jasper.servlet.TldScanner.scanJars At least one JAR was scanned for TLDs yet contained no TLDs. Enable debug logging for this logger for a complete list of JARs that were scanned but no TLDs were found in them. Skipping unneeded JARs during scanning can improve startup time and JSP compilation time.
10-Sep-2019 09:15:52.965 INFO [localhost-startStop-1] org.apache.catalina.startup.HostConfig.deployDirectory Deployment of web application directory [/opt/projects/tomcat/webapps/manager] has finished in [246] ms
10-Sep-2019 09:15:52.966 INFO [localhost-startStop-1] org.apache.catalina.startup.HostConfig.deployDirectory Deploying web application directory [/opt/projects/tomcat/webapps/babcock]
10-Sep-2019 09:16:02.049 INFO [localhost-startStop-1] com.sun.xml.ws.transport.http.servlet.WSServletDelegate.<init> WSSERVLET14: JAX-WS servlet initializing
10-Sep-2019 09:16:02.109 INFO [localhost-startStop-1] org.apache.jasper.servlet.TldScanner.scanJars At least one JAR was scanned for TLDs yet contained no TLDs. Enable debug logging for this logger for a complete list of JARs that were scanned but no TLDs were found in them. Skipping unneeded JARs during scanning can improve startup time and JSP compilation time.
10-Sep-2019 09:16:02.111 INFO [localhost-startStop-1] com.sun.xml.ws.transport.http.servlet.WSServletContextListener.contextInitialized WSSERVLET12: JAX-WS context listener initializing
10-Sep-2019 09:16:02.112 INFO [localhost-startStop-1] com.sun.xml.ws.transport.http.servlet.WSServletContextListener.contextInitialized WSSERVLET12: JAX-WS context listener initializing
10-Sep-2019 09:16:02.883 INFO [localhost-startStop-1] org.apache.catalina.startup.HostConfig.deployDirectory Deployment of web application directory [/opt/projects/tomcat/webapps/babcock] has finished in [9,916] ms
10-Sep-2019 09:16:02.883 INFO [localhost-startStop-1] org.apache.catalina.startup.HostConfig.deployDirectory Deploying web application directory [/opt/projects/tomcat/webapps/host-manager]
10-Sep-2019 09:16:02.982 INFO [localhost-startStop-1] org.apache.jasper.servlet.TldScanner.scanJars At least one JAR was scanned for TLDs yet contained no TLDs. Enable debug logging for this logger for a complete list of JARs that were scanned but no TLDs were found in them. Skipping unneeded JARs during scanning can improve startup time and JSP compilation time.
10-Sep-2019 09:16:02.983 INFO [localhost-startStop-1] org.apache.catalina.startup.HostConfig.deployDirectory Deployment of web application directory [/opt/projects/tomcat/webapps/host-manager] has finished in [100] ms
10-Sep-2019 09:16:02.983 INFO [localhost-startStop-1] org.apache.catalina.startup.HostConfig.deployDirectory Deploying web application directory [/opt/projects/tomcat/webapps/docs]
10-Sep-2019 09:16:03.125 INFO [localhost-startStop-1] org.apache.jasper.servlet.TldScanner.scanJars At least one JAR was scanned for TLDs yet contained no TLDs. Enable debug logging for this logger for a complete list of JARs that were scanned but no TLDs were found in them. Skipping unneeded JARs during scanning can improve startup time and JSP compilation time.
10-Sep-2019 09:16:03.127 INFO [localhost-startStop-1] org.apache.catalina.startup.HostConfig.deployDirectory Deployment of web application directory [/opt/projects/tomcat/webapps/docs] has finished in [144] ms
10-Sep-2019 09:16:03.127 INFO [localhost-startStop-1] org.apache.catalina.startup.HostConfig.deployDirectory Deploying web application directory [/opt/projects/tomcat/webapps/hotel]
10-Sep-2019 09:16:06.682 INFO [localhost-startStop-1] org.apache.jasper.servlet.TldScanner.scanJars At least one JAR was scanned for TLDs yet contained no TLDs. Enable debug logging for this logger for a complete list of JARs that were scanned but no TLDs were found in them. Skipping unneeded JARs during scanning can improve startup time and JSP compilation time.
10-Sep-2019 09:16:06.694 INFO [localhost-startStop-1] com.dewcis.hotel.util.ServletInit.contextInitialized Context started
10-Sep-2019 09:16:07.834 INFO [localhost-startStop-1] org.apache.catalina.startup.HostConfig.deployDirectory Deployment of web application directory [/opt/projects/tomcat/webapps/hotel] has finished in [4,706] ms
10-Sep-2019 09:16:07.834 INFO [localhost-startStop-1] org.apache.catalina.startup.HostConfig.deployDirectory Deploying web application directory [/opt/projects/tomcat/webapps/college]
10-Sep-2019 09:16:07.881 WARNING [localhost-startStop-1] org.apache.tomcat.util.digester.SetPropertiesRule.begin [SetPropertiesRule]{Context/Realm} Setting property 'digest' to 'md5' did not find a matching property.
10-Sep-2019 09:16:16.755 WARNING [localhost-startStop-1] org.apache.tomcat.dbcp.dbcp2.BasicDataSourceFactory.getObjectInstance Name = acharya Property maxActive is not used in DBCP2, use maxTotal instead. maxTotal default value is 8. You have set value of "150" for "maxActive" property, which is being ignored.
10-Sep-2019 09:16:16.756 WARNING [localhost-startStop-1] org.apache.tomcat.dbcp.dbcp2.BasicDataSourceFactory.getObjectInstance Name = acharya Property removeAbandoned is not used in DBCP2, use one or both of removeAbandonedOnBorrow or removeAbandonedOnMaintenance instead. Both have default value set to false. You have set value of "true" for "removeAbandoned" property, which is being ignored.
10-Sep-2019 09:16:16.756 WARNING [localhost-startStop-1] org.apache.tomcat.dbcp.dbcp2.BasicDataSourceFactory.getObjectInstance Name = acharya Property maxWait is not used in DBCP2 , use maxWaitMillis instead. maxWaitMillis default value is -1. You have set value of "50" for "maxWait" property, which is being ignored.
10-Sep-2019 09:16:16.756 WARNING [localhost-startStop-1] org.apache.tomcat.dbcp.dbcp2.BasicDataSourceFactory.getObjectInstance Name = incentive Property maxActive is not used in DBCP2, use maxTotal instead. maxTotal default value is 8. You have set value of "150" for "maxActive" property, which is being ignored.
10-Sep-2019 09:16:16.756 WARNING [localhost-startStop-1] org.apache.tomcat.dbcp.dbcp2.BasicDataSourceFactory.getObjectInstance Name = incentive Property removeAbandoned is not used in DBCP2, use one or both of removeAbandonedOnBorrow or removeAbandonedOnMaintenance instead. Both have default value set to false. You have set value of "true" for "removeAbandoned" property, which is being ignored.
10-Sep-2019 09:16:16.756 WARNING [localhost-startStop-1] org.apache.tomcat.dbcp.dbcp2.BasicDataSourceFactory.getObjectInstance Name = incentive Property maxWait is not used in DBCP2 , use maxWaitMillis instead. maxWaitMillis default value is -1. You have set value of "50" for "maxWait" property, which is being ignored.
10-Sep-2019 09:16:16.814 INFO [localhost-startStop-1] org.apache.jasper.servlet.TldScanner.scanJars At least one JAR was scanned for TLDs yet contained no TLDs. Enable debug logging for this logger for a complete list of JARs that were scanned but no TLDs were found in them. Skipping unneeded JARs during scanning can improve startup time and JSP compilation time.
10-Sep-2019 09:16:17.533 INFO [localhost-startStop-1] org.apache.catalina.startup.HostConfig.deployDirectory Deployment of web application directory [/opt/projects/tomcat/webapps/college] has finished in [9,699] ms
10-Sep-2019 09:16:17.534 INFO [localhost-startStop-1] org.apache.catalina.startup.HostConfig.deployDirectory Deploying web application directory [/opt/projects/tomcat/webapps/ROOT]
10-Sep-2019 09:16:20.986 INFO [localhost-startStop-1] org.apache.jasper.servlet.TldScanner.scanJars At least one JAR was scanned for TLDs yet contained no TLDs. Enable debug logging for this logger for a complete list of JARs that were scanned but no TLDs were found in them. Skipping unneeded JARs during scanning can improve startup time and JSP compilation time.
10-Sep-2019 09:16:21.004 INFO [localhost-startStop-1] org.apache.catalina.startup.HostConfig.deployDirectory Deployment of web application directory [/opt/projects/tomcat/webapps/ROOT] has finished in [3,470] ms
10-Sep-2019 09:16:21.005 INFO [localhost-startStop-1] org.apache.catalina.startup.HostConfig.deployDirectory Deploying web application directory [/opt/projects/tomcat/webapps/aua]
10-Sep-2019 09:16:27.826 INFO [localhost-startStop-1] org.apache.jasper.servlet.TldScanner.scanJars At least one JAR was scanned for TLDs yet contained no TLDs. Enable debug logging for this logger for a complete list of JARs that were scanned but no TLDs were found in them. Skipping unneeded JARs during scanning can improve startup time and JSP compilation time.
10-Sep-2019 09:16:27.849 INFO [localhost-startStop-1] org.apache.catalina.startup.HostConfig.deployDirectory Deployment of web application directory [/opt/projects/tomcat/webapps/aua] has finished in [6,845] ms
10-Sep-2019 09:16:27.850 INFO [localhost-startStop-1] org.apache.catalina.startup.HostConfig.deployDirectory Deploying web application directory [/opt/projects/tomcat/webapps/repository]
10-Sep-2019 09:16:29.647 INFO [localhost-startStop-1] org.apache.jasper.servlet.TldScanner.scanJars At least one JAR was scanned for TLDs yet contained no TLDs. Enable debug logging for this logger for a complete list of JARs that were scanned but no TLDs were found in them. Skipping unneeded JARs during scanning can improve startup time and JSP compilation time.
10-Sep-2019 09:16:29.659 INFO [localhost-startStop-1] org.apache.catalina.startup.HostConfig.deployDirectory Deployment of web application directory [/opt/projects/tomcat/webapps/repository] has finished in [1,809] ms
10-Sep-2019 09:16:29.688 INFO [main] org.apache.coyote.AbstractProtocol.start Starting ProtocolHandler ["http-nio-8080"]
10-Sep-2019 09:16:29.730 INFO [main] org.apache.coyote.AbstractProtocol.start Starting ProtocolHandler ["ajp-nio-8009"]
10-Sep-2019 09:16:29.736 INFO [main] org.apache.catalina.startup.Catalina.start Server startup in 55048 ms
10-Sep-2019 12:29:46.270 INFO [ContainerBackgroundProcessor[StandardEngine[Catalina]]] org.apache.catalina.core.StandardContext.reload Reloading Context with name [/aua] has started
10-Sep-2019 12:29:56.110 INFO [ContainerBackgroundProcessor[StandardEngine[Catalina]]] org.apache.jasper.servlet.TldScanner.scanJars At least one JAR was scanned for TLDs yet contained no TLDs. Enable debug logging for this logger for a complete list of JARs that were scanned but no TLDs were found in them. Skipping unneeded JARs during scanning can improve startup time and JSP compilation time.
10-Sep-2019 12:29:56.201 INFO [ContainerBackgroundProcessor[StandardEngine[Catalina]]] org.apache.catalina.core.StandardContext.reload Reloading Context with name [/aua] is completed
10-Sep-2019 12:33:05.506 INFO [http-nio-8080-exec-20] org.baraza.web.BWeb.setOperations SELECT del_student('S2019030', '0', '') 
10-Sep-2019 12:33:06.518 SEVERE [http-nio-8080-exec-20] org.baraza.DB.BDB.executeFunction Database executeFunction error : org.postgresql.util.PSQLException: ERROR: update or delete on table "sstudents" violates foreign key constraint "course_selections_sstudent_id_fkey" on table "course_selections"
  Detail: Key (sstudent_id)=(4) is still referenced from table "course_selections".
  Where: SQL statement "DELETE FROM sstudents WHERE sstudent_id IN ( SELECT sstudent_id FROM sstudents 
INNER JOIN student_degrees ON student_degrees.student_degree_id=sstudents.student_degree_id
WHERE student_id=$1)"
PL/pgSQL function del_student(character varying,character varying,character varying) line 69 at SQL statement
10-Sep-2019 12:33:53.377 INFO [http-nio-8080-exec-14] org.baraza.web.BWeb.setOperations SELECT del_student('S2019030', '0', '') 
10-Sep-2019 12:33:53.387 SEVERE [http-nio-8080-exec-14] org.baraza.DB.BDB.executeFunction Database executeFunction error : org.postgresql.util.PSQLException: ERROR: update or delete on table "sstudents" violates foreign key constraint "course_selections_sstudent_id_fkey" on table "course_selections"
  Detail: Key (sstudent_id)=(4) is still referenced from table "course_selections".
  Where: SQL statement "DELETE FROM sstudents WHERE sstudent_id IN ( SELECT sstudent_id FROM sstudents 
INNER JOIN student_degrees ON student_degrees.student_degree_id=sstudents.student_degree_id
WHERE student_id=$1)"
PL/pgSQL function del_student(character varying,character varying,character varying) line 69 at SQL statement
10-Sep-2019 12:33:53.411 INFO [http-nio-8080-exec-14] org.baraza.web.BWeb.setOperations SELECT del_student('S2019018', '0', '') 
10-Sep-2019 12:34:00.836 INFO [http-nio-8080-exec-15] org.baraza.web.BWeb.setOperations SELECT del_student('S2019018', '0', '') 
10-Sep-2019 12:34:25.640 INFO [http-nio-8080-exec-14] org.baraza.reports.BWebReport.setParams Filter = filterid key = 1516
10-Sep-2019 12:34:27.376 INFO [http-nio-8080-exec-14] org.baraza.reports.BWebReport.getReport entityid | 0
10-Sep-2019 12:34:52.109 INFO [http-nio-8080-exec-20] org.baraza.reports.BWebReport.setParams Filter = filterid key = 366
10-Sep-2019 12:34:52.137 INFO [http-nio-8080-exec-20] org.baraza.reports.BWebReport.getReport entityid | 0
10-Sep-2019 12:35:03.561 INFO [http-nio-8080-exec-16] org.baraza.reports.BWebReport.setParams Filter = filterid key = 366
10-Sep-2019 12:35:03.620 INFO [http-nio-8080-exec-16] org.baraza.reports.BWebReport.getReport entityid | 0
10-Sep-2019 12:35:06.228 INFO [http-nio-8080-exec-12] org.baraza.reports.BWebReport.setParams Filter = filterid key = 366
10-Sep-2019 12:35:06.375 INFO [http-nio-8080-exec-12] org.baraza.reports.BWebReport.getReport entityid | 0
10-Sep-2019 12:35:08.115 INFO [http-nio-8080-exec-19] org.baraza.reports.BWebReport.setParams Filter = filterid key = 366
10-Sep-2019 12:35:08.122 INFO [http-nio-8080-exec-19] org.baraza.reports.BWebReport.getReport entityid | 0
10-Sep-2019 15:01:55.959 INFO [ContainerBackgroundProcessor[StandardEngine[Catalina]]] org.apache.catalina.core.StandardContext.reload Reloading Context with name [/aua] has started
10-Sep-2019 15:02:00.467 SEVERE [ContainerBackgroundProcessor[StandardEngine[Catalina]]] org.apache.catalina.loader.WebappClassLoaderBase.checkThreadLocalMapForLeaks The web application [aua] created a ThreadLocal with key of type [java.lang.ThreadLocal] (value [java.lang.ThreadLocal@d34bab1]) and a value of type [java.lang.Class] (value [class transcript_1561371583639_221778]) but failed to remove it when the web application was stopped. Threads are going to be renewed over time to try and avoid a probable memory leak.
10-Sep-2019 15:02:00.570 SEVERE [ContainerBackgroundProcessor[StandardEngine[Catalina]]] org.apache.catalina.loader.WebappClassLoaderBase.checkThreadLocalMapForLeaks The web application [aua] created a ThreadLocal with key of type [java.lang.ThreadLocal] (value [java.lang.ThreadLocal@d34bab1]) and a value of type [java.lang.Class] (value [class transcripta_1563351544358_256963]) but failed to remove it when the web application was stopped. Threads are going to be renewed over time to try and avoid a probable memory leak.
10-Sep-2019 15:02:00.581 SEVERE [ContainerBackgroundProcessor[StandardEngine[Catalina]]] org.apache.catalina.loader.WebappClassLoaderBase.checkThreadLocalMapForLeaks The web application [aua] created a ThreadLocal with key of type [java.lang.ThreadLocal] (value [java.lang.ThreadLocal@d34bab1]) and a value of type [java.lang.Class] (value [class transcript_1562235861579_978152]) but failed to remove it when the web application was stopped. Threads are going to be renewed over time to try and avoid a probable memory leak.
10-Sep-2019 15:02:00.611 SEVERE [ContainerBackgroundProcessor[StandardEngine[Catalina]]] org.apache.catalina.loader.WebappClassLoaderBase.checkThreadLocalMapForLeaks The web application [aua] created a ThreadLocal with key of type [java.lang.ThreadLocal] (value [java.lang.ThreadLocal@d34bab1]) and a value of type [java.lang.Class] (value [class transcript_1562235861579_978152]) but failed to remove it when the web application was stopped. Threads are going to be renewed over time to try and avoid a probable memory leak.
10-Sep-2019 15:02:00.650 SEVERE [ContainerBackgroundProcessor[StandardEngine[Catalina]]] org.apache.catalina.loader.WebappClassLoaderBase.checkThreadLocalMapForLeaks The web application [aua] created a ThreadLocal with key of type [java.lang.ThreadLocal] (value [java.lang.ThreadLocal@d34bab1]) and a value of type [java.lang.Class] (value [class transcripta_1563351544358_256963]) but failed to remove it when the web application was stopped. Threads are going to be renewed over time to try and avoid a probable memory leak.
10-Sep-2019 15:02:30.785 INFO [ContainerBackgroundProcessor[StandardEngine[Catalina]]] org.apache.jasper.servlet.TldScanner.scanJars At least one JAR was scanned for TLDs yet contained no TLDs. Enable debug logging for this logger for a complete list of JARs that were scanned but no TLDs were found in them. Skipping unneeded JARs during scanning can improve startup time and JSP compilation time.
10-Sep-2019 15:02:30.935 INFO [ContainerBackgroundProcessor[StandardEngine[Catalina]]] org.apache.catalina.core.StandardContext.reload Reloading Context with name [/aua] is completed
10-Sep-2019 15:06:33.862 INFO [ContainerBackgroundProcessor[StandardEngine[Catalina]]] org.apache.catalina.core.StandardContext.reload Reloading Context with name [/aua] has started
10-Sep-2019 15:06:37.969 INFO [ContainerBackgroundProcessor[StandardEngine[Catalina]]] org.apache.jasper.servlet.TldScanner.scanJars At least one JAR was scanned for TLDs yet contained no TLDs. Enable debug logging for this logger for a complete list of JARs that were scanned but no TLDs were found in them. Skipping unneeded JARs during scanning can improve startup time and JSP compilation time.
10-Sep-2019 15:06:37.980 INFO [ContainerBackgroundProcessor[StandardEngine[Catalina]]] org.apache.catalina.core.StandardContext.reload Reloading Context with name [/aua] is completed
10-Sep-2019 15:17:26.046 INFO [ContainerBackgroundProcessor[StandardEngine[Catalina]]] org.apache.catalina.core.StandardContext.reload Reloading Context with name [/aua] has started
10-Sep-2019 15:17:28.409 INFO [ContainerBackgroundProcessor[StandardEngine[Catalina]]] org.apache.jasper.servlet.TldScanner.scanJars At least one JAR was scanned for TLDs yet contained no TLDs. Enable debug logging for this logger for a complete list of JARs that were scanned but no TLDs were found in them. Skipping unneeded JARs during scanning can improve startup time and JSP compilation time.
10-Sep-2019 15:17:28.418 INFO [ContainerBackgroundProcessor[StandardEngine[Catalina]]] org.apache.catalina.core.StandardContext.reload Reloading Context with name [/aua] is completed
10-Sep-2019 15:18:25.552 INFO [ContainerBackgroundProcessor[StandardEngine[Catalina]]] org.apache.catalina.core.StandardContext.reload Reloading Context with name [/aua] has started
10-Sep-2019 15:18:27.523 INFO [ContainerBackgroundProcessor[StandardEngine[Catalina]]] org.apache.jasper.servlet.TldScanner.scanJars At least one JAR was scanned for TLDs yet contained no TLDs. Enable debug logging for this logger for a complete list of JARs that were scanned but no TLDs were found in them. Skipping unneeded JARs during scanning can improve startup time and JSP compilation time.
10-Sep-2019 15:18:27.526 INFO [ContainerBackgroundProcessor[StandardEngine[Catalina]]] org.apache.catalina.core.StandardContext.reload Reloading Context with name [/aua] is completed
10-Sep-2019 15:19:01.508 INFO [ContainerBackgroundProcessor[StandardEngine[Catalina]]] org.apache.catalina.core.StandardContext.reload Reloading Context with name [/aua] has started
10-Sep-2019 15:19:03.176 INFO [ContainerBackgroundProcessor[StandardEngine[Catalina]]] org.apache.jasper.servlet.TldScanner.scanJars At least one JAR was scanned for TLDs yet contained no TLDs. Enable debug logging for this logger for a complete list of JARs that were scanned but no TLDs were found in them. Skipping unneeded JARs during scanning can improve startup time and JSP compilation time.
10-Sep-2019 15:19:03.210 INFO [ContainerBackgroundProcessor[StandardEngine[Catalina]]] org.apache.catalina.core.StandardContext.reload Reloading Context with name [/aua] is completed
10-Sep-2019 15:20:34.109 INFO [ContainerBackgroundProcessor[StandardEngine[Catalina]]] org.apache.catalina.core.StandardContext.reload Reloading Context with name [/aua] has started
10-Sep-2019 15:20:35.813 INFO [ContainerBackgroundProcessor[StandardEngine[Catalina]]] org.apache.jasper.servlet.TldScanner.scanJars At least one JAR was scanned for TLDs yet contained no TLDs. Enable debug logging for this logger for a complete list of JARs that were scanned but no TLDs were found in them. Skipping unneeded JARs during scanning can improve startup time and JSP compilation time.
10-Sep-2019 15:20:35.837 INFO [ContainerBackgroundProcessor[StandardEngine[Catalina]]] org.apache.catalina.core.StandardContext.reload Reloading Context with name [/aua] is completed
10-Sep-2019 15:30:14.215 INFO [ContainerBackgroundProcessor[StandardEngine[Catalina]]] org.apache.catalina.core.StandardContext.reload Reloading Context with name [/aua] has started
10-Sep-2019 15:30:16.050 INFO [ContainerBackgroundProcessor[StandardEngine[Catalina]]] org.apache.jasper.servlet.TldScanner.scanJars At least one JAR was scanned for TLDs yet contained no TLDs. Enable debug logging for this logger for a complete list of JARs that were scanned but no TLDs were found in them. Skipping unneeded JARs during scanning can improve startup time and JSP compilation time.
10-Sep-2019 15:30:16.108 INFO [ContainerBackgroundProcessor[StandardEngine[Catalina]]] org.apache.catalina.core.StandardContext.reload Reloading Context with name [/aua] is completed
10-Sep-2019 16:02:47.322 INFO [ContainerBackgroundProcessor[StandardEngine[Catalina]]] org.apache.catalina.core.StandardContext.reload Reloading Context with name [/aua] has started
10-Sep-2019 16:02:49.067 INFO [ContainerBackgroundProcessor[StandardEngine[Catalina]]] org.apache.jasper.servlet.TldScanner.scanJars At least one JAR was scanned for TLDs yet contained no TLDs. Enable debug logging for this logger for a complete list of JARs that were scanned but no TLDs were found in them. Skipping unneeded JARs during scanning can improve startup time and JSP compilation time.
10-Sep-2019 16:02:49.070 INFO [ContainerBackgroundProcessor[StandardEngine[Catalina]]] org.apache.catalina.core.StandardContext.reload Reloading Context with name [/aua] is completed
10-Sep-2019 16:48:01.857 INFO [ContainerBackgroundProcessor[StandardEngine[Catalina]]] org.apache.catalina.core.StandardContext.reload Reloading Context with name [/aua] has started
10-Sep-2019 16:48:09.439 INFO [ContainerBackgroundProcessor[StandardEngine[Catalina]]] org.apache.jasper.servlet.TldScanner.scanJars At least one JAR was scanned for TLDs yet contained no TLDs. Enable debug logging for this logger for a complete list of JARs that were scanned but no TLDs were found in them. Skipping unneeded JARs during scanning can improve startup time and JSP compilation time.
10-Sep-2019 16:48:09.504 INFO [ContainerBackgroundProcessor[StandardEngine[Catalina]]] org.apache.catalina.core.StandardContext.reload Reloading Context with name [/aua] is completed
10-Sep-2019 16:51:12.954 INFO [ContainerBackgroundProcessor[StandardEngine[Catalina]]] org.apache.catalina.core.StandardContext.reload Reloading Context with name [/aua] has started
10-Sep-2019 16:51:16.125 INFO [ContainerBackgroundProcessor[StandardEngine[Catalina]]] org.apache.jasper.servlet.TldScanner.scanJars At least one JAR was scanned for TLDs yet contained no TLDs. Enable debug logging for this logger for a complete list of JARs that were scanned but no TLDs were found in them. Skipping unneeded JARs during scanning can improve startup time and JSP compilation time.
10-Sep-2019 16:51:16.152 INFO [ContainerBackgroundProcessor[StandardEngine[Catalina]]] org.apache.catalina.core.StandardContext.reload Reloading Context with name [/aua] is completed
10-Sep-2019 16:53:53.446 INFO [Thread-5] org.apache.coyote.AbstractProtocol.pause Pausing ProtocolHandler ["http-nio-8080"]
10-Sep-2019 16:53:53.517 INFO [Thread-5] org.apache.coyote.AbstractProtocol.pause Pausing ProtocolHandler ["ajp-nio-8009"]
10-Sep-2019 16:53:53.580 INFO [Thread-5] org.apache.catalina.core.StandardService.stopInternal Stopping service [Catalina]
10-Sep-2019 16:53:55.553 INFO [localhost-startStop-2] com.sun.xml.ws.transport.http.servlet.WSServletDelegate.destroy WSSERVLET15: JAX-WS servlet destroyed
10-Sep-2019 16:53:56.064 INFO [localhost-startStop-2] com.sun.xml.ws.transport.http.servlet.WSServletContextListener.contextDestroyed WSSERVLET13: JAX-WS context listener destroyed
10-Sep-2019 16:53:56.065 INFO [localhost-startStop-2] com.sun.xml.ws.transport.http.servlet.WSServletContextListener.contextDestroyed WSSERVLET13: JAX-WS context listener destroyed
10-Sep-2019 16:53:56.489 INFO [Thread-5] org.apache.coyote.AbstractProtocol.stop Stopping ProtocolHandler ["http-nio-8080"]
10-Sep-2019 16:53:56.927 INFO [Thread-5] org.apache.coyote.AbstractProtocol.stop Stopping ProtocolHandler ["ajp-nio-8009"]
10-Sep-2019 16:53:57.122 INFO [Thread-5] org.apache.coyote.AbstractProtocol.destroy Destroying ProtocolHandler ["http-nio-8080"]
10-Sep-2019 16:53:57.123 INFO [Thread-5] org.apache.coyote.AbstractProtocol.destroy Destroying ProtocolHandler ["ajp-nio-8009"]
