15-Feb-2019 10:02:54.093 INFO [http-nio-80-exec-21] org.baraza.reports.BWebReport.setParams Filter = filterid key = 
15-Feb-2019 10:02:54.118 INFO [http-nio-80-exec-21] org.baraza.reports.BWebReport.getReport entityid | 0
15-Feb-2019 10:25:56.068 INFO [http-nio-80-exec-19] org.baraza.reports.BWebReport.setParams Filter = filterid key = 
15-Feb-2019 10:25:56.084 INFO [http-nio-80-exec-19] org.baraza.reports.BWebReport.getReport entityid | 0
15-Feb-2019 10:26:11.097 INFO [http-nio-80-exec-24] org.baraza.reports.BWebReport.setParams Filter = filterid key = 
15-Feb-2019 10:26:11.113 INFO [http-nio-80-exec-24] org.baraza.reports.BWebReport.getReport entityid | 0
15-Feb-2019 10:26:13.342 INFO [http-nio-80-exec-28] org.baraza.reports.BWebReport.setParams Filter = filterid key = 
15-Feb-2019 10:26:13.351 INFO [http-nio-80-exec-28] org.baraza.reports.BWebReport.getReport entityid | 0
15-Feb-2019 10:26:18.539 INFO [http-nio-80-exec-22] org.baraza.reports.BWebReport.setParams Filter = filterid key = 
15-Feb-2019 10:26:18.548 INFO [http-nio-80-exec-22] org.baraza.reports.BWebReport.getReport entityid | 0
15-Feb-2019 10:26:25.439 INFO [http-nio-80-exec-25] org.baraza.reports.BWebReport.setParams Filter = filterid key = PGS
15-Feb-2019 10:26:25.454 INFO [http-nio-80-exec-25] org.baraza.reports.BWebReport.getReport entityid | 0
15-Feb-2019 10:26:50.239 INFO [http-nio-80-exec-24] org.baraza.reports.BWebReport.setParams Filter = filterid key = 
15-Feb-2019 10:26:50.254 INFO [http-nio-80-exec-24] org.baraza.reports.BWebReport.getReport entityid | 0
15-Feb-2019 10:26:55.484 INFO [http-nio-80-exec-19] org.baraza.reports.BWebReport.setParams Filter = filterid key = 
15-Feb-2019 10:26:55.490 INFO [http-nio-80-exec-19] org.baraza.reports.BWebReport.getReport entityid | 0
15-Feb-2019 10:27:03.214 INFO [http-nio-80-exec-23] org.baraza.reports.BWebReport.setParams Filter = filterid key = PGS
15-Feb-2019 10:27:03.221 INFO [http-nio-80-exec-23] org.baraza.reports.BWebReport.getReport entityid | 0
15-Feb-2019 10:27:15.549 INFO [http-nio-80-exec-25] org.baraza.reports.BWebReport.setParams Filter = filterid key = DMin
15-Feb-2019 10:27:15.558 INFO [http-nio-80-exec-25] org.baraza.reports.BWebReport.getReport entityid | 0
15-Feb-2019 10:27:36.492 INFO [http-nio-80-exec-24] org.baraza.reports.BWebReport.setParams Filter = filterid key = 
15-Feb-2019 10:27:36.496 INFO [http-nio-80-exec-24] org.baraza.reports.BWebReport.getReport entityid | 0
15-Feb-2019 10:27:53.954 INFO [http-nio-80-exec-27] org.baraza.reports.BWebReport.setParams Filter = filterid key = 1490
15-Feb-2019 10:27:53.961 INFO [http-nio-80-exec-27] org.baraza.reports.BWebReport.getReport entityid | 0
15-Feb-2019 10:28:11.195 INFO [http-nio-80-exec-25] org.baraza.reports.BWebReport.setParams Filter = filterid key = 1462
15-Feb-2019 10:28:11.204 INFO [http-nio-80-exec-25] org.baraza.reports.BWebReport.getReport entityid | 0
15-Feb-2019 10:39:35.384 SEVERE [http-nio-80-exec-21] org.baraza.utils.BWebdav.<init> File list error : com.github.sardine.impl.SardineException: Unexpected response (404 )
15-Feb-2019 10:41:51.169 SEVERE [http-nio-80-exec-24] org.baraza.utils.BWebdav.<init> File list error : com.github.sardine.impl.SardineException: Unexpected response (404 )
15-Feb-2019 10:43:54.390 SEVERE [http-nio-80-exec-22] org.baraza.utils.BWebdav.<init> File list error : com.github.sardine.impl.SardineException: Unexpected response (404 )
15-Feb-2019 10:44:22.760 SEVERE [http-nio-80-exec-19] org.baraza.utils.BWebdav.<init> File list error : com.github.sardine.impl.SardineException: Unexpected response (404 )
15-Feb-2019 10:44:42.528 SEVERE [http-nio-80-exec-23] org.baraza.utils.BWebdav.<init> File list error : com.github.sardine.impl.SardineException: Unexpected response (404 )
15-Feb-2019 10:48:56.987 SEVERE [http-nio-80-exec-27] org.baraza.utils.BWebdav.<init> File list error : com.github.sardine.impl.SardineException: Unexpected response (404 )
15-Feb-2019 10:50:36.326 SEVERE [http-nio-80-exec-20] org.baraza.utils.BWebdav.<init> File list error : com.github.sardine.impl.SardineException: Unexpected response (404 )
15-Feb-2019 10:54:27.066 SEVERE [http-nio-80-exec-24] org.baraza.utils.BWebdav.<init> File list error : com.github.sardine.impl.SardineException: Unexpected response (404 )
15-Feb-2019 10:54:38.381 SEVERE [http-nio-80-exec-28] org.baraza.utils.BWebdav.<init> File list error : com.github.sardine.impl.SardineException: Unexpected response (404 )
15-Feb-2019 10:55:36.754 SEVERE [http-nio-80-exec-19] org.baraza.utils.BWebdav.<init> File list error : com.github.sardine.impl.SardineException: Unexpected response (404 )
15-Feb-2019 10:55:47.037 SEVERE [http-nio-80-exec-23] org.baraza.utils.BWebdav.<init> File list error : com.github.sardine.impl.SardineException: Unexpected response (404 )
15-Feb-2019 10:56:43.583 SEVERE [http-nio-80-exec-25] org.baraza.utils.BWebdav.<init> File list error : com.github.sardine.impl.SardineException: Unexpected response (404 )
15-Feb-2019 10:56:52.738 SEVERE [http-nio-80-exec-22] org.baraza.utils.BWebdav.<init> File list error : com.github.sardine.impl.SardineException: Unexpected response (404 )
15-Feb-2019 11:02:17.686 SEVERE [http-nio-80-exec-28] org.baraza.utils.BWebdav.<init> File list error : com.github.sardine.impl.SardineException: Unexpected response (404 )
15-Feb-2019 11:02:24.140 SEVERE [http-nio-80-exec-22] org.baraza.utils.BWebdav.<init> File list error : com.github.sardine.impl.SardineException: Unexpected response (404 )
15-Feb-2019 11:02:33.020 SEVERE [http-nio-80-exec-23] org.baraza.utils.BWebdav.<init> File list error : com.github.sardine.impl.SardineException: Unexpected response (404 )
15-Feb-2019 11:04:29.181 INFO [http-nio-80-exec-23] org.baraza.web.BWeb.setOperations SELECT application_finance_approval('7', '0', '') 
15-Feb-2019 11:12:31.023 SEVERE [http-nio-80-exec-25] org.baraza.utils.BWebdav.<init> File list error : com.github.sardine.impl.SardineException: Unexpected response (404 )
15-Feb-2019 11:12:45.510 SEVERE [http-nio-80-exec-20] org.baraza.utils.BWebdav.<init> File list error : com.github.sardine.impl.SardineException: Unexpected response (404 )
15-Feb-2019 11:13:10.941 SEVERE [http-nio-80-exec-27] org.baraza.utils.BWebdav.<init> File list error : com.github.sardine.impl.SardineException: Unexpected response (404 )
15-Feb-2019 11:13:21.266 SEVERE [http-nio-80-exec-23] org.baraza.utils.BWebdav.<init> File list error : com.github.sardine.impl.SardineException: Unexpected response (404 )
15-Feb-2019 11:13:57.155 SEVERE [http-nio-80-exec-26] org.baraza.utils.BWebdav.<init> File list error : com.github.sardine.impl.SardineException: Unexpected response (404 )
15-Feb-2019 11:14:22.068 SEVERE [http-nio-80-exec-23] org.baraza.utils.BWebdav.<init> File list error : com.github.sardine.impl.SardineException: Unexpected response (404 )
15-Feb-2019 11:14:27.631 SEVERE [http-nio-80-exec-28] org.baraza.utils.BWebdav.<init> File list error : com.github.sardine.impl.SardineException: Unexpected response (404 )
15-Feb-2019 11:14:36.681 SEVERE [http-nio-80-exec-22] org.baraza.utils.BWebdav.<init> File list error : com.github.sardine.impl.SardineException: Unexpected response (404 )
15-Feb-2019 11:17:06.609 SEVERE [http-nio-80-exec-24] org.baraza.utils.BWebdav.<init> File list error : com.github.sardine.impl.SardineException: Unexpected response (404 )
15-Feb-2019 11:17:16.409 SEVERE [http-nio-80-exec-25] org.baraza.utils.BWebdav.<init> File list error : com.github.sardine.impl.SardineException: Unexpected response (404 )
15-Feb-2019 11:18:15.310 SEVERE [http-nio-80-exec-21] org.baraza.utils.BWebdav.<init> File list error : com.github.sardine.impl.SardineException: Unexpected response (404 )
15-Feb-2019 11:18:21.761 SEVERE [http-nio-80-exec-19] org.baraza.utils.BWebdav.<init> File list error : com.github.sardine.impl.SardineException: Unexpected response (404 )
15-Feb-2019 11:18:21.798 SEVERE [http-nio-80-exec-21] org.baraza.DB.BQuery.readField Data field read error : org.postgresql.util.PSQLException: ResultSet not positioned properly, perhaps you need to call next.
15-Feb-2019 11:18:59.576 SEVERE [http-nio-80-exec-23] org.baraza.utils.BWebdav.<init> File list error : com.github.sardine.impl.SardineException: Unexpected response (404 )
15-Feb-2019 11:19:06.284 SEVERE [http-nio-80-exec-26] org.baraza.utils.BWebdav.<init> File list error : com.github.sardine.impl.SardineException: Unexpected response (404 )
15-Feb-2019 11:21:03.414 SEVERE [http-nio-80-exec-24] org.baraza.utils.BWebdav.<init> File list error : com.github.sardine.impl.SardineException: Unexpected response (404 )
15-Feb-2019 11:25:57.690 SEVERE [http-nio-80-exec-25] org.baraza.utils.BWebdav.<init> File list error : com.github.sardine.impl.SardineException: Unexpected response (404 )
15-Feb-2019 11:26:05.881 SEVERE [http-nio-80-exec-20] org.baraza.utils.BWebdav.<init> File list error : com.github.sardine.impl.SardineException: Unexpected response (404 )
15-Feb-2019 11:31:34.259 SEVERE [http-nio-80-exec-24] org.baraza.utils.BWebdav.<init> File list error : com.github.sardine.impl.SardineException: Unexpected response (404 )
15-Feb-2019 11:32:06.539 SEVERE [http-nio-80-exec-22] org.baraza.utils.BWebdav.<init> File list error : com.github.sardine.impl.SardineException: Unexpected response (404 )
15-Feb-2019 11:32:28.198 SEVERE [http-nio-80-exec-27] org.baraza.utils.BWebdav.<init> File list error : com.github.sardine.impl.SardineException: Unexpected response (404 )
15-Feb-2019 11:33:00.257 SEVERE [http-nio-80-exec-21] org.baraza.utils.BWebdav.<init> File list error : com.github.sardine.impl.SardineException: Unexpected response (404 )
15-Feb-2019 11:33:59.334 SEVERE [http-nio-80-exec-27] org.baraza.utils.BWebdav.<init> File list error : com.github.sardine.impl.SardineException: Unexpected response (404 )
15-Feb-2019 11:34:14.624 INFO [http-nio-80-exec-20] org.baraza.web.BWeb.setOperations SELECT change_password('1651', '0', '') 
15-Feb-2019 11:34:29.407 SEVERE [http-nio-80-exec-19] org.baraza.utils.BWebdav.<init> File list error : com.github.sardine.impl.SardineException: Unexpected response (404 )
15-Feb-2019 11:34:57.585 INFO [http-nio-80-exec-25] org.baraza.web.BWeb.setOperations SELECT application_finance_approval('11', '0', '') 
15-Feb-2019 11:35:24.688 INFO [http-nio-80-exec-25] org.baraza.web.BWeb.setOperations SELECT application_finance_approval('10', '0', '') 
15-Feb-2019 11:35:31.711 SEVERE [http-nio-80-exec-22] org.baraza.utils.BWebdav.<init> File list error : com.github.sardine.impl.SardineException: Unexpected response (404 )
15-Feb-2019 11:35:51.856 SEVERE [http-nio-80-exec-21] org.baraza.utils.BWebdav.<init> File list error : com.github.sardine.impl.SardineException: Unexpected response (404 )
15-Feb-2019 11:35:54.440 SEVERE [http-nio-80-exec-26] org.baraza.utils.BWebdav.<init> File list error : com.github.sardine.impl.SardineException: Unexpected response (404 )
15-Feb-2019 11:36:01.127 SEVERE [http-nio-80-exec-19] org.baraza.utils.BWebdav.<init> File list error : com.github.sardine.impl.SardineException: Unexpected response (404 )
15-Feb-2019 11:36:08.491 SEVERE [http-nio-80-exec-21] org.baraza.utils.BWebdav.<init> File list error : com.github.sardine.impl.SardineException: Unexpected response (404 )
15-Feb-2019 11:36:16.204 SEVERE [http-nio-80-exec-20] org.baraza.utils.BWebdav.<init> File list error : com.github.sardine.impl.SardineException: Unexpected response (404 )
15-Feb-2019 11:37:49.721 SEVERE [http-nio-80-exec-19] org.baraza.utils.BWebdav.<init> File list error : com.github.sardine.impl.SardineException: Unexpected response (404 )
15-Feb-2019 11:37:53.313 SEVERE [http-nio-80-exec-24] org.baraza.utils.BWebdav.<init> File list error : com.github.sardine.impl.SardineException: Unexpected response (404 )
15-Feb-2019 11:37:56.282 SEVERE [http-nio-80-exec-21] org.baraza.utils.BWebdav.<init> File list error : com.github.sardine.impl.SardineException: Unexpected response (404 )
15-Feb-2019 11:37:59.164 SEVERE [http-nio-80-exec-27] org.baraza.utils.BWebdav.<init> File list error : com.github.sardine.impl.SardineException: Unexpected response (404 )
15-Feb-2019 11:38:02.598 SEVERE [http-nio-80-exec-23] org.baraza.utils.BWebdav.<init> File list error : com.github.sardine.impl.SardineException: Unexpected response (404 )
15-Feb-2019 11:38:51.315 SEVERE [http-nio-80-exec-21] org.baraza.utils.BWebdav.<init> File list error : com.github.sardine.impl.SardineException: Unexpected response (404 )
15-Feb-2019 11:40:13.627 SEVERE [http-nio-80-exec-21] org.baraza.utils.BWebdav.<init> File list error : com.github.sardine.impl.SardineException: Unexpected response (404 )
15-Feb-2019 11:40:17.330 SEVERE [http-nio-80-exec-25] org.baraza.utils.BWebdav.<init> File list error : com.github.sardine.impl.SardineException: Unexpected response (404 )
15-Feb-2019 11:40:20.784 SEVERE [http-nio-80-exec-23] org.baraza.utils.BWebdav.<init> File list error : com.github.sardine.impl.SardineException: Unexpected response (404 )
15-Feb-2019 11:40:23.489 SEVERE [http-nio-80-exec-28] org.baraza.utils.BWebdav.<init> File list error : com.github.sardine.impl.SardineException: Unexpected response (404 )
15-Feb-2019 11:40:28.839 SEVERE [http-nio-80-exec-26] org.baraza.utils.BWebdav.<init> File list error : com.github.sardine.impl.SardineException: Unexpected response (404 )
15-Feb-2019 11:41:14.260 SEVERE [http-nio-80-exec-24] org.baraza.utils.BWebdav.<init> File list error : com.github.sardine.impl.SardineException: Unexpected response (404 )
15-Feb-2019 11:41:21.562 SEVERE [http-nio-80-exec-19] org.baraza.utils.BWebdav.<init> File list error : com.github.sardine.impl.SardineException: Unexpected response (404 )
15-Feb-2019 11:41:28.252 SEVERE [http-nio-80-exec-25] org.baraza.utils.BWebdav.<init> File list error : com.github.sardine.impl.SardineException: Unexpected response (404 )
15-Feb-2019 11:41:34.526 SEVERE [http-nio-80-exec-26] org.baraza.utils.BWebdav.<init> File list error : com.github.sardine.impl.SardineException: Unexpected response (404 )
15-Feb-2019 11:42:01.678 SEVERE [http-nio-80-exec-24] org.baraza.utils.BWebdav.<init> File list error : com.github.sardine.impl.SardineException: Unexpected response (404 )
15-Feb-2019 11:42:03.815 SEVERE [http-nio-80-exec-21] org.baraza.utils.BWebdav.<init> File list error : com.github.sardine.impl.SardineException: Unexpected response (404 )
15-Feb-2019 11:42:08.633 SEVERE [http-nio-80-exec-25] org.baraza.utils.BWebdav.<init> File list error : com.github.sardine.impl.SardineException: Unexpected response (404 )
15-Feb-2019 11:42:11.265 SEVERE [http-nio-80-exec-21] org.baraza.utils.BWebdav.<init> File list error : com.github.sardine.impl.SardineException: Unexpected response (404 )
15-Feb-2019 11:42:19.931 SEVERE [http-nio-80-exec-19] org.baraza.utils.BWebdav.<init> File list error : com.github.sardine.impl.SardineException: Unexpected response (404 )
15-Feb-2019 11:42:22.748 SEVERE [http-nio-80-exec-23] org.baraza.utils.BWebdav.<init> File list error : com.github.sardine.impl.SardineException: Unexpected response (404 )
15-Feb-2019 11:43:30.639 SEVERE [http-nio-80-exec-21] org.baraza.utils.BWebdav.<init> File list error : com.github.sardine.impl.SardineException: Unexpected response (404 )
15-Feb-2019 11:43:31.513 SEVERE [http-nio-80-exec-22] org.baraza.utils.BWebdav.<init> File list error : com.github.sardine.impl.SardineException: Unexpected response (404 )
15-Feb-2019 11:43:36.610 SEVERE [http-nio-80-exec-26] org.baraza.utils.BWebdav.<init> File list error : com.github.sardine.impl.SardineException: Unexpected response (404 )
15-Feb-2019 11:47:05.049 SEVERE [http-nio-80-exec-26] org.baraza.utils.BWebdav.<init> File list error : com.github.sardine.impl.SardineException: Unexpected response (404 )
15-Feb-2019 11:49:30.578 SEVERE [http-nio-80-exec-23] org.baraza.utils.BWebdav.<init> File list error : com.github.sardine.impl.SardineException: Unexpected response (404 )
15-Feb-2019 11:49:34.077 SEVERE [http-nio-80-exec-25] org.baraza.utils.BWebdav.<init> File list error : com.github.sardine.impl.SardineException: Unexpected response (404 )
15-Feb-2019 11:49:37.330 SEVERE [http-nio-80-exec-20] org.baraza.utils.BWebdav.<init> File list error : com.github.sardine.impl.SardineException: Unexpected response (404 )
15-Feb-2019 11:52:25.412 SEVERE [http-nio-80-exec-25] org.baraza.utils.BWebdav.<init> File list error : com.github.sardine.impl.SardineException: Unexpected response (404 )
15-Feb-2019 11:53:19.031 SEVERE [http-nio-80-exec-25] org.baraza.utils.BWebdav.<init> File list error : com.github.sardine.impl.SardineException: Unexpected response (404 )
15-Feb-2019 11:53:33.765 SEVERE [http-nio-80-exec-27] org.baraza.utils.BWebdav.<init> File list error : com.github.sardine.impl.SardineException: Unexpected response (404 )
15-Feb-2019 11:53:49.576 SEVERE [http-nio-80-exec-24] org.baraza.utils.BWebdav.<init> File list error : com.github.sardine.impl.SardineException: Unexpected response (404 )
15-Feb-2019 11:54:03.255 SEVERE [http-nio-80-exec-28] org.baraza.utils.BWebdav.<init> File list error : com.github.sardine.impl.SardineException: Unexpected response (404 )
15-Feb-2019 11:54:15.373 SEVERE [http-nio-80-exec-20] org.baraza.utils.BWebdav.<init> File list error : com.github.sardine.impl.SardineException: Unexpected response (404 )
15-Feb-2019 11:57:37.321 SEVERE [http-nio-80-exec-28] org.baraza.utils.BWebdav.<init> File list error : com.github.sardine.impl.SardineException: Unexpected response (404 )
15-Feb-2019 11:57:43.652 SEVERE [http-nio-80-exec-23] org.baraza.utils.BWebdav.<init> File list error : com.github.sardine.impl.SardineException: Unexpected response (404 )
15-Feb-2019 11:58:47.629 SEVERE [http-nio-80-exec-19] org.baraza.utils.BWebdav.<init> File list error : com.github.sardine.impl.SardineException: Unexpected response (404 )
15-Feb-2019 11:58:54.210 SEVERE [http-nio-80-exec-25] org.baraza.utils.BWebdav.<init> File list error : com.github.sardine.impl.SardineException: Unexpected response (404 )
15-Feb-2019 12:04:58.675 SEVERE [http-nio-80-exec-24] org.baraza.utils.BWebdav.<init> File list error : com.github.sardine.impl.SardineException: Unexpected response (404 )
15-Feb-2019 12:05:42.425 SEVERE [http-nio-80-exec-27] org.baraza.utils.BWebdav.<init> File list error : com.github.sardine.impl.SardineException: Unexpected response (404 )
15-Feb-2019 12:05:51.870 SEVERE [http-nio-80-exec-20] org.baraza.utils.BWebdav.<init> File list error : com.github.sardine.impl.SardineException: Unexpected response (404 )
15-Feb-2019 12:06:26.567 INFO [http-nio-80-exec-20] org.baraza.web.BWeb.setOperations SELECT application_finance_approval('13', '0', '') 
15-Feb-2019 12:08:56.156 SEVERE [http-nio-80-exec-28] org.baraza.utils.BWebdav.<init> File list error : com.github.sardine.impl.SardineException: Unexpected response (404 )
15-Feb-2019 12:08:59.838 SEVERE [http-nio-80-exec-26] org.baraza.utils.BWebdav.<init> File list error : com.github.sardine.impl.SardineException: Unexpected response (404 )
15-Feb-2019 12:09:02.282 SEVERE [http-nio-80-exec-27] org.baraza.utils.BWebdav.<init> File list error : com.github.sardine.impl.SardineException: Unexpected response (404 )
15-Feb-2019 12:09:04.502 SEVERE [http-nio-80-exec-23] org.baraza.utils.BWebdav.<init> File list error : com.github.sardine.impl.SardineException: Unexpected response (404 )
15-Feb-2019 12:09:09.093 SEVERE [http-nio-80-exec-24] org.baraza.utils.BWebdav.<init> File list error : com.github.sardine.impl.SardineException: Unexpected response (404 )
15-Feb-2019 12:09:19.113 SEVERE [http-nio-80-exec-27] org.baraza.utils.BWebdav.<init> File list error : com.github.sardine.impl.SardineException: Unexpected response (404 )
15-Feb-2019 12:09:25.978 SEVERE [http-nio-80-exec-28] org.baraza.utils.BWebdav.<init> File list error : com.github.sardine.impl.SardineException: Unexpected response (404 )
15-Feb-2019 12:09:32.836 SEVERE [http-nio-80-exec-20] org.baraza.utils.BWebdav.<init> File list error : com.github.sardine.impl.SardineException: Unexpected response (404 )
15-Feb-2019 12:09:38.165 SEVERE [http-nio-80-exec-24] org.baraza.utils.BWebdav.<init> File list error : com.github.sardine.impl.SardineException: Unexpected response (404 )
15-Feb-2019 12:10:09.563 SEVERE [http-nio-80-exec-22] org.baraza.utils.BWebdav.<init> File list error : com.github.sardine.impl.SardineException: Unexpected response (404 )
15-Feb-2019 12:10:26.471 SEVERE [http-nio-80-exec-22] org.baraza.utils.BWebdav.<init> File list error : com.github.sardine.impl.SardineException: Unexpected response (404 )
15-Feb-2019 12:10:38.997 SEVERE [http-nio-80-exec-25] org.baraza.utils.BWebdav.<init> File list error : com.github.sardine.impl.SardineException: Unexpected response (404 )
15-Feb-2019 12:11:32.711 SEVERE [http-nio-80-exec-23] org.baraza.utils.BWebdav.<init> File list error : com.github.sardine.impl.SardineException: Unexpected response (404 )
15-Feb-2019 12:11:50.236 INFO [http-nio-80-exec-20] org.baraza.web.BWeb.setOperations SELECT change_password('1654', '0', '') 
15-Feb-2019 12:11:54.254 SEVERE [http-nio-80-exec-26] org.baraza.utils.BWebdav.<init> File list error : com.github.sardine.impl.SardineException: Unexpected response (404 )
15-Feb-2019 12:12:08.540 SEVERE [http-nio-80-exec-20] org.baraza.utils.BWebdav.<init> File list error : com.github.sardine.impl.SardineException: Unexpected response (404 )
15-Feb-2019 12:14:16.507 SEVERE [http-nio-80-exec-25] org.baraza.utils.BWebdav.<init> File list error : com.github.sardine.impl.SardineException: Unexpected response (404 )
15-Feb-2019 12:14:23.704 SEVERE [http-nio-80-exec-24] org.baraza.utils.BWebdav.<init> File list error : com.github.sardine.impl.SardineException: Unexpected response (404 )
15-Feb-2019 12:14:57.006 SEVERE [http-nio-80-exec-28] org.baraza.utils.BWebdav.<init> File list error : com.github.sardine.impl.SardineException: Unexpected response (404 )
15-Feb-2019 12:15:02.964 SEVERE [http-nio-80-exec-22] org.baraza.utils.BWebdav.<init> File list error : com.github.sardine.impl.SardineException: Unexpected response (404 )
15-Feb-2019 12:18:07.705 SEVERE [http-nio-80-exec-20] org.baraza.utils.BWebdav.<init> File list error : com.github.sardine.impl.SardineException: Unexpected response (404 )
15-Feb-2019 12:18:08.016 SEVERE [http-nio-80-exec-19] org.baraza.utils.BWebdav.<init> File list error : com.github.sardine.impl.SardineException: Unexpected response (404 )
15-Feb-2019 12:18:10.457 SEVERE [http-nio-80-exec-26] org.baraza.utils.BWebdav.<init> File list error : com.github.sardine.impl.SardineException: Unexpected response (404 )
15-Feb-2019 12:18:15.732 SEVERE [http-nio-80-exec-27] org.baraza.utils.BWebdav.<init> File list error : com.github.sardine.impl.SardineException: Unexpected response (404 )
15-Feb-2019 12:18:18.848 SEVERE [http-nio-80-exec-23] org.baraza.utils.BWebdav.<init> File list error : com.github.sardine.impl.SardineException: Unexpected response (404 )
15-Feb-2019 12:18:24.855 SEVERE [http-nio-80-exec-28] org.baraza.utils.BWebdav.<init> File list error : com.github.sardine.impl.SardineException: Unexpected response (404 )
15-Feb-2019 12:18:32.891 SEVERE [http-nio-80-exec-22] org.baraza.utils.BWebdav.<init> File list error : com.github.sardine.impl.SardineException: Unexpected response (404 )
15-Feb-2019 12:18:38.200 SEVERE [http-nio-80-exec-23] org.baraza.utils.BWebdav.<init> File list error : com.github.sardine.impl.SardineException: Unexpected response (404 )
15-Feb-2019 12:18:43.462 SEVERE [http-nio-80-exec-24] org.baraza.utils.BWebdav.<init> File list error : com.github.sardine.impl.SardineException: Unexpected response (404 )
15-Feb-2019 12:18:49.559 SEVERE [http-nio-80-exec-27] org.baraza.utils.BWebdav.<init> File list error : com.github.sardine.impl.SardineException: Unexpected response (404 )
15-Feb-2019 12:18:58.054 SEVERE [http-nio-80-exec-23] org.baraza.utils.BWebdav.<init> File list error : com.github.sardine.impl.SardineException: Unexpected response (404 )
15-Feb-2019 12:19:10.287 SEVERE [http-nio-80-exec-21] org.baraza.utils.BWebdav.<init> File list error : com.github.sardine.impl.SardineException: Unexpected response (404 )
15-Feb-2019 12:22:28.730 SEVERE [http-nio-80-exec-26] org.baraza.utils.BWebdav.<init> File list error : com.github.sardine.impl.SardineException: Unexpected response (404 )
15-Feb-2019 12:23:06.080 SEVERE [http-nio-80-exec-19] org.baraza.utils.BWebdav.<init> File list error : com.github.sardine.impl.SardineException: Unexpected response (404 )
15-Feb-2019 12:23:22.865 SEVERE [http-nio-80-exec-23] org.baraza.utils.BWebdav.<init> File list error : com.github.sardine.impl.SardineException: Unexpected response (404 )
15-Feb-2019 12:23:31.462 SEVERE [http-nio-80-exec-26] org.baraza.utils.BWebdav.<init> File list error : com.github.sardine.impl.SardineException: Unexpected response (404 )
15-Feb-2019 12:23:44.149 SEVERE [http-nio-80-exec-19] org.baraza.utils.BWebdav.<init> File list error : com.github.sardine.impl.SardineException: Unexpected response (404 )
15-Feb-2019 12:23:53.345 SEVERE [http-nio-80-exec-27] org.baraza.utils.BWebdav.<init> File list error : com.github.sardine.impl.SardineException: Unexpected response (404 )
15-Feb-2019 12:24:01.353 SEVERE [http-nio-80-exec-24] org.baraza.utils.BWebdav.<init> File list error : com.github.sardine.impl.SardineException: Unexpected response (404 )
15-Feb-2019 12:27:00.871 SEVERE [http-nio-80-exec-25] org.baraza.utils.BWebdav.<init> File list error : com.github.sardine.impl.SardineException: Unexpected response (404 )
15-Feb-2019 12:27:08.082 SEVERE [http-nio-80-exec-23] org.baraza.utils.BWebdav.<init> File list error : com.github.sardine.impl.SardineException: Unexpected response (404 )
15-Feb-2019 12:31:09.724 SEVERE [http-nio-80-exec-26] org.baraza.utils.BWebdav.<init> File list error : com.github.sardine.impl.SardineException: Unexpected response (404 )
15-Feb-2019 12:31:13.326 SEVERE [http-nio-80-exec-27] org.baraza.utils.BWebdav.<init> File list error : com.github.sardine.impl.SardineException: Unexpected response (404 )
15-Feb-2019 12:31:17.889 SEVERE [http-nio-80-exec-21] org.baraza.utils.BWebdav.<init> File list error : com.github.sardine.impl.SardineException: Unexpected response (404 )
15-Feb-2019 12:31:19.767 SEVERE [http-nio-80-exec-28] org.baraza.utils.BWebdav.<init> File list error : com.github.sardine.impl.SardineException: Unexpected response (404 )
15-Feb-2019 12:31:25.976 SEVERE [http-nio-80-exec-19] org.baraza.utils.BWebdav.<init> File list error : com.github.sardine.impl.SardineException: Unexpected response (404 )
15-Feb-2019 12:31:28.674 SEVERE [http-nio-80-exec-27] org.baraza.utils.BWebdav.<init> File list error : com.github.sardine.impl.SardineException: Unexpected response (404 )
15-Feb-2019 12:31:36.155 SEVERE [http-nio-80-exec-20] org.baraza.utils.BWebdav.<init> File list error : com.github.sardine.impl.SardineException: Unexpected response (404 )
15-Feb-2019 12:31:39.457 SEVERE [http-nio-80-exec-25] org.baraza.utils.BWebdav.<init> File list error : com.github.sardine.impl.SardineException: Unexpected response (404 )
15-Feb-2019 12:32:30.420 SEVERE [http-nio-80-exec-26] org.baraza.utils.BWebdav.<init> File list error : com.github.sardine.impl.SardineException: Unexpected response (404 )
15-Feb-2019 12:32:40.694 SEVERE [http-nio-80-exec-20] org.baraza.utils.BWebdav.<init> File list error : com.github.sardine.impl.SardineException: Unexpected response (404 )
15-Feb-2019 12:32:45.494 SEVERE [http-nio-80-exec-28] org.baraza.utils.BWebdav.<init> File list error : com.github.sardine.impl.SardineException: Unexpected response (404 )
15-Feb-2019 12:32:45.518 SEVERE [http-nio-80-exec-20] org.baraza.DB.BQuery.readField Data field read error : org.postgresql.util.PSQLException: ResultSet not positioned properly, perhaps you need to call next.
15-Feb-2019 12:32:51.926 SEVERE [http-nio-80-exec-21] org.baraza.utils.BWebdav.<init> File list error : com.github.sardine.impl.SardineException: Unexpected response (404 )
15-Feb-2019 12:32:55.659 SEVERE [http-nio-80-exec-27] org.baraza.utils.BWebdav.<init> File list error : com.github.sardine.impl.SardineException: Unexpected response (404 )
15-Feb-2019 12:32:55.702 SEVERE [http-nio-80-exec-21] org.baraza.DB.BQuery.readField Data field read error : org.postgresql.util.PSQLException: ResultSet not positioned properly, perhaps you need to call next.
15-Feb-2019 12:33:01.016 SEVERE [http-nio-80-exec-22] org.baraza.utils.BWebdav.<init> File list error : com.github.sardine.impl.SardineException: Unexpected response (404 )
15-Feb-2019 12:33:04.629 SEVERE [http-nio-80-exec-25] org.baraza.utils.BWebdav.<init> File list error : com.github.sardine.impl.SardineException: Unexpected response (404 )
15-Feb-2019 12:33:04.687 SEVERE [http-nio-80-exec-22] org.baraza.DB.BQuery.readField Data field read error : org.postgresql.util.PSQLException: ResultSet not positioned properly, perhaps you need to call next.
15-Feb-2019 12:33:57.629 SEVERE [http-nio-80-exec-19] org.baraza.utils.BWebdav.<init> File list error : com.github.sardine.impl.SardineException: Unexpected response (404 )
15-Feb-2019 12:35:46.661 SEVERE [http-nio-80-exec-28] org.baraza.utils.BWebdav.<init> File list error : com.github.sardine.impl.SardineException: Unexpected response (404 )
15-Feb-2019 12:35:53.215 SEVERE [http-nio-80-exec-24] org.baraza.utils.BWebdav.<init> File list error : com.github.sardine.impl.SardineException: Unexpected response (404 )
15-Feb-2019 12:36:01.362 SEVERE [http-nio-80-exec-25] org.baraza.utils.BWebdav.<init> File list error : com.github.sardine.impl.SardineException: Unexpected response (404 )
15-Feb-2019 12:36:13.795 SEVERE [http-nio-80-exec-26] org.baraza.utils.BWebdav.<init> File list error : com.github.sardine.impl.SardineException: Unexpected response (404 )
15-Feb-2019 12:36:16.385 SEVERE [http-nio-80-exec-22] org.baraza.utils.BWebdav.<init> File list error : com.github.sardine.impl.SardineException: Unexpected response (404 )
15-Feb-2019 12:36:19.210 SEVERE [http-nio-80-exec-28] org.baraza.utils.BWebdav.<init> File list error : com.github.sardine.impl.SardineException: Unexpected response (404 )
15-Feb-2019 12:36:23.707 SEVERE [http-nio-80-exec-23] org.baraza.utils.BWebdav.<init> File list error : com.github.sardine.impl.SardineException: Unexpected response (404 )
15-Feb-2019 12:36:29.733 SEVERE [http-nio-80-exec-25] org.baraza.utils.BWebdav.<init> File list error : com.github.sardine.impl.SardineException: Unexpected response (404 )
15-Feb-2019 12:36:37.948 SEVERE [http-nio-80-exec-21] org.baraza.utils.BWebdav.<init> File list error : com.github.sardine.impl.SardineException: Unexpected response (404 )
15-Feb-2019 12:36:38.787 SEVERE [http-nio-80-exec-24] org.baraza.utils.BWebdav.<init> File list error : com.github.sardine.impl.SardineException: Unexpected response (404 )
15-Feb-2019 12:36:41.686 SEVERE [http-nio-80-exec-20] org.baraza.utils.BWebdav.<init> File list error : com.github.sardine.impl.SardineException: Unexpected response (404 )
15-Feb-2019 12:36:46.138 SEVERE [http-nio-80-exec-19] org.baraza.utils.BWebdav.<init> File list error : com.github.sardine.impl.SardineException: Unexpected response (404 )
15-Feb-2019 12:37:07.718 SEVERE [http-nio-80-exec-20] org.baraza.utils.BWebdav.<init> File list error : com.github.sardine.impl.SardineException: Unexpected response (404 )
15-Feb-2019 12:37:27.149 SEVERE [http-nio-80-exec-24] org.baraza.utils.BWebdav.<init> File list error : com.github.sardine.impl.SardineException: Unexpected response (404 )
15-Feb-2019 12:37:35.563 SEVERE [http-nio-80-exec-21] org.baraza.utils.BWebdav.<init> File list error : com.github.sardine.impl.SardineException: Unexpected response (404 )
15-Feb-2019 12:37:43.462 SEVERE [http-nio-80-exec-24] org.baraza.utils.BWebdav.<init> File list error : com.github.sardine.impl.SardineException: Unexpected response (404 )
15-Feb-2019 12:37:51.204 SEVERE [http-nio-80-exec-20] org.baraza.utils.BWebdav.<init> File list error : com.github.sardine.impl.SardineException: Unexpected response (404 )
15-Feb-2019 12:37:59.264 SEVERE [http-nio-80-exec-19] org.baraza.utils.BWebdav.<init> File list error : com.github.sardine.impl.SardineException: Unexpected response (404 )
15-Feb-2019 12:39:30.115 SEVERE [http-nio-80-exec-22] org.baraza.utils.BWebdav.<init> File list error : com.github.sardine.impl.SardineException: Unexpected response (404 )
15-Feb-2019 12:39:36.734 SEVERE [http-nio-80-exec-25] org.baraza.utils.BWebdav.<init> File list error : com.github.sardine.impl.SardineException: Unexpected response (404 )
15-Feb-2019 12:39:45.236 SEVERE [http-nio-80-exec-27] org.baraza.utils.BWebdav.<init> File list error : com.github.sardine.impl.SardineException: Unexpected response (404 )
15-Feb-2019 12:41:13.480 SEVERE [http-nio-80-exec-23] org.baraza.utils.BWebdav.<init> File list error : com.github.sardine.impl.SardineException: Unexpected response (404 )
15-Feb-2019 12:41:22.117 SEVERE [http-nio-80-exec-28] org.baraza.utils.BWebdav.<init> File list error : com.github.sardine.impl.SardineException: Unexpected response (404 )
15-Feb-2019 12:42:53.663 SEVERE [http-nio-80-exec-24] org.baraza.utils.BWebdav.<init> File list error : com.github.sardine.impl.SardineException: Unexpected response (404 )
15-Feb-2019 12:42:56.495 SEVERE [http-nio-80-exec-21] org.baraza.utils.BWebdav.<init> File list error : com.github.sardine.impl.SardineException: Unexpected response (404 )
15-Feb-2019 12:43:01.096 SEVERE [http-nio-80-exec-28] org.baraza.utils.BWebdav.<init> File list error : com.github.sardine.impl.SardineException: Unexpected response (404 )
15-Feb-2019 12:43:04.105 SEVERE [http-nio-80-exec-20] org.baraza.utils.BWebdav.<init> File list error : com.github.sardine.impl.SardineException: Unexpected response (404 )
15-Feb-2019 12:43:08.521 SEVERE [http-nio-80-exec-25] org.baraza.utils.BWebdav.<init> File list error : com.github.sardine.impl.SardineException: Unexpected response (404 )
15-Feb-2019 12:43:13.806 SEVERE [http-nio-80-exec-28] org.baraza.utils.BWebdav.<init> File list error : com.github.sardine.impl.SardineException: Unexpected response (404 )
15-Feb-2019 12:44:05.453 SEVERE [http-nio-80-exec-27] org.baraza.utils.BWebdav.<init> File list error : com.github.sardine.impl.SardineException: Unexpected response (404 )
15-Feb-2019 12:44:52.159 SEVERE [http-nio-80-exec-26] org.baraza.utils.BWebdav.<init> File list error : com.github.sardine.impl.SardineException: Unexpected response (404 )
15-Feb-2019 12:44:52.922 SEVERE [http-nio-80-exec-22] org.baraza.utils.BWebdav.<init> File list error : com.github.sardine.impl.SardineException: Unexpected response (404 )
15-Feb-2019 12:45:27.858 SEVERE [http-nio-80-exec-27] org.baraza.utils.BWebdav.<init> File list error : com.github.sardine.impl.SardineException: Unexpected response (404 )
15-Feb-2019 12:45:31.039 SEVERE [http-nio-80-exec-20] org.baraza.utils.BWebdav.<init> File list error : com.github.sardine.impl.SardineException: Unexpected response (404 )
15-Feb-2019 12:45:32.977 SEVERE [http-nio-80-exec-19] org.baraza.utils.BWebdav.<init> File list error : com.github.sardine.impl.SardineException: Unexpected response (404 )
15-Feb-2019 12:45:38.270 SEVERE [http-nio-80-exec-24] org.baraza.utils.BWebdav.<init> File list error : com.github.sardine.impl.SardineException: Unexpected response (404 )
15-Feb-2019 12:47:05.418 SEVERE [http-nio-80-exec-19] org.baraza.utils.BWebdav.<init> File list error : com.github.sardine.impl.SardineException: Unexpected response (404 )
15-Feb-2019 12:47:09.651 SEVERE [http-nio-80-exec-20] org.baraza.utils.BWebdav.<init> File list error : com.github.sardine.impl.SardineException: Unexpected response (404 )
15-Feb-2019 12:47:15.143 SEVERE [http-nio-80-exec-21] org.baraza.utils.BWebdav.<init> File list error : com.github.sardine.impl.SardineException: Unexpected response (404 )
15-Feb-2019 12:47:17.992 SEVERE [http-nio-80-exec-28] org.baraza.utils.BWebdav.<init> File list error : com.github.sardine.impl.SardineException: Unexpected response (404 )
15-Feb-2019 12:47:21.074 SEVERE [http-nio-80-exec-23] org.baraza.utils.BWebdav.<init> File list error : com.github.sardine.impl.SardineException: Unexpected response (404 )
15-Feb-2019 12:47:57.507 SEVERE [http-nio-80-exec-23] org.baraza.utils.BWebdav.<init> File list error : com.github.sardine.impl.SardineException: Unexpected response (404 )
15-Feb-2019 12:48:01.138 SEVERE [http-nio-80-exec-25] org.baraza.utils.BWebdav.<init> File list error : com.github.sardine.impl.SardineException: Unexpected response (404 )
15-Feb-2019 12:48:04.309 SEVERE [http-nio-80-exec-26] org.baraza.utils.BWebdav.<init> File list error : com.github.sardine.impl.SardineException: Unexpected response (404 )
15-Feb-2019 12:48:07.854 SEVERE [http-nio-80-exec-19] org.baraza.utils.BWebdav.<init> File list error : com.github.sardine.impl.SardineException: Unexpected response (404 )
15-Feb-2019 12:48:10.808 SEVERE [http-nio-80-exec-23] org.baraza.utils.BWebdav.<init> File list error : com.github.sardine.impl.SardineException: Unexpected response (404 )
15-Feb-2019 12:49:01.227 SEVERE [http-nio-80-exec-20] org.baraza.utils.BWebdav.<init> File list error : com.github.sardine.impl.SardineException: Unexpected response (404 )
15-Feb-2019 12:49:04.043 SEVERE [http-nio-80-exec-22] org.baraza.utils.BWebdav.<init> File list error : com.github.sardine.impl.SardineException: Unexpected response (404 )
15-Feb-2019 12:49:09.624 SEVERE [http-nio-80-exec-27] org.baraza.utils.BWebdav.<init> File list error : com.github.sardine.impl.SardineException: Unexpected response (404 )
15-Feb-2019 12:49:19.797 SEVERE [http-nio-80-exec-19] org.baraza.utils.BWebdav.<init> File list error : com.github.sardine.impl.SardineException: Unexpected response (404 )
15-Feb-2019 12:49:36.131 SEVERE [http-nio-80-exec-28] org.baraza.utils.BWebdav.<init> File list error : com.github.sardine.impl.SardineException: Unexpected response (404 )
15-Feb-2019 12:49:50.872 SEVERE [http-nio-80-exec-26] org.baraza.utils.BWebdav.<init> File list error : com.github.sardine.impl.SardineException: Unexpected response (404 )
15-Feb-2019 12:49:57.117 SEVERE [http-nio-80-exec-22] org.baraza.utils.BWebdav.<init> File list error : com.github.sardine.impl.SardineException: Unexpected response (404 )
15-Feb-2019 12:50:57.317 SEVERE [http-nio-80-exec-28] org.baraza.utils.BWebdav.<init> File list error : com.github.sardine.impl.SardineException: Unexpected response (404 )
15-Feb-2019 12:50:59.842 SEVERE [http-nio-80-exec-24] org.baraza.utils.BWebdav.<init> File list error : com.github.sardine.impl.SardineException: Unexpected response (404 )
15-Feb-2019 12:51:04.579 SEVERE [http-nio-80-exec-26] org.baraza.utils.BWebdav.<init> File list error : com.github.sardine.impl.SardineException: Unexpected response (404 )
15-Feb-2019 12:51:07.545 SEVERE [http-nio-80-exec-22] org.baraza.utils.BWebdav.<init> File list error : com.github.sardine.impl.SardineException: Unexpected response (404 )
15-Feb-2019 12:51:12.490 SEVERE [http-nio-80-exec-28] org.baraza.utils.BWebdav.<init> File list error : com.github.sardine.impl.SardineException: Unexpected response (404 )
15-Feb-2019 12:51:15.825 SEVERE [http-nio-80-exec-25] org.baraza.utils.BWebdav.<init> File list error : com.github.sardine.impl.SardineException: Unexpected response (404 )
15-Feb-2019 12:51:47.813 SEVERE [http-nio-80-exec-25] org.baraza.utils.BWebdav.<init> File list error : com.github.sardine.impl.SardineException: Unexpected response (404 )
15-Feb-2019 12:51:50.718 SEVERE [http-nio-80-exec-26] org.baraza.utils.BWebdav.<init> File list error : com.github.sardine.impl.SardineException: Unexpected response (404 )
15-Feb-2019 12:51:56.636 SEVERE [http-nio-80-exec-28] org.baraza.utils.BWebdav.<init> File list error : com.github.sardine.impl.SardineException: Unexpected response (404 )
15-Feb-2019 12:52:12.726 SEVERE [http-nio-80-exec-23] org.baraza.utils.BWebdav.<init> File list error : com.github.sardine.impl.SardineException: Unexpected response (404 )
15-Feb-2019 12:52:15.308 SEVERE [http-nio-80-exec-21] org.baraza.utils.BWebdav.<init> File list error : com.github.sardine.impl.SardineException: Unexpected response (404 )
15-Feb-2019 12:52:20.547 SEVERE [http-nio-80-exec-22] org.baraza.utils.BWebdav.<init> File list error : com.github.sardine.impl.SardineException: Unexpected response (404 )
15-Feb-2019 12:53:18.907 SEVERE [http-nio-80-exec-21] org.baraza.utils.BWebdav.<init> File list error : com.github.sardine.impl.SardineException: Unexpected response (404 )
15-Feb-2019 12:53:20.795 SEVERE [http-nio-80-exec-28] org.baraza.utils.BWebdav.<init> File list error : com.github.sardine.impl.SardineException: Unexpected response (404 )
15-Feb-2019 12:53:22.546 SEVERE [http-nio-80-exec-27] org.baraza.utils.BWebdav.<init> File list error : com.github.sardine.impl.SardineException: Unexpected response (404 )
15-Feb-2019 12:53:23.120 SEVERE [http-nio-80-exec-22] org.baraza.utils.BWebdav.<init> File list error : com.github.sardine.impl.SardineException: Unexpected response (404 )
15-Feb-2019 12:53:26.147 SEVERE [http-nio-80-exec-20] org.baraza.utils.BWebdav.<init> File list error : com.github.sardine.impl.SardineException: Unexpected response (404 )
15-Feb-2019 12:53:28.331 SEVERE [http-nio-80-exec-26] org.baraza.utils.BWebdav.<init> File list error : com.github.sardine.impl.SardineException: Unexpected response (404 )
15-Feb-2019 12:53:52.023 SEVERE [http-nio-80-exec-23] org.baraza.utils.BWebdav.<init> File list error : com.github.sardine.impl.SardineException: Unexpected response (404 )
15-Feb-2019 12:53:55.169 SEVERE [http-nio-80-exec-20] org.baraza.utils.BWebdav.<init> File list error : com.github.sardine.impl.SardineException: Unexpected response (404 )
15-Feb-2019 12:53:58.819 SEVERE [http-nio-80-exec-24] org.baraza.utils.BWebdav.<init> File list error : com.github.sardine.impl.SardineException: Unexpected response (404 )
15-Feb-2019 12:54:23.508 SEVERE [http-nio-80-exec-26] org.baraza.utils.BWebdav.<init> File list error : com.github.sardine.impl.SardineException: Unexpected response (404 )
15-Feb-2019 12:54:26.376 SEVERE [http-nio-80-exec-27] org.baraza.utils.BWebdav.<init> File list error : com.github.sardine.impl.SardineException: Unexpected response (404 )
15-Feb-2019 12:54:29.364 SEVERE [http-nio-80-exec-21] org.baraza.utils.BWebdav.<init> File list error : com.github.sardine.impl.SardineException: Unexpected response (404 )
15-Feb-2019 12:54:31.528 SEVERE [http-nio-80-exec-19] org.baraza.utils.BWebdav.<init> File list error : com.github.sardine.impl.SardineException: Unexpected response (404 )
15-Feb-2019 12:54:34.484 SEVERE [http-nio-80-exec-27] org.baraza.utils.BWebdav.<init> File list error : com.github.sardine.impl.SardineException: Unexpected response (404 )
15-Feb-2019 12:55:07.565 SEVERE [http-nio-80-exec-23] org.baraza.utils.BWebdav.<init> File list error : com.github.sardine.impl.SardineException: Unexpected response (404 )
15-Feb-2019 12:55:10.484 SEVERE [http-nio-80-exec-21] org.baraza.utils.BWebdav.<init> File list error : com.github.sardine.impl.SardineException: Unexpected response (404 )
15-Feb-2019 12:55:16.595 SEVERE [http-nio-80-exec-24] org.baraza.utils.BWebdav.<init> File list error : com.github.sardine.impl.SardineException: Unexpected response (404 )
15-Feb-2019 12:55:28.648 SEVERE [http-nio-80-exec-23] org.baraza.utils.BWebdav.<init> File list error : com.github.sardine.impl.SardineException: Unexpected response (404 )
15-Feb-2019 12:55:39.110 SEVERE [http-nio-80-exec-21] org.baraza.utils.BWebdav.<init> File list error : com.github.sardine.impl.SardineException: Unexpected response (404 )
15-Feb-2019 12:55:48.191 SEVERE [http-nio-80-exec-28] org.baraza.utils.BWebdav.<init> File list error : com.github.sardine.impl.SardineException: Unexpected response (404 )
15-Feb-2019 12:55:54.719 SEVERE [http-nio-80-exec-28] org.baraza.utils.BWebdav.<init> File list error : com.github.sardine.impl.SardineException: Unexpected response (404 )
15-Feb-2019 12:55:58.028 SEVERE [http-nio-80-exec-24] org.baraza.utils.BWebdav.<init> File list error : com.github.sardine.impl.SardineException: Unexpected response (404 )
15-Feb-2019 12:56:01.974 SEVERE [http-nio-80-exec-24] org.baraza.utils.BWebdav.<init> File list error : com.github.sardine.impl.SardineException: Unexpected response (404 )
15-Feb-2019 12:56:05.425 SEVERE [http-nio-80-exec-28] org.baraza.utils.BWebdav.<init> File list error : com.github.sardine.impl.SardineException: Unexpected response (404 )
15-Feb-2019 12:56:08.579 SEVERE [http-nio-80-exec-23] org.baraza.utils.BWebdav.<init> File list error : com.github.sardine.impl.SardineException: Unexpected response (404 )
15-Feb-2019 12:56:09.701 SEVERE [http-nio-80-exec-21] org.baraza.utils.BWebdav.<init> File list error : com.github.sardine.impl.SardineException: Unexpected response (404 )
15-Feb-2019 12:56:11.674 SEVERE [http-nio-80-exec-27] org.baraza.utils.BWebdav.<init> File list error : com.github.sardine.impl.SardineException: Unexpected response (404 )
15-Feb-2019 12:56:29.699 SEVERE [http-nio-80-exec-22] org.baraza.utils.BWebdav.<init> File list error : com.github.sardine.impl.SardineException: Unexpected response (404 )
15-Feb-2019 12:56:42.141 SEVERE [http-nio-80-exec-23] org.baraza.utils.BWebdav.<init> File list error : com.github.sardine.impl.SardineException: Unexpected response (404 )
15-Feb-2019 12:56:45.954 SEVERE [http-nio-80-exec-20] org.baraza.utils.BWebdav.<init> File list error : com.github.sardine.impl.SardineException: Unexpected response (404 )
15-Feb-2019 12:56:52.300 SEVERE [http-nio-80-exec-19] org.baraza.utils.BWebdav.<init> File list error : com.github.sardine.impl.SardineException: Unexpected response (404 )
15-Feb-2019 12:56:56.527 SEVERE [http-nio-80-exec-23] org.baraza.utils.BWebdav.<init> File list error : com.github.sardine.impl.SardineException: Unexpected response (404 )
15-Feb-2019 12:57:01.028 SEVERE [http-nio-80-exec-24] org.baraza.utils.BWebdav.<init> File list error : com.github.sardine.impl.SardineException: Unexpected response (404 )
15-Feb-2019 12:57:32.416 SEVERE [http-nio-80-exec-23] org.baraza.utils.BWebdav.<init> File list error : com.github.sardine.impl.SardineException: Unexpected response (404 )
15-Feb-2019 12:57:35.638 SEVERE [http-nio-80-exec-24] org.baraza.utils.BWebdav.<init> File list error : com.github.sardine.impl.SardineException: Unexpected response (404 )
15-Feb-2019 12:57:38.337 SEVERE [http-nio-80-exec-28] org.baraza.utils.BWebdav.<init> File list error : com.github.sardine.impl.SardineException: Unexpected response (404 )
15-Feb-2019 12:57:41.187 SEVERE [http-nio-80-exec-19] org.baraza.utils.BWebdav.<init> File list error : com.github.sardine.impl.SardineException: Unexpected response (404 )
15-Feb-2019 12:57:44.109 SEVERE [http-nio-80-exec-23] org.baraza.utils.BWebdav.<init> File list error : com.github.sardine.impl.SardineException: Unexpected response (404 )
15-Feb-2019 12:57:46.330 SEVERE [http-nio-80-exec-21] org.baraza.utils.BWebdav.<init> File list error : com.github.sardine.impl.SardineException: Unexpected response (404 )
15-Feb-2019 12:57:57.464 SEVERE [http-nio-80-exec-27] org.baraza.utils.BWebdav.<init> File list error : com.github.sardine.impl.SardineException: Unexpected response (404 )
15-Feb-2019 12:58:03.140 SEVERE [http-nio-80-exec-21] org.baraza.utils.BWebdav.<init> File list error : com.github.sardine.impl.SardineException: Unexpected response (404 )
15-Feb-2019 12:59:08.813 SEVERE [http-nio-80-exec-27] org.baraza.utils.BWebdav.<init> File list error : com.github.sardine.impl.SardineException: Unexpected response (404 )
15-Feb-2019 12:59:12.064 SEVERE [http-nio-80-exec-20] org.baraza.utils.BWebdav.<init> File list error : com.github.sardine.impl.SardineException: Unexpected response (404 )
15-Feb-2019 12:59:14.579 SEVERE [http-nio-80-exec-19] org.baraza.utils.BWebdav.<init> File list error : com.github.sardine.impl.SardineException: Unexpected response (404 )
15-Feb-2019 12:59:17.030 SEVERE [http-nio-80-exec-27] org.baraza.utils.BWebdav.<init> File list error : com.github.sardine.impl.SardineException: Unexpected response (404 )
15-Feb-2019 12:59:17.613 SEVERE [http-nio-80-exec-20] org.baraza.utils.BWebdav.<init> File list error : com.github.sardine.impl.SardineException: Unexpected response (404 )
15-Feb-2019 12:59:20.266 SEVERE [http-nio-80-exec-25] org.baraza.utils.BWebdav.<init> File list error : com.github.sardine.impl.SardineException: Unexpected response (404 )
15-Feb-2019 12:59:23.096 SEVERE [http-nio-80-exec-19] org.baraza.utils.BWebdav.<init> File list error : com.github.sardine.impl.SardineException: Unexpected response (404 )
15-Feb-2019 13:01:54.158 SEVERE [http-nio-80-exec-27] org.baraza.utils.BWebdav.<init> File list error : com.github.sardine.impl.SardineException: Unexpected response (404 )
15-Feb-2019 13:02:04.806 SEVERE [http-nio-80-exec-23] org.baraza.utils.BWebdav.<init> File list error : com.github.sardine.impl.SardineException: Unexpected response (404 )
15-Feb-2019 13:04:55.583 SEVERE [http-nio-80-exec-25] org.baraza.utils.BWebdav.<init> File list error : com.github.sardine.impl.SardineException: Unexpected response (404 )
15-Feb-2019 13:05:07.594 SEVERE [http-nio-80-exec-23] org.baraza.utils.BWebdav.<init> File list error : com.github.sardine.impl.SardineException: Unexpected response (404 )
15-Feb-2019 13:05:13.620 SEVERE [http-nio-80-exec-20] org.baraza.utils.BWebdav.<init> File list error : com.github.sardine.impl.SardineException: Unexpected response (404 )
15-Feb-2019 13:05:21.661 SEVERE [http-nio-80-exec-23] org.baraza.utils.BWebdav.<init> File list error : com.github.sardine.impl.SardineException: Unexpected response (404 )
15-Feb-2019 13:05:27.311 SEVERE [http-nio-80-exec-21] org.baraza.utils.BWebdav.<init> File list error : com.github.sardine.impl.SardineException: Unexpected response (404 )
15-Feb-2019 13:05:36.363 SEVERE [http-nio-80-exec-25] org.baraza.utils.BWebdav.<init> File list error : com.github.sardine.impl.SardineException: Unexpected response (404 )
15-Feb-2019 13:06:25.587 SEVERE [http-nio-80-exec-23] org.baraza.utils.BWebdav.<init> File list error : com.github.sardine.impl.SardineException: Unexpected response (404 )
15-Feb-2019 13:07:37.369 SEVERE [http-nio-80-exec-23] org.baraza.utils.BWebdav.<init> File list error : com.github.sardine.impl.SardineException: Unexpected response (404 )
15-Feb-2019 13:07:43.142 SEVERE [http-nio-80-exec-19] org.baraza.utils.BWebdav.<init> File list error : com.github.sardine.impl.SardineException: Unexpected response (404 )
15-Feb-2019 13:08:12.769 SEVERE [http-nio-80-exec-21] org.baraza.utils.BWebdav.<init> File list error : com.github.sardine.impl.SardineException: Unexpected response (404 )
15-Feb-2019 13:08:18.490 SEVERE [http-nio-80-exec-19] org.baraza.utils.BWebdav.<init> File list error : com.github.sardine.impl.SardineException: Unexpected response (404 )
15-Feb-2019 13:08:47.842 SEVERE [http-nio-80-exec-28] org.baraza.utils.BWebdav.<init> File list error : com.github.sardine.impl.SardineException: Unexpected response (404 )
15-Feb-2019 13:08:51.569 SEVERE [http-nio-80-exec-22] org.baraza.utils.BWebdav.<init> File list error : com.github.sardine.impl.SardineException: Unexpected response (404 )
15-Feb-2019 13:08:53.159 SEVERE [http-nio-80-exec-24] org.baraza.utils.BWebdav.<init> File list error : com.github.sardine.impl.SardineException: Unexpected response (404 )
15-Feb-2019 13:09:19.934 INFO [http-nio-80-exec-20] org.baraza.web.BWeb.setOperations SELECT application_finance_approval('19', '0', '') 
15-Feb-2019 13:09:39.813 SEVERE [http-nio-80-exec-23] org.baraza.utils.BWebdav.<init> File list error : com.github.sardine.impl.SardineException: Unexpected response (404 )
15-Feb-2019 13:09:43.040 SEVERE [http-nio-80-exec-27] org.baraza.utils.BWebdav.<init> File list error : com.github.sardine.impl.SardineException: Unexpected response (404 )
15-Feb-2019 13:09:45.788 SEVERE [http-nio-80-exec-28] org.baraza.utils.BWebdav.<init> File list error : com.github.sardine.impl.SardineException: Unexpected response (404 )
15-Feb-2019 13:09:48.998 SEVERE [http-nio-80-exec-23] org.baraza.utils.BWebdav.<init> File list error : com.github.sardine.impl.SardineException: Unexpected response (404 )
15-Feb-2019 13:09:51.691 SEVERE [http-nio-80-exec-25] org.baraza.utils.BWebdav.<init> File list error : com.github.sardine.impl.SardineException: Unexpected response (404 )
15-Feb-2019 13:12:46.379 SEVERE [http-nio-80-exec-23] org.baraza.utils.BWebdav.<init> File list error : com.github.sardine.impl.SardineException: Unexpected response (404 )
15-Feb-2019 13:12:52.469 SEVERE [http-nio-80-exec-24] org.baraza.utils.BWebdav.<init> File list error : com.github.sardine.impl.SardineException: Unexpected response (404 )
15-Feb-2019 13:13:01.176 SEVERE [http-nio-80-exec-25] org.baraza.utils.BWebdav.<init> File list error : com.github.sardine.impl.SardineException: Unexpected response (404 )
15-Feb-2019 13:13:04.157 SEVERE [http-nio-80-exec-21] org.baraza.utils.BWebdav.<init> File list error : com.github.sardine.impl.SardineException: Unexpected response (404 )
15-Feb-2019 13:13:08.362 SEVERE [http-nio-80-exec-23] org.baraza.utils.BWebdav.<init> File list error : com.github.sardine.impl.SardineException: Unexpected response (404 )
15-Feb-2019 13:13:10.948 SEVERE [http-nio-80-exec-24] org.baraza.utils.BWebdav.<init> File list error : com.github.sardine.impl.SardineException: Unexpected response (404 )
15-Feb-2019 13:13:38.326 SEVERE [http-nio-80-exec-24] org.baraza.utils.BWebdav.<init> File list error : com.github.sardine.impl.SardineException: Unexpected response (404 )
15-Feb-2019 13:13:40.362 SEVERE [http-nio-80-exec-22] org.baraza.utils.BWebdav.<init> File list error : com.github.sardine.impl.SardineException: Unexpected response (404 )
15-Feb-2019 13:16:34.034 SEVERE [http-nio-80-exec-26] org.baraza.utils.BWebdav.<init> File list error : com.github.sardine.impl.SardineException: Unexpected response (404 )
15-Feb-2019 13:16:44.639 SEVERE [http-nio-80-exec-25] org.baraza.utils.BWebdav.<init> File list error : com.github.sardine.impl.SardineException: Unexpected response (404 )
15-Feb-2019 13:16:51.758 SEVERE [http-nio-80-exec-19] org.baraza.utils.BWebdav.<init> File list error : com.github.sardine.impl.SardineException: Unexpected response (404 )
15-Feb-2019 13:16:59.712 SEVERE [http-nio-80-exec-22] org.baraza.utils.BWebdav.<init> File list error : com.github.sardine.impl.SardineException: Unexpected response (404 )
15-Feb-2019 13:17:02.832 SEVERE [http-nio-80-exec-25] org.baraza.utils.BWebdav.<init> File list error : com.github.sardine.impl.SardineException: Unexpected response (404 )
15-Feb-2019 13:17:05.195 SEVERE [http-nio-80-exec-23] org.baraza.utils.BWebdav.<init> File list error : com.github.sardine.impl.SardineException: Unexpected response (404 )
15-Feb-2019 13:17:06.092 SEVERE [http-nio-80-exec-28] org.baraza.utils.BWebdav.<init> File list error : com.github.sardine.impl.SardineException: Unexpected response (404 )
15-Feb-2019 13:17:07.605 SEVERE [http-nio-80-exec-27] org.baraza.utils.BWebdav.<init> File list error : com.github.sardine.impl.SardineException: Unexpected response (404 )
15-Feb-2019 13:17:12.487 SEVERE [http-nio-80-exec-25] org.baraza.utils.BWebdav.<init> File list error : com.github.sardine.impl.SardineException: Unexpected response (404 )
15-Feb-2019 13:17:52.327 INFO [http-nio-80-exec-20] org.baraza.reports.BWebReport.setParams Filter = filterid key = 1486
15-Feb-2019 13:17:52.386 INFO [http-nio-80-exec-20] org.baraza.reports.BWebReport.getReport entityid | 0
15-Feb-2019 13:19:49.314 SEVERE [http-nio-80-exec-22] org.baraza.utils.BWebdav.<init> File list error : com.github.sardine.impl.SardineException: Unexpected response (404 )
15-Feb-2019 13:19:56.722 SEVERE [http-nio-80-exec-21] org.baraza.utils.BWebdav.<init> File list error : com.github.sardine.impl.SardineException: Unexpected response (404 )
15-Feb-2019 13:21:05.396 SEVERE [http-nio-80-exec-26] org.baraza.utils.BWebdav.<init> File list error : com.github.sardine.impl.SardineException: Unexpected response (404 )
15-Feb-2019 13:21:20.062 SEVERE [http-nio-80-exec-27] org.baraza.utils.BWebdav.<init> File list error : com.github.sardine.impl.SardineException: Unexpected response (404 )
15-Feb-2019 13:22:21.377 SEVERE [http-nio-80-exec-20] org.baraza.utils.BWebdav.<init> File list error : com.github.sardine.impl.SardineException: Unexpected response (404 )
15-Feb-2019 13:22:27.706 SEVERE [http-nio-80-exec-24] org.baraza.utils.BWebdav.<init> File list error : com.github.sardine.impl.SardineException: Unexpected response (404 )
15-Feb-2019 13:25:22.506 SEVERE [http-nio-80-exec-23] org.baraza.utils.BWebdav.<init> File list error : com.github.sardine.impl.SardineException: Unexpected response (404 )
15-Feb-2019 13:25:32.712 SEVERE [http-nio-80-exec-24] org.baraza.utils.BWebdav.<init> File list error : com.github.sardine.impl.SardineException: Unexpected response (404 )
15-Feb-2019 13:28:31.192 SEVERE [http-nio-80-exec-23] org.baraza.utils.BWebdav.<init> File list error : com.github.sardine.impl.SardineException: Unexpected response (404 )
15-Feb-2019 13:28:40.239 SEVERE [http-nio-80-exec-21] org.baraza.utils.BWebdav.<init> File list error : com.github.sardine.impl.SardineException: Unexpected response (404 )
15-Feb-2019 13:28:46.268 SEVERE [http-nio-80-exec-24] org.baraza.utils.BWebdav.<init> File list error : com.github.sardine.impl.SardineException: Unexpected response (404 )
15-Feb-2019 13:28:54.725 SEVERE [http-nio-80-exec-22] org.baraza.utils.BWebdav.<init> File list error : com.github.sardine.impl.SardineException: Unexpected response (404 )
15-Feb-2019 13:29:06.316 SEVERE [http-nio-80-exec-26] org.baraza.utils.BWebdav.<init> File list error : com.github.sardine.impl.SardineException: Unexpected response (404 )
15-Feb-2019 13:29:10.821 SEVERE [http-nio-80-exec-24] org.baraza.utils.BWebdav.<init> File list error : com.github.sardine.impl.SardineException: Unexpected response (404 )
15-Feb-2019 13:29:16.646 SEVERE [http-nio-80-exec-22] org.baraza.utils.BWebdav.<init> File list error : com.github.sardine.impl.SardineException: Unexpected response (404 )
15-Feb-2019 13:31:07.957 SEVERE [http-nio-80-exec-28] org.baraza.utils.BWebdav.<init> File list error : com.github.sardine.impl.SardineException: Unexpected response (404 )
15-Feb-2019 13:31:14.003 SEVERE [http-nio-80-exec-27] org.baraza.utils.BWebdav.<init> File list error : com.github.sardine.impl.SardineException: Unexpected response (404 )
15-Feb-2019 13:31:57.574 SEVERE [http-nio-80-exec-19] org.baraza.utils.BWebdav.<init> File list error : com.github.sardine.impl.SardineException: Unexpected response (404 )
15-Feb-2019 13:32:03.289 SEVERE [http-nio-80-exec-20] org.baraza.utils.BWebdav.<init> File list error : com.github.sardine.impl.SardineException: Unexpected response (404 )
15-Feb-2019 13:32:47.121 SEVERE [http-nio-80-exec-24] org.baraza.utils.BWebdav.<init> File list error : com.github.sardine.impl.SardineException: Unexpected response (404 )
15-Feb-2019 13:32:53.883 SEVERE [http-nio-80-exec-22] org.baraza.utils.BWebdav.<init> File list error : com.github.sardine.impl.SardineException: Unexpected response (404 )
15-Feb-2019 13:35:30.089 SEVERE [http-nio-80-exec-28] org.baraza.utils.BWebdav.<init> File list error : com.github.sardine.impl.SardineException: Unexpected response (404 )
15-Feb-2019 13:35:37.728 SEVERE [http-nio-80-exec-27] org.baraza.utils.BWebdav.<init> File list error : com.github.sardine.impl.SardineException: Unexpected response (404 )
15-Feb-2019 13:35:43.292 SEVERE [http-nio-80-exec-25] org.baraza.utils.BWebdav.<init> File list error : com.github.sardine.impl.SardineException: Unexpected response (404 )
15-Feb-2019 13:38:29.654 SEVERE [http-nio-80-exec-22] org.baraza.utils.BWebdav.<init> File list error : com.github.sardine.impl.SardineException: Unexpected response (404 )
15-Feb-2019 13:38:37.986 SEVERE [http-nio-80-exec-20] org.baraza.utils.BWebdav.<init> File list error : com.github.sardine.impl.SardineException: Unexpected response (404 )
15-Feb-2019 13:38:43.722 SEVERE [http-nio-80-exec-19] org.baraza.utils.BWebdav.<init> File list error : com.github.sardine.impl.SardineException: Unexpected response (404 )
15-Feb-2019 13:38:54.152 SEVERE [http-nio-80-exec-21] org.baraza.utils.BWebdav.<init> File list error : com.github.sardine.impl.SardineException: Unexpected response (404 )
15-Feb-2019 13:39:00.422 SEVERE [http-nio-80-exec-22] org.baraza.utils.BWebdav.<init> File list error : com.github.sardine.impl.SardineException: Unexpected response (404 )
15-Feb-2019 13:39:06.775 SEVERE [http-nio-80-exec-24] org.baraza.utils.BWebdav.<init> File list error : com.github.sardine.impl.SardineException: Unexpected response (404 )
15-Feb-2019 13:40:45.873 SEVERE [http-nio-80-exec-23] org.baraza.utils.BWebdav.<init> File list error : com.github.sardine.impl.SardineException: Unexpected response (404 )
15-Feb-2019 13:40:50.766 SEVERE [http-nio-80-exec-24] org.baraza.utils.BWebdav.<init> File list error : com.github.sardine.impl.SardineException: Unexpected response (404 )
15-Feb-2019 13:41:26.205 SEVERE [http-nio-80-exec-22] org.baraza.utils.BWebdav.<init> File list error : com.github.sardine.impl.SardineException: Unexpected response (404 )
15-Feb-2019 13:41:31.453 SEVERE [http-nio-80-exec-23] org.baraza.utils.BWebdav.<init> File list error : com.github.sardine.impl.SardineException: Unexpected response (404 )
15-Feb-2019 13:42:15.822 SEVERE [http-nio-80-exec-28] org.baraza.utils.BWebdav.<init> File list error : com.github.sardine.impl.SardineException: Unexpected response (404 )
15-Feb-2019 13:42:21.636 SEVERE [http-nio-80-exec-27] org.baraza.utils.BWebdav.<init> File list error : com.github.sardine.impl.SardineException: Unexpected response (404 )
15-Feb-2019 13:45:14.720 SEVERE [http-nio-80-exec-28] org.baraza.utils.BWebdav.<init> File list error : com.github.sardine.impl.SardineException: Unexpected response (404 )
15-Feb-2019 13:45:20.619 SEVERE [http-nio-80-exec-22] org.baraza.utils.BWebdav.<init> File list error : com.github.sardine.impl.SardineException: Unexpected response (404 )
15-Feb-2019 13:45:25.560 SEVERE [http-nio-80-exec-28] org.baraza.utils.BWebdav.<init> File list error : com.github.sardine.impl.SardineException: Unexpected response (404 )
15-Feb-2019 13:48:34.013 SEVERE [http-nio-80-exec-28] org.baraza.utils.BWebdav.<init> File list error : com.github.sardine.impl.SardineException: Unexpected response (404 )
15-Feb-2019 13:48:42.226 SEVERE [http-nio-80-exec-20] org.baraza.utils.BWebdav.<init> File list error : com.github.sardine.impl.SardineException: Unexpected response (404 )
15-Feb-2019 13:48:49.403 SEVERE [http-nio-80-exec-19] org.baraza.utils.BWebdav.<init> File list error : com.github.sardine.impl.SardineException: Unexpected response (404 )
15-Feb-2019 13:48:56.233 SEVERE [http-nio-80-exec-27] org.baraza.utils.BWebdav.<init> File list error : com.github.sardine.impl.SardineException: Unexpected response (404 )
15-Feb-2019 13:49:04.560 SEVERE [http-nio-80-exec-22] org.baraza.utils.BWebdav.<init> File list error : com.github.sardine.impl.SardineException: Unexpected response (404 )
15-Feb-2019 13:49:11.204 SEVERE [http-nio-80-exec-19] org.baraza.utils.BWebdav.<init> File list error : com.github.sardine.impl.SardineException: Unexpected response (404 )
15-Feb-2019 13:51:19.662 SEVERE [http-nio-80-exec-22] org.baraza.utils.BWebdav.<init> File list error : com.github.sardine.impl.SardineException: Unexpected response (404 )
15-Feb-2019 13:51:25.003 SEVERE [http-nio-80-exec-26] org.baraza.utils.BWebdav.<init> File list error : com.github.sardine.impl.SardineException: Unexpected response (404 )
15-Feb-2019 13:52:06.439 SEVERE [http-nio-80-exec-21] org.baraza.utils.BWebdav.<init> File list error : com.github.sardine.impl.SardineException: Unexpected response (404 )
15-Feb-2019 13:52:13.398 SEVERE [http-nio-80-exec-24] org.baraza.utils.BWebdav.<init> File list error : com.github.sardine.impl.SardineException: Unexpected response (404 )
15-Feb-2019 13:53:17.713 SEVERE [http-nio-80-exec-28] org.baraza.utils.BWebdav.<init> File list error : com.github.sardine.impl.SardineException: Unexpected response (404 )
15-Feb-2019 13:53:23.547 SEVERE [http-nio-80-exec-20] org.baraza.utils.BWebdav.<init> File list error : com.github.sardine.impl.SardineException: Unexpected response (404 )
15-Feb-2019 14:17:49.756 SEVERE [http-nio-80-exec-26] org.baraza.utils.BWebdav.<init> File list error : com.github.sardine.impl.SardineException: Unexpected response (404 )
15-Feb-2019 14:17:58.420 SEVERE [http-nio-80-exec-21] org.baraza.utils.BWebdav.<init> File list error : com.github.sardine.impl.SardineException: Unexpected response (404 )
15-Feb-2019 14:18:07.990 SEVERE [http-nio-80-exec-20] org.baraza.utils.BWebdav.<init> File list error : com.github.sardine.impl.SardineException: Unexpected response (404 )
15-Feb-2019 14:20:47.244 SEVERE [http-nio-80-exec-20] org.baraza.utils.BWebdav.<init> File list error : com.github.sardine.impl.SardineException: Unexpected response (404 )
15-Feb-2019 14:20:56.423 SEVERE [http-nio-80-exec-21] org.baraza.utils.BWebdav.<init> File list error : com.github.sardine.impl.SardineException: Unexpected response (404 )
15-Feb-2019 14:21:03.474 SEVERE [http-nio-80-exec-22] org.baraza.utils.BWebdav.<init> File list error : com.github.sardine.impl.SardineException: Unexpected response (404 )
15-Feb-2019 14:21:08.465 SEVERE [http-nio-80-exec-26] org.baraza.utils.BWebdav.<init> File list error : com.github.sardine.impl.SardineException: Unexpected response (404 )
15-Feb-2019 14:21:14.976 SEVERE [http-nio-80-exec-24] org.baraza.utils.BWebdav.<init> File list error : com.github.sardine.impl.SardineException: Unexpected response (404 )
15-Feb-2019 14:21:21.134 SEVERE [http-nio-80-exec-27] org.baraza.utils.BWebdav.<init> File list error : com.github.sardine.impl.SardineException: Unexpected response (404 )
15-Feb-2019 14:22:58.411 SEVERE [http-nio-80-exec-23] org.baraza.utils.BWebdav.<init> File list error : com.github.sardine.impl.SardineException: Unexpected response (404 )
15-Feb-2019 14:23:03.324 SEVERE [http-nio-80-exec-27] org.baraza.utils.BWebdav.<init> File list error : com.github.sardine.impl.SardineException: Unexpected response (404 )
15-Feb-2019 14:23:24.740 SEVERE [http-nio-80-exec-21] org.baraza.utils.BWebdav.<init> File list error : com.github.sardine.impl.SardineException: Unexpected response (404 )
15-Feb-2019 14:24:00.829 SEVERE [http-nio-80-exec-23] org.baraza.utils.BWebdav.<init> File list error : com.github.sardine.impl.SardineException: Unexpected response (404 )
15-Feb-2019 14:24:07.903 SEVERE [http-nio-80-exec-24] org.baraza.utils.BWebdav.<init> File list error : com.github.sardine.impl.SardineException: Unexpected response (404 )
15-Feb-2019 14:25:09.828 SEVERE [http-nio-80-exec-23] org.baraza.utils.BWebdav.<init> File list error : com.github.sardine.impl.SardineException: Unexpected response (404 )
15-Feb-2019 14:25:15.008 SEVERE [http-nio-80-exec-28] org.baraza.utils.BWebdav.<init> File list error : com.github.sardine.impl.SardineException: Unexpected response (404 )
15-Feb-2019 14:28:24.894 SEVERE [http-nio-80-exec-28] org.baraza.utils.BWebdav.<init> File list error : com.github.sardine.impl.SardineException: Unexpected response (404 )
15-Feb-2019 14:28:44.863 SEVERE [http-nio-80-exec-19] org.baraza.utils.BWebdav.<init> File list error : com.github.sardine.impl.SardineException: Unexpected response (404 )
15-Feb-2019 14:28:58.528 SEVERE [http-nio-80-exec-25] org.baraza.utils.BWebdav.<init> File list error : com.github.sardine.impl.SardineException: Unexpected response (404 )
15-Feb-2019 14:29:05.353 SEVERE [http-nio-80-exec-27] org.baraza.utils.BWebdav.<init> File list error : com.github.sardine.impl.SardineException: Unexpected response (404 )
15-Feb-2019 14:29:09.783 SEVERE [http-nio-80-exec-22] org.baraza.utils.BWebdav.<init> File list error : com.github.sardine.impl.SardineException: Unexpected response (404 )
15-Feb-2019 14:29:15.204 SEVERE [http-nio-80-exec-25] org.baraza.utils.BWebdav.<init> File list error : com.github.sardine.impl.SardineException: Unexpected response (404 )
15-Feb-2019 14:29:52.502 SEVERE [http-nio-80-exec-20] org.baraza.utils.BWebdav.<init> File list error : com.github.sardine.impl.SardineException: Unexpected response (404 )
15-Feb-2019 14:30:22.610 SEVERE [http-nio-80-exec-23] org.baraza.utils.BWebdav.<init> File list error : com.github.sardine.impl.SardineException: Unexpected response (404 )
15-Feb-2019 14:30:26.263 SEVERE [http-nio-80-exec-20] org.baraza.utils.BWebdav.<init> File list error : com.github.sardine.impl.SardineException: Unexpected response (404 )
15-Feb-2019 14:30:35.564 SEVERE [http-nio-80-exec-28] org.baraza.utils.BWebdav.<init> File list error : com.github.sardine.impl.SardineException: Unexpected response (404 )
15-Feb-2019 14:30:41.398 SEVERE [http-nio-80-exec-19] org.baraza.utils.BWebdav.<init> File list error : com.github.sardine.impl.SardineException: Unexpected response (404 )
15-Feb-2019 14:30:45.914 SEVERE [http-nio-80-exec-21] org.baraza.utils.BWebdav.<init> File list error : com.github.sardine.impl.SardineException: Unexpected response (404 )
15-Feb-2019 14:30:49.395 SEVERE [http-nio-80-exec-25] org.baraza.utils.BWebdav.<init> File list error : com.github.sardine.impl.SardineException: Unexpected response (404 )
15-Feb-2019 14:31:02.368 SEVERE [http-nio-80-exec-22] org.baraza.utils.BWebdav.<init> File list error : com.github.sardine.impl.SardineException: Unexpected response (404 )
15-Feb-2019 14:31:14.647 SEVERE [http-nio-80-exec-26] org.baraza.utils.BWebdav.<init> File list error : com.github.sardine.impl.SardineException: Unexpected response (404 )
15-Feb-2019 14:31:43.768 SEVERE [http-nio-80-exec-19] org.baraza.utils.BWebdav.<init> File list error : com.github.sardine.impl.SardineException: Unexpected response (404 )
15-Feb-2019 14:32:12.425 SEVERE [http-nio-80-exec-20] org.baraza.utils.BWebdav.<init> File list error : com.github.sardine.impl.SardineException: Unexpected response (404 )
15-Feb-2019 14:32:16.780 SEVERE [http-nio-80-exec-28] org.baraza.utils.BWebdav.<init> File list error : com.github.sardine.impl.SardineException: Unexpected response (404 )
15-Feb-2019 14:32:21.608 SEVERE [http-nio-80-exec-21] org.baraza.utils.BWebdav.<init> File list error : com.github.sardine.impl.SardineException: Unexpected response (404 )
15-Feb-2019 14:35:52.098 SEVERE [http-nio-80-exec-20] org.baraza.utils.BWebdav.<init> File list error : com.github.sardine.impl.SardineException: Unexpected response (404 )
15-Feb-2019 14:35:58.537 SEVERE [http-nio-80-exec-20] org.baraza.DB.BQuery.readField Data field read error : org.postgresql.util.PSQLException: ResultSet not positioned properly, perhaps you need to call next.
15-Feb-2019 14:35:58.878 SEVERE [http-nio-80-exec-19] org.baraza.utils.BWebdav.<init> File list error : com.github.sardine.impl.SardineException: Unexpected response (404 )
15-Feb-2019 14:36:04.051 SEVERE [http-nio-80-exec-27] org.baraza.utils.BWebdav.<init> File list error : com.github.sardine.impl.SardineException: Unexpected response (404 )
15-Feb-2019 14:36:05.781 SEVERE [http-nio-80-exec-19] org.baraza.DB.BQuery.readField Data field read error : org.postgresql.util.PSQLException: ResultSet not positioned properly, perhaps you need to call next.
15-Feb-2019 14:43:43.086 SEVERE [http-nio-80-exec-27] org.baraza.utils.BWebdav.<init> File list error : com.github.sardine.impl.SardineException: Unexpected response (404 )
15-Feb-2019 14:44:12.589 SEVERE [http-nio-80-exec-22] org.baraza.utils.BWebdav.<init> File list error : com.github.sardine.impl.SardineException: Unexpected response (404 )
15-Feb-2019 14:44:16.929 SEVERE [http-nio-80-exec-26] org.baraza.utils.BWebdav.<init> File list error : com.github.sardine.impl.SardineException: Unexpected response (404 )
15-Feb-2019 14:44:20.316 SEVERE [http-nio-80-exec-27] org.baraza.utils.BWebdav.<init> File list error : com.github.sardine.impl.SardineException: Unexpected response (404 )
15-Feb-2019 14:44:25.797 SEVERE [http-nio-80-exec-20] org.baraza.utils.BWebdav.<init> File list error : com.github.sardine.impl.SardineException: Unexpected response (404 )
15-Feb-2019 14:44:29.815 SEVERE [http-nio-80-exec-25] org.baraza.utils.BWebdav.<init> File list error : com.github.sardine.impl.SardineException: Unexpected response (404 )
15-Feb-2019 14:44:35.073 INFO [http-nio-80-exec-27] org.baraza.web.BWeb.setOperations SELECT email_to_username('1648', '0', '') 
15-Feb-2019 14:45:03.579 SEVERE [http-nio-80-exec-24] org.baraza.utils.BWebdav.<init> File list error : com.github.sardine.impl.SardineException: Unexpected response (404 )
15-Feb-2019 14:50:04.779 SEVERE [http-nio-80-exec-25] org.baraza.utils.BWebdav.<init> File list error : com.github.sardine.impl.SardineException: Unexpected response (404 )
15-Feb-2019 14:50:11.547 SEVERE [http-nio-80-exec-28] org.baraza.utils.BWebdav.<init> File list error : com.github.sardine.impl.SardineException: Unexpected response (404 )
15-Feb-2019 14:50:12.278 INFO [http-nio-80-exec-23] org.baraza.web.BWeb.setOperations SELECT application_finance_approval('25', '0', '') 
15-Feb-2019 14:50:12.311 INFO [http-nio-80-exec-23] org.baraza.web.BWeb.setOperations SELECT application_finance_approval('24', '0', '') 
15-Feb-2019 14:50:12.331 INFO [http-nio-80-exec-23] org.baraza.web.BWeb.setOperations SELECT application_finance_approval('23', '0', '') 
15-Feb-2019 14:50:12.353 INFO [http-nio-80-exec-23] org.baraza.web.BWeb.setOperations SELECT application_finance_approval('22', '0', '') 
15-Feb-2019 14:50:12.373 INFO [http-nio-80-exec-23] org.baraza.web.BWeb.setOperations SELECT application_finance_approval('21', '0', '') 
15-Feb-2019 14:50:12.395 INFO [http-nio-80-exec-23] org.baraza.web.BWeb.setOperations SELECT application_finance_approval('20', '0', '') 
15-Feb-2019 14:50:12.412 INFO [http-nio-80-exec-23] org.baraza.web.BWeb.setOperations SELECT application_finance_approval('18', '0', '') 
15-Feb-2019 14:50:12.445 INFO [http-nio-80-exec-23] org.baraza.web.BWeb.setOperations SELECT application_finance_approval('17', '0', '') 
15-Feb-2019 14:50:12.462 INFO [http-nio-80-exec-23] org.baraza.web.BWeb.setOperations SELECT application_finance_approval('16', '0', '') 
15-Feb-2019 14:50:12.482 INFO [http-nio-80-exec-23] org.baraza.web.BWeb.setOperations SELECT application_finance_approval('15', '0', '') 
15-Feb-2019 14:50:12.503 INFO [http-nio-80-exec-23] org.baraza.web.BWeb.setOperations SELECT application_finance_approval('14', '0', '') 
15-Feb-2019 14:50:12.522 INFO [http-nio-80-exec-23] org.baraza.web.BWeb.setOperations SELECT application_finance_approval('12', '0', '') 
15-Feb-2019 14:50:12.545 INFO [http-nio-80-exec-23] org.baraza.web.BWeb.setOperations SELECT application_finance_approval('9', '0', '') 
15-Feb-2019 14:50:12.562 INFO [http-nio-80-exec-23] org.baraza.web.BWeb.setOperations SELECT application_finance_approval('8', '0', '') 
15-Feb-2019 14:50:19.778 SEVERE [http-nio-80-exec-22] org.baraza.utils.BWebdav.<init> File list error : com.github.sardine.impl.SardineException: Unexpected response (404 )
15-Feb-2019 14:50:44.900 SEVERE [http-nio-80-exec-27] org.baraza.utils.BWebdav.<init> File list error : com.github.sardine.impl.SardineException: Unexpected response (404 )
15-Feb-2019 14:50:49.397 SEVERE [http-nio-80-exec-20] org.baraza.utils.BWebdav.<init> File list error : com.github.sardine.impl.SardineException: Unexpected response (404 )
15-Feb-2019 14:50:52.787 SEVERE [http-nio-80-exec-22] org.baraza.utils.BWebdav.<init> File list error : com.github.sardine.impl.SardineException: Unexpected response (404 )
15-Feb-2019 14:51:44.331 SEVERE [http-nio-80-exec-20] org.baraza.utils.BWebdav.<init> File list error : com.github.sardine.impl.SardineException: Unexpected response (404 )
15-Feb-2019 14:56:06.027 SEVERE [http-nio-80-exec-19] org.baraza.utils.BWebdav.<init> File list error : com.github.sardine.impl.SardineException: Unexpected response (404 )
15-Feb-2019 14:56:09.394 SEVERE [http-nio-80-exec-23] org.baraza.utils.BWebdav.<init> File list error : com.github.sardine.impl.SardineException: Unexpected response (404 )
15-Feb-2019 14:56:14.082 SEVERE [http-nio-80-exec-26] org.baraza.utils.BWebdav.<init> File list error : com.github.sardine.impl.SardineException: Unexpected response (404 )
15-Feb-2019 14:56:54.359 SEVERE [http-nio-80-exec-24] org.baraza.utils.BWebdav.<init> File list error : com.github.sardine.impl.SardineException: Unexpected response (404 )
15-Feb-2019 14:59:34.828 SEVERE [http-nio-80-exec-28] org.baraza.utils.BWebdav.<init> File list error : com.github.sardine.impl.SardineException: Unexpected response (404 )
15-Feb-2019 15:00:29.905 SEVERE [http-nio-80-exec-21] org.baraza.utils.BWebdav.<init> File list error : com.github.sardine.impl.SardineException: Unexpected response (404 )
15-Feb-2019 15:00:39.513 SEVERE [http-nio-80-exec-27] org.baraza.utils.BWebdav.<init> File list error : com.github.sardine.impl.SardineException: Unexpected response (404 )
15-Feb-2019 15:00:45.937 SEVERE [http-nio-80-exec-26] org.baraza.utils.BWebdav.<init> File list error : com.github.sardine.impl.SardineException: Unexpected response (404 )
15-Feb-2019 15:01:00.299 SEVERE [http-nio-80-exec-24] org.baraza.utils.BWebdav.<init> File list error : com.github.sardine.impl.SardineException: Unexpected response (404 )
15-Feb-2019 15:01:08.155 SEVERE [http-nio-80-exec-23] org.baraza.utils.BWebdav.<init> File list error : com.github.sardine.impl.SardineException: Unexpected response (404 )
15-Feb-2019 15:01:15.564 SEVERE [http-nio-80-exec-27] org.baraza.utils.BWebdav.<init> File list error : com.github.sardine.impl.SardineException: Unexpected response (404 )
15-Feb-2019 15:03:27.460 SEVERE [http-nio-80-exec-25] org.baraza.utils.BWebdav.<init> File list error : com.github.sardine.impl.SardineException: Unexpected response (404 )
15-Feb-2019 15:03:34.654 SEVERE [http-nio-80-exec-20] org.baraza.utils.BWebdav.<init> File list error : com.github.sardine.impl.SardineException: Unexpected response (404 )
15-Feb-2019 15:04:34.687 SEVERE [http-nio-80-exec-26] org.baraza.utils.BWebdav.<init> File list error : com.github.sardine.impl.SardineException: Unexpected response (404 )
15-Feb-2019 15:04:42.034 SEVERE [http-nio-80-exec-25] org.baraza.utils.BWebdav.<init> File list error : com.github.sardine.impl.SardineException: Unexpected response (404 )
15-Feb-2019 15:05:29.456 SEVERE [http-nio-80-exec-28] org.baraza.utils.BWebdav.<init> File list error : com.github.sardine.impl.SardineException: Unexpected response (404 )
15-Feb-2019 15:05:34.861 SEVERE [http-nio-80-exec-25] org.baraza.utils.BWebdav.<init> File list error : com.github.sardine.impl.SardineException: Unexpected response (404 )
15-Feb-2019 15:06:12.951 SEVERE [http-nio-80-exec-23] org.baraza.utils.BWebdav.<init> File list error : com.github.sardine.impl.SardineException: Unexpected response (404 )
15-Feb-2019 15:09:30.070 SEVERE [http-nio-80-exec-22] org.baraza.utils.BWebdav.<init> File list error : com.github.sardine.impl.SardineException: Unexpected response (404 )
15-Feb-2019 15:09:34.530 SEVERE [http-nio-80-exec-20] org.baraza.utils.BWebdav.<init> File list error : com.github.sardine.impl.SardineException: Unexpected response (404 )
15-Feb-2019 15:09:39.494 SEVERE [http-nio-80-exec-28] org.baraza.utils.BWebdav.<init> File list error : com.github.sardine.impl.SardineException: Unexpected response (404 )
15-Feb-2019 15:09:42.223 SEVERE [http-nio-80-exec-22] org.baraza.utils.BWebdav.<init> File list error : com.github.sardine.impl.SardineException: Unexpected response (404 )
15-Feb-2019 15:09:48.943 SEVERE [http-nio-80-exec-21] org.baraza.utils.BWebdav.<init> File list error : com.github.sardine.impl.SardineException: Unexpected response (404 )
15-Feb-2019 15:09:54.661 SEVERE [http-nio-80-exec-26] org.baraza.utils.BWebdav.<init> File list error : com.github.sardine.impl.SardineException: Unexpected response (404 )
15-Feb-2019 15:10:03.390 SEVERE [http-nio-80-exec-24] org.baraza.utils.BWebdav.<init> File list error : com.github.sardine.impl.SardineException: Unexpected response (404 )
15-Feb-2019 15:10:08.714 SEVERE [http-nio-80-exec-22] org.baraza.utils.BWebdav.<init> File list error : com.github.sardine.impl.SardineException: Unexpected response (404 )
15-Feb-2019 15:10:53.771 SEVERE [http-nio-80-exec-27] org.baraza.utils.BWebdav.<init> File list error : com.github.sardine.impl.SardineException: Unexpected response (404 )
15-Feb-2019 15:11:01.663 SEVERE [http-nio-80-exec-22] org.baraza.utils.BWebdav.<init> File list error : com.github.sardine.impl.SardineException: Unexpected response (404 )
15-Feb-2019 15:13:24.555 SEVERE [http-nio-80-exec-27] org.baraza.utils.BWebdav.<init> File list error : com.github.sardine.impl.SardineException: Unexpected response (404 )
15-Feb-2019 15:13:31.986 SEVERE [http-nio-80-exec-21] org.baraza.utils.BWebdav.<init> File list error : com.github.sardine.impl.SardineException: Unexpected response (404 )
15-Feb-2019 15:13:38.765 SEVERE [http-nio-80-exec-24] org.baraza.utils.BWebdav.<init> File list error : com.github.sardine.impl.SardineException: Unexpected response (404 )
15-Feb-2019 15:14:35.916 SEVERE [http-nio-80-exec-26] org.baraza.utils.BWebdav.<init> File list error : com.github.sardine.impl.SardineException: Unexpected response (404 )
15-Feb-2019 15:14:41.211 SEVERE [http-nio-80-exec-28] org.baraza.utils.BWebdav.<init> File list error : com.github.sardine.impl.SardineException: Unexpected response (404 )
15-Feb-2019 15:14:46.067 SEVERE [http-nio-80-exec-20] org.baraza.utils.BWebdav.<init> File list error : com.github.sardine.impl.SardineException: Unexpected response (404 )
15-Feb-2019 15:15:09.322 SEVERE [http-nio-80-exec-23] org.baraza.utils.BWebdav.<init> File list error : com.github.sardine.impl.SardineException: Unexpected response (404 )
15-Feb-2019 15:15:17.523 SEVERE [http-nio-80-exec-28] org.baraza.utils.BWebdav.<init> File list error : com.github.sardine.impl.SardineException: Unexpected response (404 )
15-Feb-2019 15:15:26.707 SEVERE [http-nio-80-exec-21] org.baraza.utils.BWebdav.<init> File list error : com.github.sardine.impl.SardineException: Unexpected response (404 )
15-Feb-2019 15:15:36.059 SEVERE [http-nio-80-exec-24] org.baraza.utils.BWebdav.<init> File list error : com.github.sardine.impl.SardineException: Unexpected response (404 )
15-Feb-2019 15:15:43.838 SEVERE [http-nio-80-exec-22] org.baraza.utils.BWebdav.<init> File list error : com.github.sardine.impl.SardineException: Unexpected response (404 )
15-Feb-2019 15:15:49.288 SEVERE [http-nio-80-exec-20] org.baraza.utils.BWebdav.<init> File list error : com.github.sardine.impl.SardineException: Unexpected response (404 )
15-Feb-2019 15:15:57.697 SEVERE [http-nio-80-exec-23] org.baraza.utils.BWebdav.<init> File list error : com.github.sardine.impl.SardineException: Unexpected response (404 )
15-Feb-2019 15:16:01.489 SEVERE [http-nio-80-exec-21] org.baraza.utils.BWebdav.<init> File list error : com.github.sardine.impl.SardineException: Unexpected response (404 )
15-Feb-2019 15:18:30.874 SEVERE [http-nio-80-exec-23] org.baraza.utils.BWebdav.<init> File list error : com.github.sardine.impl.SardineException: Unexpected response (404 )
15-Feb-2019 15:18:35.941 SEVERE [http-nio-80-exec-27] org.baraza.utils.BWebdav.<init> File list error : com.github.sardine.impl.SardineException: Unexpected response (404 )
15-Feb-2019 15:19:26.986 SEVERE [http-nio-80-exec-23] org.baraza.utils.BWebdav.<init> File list error : com.github.sardine.impl.SardineException: Unexpected response (404 )
15-Feb-2019 15:19:33.895 SEVERE [http-nio-80-exec-24] org.baraza.utils.BWebdav.<init> File list error : com.github.sardine.impl.SardineException: Unexpected response (404 )
15-Feb-2019 15:19:48.228 SEVERE [http-nio-80-exec-28] org.baraza.utils.BWebdav.<init> File list error : com.github.sardine.impl.SardineException: Unexpected response (404 )
15-Feb-2019 15:19:53.249 SEVERE [http-nio-80-exec-26] org.baraza.utils.BWebdav.<init> File list error : com.github.sardine.impl.SardineException: Unexpected response (404 )
15-Feb-2019 15:19:56.922 SEVERE [http-nio-80-exec-22] org.baraza.utils.BWebdav.<init> File list error : com.github.sardine.impl.SardineException: Unexpected response (404 )
15-Feb-2019 15:20:08.286 SEVERE [http-nio-80-exec-20] org.baraza.utils.BWebdav.<init> File list error : com.github.sardine.impl.SardineException: Unexpected response (404 )
15-Feb-2019 15:20:13.320 SEVERE [http-nio-80-exec-25] org.baraza.utils.BWebdav.<init> File list error : com.github.sardine.impl.SardineException: Unexpected response (404 )
15-Feb-2019 15:20:38.233 SEVERE [http-nio-80-exec-27] org.baraza.utils.BWebdav.<init> File list error : com.github.sardine.impl.SardineException: Unexpected response (404 )
15-Feb-2019 15:22:34.510 SEVERE [http-nio-80-exec-22] org.baraza.utils.BWebdav.<init> File list error : com.github.sardine.impl.SardineException: Unexpected response (404 )
15-Feb-2019 15:22:40.214 SEVERE [http-nio-80-exec-23] org.baraza.utils.BWebdav.<init> File list error : com.github.sardine.impl.SardineException: Unexpected response (404 )
15-Feb-2019 15:22:46.463 SEVERE [http-nio-80-exec-19] org.baraza.utils.BWebdav.<init> File list error : com.github.sardine.impl.SardineException: Unexpected response (404 )
15-Feb-2019 15:24:41.961 INFO [http-nio-80-exec-19] org.baraza.web.BWeb.setOperations SELECT application_finance_approval('28', '0', '') 
15-Feb-2019 15:24:47.308 INFO [http-nio-80-exec-23] org.baraza.web.BWeb.setOperations SELECT application_finance_approval('26', '0', '') 
15-Feb-2019 15:28:59.139 INFO [http-nio-80-exec-20] org.baraza.web.BWeb.setOperations SELECT application_finance_approval('27', '0', '') 
15-Feb-2019 16:16:04.964 SEVERE [http-nio-80-exec-28] org.baraza.utils.BWebdav.<init> File list error : com.github.sardine.impl.SardineException: Unexpected response (404 )
15-Feb-2019 16:16:53.384 INFO [http-nio-80-exec-22] org.baraza.web.BWeb.setOperations SELECT application_finance_approval('29', '0', '') 
15-Feb-2019 16:24:19.564 SEVERE [http-nio-80-exec-20] org.baraza.utils.BWebdav.<init> File list error : com.github.sardine.impl.SardineException: Unexpected response (404 )
15-Feb-2019 16:24:24.721 SEVERE [http-nio-80-exec-25] org.baraza.utils.BWebdav.<init> File list error : com.github.sardine.impl.SardineException: Unexpected response (404 )
15-Feb-2019 16:24:28.679 SEVERE [http-nio-80-exec-19] org.baraza.utils.BWebdav.<init> File list error : com.github.sardine.impl.SardineException: Unexpected response (404 )
15-Feb-2019 16:24:34.993 SEVERE [http-nio-80-exec-20] org.baraza.utils.BWebdav.<init> File list error : com.github.sardine.impl.SardineException: Unexpected response (404 )
15-Feb-2019 16:24:38.833 SEVERE [http-nio-80-exec-25] org.baraza.utils.BWebdav.<init> File list error : com.github.sardine.impl.SardineException: Unexpected response (404 )
15-Feb-2019 16:29:24.267 SEVERE [http-nio-80-exec-25] org.baraza.utils.BWebdav.<init> File list error : com.github.sardine.impl.SardineException: Unexpected response (404 )
15-Feb-2019 16:37:35.526 INFO [http-nio-80-exec-27] org.apache.tomcat.util.http.Parameters.processParameters Invalid chunk starting at byte [20] and ending at byte [34] with a value of [=1550225895330] ignored
 Note: further occurrences of Parameter errors will be logged at DEBUG level.
15-Feb-2019 16:43:31.243 SEVERE [http-nio-80-exec-27] org.baraza.utils.BWebdav.<init> File list error : com.github.sardine.impl.SardineException: Unexpected response (404 )
15-Feb-2019 17:06:09.484 SEVERE [http-nio-80-exec-27] org.baraza.utils.BWebdav.<init> File list error : com.github.sardine.impl.SardineException: Unexpected response (404 )
15-Feb-2019 17:07:17.500 INFO [http-nio-80-exec-28] org.baraza.web.BWeb.setOperations SELECT application_finance_approval('31', '0', '') 
15-Feb-2019 17:18:00.253 INFO [http-nio-80-exec-27] org.baraza.web.BWeb.setOperations SELECT ins_new_student('15', '0', '1') 
15-Feb-2019 17:20:15.852 SEVERE [http-nio-80-exec-21] org.baraza.utils.BWebdav.<init> File list error : com.github.sardine.impl.SardineException: Unexpected response (404 )
15-Feb-2019 17:20:19.175 SEVERE [http-nio-80-exec-22] org.baraza.utils.BWebdav.<init> File list error : com.github.sardine.impl.SardineException: Unexpected response (404 )
15-Feb-2019 17:20:47.570 SEVERE [http-nio-80-exec-23] org.baraza.utils.BWebdav.<init> File list error : com.github.sardine.impl.SardineException: Unexpected response (404 )
15-Feb-2019 17:41:00.143 SEVERE [http-nio-80-exec-24] org.baraza.utils.BWebdav.<init> File list error : com.github.sardine.impl.SardineException: Unexpected response (404 )
15-Feb-2019 17:41:16.161 SEVERE [http-nio-80-exec-27] org.baraza.utils.BWebdav.<init> File list error : com.github.sardine.impl.SardineException: Unexpected response (404 )
15-Feb-2019 17:41:19.820 SEVERE [http-nio-80-exec-26] org.baraza.utils.BWebdav.<init> File list error : com.github.sardine.impl.SardineException: Unexpected response (404 )
15-Feb-2019 19:26:44.773 INFO [http-nio-80-exec-26] org.baraza.web.BWeb.setOperations SELECT application_finance_approval('30', '0', '') 
15-Feb-2019 20:09:34.363 INFO [http-nio-80-exec-23] org.baraza.web.BWeb.setOperations SELECT approve_course('1', '0', 'MSC 2019') 
15-Feb-2019 20:09:34.379 INFO [http-nio-80-exec-23] org.baraza.web.BWeb.setOperations SELECT approve_course('2', '0', 'MSC 2019') 
