10-Jul-2019 09:33:28.966 INFO [localhost-startStop-1] org.apache.catalina.core.ApplicationContext.log ContextListener: contextInitialized()
10-Jul-2019 09:33:28.966 INFO [localhost-startStop-1] org.apache.catalina.core.ApplicationContext.log SessionListener: contextInitialized()
10-Jul-2019 09:33:28.967 INFO [localhost-startStop-1] org.apache.catalina.core.ApplicationContext.log ContextListener: attributeAdded('StockTicker', 'async.Stockticker@20afb6cd')
10-Jul-2019 09:33:47.033 INFO [localhost-startStop-1] org.apache.catalina.core.ApplicationContext.log Marking servlet [myFedhaClient] as unavailable
10-Jul-2019 09:33:47.034 SEVERE [localhost-startStop-1] org.apache.catalina.core.StandardContext.loadOnStartup Servlet [myFedhaClient] in web application [/college] threw load() exception
 java.lang.ClassNotFoundException: com.dewcis.myfedha.myFedhaClient
	at org.apache.catalina.loader.WebappClassLoaderBase.loadClass(WebappClassLoaderBase.java:1344)
	at org.apache.catalina.loader.WebappClassLoaderBase.loadClass(WebappClassLoaderBase.java:1172)
	at org.apache.catalina.core.DefaultInstanceManager.loadClass(DefaultInstanceManager.java:546)
	at org.apache.catalina.core.DefaultInstanceManager.loadClassMaybePrivileged(DefaultInstanceManager.java:527)
	at org.apache.catalina.core.DefaultInstanceManager.newInstance(DefaultInstanceManager.java:150)
	at org.apache.catalina.core.StandardWrapper.loadServlet(StandardWrapper.java:1044)
	at org.apache.catalina.core.StandardWrapper.load(StandardWrapper.java:983)
	at org.apache.catalina.core.StandardContext.loadOnStartup(StandardContext.java:4998)
	at org.apache.catalina.core.StandardContext.startInternal(StandardContext.java:5312)
	at org.apache.catalina.util.LifecycleBase.start(LifecycleBase.java:150)
	at org.apache.catalina.core.ContainerBase.addChildInternal(ContainerBase.java:754)
	at org.apache.catalina.core.ContainerBase.addChild(ContainerBase.java:730)
	at org.apache.catalina.core.StandardHost.addChild(StandardHost.java:734)
	at org.apache.catalina.startup.HostConfig.deployDirectory(HostConfig.java:1140)
	at org.apache.catalina.startup.HostConfig$DeployDirectory.run(HostConfig.java:1875)
	at java.util.concurrent.Executors$RunnableAdapter.call(Executors.java:511)
	at java.util.concurrent.FutureTask.run(FutureTask.java:266)
	at java.util.concurrent.ThreadPoolExecutor.runWorker(ThreadPoolExecutor.java:1149)
	at java.util.concurrent.ThreadPoolExecutor$Worker.run(ThreadPoolExecutor.java:624)
	at java.lang.Thread.run(Thread.java:748)

10-Jul-2019 10:18:43.232 INFO [localhost-startStop-1] org.apache.catalina.core.ApplicationContext.log ContextListener: contextInitialized()
10-Jul-2019 10:18:43.232 INFO [localhost-startStop-1] org.apache.catalina.core.ApplicationContext.log SessionListener: contextInitialized()
10-Jul-2019 10:18:43.234 INFO [localhost-startStop-1] org.apache.catalina.core.ApplicationContext.log ContextListener: attributeAdded('StockTicker', 'async.Stockticker@31e23bef')
10-Jul-2019 10:20:40.893 INFO [localhost-startStop-1] org.apache.catalina.core.ApplicationContext.log Marking servlet [myFedhaClient] as unavailable
10-Jul-2019 10:20:40.893 SEVERE [localhost-startStop-1] org.apache.catalina.core.StandardContext.loadOnStartup Servlet [myFedhaClient] in web application [/college] threw load() exception
 java.lang.ClassNotFoundException: com.dewcis.myfedha.myFedhaClient
	at org.apache.catalina.loader.WebappClassLoaderBase.loadClass(WebappClassLoaderBase.java:1344)
	at org.apache.catalina.loader.WebappClassLoaderBase.loadClass(WebappClassLoaderBase.java:1172)
	at org.apache.catalina.core.DefaultInstanceManager.loadClass(DefaultInstanceManager.java:546)
	at org.apache.catalina.core.DefaultInstanceManager.loadClassMaybePrivileged(DefaultInstanceManager.java:527)
	at org.apache.catalina.core.DefaultInstanceManager.newInstance(DefaultInstanceManager.java:150)
	at org.apache.catalina.core.StandardWrapper.loadServlet(StandardWrapper.java:1044)
	at org.apache.catalina.core.StandardWrapper.load(StandardWrapper.java:983)
	at org.apache.catalina.core.StandardContext.loadOnStartup(StandardContext.java:4998)
	at org.apache.catalina.core.StandardContext.startInternal(StandardContext.java:5312)
	at org.apache.catalina.util.LifecycleBase.start(LifecycleBase.java:150)
	at org.apache.catalina.core.ContainerBase.addChildInternal(ContainerBase.java:754)
	at org.apache.catalina.core.ContainerBase.addChild(ContainerBase.java:730)
	at org.apache.catalina.core.StandardHost.addChild(StandardHost.java:734)
	at org.apache.catalina.startup.HostConfig.deployDirectory(HostConfig.java:1140)
	at org.apache.catalina.startup.HostConfig$DeployDirectory.run(HostConfig.java:1875)
	at java.util.concurrent.Executors$RunnableAdapter.call(Executors.java:511)
	at java.util.concurrent.FutureTask.run(FutureTask.java:266)
	at java.util.concurrent.ThreadPoolExecutor.runWorker(ThreadPoolExecutor.java:1149)
	at java.util.concurrent.ThreadPoolExecutor$Worker.run(ThreadPoolExecutor.java:624)
	at java.lang.Thread.run(Thread.java:748)

10-Jul-2019 10:21:52.117 SEVERE [http-nio-8080-exec-3] org.apache.catalina.core.StandardWrapperValve.invoke Servlet.service() for servlet [jsp] in context with path [/aua] threw exception [Unable to compile class for JSP: 

An error occurred at line: [7] in the jsp file: [/index.jsp]
q cannot be resolved to a type
4: <%
5: 	session.setAttribute("xmlcnf", "");
6: 	session.invalidate();
7: q
8: 	String formSelect = "";
9: 	String appStatus = "not";
10: 	String resultDiv = request.getParameter("process");


An error occurred at line: [8] in the jsp file: [/index.jsp]
Syntax error, insert ";" to complete LocalVariableDeclarationStatement
5: 	session.setAttribute("xmlcnf", "");
6: 	session.invalidate();
7: q
8: 	String formSelect = "";
9: 	String appStatus = "not";
10: 	String resultDiv = request.getParameter("process");
11: 	System.out.println("resultDiv is" +resultDiv);


An error occurred at line: [8] in the jsp file: [/index.jsp]
formSelect cannot be resolved to a variable
5: 	session.setAttribute("xmlcnf", "");
6: 	session.invalidate();
7: q
8: 	String formSelect = "";
9: 	String appStatus = "not";
10: 	String resultDiv = request.getParameter("process");
11: 	System.out.println("resultDiv is" +resultDiv);


Stacktrace:] with root cause
 org.apache.jasper.JasperException: Unable to compile class for JSP: 

An error occurred at line: [7] in the jsp file: [/index.jsp]
q cannot be resolved to a type
4: <%
5: 	session.setAttribute("xmlcnf", "");
6: 	session.invalidate();
7: q
8: 	String formSelect = "";
9: 	String appStatus = "not";
10: 	String resultDiv = request.getParameter("process");


An error occurred at line: [8] in the jsp file: [/index.jsp]
Syntax error, insert ";" to complete LocalVariableDeclarationStatement
5: 	session.setAttribute("xmlcnf", "");
6: 	session.invalidate();
7: q
8: 	String formSelect = "";
9: 	String appStatus = "not";
10: 	String resultDiv = request.getParameter("process");
11: 	System.out.println("resultDiv is" +resultDiv);


An error occurred at line: [8] in the jsp file: [/index.jsp]
formSelect cannot be resolved to a variable
5: 	session.setAttribute("xmlcnf", "");
6: 	session.invalidate();
7: q
8: 	String formSelect = "";
9: 	String appStatus = "not";
10: 	String resultDiv = request.getParameter("process");
11: 	System.out.println("resultDiv is" +resultDiv);


Stacktrace:
	at org.apache.jasper.compiler.DefaultErrorHandler.javacError(DefaultErrorHandler.java:102)
	at org.apache.jasper.compiler.ErrorDispatcher.javacError(ErrorDispatcher.java:212)
	at org.apache.jasper.compiler.JDTCompiler.generateClass(JDTCompiler.java:495)
	at org.apache.jasper.compiler.Compiler.compile(Compiler.java:378)
	at org.apache.jasper.compiler.Compiler.compile(Compiler.java:350)
	at org.apache.jasper.compiler.Compiler.compile(Compiler.java:334)
	at org.apache.jasper.JspCompilationContext.compile(JspCompilationContext.java:595)
	at org.apache.jasper.servlet.JspServletWrapper.service(JspServletWrapper.java:399)
	at org.apache.jasper.servlet.JspServlet.serviceJspFile(JspServlet.java:386)
	at org.apache.jasper.servlet.JspServlet.service(JspServlet.java:330)
	at javax.servlet.http.HttpServlet.service(HttpServlet.java:742)
	at org.apache.catalina.core.ApplicationFilterChain.internalDoFilter(ApplicationFilterChain.java:231)
	at org.apache.catalina.core.ApplicationFilterChain.doFilter(ApplicationFilterChain.java:166)
	at org.apache.tomcat.websocket.server.WsFilter.doFilter(WsFilter.java:52)
	at org.apache.catalina.core.ApplicationFilterChain.internalDoFilter(ApplicationFilterChain.java:193)
	at org.apache.catalina.core.ApplicationFilterChain.doFilter(ApplicationFilterChain.java:166)
	at org.apache.catalina.core.StandardWrapperValve.invoke(StandardWrapperValve.java:198)
	at org.apache.catalina.core.StandardContextValve.invoke(StandardContextValve.java:96)
	at org.apache.catalina.authenticator.AuthenticatorBase.invoke(AuthenticatorBase.java:493)
	at org.apache.catalina.core.StandardHostValve.invoke(StandardHostValve.java:140)
	at org.apache.catalina.valves.ErrorReportValve.invoke(ErrorReportValve.java:81)
	at org.apache.catalina.valves.AbstractAccessLogValve.invoke(AbstractAccessLogValve.java:650)
	at org.apache.catalina.core.StandardEngineValve.invoke(StandardEngineValve.java:87)
	at org.apache.catalina.connector.CoyoteAdapter.service(CoyoteAdapter.java:342)
	at org.apache.coyote.http11.Http11Processor.service(Http11Processor.java:800)
	at org.apache.coyote.AbstractProcessorLight.process(AbstractProcessorLight.java:66)
	at org.apache.coyote.AbstractProtocol$ConnectionHandler.process(AbstractProtocol.java:806)
	at org.apache.tomcat.util.net.NioEndpoint$SocketProcessor.doRun(NioEndpoint.java:1498)
	at org.apache.tomcat.util.net.SocketProcessorBase.run(SocketProcessorBase.java:49)
	at java.util.concurrent.ThreadPoolExecutor.runWorker(ThreadPoolExecutor.java:1149)
	at java.util.concurrent.ThreadPoolExecutor$Worker.run(ThreadPoolExecutor.java:624)
	at org.apache.tomcat.util.threads.TaskThread$WrappingRunnable.run(TaskThread.java:61)
	at java.lang.Thread.run(Thread.java:748)

10-Jul-2019 10:22:12.281 SEVERE [http-nio-8080-exec-7] org.apache.catalina.core.StandardWrapperValve.invoke Servlet.service() for servlet [jsp] in context with path [/aua] threw exception [Unable to compile class for JSP: 

An error occurred at line: [7] in the jsp file: [/index.jsp]
q cannot be resolved to a type
4: <%
5: 	session.setAttribute("xmlcnf", "");
6: 	session.invalidate();
7: q
8: 	String formSelect = "";
9: 	String appStatus = "not";
10: 	String resultDiv = request.getParameter("process");


An error occurred at line: [8] in the jsp file: [/index.jsp]
Syntax error, insert ";" to complete LocalVariableDeclarationStatement
5: 	session.setAttribute("xmlcnf", "");
6: 	session.invalidate();
7: q
8: 	String formSelect = "";
9: 	String appStatus = "not";
10: 	String resultDiv = request.getParameter("process");
11: 	System.out.println("resultDiv is" +resultDiv);


An error occurred at line: [8] in the jsp file: [/index.jsp]
formSelect cannot be resolved to a variable
5: 	session.setAttribute("xmlcnf", "");
6: 	session.invalidate();
7: q
8: 	String formSelect = "";
9: 	String appStatus = "not";
10: 	String resultDiv = request.getParameter("process");
11: 	System.out.println("resultDiv is" +resultDiv);


Stacktrace:] with root cause
 org.apache.jasper.JasperException: Unable to compile class for JSP: 

An error occurred at line: [7] in the jsp file: [/index.jsp]
q cannot be resolved to a type
4: <%
5: 	session.setAttribute("xmlcnf", "");
6: 	session.invalidate();
7: q
8: 	String formSelect = "";
9: 	String appStatus = "not";
10: 	String resultDiv = request.getParameter("process");


An error occurred at line: [8] in the jsp file: [/index.jsp]
Syntax error, insert ";" to complete LocalVariableDeclarationStatement
5: 	session.setAttribute("xmlcnf", "");
6: 	session.invalidate();
7: q
8: 	String formSelect = "";
9: 	String appStatus = "not";
10: 	String resultDiv = request.getParameter("process");
11: 	System.out.println("resultDiv is" +resultDiv);


An error occurred at line: [8] in the jsp file: [/index.jsp]
formSelect cannot be resolved to a variable
5: 	session.setAttribute("xmlcnf", "");
6: 	session.invalidate();
7: q
8: 	String formSelect = "";
9: 	String appStatus = "not";
10: 	String resultDiv = request.getParameter("process");
11: 	System.out.println("resultDiv is" +resultDiv);


Stacktrace:
	at org.apache.jasper.compiler.DefaultErrorHandler.javacError(DefaultErrorHandler.java:102)
	at org.apache.jasper.compiler.ErrorDispatcher.javacError(ErrorDispatcher.java:212)
	at org.apache.jasper.compiler.JDTCompiler.generateClass(JDTCompiler.java:495)
	at org.apache.jasper.compiler.Compiler.compile(Compiler.java:378)
	at org.apache.jasper.compiler.Compiler.compile(Compiler.java:350)
	at org.apache.jasper.compiler.Compiler.compile(Compiler.java:334)
	at org.apache.jasper.JspCompilationContext.compile(JspCompilationContext.java:595)
	at org.apache.jasper.servlet.JspServletWrapper.service(JspServletWrapper.java:399)
	at org.apache.jasper.servlet.JspServlet.serviceJspFile(JspServlet.java:386)
	at org.apache.jasper.servlet.JspServlet.service(JspServlet.java:330)
	at javax.servlet.http.HttpServlet.service(HttpServlet.java:742)
	at org.apache.catalina.core.ApplicationFilterChain.internalDoFilter(ApplicationFilterChain.java:231)
	at org.apache.catalina.core.ApplicationFilterChain.doFilter(ApplicationFilterChain.java:166)
	at org.apache.tomcat.websocket.server.WsFilter.doFilter(WsFilter.java:52)
	at org.apache.catalina.core.ApplicationFilterChain.internalDoFilter(ApplicationFilterChain.java:193)
	at org.apache.catalina.core.ApplicationFilterChain.doFilter(ApplicationFilterChain.java:166)
	at org.apache.catalina.core.StandardWrapperValve.invoke(StandardWrapperValve.java:198)
	at org.apache.catalina.core.StandardContextValve.invoke(StandardContextValve.java:96)
	at org.apache.catalina.authenticator.AuthenticatorBase.invoke(AuthenticatorBase.java:493)
	at org.apache.catalina.core.StandardHostValve.invoke(StandardHostValve.java:140)
	at org.apache.catalina.valves.ErrorReportValve.invoke(ErrorReportValve.java:81)
	at org.apache.catalina.valves.AbstractAccessLogValve.invoke(AbstractAccessLogValve.java:650)
	at org.apache.catalina.core.StandardEngineValve.invoke(StandardEngineValve.java:87)
	at org.apache.catalina.connector.CoyoteAdapter.service(CoyoteAdapter.java:342)
	at org.apache.coyote.http11.Http11Processor.service(Http11Processor.java:800)
	at org.apache.coyote.AbstractProcessorLight.process(AbstractProcessorLight.java:66)
	at org.apache.coyote.AbstractProtocol$ConnectionHandler.process(AbstractProtocol.java:806)
	at org.apache.tomcat.util.net.NioEndpoint$SocketProcessor.doRun(NioEndpoint.java:1498)
	at org.apache.tomcat.util.net.SocketProcessorBase.run(SocketProcessorBase.java:49)
	at java.util.concurrent.ThreadPoolExecutor.runWorker(ThreadPoolExecutor.java:1149)
	at java.util.concurrent.ThreadPoolExecutor$Worker.run(ThreadPoolExecutor.java:624)
	at org.apache.tomcat.util.threads.TaskThread$WrappingRunnable.run(TaskThread.java:61)
	at java.lang.Thread.run(Thread.java:748)

10-Jul-2019 12:58:24.801 INFO [localhost-startStop-2] org.apache.catalina.core.ApplicationContext.log SessionListener: contextDestroyed()
10-Jul-2019 12:58:24.808 INFO [localhost-startStop-2] org.apache.catalina.core.ApplicationContext.log ContextListener: contextDestroyed()
10-Jul-2019 13:45:49.634 INFO [localhost-startStop-1] org.apache.catalina.core.ApplicationContext.log ContextListener: contextInitialized()
10-Jul-2019 13:45:49.634 INFO [localhost-startStop-1] org.apache.catalina.core.ApplicationContext.log SessionListener: contextInitialized()
10-Jul-2019 13:45:49.636 INFO [localhost-startStop-1] org.apache.catalina.core.ApplicationContext.log ContextListener: attributeAdded('StockTicker', 'async.Stockticker@4fb5bbf4')
10-Jul-2019 13:46:12.765 INFO [localhost-startStop-1] org.apache.catalina.core.ApplicationContext.log Marking servlet [myFedhaClient] as unavailable
10-Jul-2019 13:46:12.765 SEVERE [localhost-startStop-1] org.apache.catalina.core.StandardContext.loadOnStartup Servlet [myFedhaClient] in web application [/college] threw load() exception
 java.lang.ClassNotFoundException: com.dewcis.myfedha.myFedhaClient
	at org.apache.catalina.loader.WebappClassLoaderBase.loadClass(WebappClassLoaderBase.java:1344)
	at org.apache.catalina.loader.WebappClassLoaderBase.loadClass(WebappClassLoaderBase.java:1172)
	at org.apache.catalina.core.DefaultInstanceManager.loadClass(DefaultInstanceManager.java:546)
	at org.apache.catalina.core.DefaultInstanceManager.loadClassMaybePrivileged(DefaultInstanceManager.java:527)
	at org.apache.catalina.core.DefaultInstanceManager.newInstance(DefaultInstanceManager.java:150)
	at org.apache.catalina.core.StandardWrapper.loadServlet(StandardWrapper.java:1044)
	at org.apache.catalina.core.StandardWrapper.load(StandardWrapper.java:983)
	at org.apache.catalina.core.StandardContext.loadOnStartup(StandardContext.java:4998)
	at org.apache.catalina.core.StandardContext.startInternal(StandardContext.java:5312)
	at org.apache.catalina.util.LifecycleBase.start(LifecycleBase.java:150)
	at org.apache.catalina.core.ContainerBase.addChildInternal(ContainerBase.java:754)
	at org.apache.catalina.core.ContainerBase.addChild(ContainerBase.java:730)
	at org.apache.catalina.core.StandardHost.addChild(StandardHost.java:734)
	at org.apache.catalina.startup.HostConfig.deployDirectory(HostConfig.java:1140)
	at org.apache.catalina.startup.HostConfig$DeployDirectory.run(HostConfig.java:1875)
	at java.util.concurrent.Executors$RunnableAdapter.call(Executors.java:511)
	at java.util.concurrent.FutureTask.run(FutureTask.java:266)
	at java.util.concurrent.ThreadPoolExecutor.runWorker(ThreadPoolExecutor.java:1149)
	at java.util.concurrent.ThreadPoolExecutor$Worker.run(ThreadPoolExecutor.java:624)
	at java.lang.Thread.run(Thread.java:748)

10-Jul-2019 14:34:40.173 SEVERE [http-nio-8080-exec-35] org.apache.catalina.core.ApplicationDispatcher.invoke Servlet.service() for servlet [jsp] threw exception
 org.apache.jasper.JasperException: Unable to compile class for JSP: 

An error occurred at line: [285] in the jsp file: [/index.jsp]
Syntax error, insert ")" to complete MethodInvocation
282:             <div class="box_style_1" style="box-shadow: 0 3px 0 0 #ffffff;">
283:                 <div class="indent_title_in">
284:                     <i class="pe-7s-mail-open-file"></i>
285:                     <h3><%= ${errorMessage} %></h3>
286:                     <p>
287:                         Online Application
288:                     </p>


An error occurred at line: [285] in the jsp file: [/index.jsp]
Syntax error, insert ";" to complete Statement
282:             <div class="box_style_1" style="box-shadow: 0 3px 0 0 #ffffff;">
283:                 <div class="indent_title_in">
284:                     <i class="pe-7s-mail-open-file"></i>
285:                     <h3><%= ${errorMessage} %></h3>
286:                     <p>
287:                         Online Application
288:                     </p>


An error occurred at line: [285] in the jsp file: [/index.jsp]
$ cannot be resolved to a variable
282:             <div class="box_style_1" style="box-shadow: 0 3px 0 0 #ffffff;">
283:                 <div class="indent_title_in">
284:                     <i class="pe-7s-mail-open-file"></i>
285:                     <h3><%= ${errorMessage} %></h3>
286:                     <p>
287:                         Online Application
288:                     </p>


An error occurred at line: [285] in the jsp file: [/index.jsp]
The method errorMessage() is undefined for the type index_jsp
282:             <div class="box_style_1" style="box-shadow: 0 3px 0 0 #ffffff;">
283:                 <div class="indent_title_in">
284:                     <i class="pe-7s-mail-open-file"></i>
285:                     <h3><%= ${errorMessage} %></h3>
286:                     <p>
287:                         Online Application
288:                     </p>


An error occurred at line: [285] in the jsp file: [/index.jsp]
Syntax error on token "}", ( expected
282:             <div class="box_style_1" style="box-shadow: 0 3px 0 0 #ffffff;">
283:                 <div class="indent_title_in">
284:                     <i class="pe-7s-mail-open-file"></i>
285:                     <h3><%= ${errorMessage} %></h3>
286:                     <p>
287:                         Online Application
288:                     </p>


An error occurred at line: [849] in the generated java file: [/opt/projects/tomcat/work/Catalina/localhost/aua/org/apache/jsp/index_jsp.java]
Syntax error, insert "}" to complete Block

Stacktrace:
	at org.apache.jasper.compiler.DefaultErrorHandler.javacError(DefaultErrorHandler.java:102)
	at org.apache.jasper.compiler.ErrorDispatcher.javacError(ErrorDispatcher.java:212)
	at org.apache.jasper.compiler.JDTCompiler.generateClass(JDTCompiler.java:495)
	at org.apache.jasper.compiler.Compiler.compile(Compiler.java:378)
	at org.apache.jasper.compiler.Compiler.compile(Compiler.java:350)
	at org.apache.jasper.compiler.Compiler.compile(Compiler.java:334)
	at org.apache.jasper.JspCompilationContext.compile(JspCompilationContext.java:595)
	at org.apache.jasper.servlet.JspServletWrapper.service(JspServletWrapper.java:399)
	at org.apache.jasper.servlet.JspServlet.serviceJspFile(JspServlet.java:386)
	at org.apache.jasper.servlet.JspServlet.service(JspServlet.java:330)
	at javax.servlet.http.HttpServlet.service(HttpServlet.java:742)
	at org.apache.catalina.core.ApplicationFilterChain.internalDoFilter(ApplicationFilterChain.java:231)
	at org.apache.catalina.core.ApplicationFilterChain.doFilter(ApplicationFilterChain.java:166)
	at org.apache.tomcat.websocket.server.WsFilter.doFilter(WsFilter.java:52)
	at org.apache.catalina.core.ApplicationFilterChain.internalDoFilter(ApplicationFilterChain.java:193)
	at org.apache.catalina.core.ApplicationFilterChain.doFilter(ApplicationFilterChain.java:166)
	at org.apache.catalina.core.ApplicationDispatcher.invoke(ApplicationDispatcher.java:728)
	at org.apache.catalina.core.ApplicationDispatcher.processRequest(ApplicationDispatcher.java:470)
	at org.apache.catalina.core.ApplicationDispatcher.doForward(ApplicationDispatcher.java:395)
	at org.apache.catalina.core.ApplicationDispatcher.forward(ApplicationDispatcher.java:316)
	at com.dewcis.Application.doPost(Application.java:49)
	at javax.servlet.http.HttpServlet.service(HttpServlet.java:661)
	at javax.servlet.http.HttpServlet.service(HttpServlet.java:742)
	at org.apache.catalina.core.ApplicationFilterChain.internalDoFilter(ApplicationFilterChain.java:231)
	at org.apache.catalina.core.ApplicationFilterChain.doFilter(ApplicationFilterChain.java:166)
	at org.apache.tomcat.websocket.server.WsFilter.doFilter(WsFilter.java:52)
	at org.apache.catalina.core.ApplicationFilterChain.internalDoFilter(ApplicationFilterChain.java:193)
	at org.apache.catalina.core.ApplicationFilterChain.doFilter(ApplicationFilterChain.java:166)
	at org.apache.catalina.core.StandardWrapperValve.invoke(StandardWrapperValve.java:198)
	at org.apache.catalina.core.StandardContextValve.invoke(StandardContextValve.java:96)
	at org.apache.catalina.authenticator.AuthenticatorBase.invoke(AuthenticatorBase.java:493)
	at org.apache.catalina.core.StandardHostValve.invoke(StandardHostValve.java:140)
	at org.apache.catalina.valves.ErrorReportValve.invoke(ErrorReportValve.java:81)
	at org.apache.catalina.valves.AbstractAccessLogValve.invoke(AbstractAccessLogValve.java:650)
	at org.apache.catalina.core.StandardEngineValve.invoke(StandardEngineValve.java:87)
	at org.apache.catalina.connector.CoyoteAdapter.service(CoyoteAdapter.java:342)
	at org.apache.coyote.http11.Http11Processor.service(Http11Processor.java:800)
	at org.apache.coyote.AbstractProcessorLight.process(AbstractProcessorLight.java:66)
	at org.apache.coyote.AbstractProtocol$ConnectionHandler.process(AbstractProtocol.java:806)
	at org.apache.tomcat.util.net.NioEndpoint$SocketProcessor.doRun(NioEndpoint.java:1498)
	at org.apache.tomcat.util.net.SocketProcessorBase.run(SocketProcessorBase.java:49)
	at java.util.concurrent.ThreadPoolExecutor.runWorker(ThreadPoolExecutor.java:1149)
	at java.util.concurrent.ThreadPoolExecutor$Worker.run(ThreadPoolExecutor.java:624)
	at org.apache.tomcat.util.threads.TaskThread$WrappingRunnable.run(TaskThread.java:61)
	at java.lang.Thread.run(Thread.java:748)

10-Jul-2019 14:34:40.174 SEVERE [86] org.apache.catalina.core.StandardWrapperValve.invoke Servlet.service() for servlet [Application] in context with path [/aua] threw exception [Unable to compile class for JSP: 

An error occurred at line: [285] in the jsp file: [/index.jsp]
Syntax error, insert ")" to complete MethodInvocation
282:             <div class="box_style_1" style="box-shadow: 0 3px 0 0 #ffffff;">
283:                 <div class="indent_title_in">
284:                     <i class="pe-7s-mail-open-file"></i>
285:                     <h3><%= ${errorMessage} %></h3>
286:                     <p>
287:                         Online Application
288:                     </p>


An error occurred at line: [285] in the jsp file: [/index.jsp]
Syntax error, insert ";" to complete Statement
282:             <div class="box_style_1" style="box-shadow: 0 3px 0 0 #ffffff;">
283:                 <div class="indent_title_in">
284:                     <i class="pe-7s-mail-open-file"></i>
285:                     <h3><%= ${errorMessage} %></h3>
286:                     <p>
287:                         Online Application
288:                     </p>


An error occurred at line: [285] in the jsp file: [/index.jsp]
$ cannot be resolved to a variable
282:             <div class="box_style_1" style="box-shadow: 0 3px 0 0 #ffffff;">
283:                 <div class="indent_title_in">
284:                     <i class="pe-7s-mail-open-file"></i>
285:                     <h3><%= ${errorMessage} %></h3>
286:                     <p>
287:                         Online Application
288:                     </p>


An error occurred at line: [285] in the jsp file: [/index.jsp]
The method errorMessage() is undefined for the type index_jsp
282:             <div class="box_style_1" style="box-shadow: 0 3px 0 0 #ffffff;">
283:                 <div class="indent_title_in">
284:                     <i class="pe-7s-mail-open-file"></i>
285:                     <h3><%= ${errorMessage} %></h3>
286:                     <p>
287:                         Online Application
288:                     </p>


An error occurred at line: [285] in the jsp file: [/index.jsp]
Syntax error on token "}", ( expected
282:             <div class="box_style_1" style="box-shadow: 0 3px 0 0 #ffffff;">
283:                 <div class="indent_title_in">
284:                     <i class="pe-7s-mail-open-file"></i>
285:                     <h3><%= ${errorMessage} %></h3>
286:                     <p>
287:                         Online Application
288:                     </p>


An error occurred at line: [849] in the generated java file: [/opt/projects/tomcat/work/Catalina/localhost/aua/org/apache/jsp/index_jsp.java]
Syntax error, insert "}" to complete Block

Stacktrace:] with root cause
 org.apache.jasper.JasperException: Unable to compile class for JSP: 

An error occurred at line: [285] in the jsp file: [/index.jsp]
Syntax error, insert ")" to complete MethodInvocation
282:             <div class="box_style_1" style="box-shadow: 0 3px 0 0 #ffffff;">
283:                 <div class="indent_title_in">
284:                     <i class="pe-7s-mail-open-file"></i>
285:                     <h3><%= ${errorMessage} %></h3>
286:                     <p>
287:                         Online Application
288:                     </p>


An error occurred at line: [285] in the jsp file: [/index.jsp]
Syntax error, insert ";" to complete Statement
282:             <div class="box_style_1" style="box-shadow: 0 3px 0 0 #ffffff;">
283:                 <div class="indent_title_in">
284:                     <i class="pe-7s-mail-open-file"></i>
285:                     <h3><%= ${errorMessage} %></h3>
286:                     <p>
287:                         Online Application
288:                     </p>


An error occurred at line: [285] in the jsp file: [/index.jsp]
$ cannot be resolved to a variable
282:             <div class="box_style_1" style="box-shadow: 0 3px 0 0 #ffffff;">
283:                 <div class="indent_title_in">
284:                     <i class="pe-7s-mail-open-file"></i>
285:                     <h3><%= ${errorMessage} %></h3>
286:                     <p>
287:                         Online Application
288:                     </p>


An error occurred at line: [285] in the jsp file: [/index.jsp]
The method errorMessage() is undefined for the type index_jsp
282:             <div class="box_style_1" style="box-shadow: 0 3px 0 0 #ffffff;">
283:                 <div class="indent_title_in">
284:                     <i class="pe-7s-mail-open-file"></i>
285:                     <h3><%= ${errorMessage} %></h3>
286:                     <p>
287:                         Online Application
288:                     </p>


An error occurred at line: [285] in the jsp file: [/index.jsp]
Syntax error on token "}", ( expected
282:             <div class="box_style_1" style="box-shadow: 0 3px 0 0 #ffffff;">
283:                 <div class="indent_title_in">
284:                     <i class="pe-7s-mail-open-file"></i>
285:                     <h3><%= ${errorMessage} %></h3>
286:                     <p>
287:                         Online Application
288:                     </p>


An error occurred at line: [849] in the generated java file: [/opt/projects/tomcat/work/Catalina/localhost/aua/org/apache/jsp/index_jsp.java]
Syntax error, insert "}" to complete Block

Stacktrace:
	at org.apache.jasper.compiler.DefaultErrorHandler.javacError(DefaultErrorHandler.java:102)
	at org.apache.jasper.compiler.ErrorDispatcher.javacError(ErrorDispatcher.java:212)
	at org.apache.jasper.compiler.JDTCompiler.generateClass(JDTCompiler.java:495)
	at org.apache.jasper.compiler.Compiler.compile(Compiler.java:378)
	at org.apache.jasper.compiler.Compiler.compile(Compiler.java:350)
	at org.apache.jasper.compiler.Compiler.compile(Compiler.java:334)
	at org.apache.jasper.JspCompilationContext.compile(JspCompilationContext.java:595)
	at org.apache.jasper.servlet.JspServletWrapper.service(JspServletWrapper.java:399)
	at org.apache.jasper.servlet.JspServlet.serviceJspFile(JspServlet.java:386)
	at org.apache.jasper.servlet.JspServlet.service(JspServlet.java:330)
	at javax.servlet.http.HttpServlet.service(HttpServlet.java:742)
	at org.apache.catalina.core.ApplicationFilterChain.internalDoFilter(ApplicationFilterChain.java:231)
	at org.apache.catalina.core.ApplicationFilterChain.doFilter(ApplicationFilterChain.java:166)
	at org.apache.tomcat.websocket.server.WsFilter.doFilter(WsFilter.java:52)
	at org.apache.catalina.core.ApplicationFilterChain.internalDoFilter(ApplicationFilterChain.java:193)
	at org.apache.catalina.core.ApplicationFilterChain.doFilter(ApplicationFilterChain.java:166)
	at org.apache.catalina.core.ApplicationDispatcher.invoke(ApplicationDispatcher.java:728)
	at org.apache.catalina.core.ApplicationDispatcher.processRequest(ApplicationDispatcher.java:470)
	at org.apache.catalina.core.ApplicationDispatcher.doForward(ApplicationDispatcher.java:395)
	at org.apache.catalina.core.ApplicationDispatcher.forward(ApplicationDispatcher.java:316)
	at com.dewcis.Application.doPost(Application.java:49)
	at javax.servlet.http.HttpServlet.service(HttpServlet.java:661)
	at javax.servlet.http.HttpServlet.service(HttpServlet.java:742)
	at org.apache.catalina.core.ApplicationFilterChain.internalDoFilter(ApplicationFilterChain.java:231)
	at org.apache.catalina.core.ApplicationFilterChain.doFilter(ApplicationFilterChain.java:166)
	at org.apache.tomcat.websocket.server.WsFilter.doFilter(WsFilter.java:52)
	at org.apache.catalina.core.ApplicationFilterChain.internalDoFilter(ApplicationFilterChain.java:193)
	at org.apache.catalina.core.ApplicationFilterChain.doFilter(ApplicationFilterChain.java:166)
	at org.apache.catalina.core.StandardWrapperValve.invoke(StandardWrapperValve.java:198)
	at org.apache.catalina.core.StandardContextValve.invoke(StandardContextValve.java:96)
	at org.apache.catalina.authenticator.AuthenticatorBase.invoke(AuthenticatorBase.java:493)
	at org.apache.catalina.core.StandardHostValve.invoke(StandardHostValve.java:140)
	at org.apache.catalina.valves.ErrorReportValve.invoke(ErrorReportValve.java:81)
	at org.apache.catalina.valves.AbstractAccessLogValve.invoke(AbstractAccessLogValve.java:650)
	at org.apache.catalina.core.StandardEngineValve.invoke(StandardEngineValve.java:87)
	at org.apache.catalina.connector.CoyoteAdapter.service(CoyoteAdapter.java:342)
	at org.apache.coyote.http11.Http11Processor.service(Http11Processor.java:800)
	at org.apache.coyote.AbstractProcessorLight.process(AbstractProcessorLight.java:66)
	at org.apache.coyote.AbstractProtocol$ConnectionHandler.process(AbstractProtocol.java:806)
	at org.apache.tomcat.util.net.NioEndpoint$SocketProcessor.doRun(NioEndpoint.java:1498)
	at org.apache.tomcat.util.net.SocketProcessorBase.run(SocketProcessorBase.java:49)
	at java.util.concurrent.ThreadPoolExecutor.runWorker(ThreadPoolExecutor.java:1149)
	at java.util.concurrent.ThreadPoolExecutor$Worker.run(ThreadPoolExecutor.java:624)
	at org.apache.tomcat.util.threads.TaskThread$WrappingRunnable.run(TaskThread.java:61)
	at java.lang.Thread.run(Thread.java:748)

10-Jul-2019 15:28:30.456 SEVERE [http-nio-8080-exec-78] org.apache.catalina.core.StandardWrapperValve.invoke Servlet.service() for servlet [jsp] in context with path [/aua] threw exception [Unable to compile class for JSP: 

An error occurred at line: [845] in the generated java file: [/opt/projects/tomcat/work/Catalina/localhost/aua/org/apache/jsp/index_jsp.java]
Syntax error, insert "else Statement" to complete IfStatement

An error occurred at line: [845] in the generated java file: [/opt/projects/tomcat/work/Catalina/localhost/aua/org/apache/jsp/index_jsp.java]
Syntax error, insert "}" to complete Block

An error occurred at line: [862] in the generated java file: [/opt/projects/tomcat/work/Catalina/localhost/aua/org/apache/jsp/index_jsp.java]
Syntax error on token "}", delete this token

An error occurred at line: [863] in the generated java file: [/opt/projects/tomcat/work/Catalina/localhost/aua/org/apache/jsp/index_jsp.java]
Syntax error, insert "}" to complete ClassBody

Stacktrace:] with root cause
 org.apache.jasper.JasperException: Unable to compile class for JSP: 

An error occurred at line: [845] in the generated java file: [/opt/projects/tomcat/work/Catalina/localhost/aua/org/apache/jsp/index_jsp.java]
Syntax error, insert "else Statement" to complete IfStatement

An error occurred at line: [845] in the generated java file: [/opt/projects/tomcat/work/Catalina/localhost/aua/org/apache/jsp/index_jsp.java]
Syntax error, insert "}" to complete Block

An error occurred at line: [862] in the generated java file: [/opt/projects/tomcat/work/Catalina/localhost/aua/org/apache/jsp/index_jsp.java]
Syntax error on token "}", delete this token

An error occurred at line: [863] in the generated java file: [/opt/projects/tomcat/work/Catalina/localhost/aua/org/apache/jsp/index_jsp.java]
Syntax error, insert "}" to complete ClassBody

Stacktrace:
	at org.apache.jasper.compiler.DefaultErrorHandler.javacError(DefaultErrorHandler.java:102)
	at org.apache.jasper.compiler.ErrorDispatcher.javacError(ErrorDispatcher.java:212)
	at org.apache.jasper.compiler.JDTCompiler.generateClass(JDTCompiler.java:495)
	at org.apache.jasper.compiler.Compiler.compile(Compiler.java:378)
	at org.apache.jasper.compiler.Compiler.compile(Compiler.java:350)
	at org.apache.jasper.compiler.Compiler.compile(Compiler.java:334)
	at org.apache.jasper.JspCompilationContext.compile(JspCompilationContext.java:595)
	at org.apache.jasper.servlet.JspServletWrapper.service(JspServletWrapper.java:399)
	at org.apache.jasper.servlet.JspServlet.serviceJspFile(JspServlet.java:386)
	at org.apache.jasper.servlet.JspServlet.service(JspServlet.java:330)
	at javax.servlet.http.HttpServlet.service(HttpServlet.java:742)
	at org.apache.catalina.core.ApplicationFilterChain.internalDoFilter(ApplicationFilterChain.java:231)
	at org.apache.catalina.core.ApplicationFilterChain.doFilter(ApplicationFilterChain.java:166)
	at org.apache.tomcat.websocket.server.WsFilter.doFilter(WsFilter.java:52)
	at org.apache.catalina.core.ApplicationFilterChain.internalDoFilter(ApplicationFilterChain.java:193)
	at org.apache.catalina.core.ApplicationFilterChain.doFilter(ApplicationFilterChain.java:166)
	at org.apache.catalina.core.StandardWrapperValve.invoke(StandardWrapperValve.java:198)
	at org.apache.catalina.core.StandardContextValve.invoke(StandardContextValve.java:96)
	at org.apache.catalina.authenticator.AuthenticatorBase.invoke(AuthenticatorBase.java:493)
	at org.apache.catalina.core.StandardHostValve.invoke(StandardHostValve.java:140)
	at org.apache.catalina.valves.ErrorReportValve.invoke(ErrorReportValve.java:81)
	at org.apache.catalina.valves.AbstractAccessLogValve.invoke(AbstractAccessLogValve.java:650)
	at org.apache.catalina.core.StandardEngineValve.invoke(StandardEngineValve.java:87)
	at org.apache.catalina.connector.CoyoteAdapter.service(CoyoteAdapter.java:342)
	at org.apache.coyote.http11.Http11Processor.service(Http11Processor.java:800)
	at org.apache.coyote.AbstractProcessorLight.process(AbstractProcessorLight.java:66)
	at org.apache.coyote.AbstractProtocol$ConnectionHandler.process(AbstractProtocol.java:806)
	at org.apache.tomcat.util.net.NioEndpoint$SocketProcessor.doRun(NioEndpoint.java:1498)
	at org.apache.tomcat.util.net.SocketProcessorBase.run(SocketProcessorBase.java:49)
	at java.util.concurrent.ThreadPoolExecutor.runWorker(ThreadPoolExecutor.java:1149)
	at java.util.concurrent.ThreadPoolExecutor$Worker.run(ThreadPoolExecutor.java:624)
	at org.apache.tomcat.util.threads.TaskThread$WrappingRunnable.run(TaskThread.java:61)
	at java.lang.Thread.run(Thread.java:748)

10-Jul-2019 15:33:30.407 SEVERE [http-nio-8080-exec-86] org.apache.catalina.core.StandardWrapperValve.invoke Servlet.service() for servlet [jsp] in context with path [/aua] threw exception [Unable to compile class for JSP: 

An error occurred at line: [285] in the jsp file: [/index.jsp]
regmsg cannot be resolved to a variable
282:             <div class="box_style_1" style="box-shadow: 0 3px 0 0 #ffffff;">
283:                 <div class="indent_title_in">
284:                     <i class="pe-7s-mail-open-file"></i>
285:                     <h3><%= regmsg %></h3>
286:                     <p>
287:                         Online Application
288:                     </p>


An error occurred at line: [302] in the jsp file: [/index.jsp]
canRegister cannot be resolved to a variable
299:                     <div id="error-message"></div>
300: 			         ${ApplicationMessage}
301:                 </div>
302:             <%if(canRegister) { %>
303:                                 <form method="post" action="/aua/application" id="appForm" onsubmit="return validateForm()" name="createLogin">
304:                                     <div class="row">
305:                                         <div class="col-md-6 col-sm-6">


Stacktrace:] with root cause
 org.apache.jasper.JasperException: Unable to compile class for JSP: 

An error occurred at line: [285] in the jsp file: [/index.jsp]
regmsg cannot be resolved to a variable
282:             <div class="box_style_1" style="box-shadow: 0 3px 0 0 #ffffff;">
283:                 <div class="indent_title_in">
284:                     <i class="pe-7s-mail-open-file"></i>
285:                     <h3><%= regmsg %></h3>
286:                     <p>
287:                         Online Application
288:                     </p>


An error occurred at line: [302] in the jsp file: [/index.jsp]
canRegister cannot be resolved to a variable
299:                     <div id="error-message"></div>
300: 			         ${ApplicationMessage}
301:                 </div>
302:             <%if(canRegister) { %>
303:                                 <form method="post" action="/aua/application" id="appForm" onsubmit="return validateForm()" name="createLogin">
304:                                     <div class="row">
305:                                         <div class="col-md-6 col-sm-6">


Stacktrace:
	at org.apache.jasper.compiler.DefaultErrorHandler.javacError(DefaultErrorHandler.java:102)
	at org.apache.jasper.compiler.ErrorDispatcher.javacError(ErrorDispatcher.java:212)
	at org.apache.jasper.compiler.JDTCompiler.generateClass(JDTCompiler.java:495)
	at org.apache.jasper.compiler.Compiler.compile(Compiler.java:378)
	at org.apache.jasper.compiler.Compiler.compile(Compiler.java:350)
	at org.apache.jasper.compiler.Compiler.compile(Compiler.java:334)
	at org.apache.jasper.JspCompilationContext.compile(JspCompilationContext.java:595)
	at org.apache.jasper.servlet.JspServletWrapper.service(JspServletWrapper.java:399)
	at org.apache.jasper.servlet.JspServlet.serviceJspFile(JspServlet.java:386)
	at org.apache.jasper.servlet.JspServlet.service(JspServlet.java:330)
	at javax.servlet.http.HttpServlet.service(HttpServlet.java:742)
	at org.apache.catalina.core.ApplicationFilterChain.internalDoFilter(ApplicationFilterChain.java:231)
	at org.apache.catalina.core.ApplicationFilterChain.doFilter(ApplicationFilterChain.java:166)
	at org.apache.tomcat.websocket.server.WsFilter.doFilter(WsFilter.java:52)
	at org.apache.catalina.core.ApplicationFilterChain.internalDoFilter(ApplicationFilterChain.java:193)
	at org.apache.catalina.core.ApplicationFilterChain.doFilter(ApplicationFilterChain.java:166)
	at org.apache.catalina.core.StandardWrapperValve.invoke(StandardWrapperValve.java:198)
	at org.apache.catalina.core.StandardContextValve.invoke(StandardContextValve.java:96)
	at org.apache.catalina.authenticator.AuthenticatorBase.invoke(AuthenticatorBase.java:493)
	at org.apache.catalina.core.StandardHostValve.invoke(StandardHostValve.java:140)
	at org.apache.catalina.valves.ErrorReportValve.invoke(ErrorReportValve.java:81)
	at org.apache.catalina.valves.AbstractAccessLogValve.invoke(AbstractAccessLogValve.java:650)
	at org.apache.catalina.core.StandardEngineValve.invoke(StandardEngineValve.java:87)
	at org.apache.catalina.connector.CoyoteAdapter.service(CoyoteAdapter.java:342)
	at org.apache.coyote.http11.Http11Processor.service(Http11Processor.java:800)
	at org.apache.coyote.AbstractProcessorLight.process(AbstractProcessorLight.java:66)
	at org.apache.coyote.AbstractProtocol$ConnectionHandler.process(AbstractProtocol.java:806)
	at org.apache.tomcat.util.net.NioEndpoint$SocketProcessor.doRun(NioEndpoint.java:1498)
	at org.apache.tomcat.util.net.SocketProcessorBase.run(SocketProcessorBase.java:49)
	at java.util.concurrent.ThreadPoolExecutor.runWorker(ThreadPoolExecutor.java:1149)
	at java.util.concurrent.ThreadPoolExecutor$Worker.run(ThreadPoolExecutor.java:624)
	at org.apache.tomcat.util.threads.TaskThread$WrappingRunnable.run(TaskThread.java:61)
	at java.lang.Thread.run(Thread.java:748)

10-Jul-2019 15:34:11.394 SEVERE [http-nio-8080-exec-83] org.apache.catalina.core.StandardWrapperValve.invoke Servlet.service() for servlet [jsp] in context with path [/aua] threw exception [Unable to compile class for JSP: 

An error occurred at line: [304] in the jsp file: [/index.jsp]
canRegister cannot be resolved to a variable
301:                     <div id="error-message"></div>
302: 			         ${ApplicationMessage}
303:                 </div>
304:             <%if(canRegister) { %>
305:                                 <form method="post" action="/aua/application" id="appForm" onsubmit="return validateForm()" name="createLogin">
306:                                     <div class="row">
307:                                         <div class="col-md-6 col-sm-6">


Stacktrace:] with root cause
 org.apache.jasper.JasperException: Unable to compile class for JSP: 

An error occurred at line: [304] in the jsp file: [/index.jsp]
canRegister cannot be resolved to a variable
301:                     <div id="error-message"></div>
302: 			         ${ApplicationMessage}
303:                 </div>
304:             <%if(canRegister) { %>
305:                                 <form method="post" action="/aua/application" id="appForm" onsubmit="return validateForm()" name="createLogin">
306:                                     <div class="row">
307:                                         <div class="col-md-6 col-sm-6">


Stacktrace:
	at org.apache.jasper.compiler.DefaultErrorHandler.javacError(DefaultErrorHandler.java:102)
	at org.apache.jasper.compiler.ErrorDispatcher.javacError(ErrorDispatcher.java:212)
	at org.apache.jasper.compiler.JDTCompiler.generateClass(JDTCompiler.java:495)
	at org.apache.jasper.compiler.Compiler.compile(Compiler.java:378)
	at org.apache.jasper.compiler.Compiler.compile(Compiler.java:350)
	at org.apache.jasper.compiler.Compiler.compile(Compiler.java:334)
	at org.apache.jasper.JspCompilationContext.compile(JspCompilationContext.java:595)
	at org.apache.jasper.servlet.JspServletWrapper.service(JspServletWrapper.java:399)
	at org.apache.jasper.servlet.JspServlet.serviceJspFile(JspServlet.java:386)
	at org.apache.jasper.servlet.JspServlet.service(JspServlet.java:330)
	at javax.servlet.http.HttpServlet.service(HttpServlet.java:742)
	at org.apache.catalina.core.ApplicationFilterChain.internalDoFilter(ApplicationFilterChain.java:231)
	at org.apache.catalina.core.ApplicationFilterChain.doFilter(ApplicationFilterChain.java:166)
	at org.apache.tomcat.websocket.server.WsFilter.doFilter(WsFilter.java:52)
	at org.apache.catalina.core.ApplicationFilterChain.internalDoFilter(ApplicationFilterChain.java:193)
	at org.apache.catalina.core.ApplicationFilterChain.doFilter(ApplicationFilterChain.java:166)
	at org.apache.catalina.core.StandardWrapperValve.invoke(StandardWrapperValve.java:198)
	at org.apache.catalina.core.StandardContextValve.invoke(StandardContextValve.java:96)
	at org.apache.catalina.authenticator.AuthenticatorBase.invoke(AuthenticatorBase.java:493)
	at org.apache.catalina.core.StandardHostValve.invoke(StandardHostValve.java:140)
	at org.apache.catalina.valves.ErrorReportValve.invoke(ErrorReportValve.java:81)
	at org.apache.catalina.valves.AbstractAccessLogValve.invoke(AbstractAccessLogValve.java:650)
	at org.apache.catalina.core.StandardEngineValve.invoke(StandardEngineValve.java:87)
	at org.apache.catalina.connector.CoyoteAdapter.service(CoyoteAdapter.java:342)
	at org.apache.coyote.http11.Http11Processor.service(Http11Processor.java:800)
	at org.apache.coyote.AbstractProcessorLight.process(AbstractProcessorLight.java:66)
	at org.apache.coyote.AbstractProtocol$ConnectionHandler.process(AbstractProtocol.java:806)
	at org.apache.tomcat.util.net.NioEndpoint$SocketProcessor.doRun(NioEndpoint.java:1498)
	at org.apache.tomcat.util.net.SocketProcessorBase.run(SocketProcessorBase.java:49)
	at java.util.concurrent.ThreadPoolExecutor.runWorker(ThreadPoolExecutor.java:1149)
	at java.util.concurrent.ThreadPoolExecutor$Worker.run(ThreadPoolExecutor.java:624)
	at org.apache.tomcat.util.threads.TaskThread$WrappingRunnable.run(TaskThread.java:61)
	at java.lang.Thread.run(Thread.java:748)

10-Jul-2019 15:41:35.559 SEVERE [http-nio-8080-exec-110] org.apache.catalina.core.ApplicationDispatcher.invoke Servlet.service() for servlet [jsp] threw exception
 org.apache.jasper.JasperException: Unable to compile class for JSP: 

An error occurred at line: [639] in the jsp file: [/index.jsp]
ApplicationMessage cannot be resolved to a variable
636:     });
637: </script>
638: <script>
639: 	var status_app = "<%=ApplicationMessage %>";
640: 	var firstname = document.getElementById("first_name");
641: 
642: 	if(status_app == "not"){


Stacktrace:
	at org.apache.jasper.compiler.DefaultErrorHandler.javacError(DefaultErrorHandler.java:102)
	at org.apache.jasper.compiler.ErrorDispatcher.javacError(ErrorDispatcher.java:212)
	at org.apache.jasper.compiler.JDTCompiler.generateClass(JDTCompiler.java:495)
	at org.apache.jasper.compiler.Compiler.compile(Compiler.java:378)
	at org.apache.jasper.compiler.Compiler.compile(Compiler.java:350)
	at org.apache.jasper.compiler.Compiler.compile(Compiler.java:334)
	at org.apache.jasper.JspCompilationContext.compile(JspCompilationContext.java:595)
	at org.apache.jasper.servlet.JspServletWrapper.service(JspServletWrapper.java:399)
	at org.apache.jasper.servlet.JspServlet.serviceJspFile(JspServlet.java:386)
	at org.apache.jasper.servlet.JspServlet.service(JspServlet.java:330)
	at javax.servlet.http.HttpServlet.service(HttpServlet.java:742)
	at org.apache.catalina.core.ApplicationFilterChain.internalDoFilter(ApplicationFilterChain.java:231)
	at org.apache.catalina.core.ApplicationFilterChain.doFilter(ApplicationFilterChain.java:166)
	at org.apache.tomcat.websocket.server.WsFilter.doFilter(WsFilter.java:52)
	at org.apache.catalina.core.ApplicationFilterChain.internalDoFilter(ApplicationFilterChain.java:193)
	at org.apache.catalina.core.ApplicationFilterChain.doFilter(ApplicationFilterChain.java:166)
	at org.apache.catalina.core.ApplicationDispatcher.invoke(ApplicationDispatcher.java:728)
	at org.apache.catalina.core.ApplicationDispatcher.processRequest(ApplicationDispatcher.java:470)
	at org.apache.catalina.core.ApplicationDispatcher.doForward(ApplicationDispatcher.java:395)
	at org.apache.catalina.core.ApplicationDispatcher.forward(ApplicationDispatcher.java:316)
	at com.dewcis.Application.doPost(Application.java:40)
	at javax.servlet.http.HttpServlet.service(HttpServlet.java:661)
	at javax.servlet.http.HttpServlet.service(HttpServlet.java:742)
	at org.apache.catalina.core.ApplicationFilterChain.internalDoFilter(ApplicationFilterChain.java:231)
	at org.apache.catalina.core.ApplicationFilterChain.doFilter(ApplicationFilterChain.java:166)
	at org.apache.tomcat.websocket.server.WsFilter.doFilter(WsFilter.java:52)
	at org.apache.catalina.core.ApplicationFilterChain.internalDoFilter(ApplicationFilterChain.java:193)
	at org.apache.catalina.core.ApplicationFilterChain.doFilter(ApplicationFilterChain.java:166)
	at org.apache.catalina.core.StandardWrapperValve.invoke(StandardWrapperValve.java:198)
	at org.apache.catalina.core.StandardContextValve.invoke(StandardContextValve.java:96)
	at org.apache.catalina.authenticator.AuthenticatorBase.invoke(AuthenticatorBase.java:493)
	at org.apache.catalina.core.StandardHostValve.invoke(StandardHostValve.java:140)
	at org.apache.catalina.valves.ErrorReportValve.invoke(ErrorReportValve.java:81)
	at org.apache.catalina.valves.AbstractAccessLogValve.invoke(AbstractAccessLogValve.java:650)
	at org.apache.catalina.core.StandardEngineValve.invoke(StandardEngineValve.java:87)
	at org.apache.catalina.connector.CoyoteAdapter.service(CoyoteAdapter.java:342)
	at org.apache.coyote.http11.Http11Processor.service(Http11Processor.java:800)
	at org.apache.coyote.AbstractProcessorLight.process(AbstractProcessorLight.java:66)
	at org.apache.coyote.AbstractProtocol$ConnectionHandler.process(AbstractProtocol.java:806)
	at org.apache.tomcat.util.net.NioEndpoint$SocketProcessor.doRun(NioEndpoint.java:1498)
	at org.apache.tomcat.util.net.SocketProcessorBase.run(SocketProcessorBase.java:49)
	at java.util.concurrent.ThreadPoolExecutor.runWorker(ThreadPoolExecutor.java:1149)
	at java.util.concurrent.ThreadPoolExecutor$Worker.run(ThreadPoolExecutor.java:624)
	at org.apache.tomcat.util.threads.TaskThread$WrappingRunnable.run(TaskThread.java:61)
	at java.lang.Thread.run(Thread.java:748)

10-Jul-2019 15:41:35.560 SEVERE [http-nio-8080-exec-110] org.apache.catalina.core.StandardWrapperValve.invoke Servlet.service() for servlet [Application] in context with path [/aua] threw exception [Unable to compile class for JSP: 

An error occurred at line: [639] in the jsp file: [/index.jsp]
ApplicationMessage cannot be resolved to a variable
636:     });
637: </script>
638: <script>
639: 	var status_app = "<%=ApplicationMessage %>";
640: 	var firstname = document.getElementById("first_name");
641: 
642: 	if(status_app == "not"){


Stacktrace:] with root cause
 org.apache.jasper.JasperException: Unable to compile class for JSP: 

An error occurred at line: [639] in the jsp file: [/index.jsp]
ApplicationMessage cannot be resolved to a variable
636:     });
637: </script>
638: <script>
639: 	var status_app = "<%=ApplicationMessage %>";
640: 	var firstname = document.getElementById("first_name");
641: 
642: 	if(status_app == "not"){


Stacktrace:
	at org.apache.jasper.compiler.DefaultErrorHandler.javacError(DefaultErrorHandler.java:102)
	at org.apache.jasper.compiler.ErrorDispatcher.javacError(ErrorDispatcher.java:212)
	at org.apache.jasper.compiler.JDTCompiler.generateClass(JDTCompiler.java:495)
	at org.apache.jasper.compiler.Compiler.compile(Compiler.java:378)
	at org.apache.jasper.compiler.Compiler.compile(Compiler.java:350)
	at org.apache.jasper.compiler.Compiler.compile(Compiler.java:334)
	at org.apache.jasper.JspCompilationContext.compile(JspCompilationContext.java:595)
	at org.apache.jasper.servlet.JspServletWrapper.service(JspServletWrapper.java:399)
	at org.apache.jasper.servlet.JspServlet.serviceJspFile(JspServlet.java:386)
	at org.apache.jasper.servlet.JspServlet.service(JspServlet.java:330)
	at javax.servlet.http.HttpServlet.service(HttpServlet.java:742)
	at org.apache.catalina.core.ApplicationFilterChain.internalDoFilter(ApplicationFilterChain.java:231)
	at org.apache.catalina.core.ApplicationFilterChain.doFilter(ApplicationFilterChain.java:166)
	at org.apache.tomcat.websocket.server.WsFilter.doFilter(WsFilter.java:52)
	at org.apache.catalina.core.ApplicationFilterChain.internalDoFilter(ApplicationFilterChain.java:193)
	at org.apache.catalina.core.ApplicationFilterChain.doFilter(ApplicationFilterChain.java:166)
	at org.apache.catalina.core.ApplicationDispatcher.invoke(ApplicationDispatcher.java:728)
	at org.apache.catalina.core.ApplicationDispatcher.processRequest(ApplicationDispatcher.java:470)
	at org.apache.catalina.core.ApplicationDispatcher.doForward(ApplicationDispatcher.java:395)
	at org.apache.catalina.core.ApplicationDispatcher.forward(ApplicationDispatcher.java:316)
	at com.dewcis.Application.doPost(Application.java:40)
	at javax.servlet.http.HttpServlet.service(HttpServlet.java:661)
	at javax.servlet.http.HttpServlet.service(HttpServlet.java:742)
	at org.apache.catalina.core.ApplicationFilterChain.internalDoFilter(ApplicationFilterChain.java:231)
	at org.apache.catalina.core.ApplicationFilterChain.doFilter(ApplicationFilterChain.java:166)
	at org.apache.tomcat.websocket.server.WsFilter.doFilter(WsFilter.java:52)
	at org.apache.catalina.core.ApplicationFilterChain.internalDoFilter(ApplicationFilterChain.java:193)
	at org.apache.catalina.core.ApplicationFilterChain.doFilter(ApplicationFilterChain.java:166)
	at org.apache.catalina.core.StandardWrapperValve.invoke(StandardWrapperValve.java:198)
	at org.apache.catalina.core.StandardContextValve.invoke(StandardContextValve.java:96)
	at org.apache.catalina.authenticator.AuthenticatorBase.invoke(AuthenticatorBase.java:493)
	at org.apache.catalina.core.StandardHostValve.invoke(StandardHostValve.java:140)
	at org.apache.catalina.valves.ErrorReportValve.invoke(ErrorReportValve.java:81)
	at org.apache.catalina.valves.AbstractAccessLogValve.invoke(AbstractAccessLogValve.java:650)
	at org.apache.catalina.core.StandardEngineValve.invoke(StandardEngineValve.java:87)
	at org.apache.catalina.connector.CoyoteAdapter.service(CoyoteAdapter.java:342)
	at org.apache.coyote.http11.Http11Processor.service(Http11Processor.java:800)
	at org.apache.coyote.AbstractProcessorLight.process(AbstractProcessorLight.java:66)
	at org.apache.coyote.AbstractProtocol$ConnectionHandler.process(AbstractProtocol.java:806)
	at org.apache.tomcat.util.net.NioEndpoint$SocketProcessor.doRun(NioEndpoint.java:1498)
	at org.apache.tomcat.util.net.SocketProcessorBase.run(SocketProcessorBase.java:49)
	at java.util.concurrent.ThreadPoolExecutor.runWorker(ThreadPoolExecutor.java:1149)
	at java.util.concurrent.ThreadPoolExecutor$Worker.run(ThreadPoolExecutor.java:624)
	at org.apache.tomcat.util.threads.TaskThread$WrappingRunnable.run(TaskThread.java:61)
	at java.lang.Thread.run(Thread.java:748)

10-Jul-2019 15:44:59.765 SEVERE [http-nio-8080-exec-109] org.apache.catalina.core.ApplicationDispatcher.invoke Servlet.service() for servlet [jsp] threw exception
 org.apache.jasper.JasperException: Unable to compile class for JSP: 

An error occurred at line: [10] in the jsp file: [/index.jsp]
Type mismatch: cannot convert from Object to String
7: 
8: 	String formSelect = "";
9: 	String appStatus = "not";
10:     String app = request.getAttribute("ApplicationMessage");
11:     System.out.println(app);
12: 	String resultDiv = request.getParameter("process");
13: 	System.out.println("resultDiv is" +resultDiv);


Stacktrace:
	at org.apache.jasper.compiler.DefaultErrorHandler.javacError(DefaultErrorHandler.java:102)
	at org.apache.jasper.compiler.ErrorDispatcher.javacError(ErrorDispatcher.java:212)
	at org.apache.jasper.compiler.JDTCompiler.generateClass(JDTCompiler.java:495)
	at org.apache.jasper.compiler.Compiler.compile(Compiler.java:378)
	at org.apache.jasper.compiler.Compiler.compile(Compiler.java:350)
	at org.apache.jasper.compiler.Compiler.compile(Compiler.java:334)
	at org.apache.jasper.JspCompilationContext.compile(JspCompilationContext.java:595)
	at org.apache.jasper.servlet.JspServletWrapper.service(JspServletWrapper.java:399)
	at org.apache.jasper.servlet.JspServlet.serviceJspFile(JspServlet.java:386)
	at org.apache.jasper.servlet.JspServlet.service(JspServlet.java:330)
	at javax.servlet.http.HttpServlet.service(HttpServlet.java:742)
	at org.apache.catalina.core.ApplicationFilterChain.internalDoFilter(ApplicationFilterChain.java:231)
	at org.apache.catalina.core.ApplicationFilterChain.doFilter(ApplicationFilterChain.java:166)
	at org.apache.tomcat.websocket.server.WsFilter.doFilter(WsFilter.java:52)
	at org.apache.catalina.core.ApplicationFilterChain.internalDoFilter(ApplicationFilterChain.java:193)
	at org.apache.catalina.core.ApplicationFilterChain.doFilter(ApplicationFilterChain.java:166)
	at org.apache.catalina.core.ApplicationDispatcher.invoke(ApplicationDispatcher.java:728)
	at org.apache.catalina.core.ApplicationDispatcher.processRequest(ApplicationDispatcher.java:470)
	at org.apache.catalina.core.ApplicationDispatcher.doForward(ApplicationDispatcher.java:395)
	at org.apache.catalina.core.ApplicationDispatcher.forward(ApplicationDispatcher.java:316)
	at com.dewcis.Application.doPost(Application.java:40)
	at javax.servlet.http.HttpServlet.service(HttpServlet.java:661)
	at javax.servlet.http.HttpServlet.service(HttpServlet.java:742)
	at org.apache.catalina.core.ApplicationFilterChain.internalDoFilter(ApplicationFilterChain.java:231)
	at org.apache.catalina.core.ApplicationFilterChain.doFilter(ApplicationFilterChain.java:166)
	at org.apache.tomcat.websocket.server.WsFilter.doFilter(WsFilter.java:52)
	at org.apache.catalina.core.ApplicationFilterChain.internalDoFilter(ApplicationFilterChain.java:193)
	at org.apache.catalina.core.ApplicationFilterChain.doFilter(ApplicationFilterChain.java:166)
	at org.apache.catalina.core.StandardWrapperValve.invoke(StandardWrapperValve.java:198)
	at org.apache.catalina.core.StandardContextValve.invoke(StandardContextValve.java:96)
	at org.apache.catalina.authenticator.AuthenticatorBase.invoke(AuthenticatorBase.java:493)
	at org.apache.catalina.core.StandardHostValve.invoke(StandardHostValve.java:140)
	at org.apache.catalina.valves.ErrorReportValve.invoke(ErrorReportValve.java:81)
	at org.apache.catalina.valves.AbstractAccessLogValve.invoke(AbstractAccessLogValve.java:650)
	at org.apache.catalina.core.StandardEngineValve.invoke(StandardEngineValve.java:87)
	at org.apache.catalina.connector.CoyoteAdapter.service(CoyoteAdapter.java:342)
	at org.apache.coyote.http11.Http11Processor.service(Http11Processor.java:800)
	at org.apache.coyote.AbstractProcessorLight.process(AbstractProcessorLight.java:66)
	at org.apache.coyote.AbstractProtocol$ConnectionHandler.process(AbstractProtocol.java:806)
	at org.apache.tomcat.util.net.NioEndpoint$SocketProcessor.doRun(NioEndpoint.java:1498)
	at org.apache.tomcat.util.net.SocketProcessorBase.run(SocketProcessorBase.java:49)
	at java.util.concurrent.ThreadPoolExecutor.runWorker(ThreadPoolExecutor.java:1149)
	at java.util.concurrent.ThreadPoolExecutor$Worker.run(ThreadPoolExecutor.java:624)
	at org.apache.tomcat.util.threads.TaskThread$WrappingRunnable.run(TaskThread.java:61)
	at java.lang.Thread.run(Thread.java:748)

10-Jul-2019 15:44:59.765 SEVERE [http-nio-8080-exec-109] org.apache.catalina.core.StandardWrapperValve.invoke Servlet.service() for servlet [Application] in context with path [/aua] threw exception [Unable to compile class for JSP: 

An error occurred at line: [10] in the jsp file: [/index.jsp]
Type mismatch: cannot convert from Object to String
7: 
8: 	String formSelect = "";
9: 	String appStatus = "not";
10:     String app = request.getAttribute("ApplicationMessage");
11:     System.out.println(app);
12: 	String resultDiv = request.getParameter("process");
13: 	System.out.println("resultDiv is" +resultDiv);


Stacktrace:] with root cause
 org.apache.jasper.JasperException: Unable to compile class for JSP: 

An error occurred at line: [10] in the jsp file: [/index.jsp]
Type mismatch: cannot convert from Object to String
7: 
8: 	String formSelect = "";
9: 	String appStatus = "not";
10:     String app = request.getAttribute("ApplicationMessage");
11:     System.out.println(app);
12: 	String resultDiv = request.getParameter("process");
13: 	System.out.println("resultDiv is" +resultDiv);


Stacktrace:
	at org.apache.jasper.compiler.DefaultErrorHandler.javacError(DefaultErrorHandler.java:102)
	at org.apache.jasper.compiler.ErrorDispatcher.javacError(ErrorDispatcher.java:212)
	at org.apache.jasper.compiler.JDTCompiler.generateClass(JDTCompiler.java:495)
	at org.apache.jasper.compiler.Compiler.compile(Compiler.java:378)
	at org.apache.jasper.compiler.Compiler.compile(Compiler.java:350)
	at org.apache.jasper.compiler.Compiler.compile(Compiler.java:334)
	at org.apache.jasper.JspCompilationContext.compile(JspCompilationContext.java:595)
	at org.apache.jasper.servlet.JspServletWrapper.service(JspServletWrapper.java:399)
	at org.apache.jasper.servlet.JspServlet.serviceJspFile(JspServlet.java:386)
	at org.apache.jasper.servlet.JspServlet.service(JspServlet.java:330)
	at javax.servlet.http.HttpServlet.service(HttpServlet.java:742)
	at org.apache.catalina.core.ApplicationFilterChain.internalDoFilter(ApplicationFilterChain.java:231)
	at org.apache.catalina.core.ApplicationFilterChain.doFilter(ApplicationFilterChain.java:166)
	at org.apache.tomcat.websocket.server.WsFilter.doFilter(WsFilter.java:52)
	at org.apache.catalina.core.ApplicationFilterChain.internalDoFilter(ApplicationFilterChain.java:193)
	at org.apache.catalina.core.ApplicationFilterChain.doFilter(ApplicationFilterChain.java:166)
	at org.apache.catalina.core.ApplicationDispatcher.invoke(ApplicationDispatcher.java:728)
	at org.apache.catalina.core.ApplicationDispatcher.processRequest(ApplicationDispatcher.java:470)
	at org.apache.catalina.core.ApplicationDispatcher.doForward(ApplicationDispatcher.java:395)
	at org.apache.catalina.core.ApplicationDispatcher.forward(ApplicationDispatcher.java:316)
	at com.dewcis.Application.doPost(Application.java:40)
	at javax.servlet.http.HttpServlet.service(HttpServlet.java:661)
	at javax.servlet.http.HttpServlet.service(HttpServlet.java:742)
	at org.apache.catalina.core.ApplicationFilterChain.internalDoFilter(ApplicationFilterChain.java:231)
	at org.apache.catalina.core.ApplicationFilterChain.doFilter(ApplicationFilterChain.java:166)
	at org.apache.tomcat.websocket.server.WsFilter.doFilter(WsFilter.java:52)
	at org.apache.catalina.core.ApplicationFilterChain.internalDoFilter(ApplicationFilterChain.java:193)
	at org.apache.catalina.core.ApplicationFilterChain.doFilter(ApplicationFilterChain.java:166)
	at org.apache.catalina.core.StandardWrapperValve.invoke(StandardWrapperValve.java:198)
	at org.apache.catalina.core.StandardContextValve.invoke(StandardContextValve.java:96)
	at org.apache.catalina.authenticator.AuthenticatorBase.invoke(AuthenticatorBase.java:493)
	at org.apache.catalina.core.StandardHostValve.invoke(StandardHostValve.java:140)
	at org.apache.catalina.valves.ErrorReportValve.invoke(ErrorReportValve.java:81)
	at org.apache.catalina.valves.AbstractAccessLogValve.invoke(AbstractAccessLogValve.java:650)
	at org.apache.catalina.core.StandardEngineValve.invoke(StandardEngineValve.java:87)
	at org.apache.catalina.connector.CoyoteAdapter.service(CoyoteAdapter.java:342)
	at org.apache.coyote.http11.Http11Processor.service(Http11Processor.java:800)
	at org.apache.coyote.AbstractProcessorLight.process(AbstractProcessorLight.java:66)
	at org.apache.coyote.AbstractProtocol$ConnectionHandler.process(AbstractProtocol.java:806)
	at org.apache.tomcat.util.net.NioEndpoint$SocketProcessor.doRun(NioEndpoint.java:1498)
	at org.apache.tomcat.util.net.SocketProcessorBase.run(SocketProcessorBase.java:49)
	at java.util.concurrent.ThreadPoolExecutor.runWorker(ThreadPoolExecutor.java:1149)
	at java.util.concurrent.ThreadPoolExecutor$Worker.run(ThreadPoolExecutor.java:624)
	at org.apache.tomcat.util.threads.TaskThread$WrappingRunnable.run(TaskThread.java:61)
	at java.lang.Thread.run(Thread.java:748)

10-Jul-2019 15:47:45.462 SEVERE [http-nio-8080-exec-105] org.apache.catalina.core.ApplicationDispatcher.invoke Servlet.service() for servlet [jsp] threw exception
 org.apache.jasper.JasperException: Unable to compile class for JSP: 

An error occurred at line: [11] in the jsp file: [/index.jsp]
app cannot be resolved to a variable
8: 	String formSelect = "";
9: 	String appStatus = "not";
10:     appStatus = (String )request.getAttribute("ApplicationMessage");
11:     System.out.println(app);
12: 	String resultDiv = request.getParameter("process");
13: 	System.out.println("resultDiv is" +resultDiv);
14: 	String getpassword = request.getParameter("getpassword");


Stacktrace:
	at org.apache.jasper.compiler.DefaultErrorHandler.javacError(DefaultErrorHandler.java:102)
	at org.apache.jasper.compiler.ErrorDispatcher.javacError(ErrorDispatcher.java:212)
	at org.apache.jasper.compiler.JDTCompiler.generateClass(JDTCompiler.java:495)
	at org.apache.jasper.compiler.Compiler.compile(Compiler.java:378)
	at org.apache.jasper.compiler.Compiler.compile(Compiler.java:350)
	at org.apache.jasper.compiler.Compiler.compile(Compiler.java:334)
	at org.apache.jasper.JspCompilationContext.compile(JspCompilationContext.java:595)
	at org.apache.jasper.servlet.JspServletWrapper.service(JspServletWrapper.java:399)
	at org.apache.jasper.servlet.JspServlet.serviceJspFile(JspServlet.java:386)
	at org.apache.jasper.servlet.JspServlet.service(JspServlet.java:330)
	at javax.servlet.http.HttpServlet.service(HttpServlet.java:742)
	at org.apache.catalina.core.ApplicationFilterChain.internalDoFilter(ApplicationFilterChain.java:231)
	at org.apache.catalina.core.ApplicationFilterChain.doFilter(ApplicationFilterChain.java:166)
	at org.apache.tomcat.websocket.server.WsFilter.doFilter(WsFilter.java:52)
	at org.apache.catalina.core.ApplicationFilterChain.internalDoFilter(ApplicationFilterChain.java:193)
	at org.apache.catalina.core.ApplicationFilterChain.doFilter(ApplicationFilterChain.java:166)
	at org.apache.catalina.core.ApplicationDispatcher.invoke(ApplicationDispatcher.java:728)
	at org.apache.catalina.core.ApplicationDispatcher.processRequest(ApplicationDispatcher.java:470)
	at org.apache.catalina.core.ApplicationDispatcher.doForward(ApplicationDispatcher.java:395)
	at org.apache.catalina.core.ApplicationDispatcher.forward(ApplicationDispatcher.java:316)
	at com.dewcis.Application.doPost(Application.java:40)
	at javax.servlet.http.HttpServlet.service(HttpServlet.java:661)
	at javax.servlet.http.HttpServlet.service(HttpServlet.java:742)
	at org.apache.catalina.core.ApplicationFilterChain.internalDoFilter(ApplicationFilterChain.java:231)
	at org.apache.catalina.core.ApplicationFilterChain.doFilter(ApplicationFilterChain.java:166)
	at org.apache.tomcat.websocket.server.WsFilter.doFilter(WsFilter.java:52)
	at org.apache.catalina.core.ApplicationFilterChain.internalDoFilter(ApplicationFilterChain.java:193)
	at org.apache.catalina.core.ApplicationFilterChain.doFilter(ApplicationFilterChain.java:166)
	at org.apache.catalina.core.StandardWrapperValve.invoke(StandardWrapperValve.java:198)
	at org.apache.catalina.core.StandardContextValve.invoke(StandardContextValve.java:96)
	at org.apache.catalina.authenticator.AuthenticatorBase.invoke(AuthenticatorBase.java:493)
	at org.apache.catalina.core.StandardHostValve.invoke(StandardHostValve.java:140)
	at org.apache.catalina.valves.ErrorReportValve.invoke(ErrorReportValve.java:81)
	at org.apache.catalina.valves.AbstractAccessLogValve.invoke(AbstractAccessLogValve.java:650)
	at org.apache.catalina.core.StandardEngineValve.invoke(StandardEngineValve.java:87)
	at org.apache.catalina.connector.CoyoteAdapter.service(CoyoteAdapter.java:342)
	at org.apache.coyote.http11.Http11Processor.service(Http11Processor.java:800)
	at org.apache.coyote.AbstractProcessorLight.process(AbstractProcessorLight.java:66)
	at org.apache.coyote.AbstractProtocol$ConnectionHandler.process(AbstractProtocol.java:806)
	at org.apache.tomcat.util.net.NioEndpoint$SocketProcessor.doRun(NioEndpoint.java:1498)
	at org.apache.tomcat.util.net.SocketProcessorBase.run(SocketProcessorBase.java:49)
	at java.util.concurrent.ThreadPoolExecutor.runWorker(ThreadPoolExecutor.java:1149)
	at java.util.concurrent.ThreadPoolExecutor$Worker.run(ThreadPoolExecutor.java:624)
	at org.apache.tomcat.util.threads.TaskThread$WrappingRunnable.run(TaskThread.java:61)
	at java.lang.Thread.run(Thread.java:748)

10-Jul-2019 15:47:45.462 SEVERE [http-nio-8080-exec-105] org.apache.catalina.core.StandardWrapperValve.invoke Servlet.service() for servlet [Application] in context with path [/aua] threw exception [Unable to compile class for JSP: 

An error occurred at line: [11] in the jsp file: [/index.jsp]
app cannot be resolved to a variable
8: 	String formSelect = "";
9: 	String appStatus = "not";
10:     appStatus = (String )request.getAttribute("ApplicationMessage");
11:     System.out.println(app);
12: 	String resultDiv = request.getParameter("process");
13: 	System.out.println("resultDiv is" +resultDiv);
14: 	String getpassword = request.getParameter("getpassword");


Stacktrace:] with root cause
 org.apache.jasper.JasperException: Unable to compile class for JSP: 

An error occurred at line: [11] in the jsp file: [/index.jsp]
app cannot be resolved to a variable
8: 	String formSelect = "";
9: 	String appStatus = "not";
10:     appStatus = (String )request.getAttribute("ApplicationMessage");
11:     System.out.println(app);
12: 	String resultDiv = request.getParameter("process");
13: 	System.out.println("resultDiv is" +resultDiv);
14: 	String getpassword = request.getParameter("getpassword");


Stacktrace:
	at org.apache.jasper.compiler.DefaultErrorHandler.javacError(DefaultErrorHandler.java:102)
	at org.apache.jasper.compiler.ErrorDispatcher.javacError(ErrorDispatcher.java:212)
	at org.apache.jasper.compiler.JDTCompiler.generateClass(JDTCompiler.java:495)
	at org.apache.jasper.compiler.Compiler.compile(Compiler.java:378)
	at org.apache.jasper.compiler.Compiler.compile(Compiler.java:350)
	at org.apache.jasper.compiler.Compiler.compile(Compiler.java:334)
	at org.apache.jasper.JspCompilationContext.compile(JspCompilationContext.java:595)
	at org.apache.jasper.servlet.JspServletWrapper.service(JspServletWrapper.java:399)
	at org.apache.jasper.servlet.JspServlet.serviceJspFile(JspServlet.java:386)
	at org.apache.jasper.servlet.JspServlet.service(JspServlet.java:330)
	at javax.servlet.http.HttpServlet.service(HttpServlet.java:742)
	at org.apache.catalina.core.ApplicationFilterChain.internalDoFilter(ApplicationFilterChain.java:231)
	at org.apache.catalina.core.ApplicationFilterChain.doFilter(ApplicationFilterChain.java:166)
	at org.apache.tomcat.websocket.server.WsFilter.doFilter(WsFilter.java:52)
	at org.apache.catalina.core.ApplicationFilterChain.internalDoFilter(ApplicationFilterChain.java:193)
	at org.apache.catalina.core.ApplicationFilterChain.doFilter(ApplicationFilterChain.java:166)
	at org.apache.catalina.core.ApplicationDispatcher.invoke(ApplicationDispatcher.java:728)
	at org.apache.catalina.core.ApplicationDispatcher.processRequest(ApplicationDispatcher.java:470)
	at org.apache.catalina.core.ApplicationDispatcher.doForward(ApplicationDispatcher.java:395)
	at org.apache.catalina.core.ApplicationDispatcher.forward(ApplicationDispatcher.java:316)
	at com.dewcis.Application.doPost(Application.java:40)
	at javax.servlet.http.HttpServlet.service(HttpServlet.java:661)
	at javax.servlet.http.HttpServlet.service(HttpServlet.java:742)
	at org.apache.catalina.core.ApplicationFilterChain.internalDoFilter(ApplicationFilterChain.java:231)
	at org.apache.catalina.core.ApplicationFilterChain.doFilter(ApplicationFilterChain.java:166)
	at org.apache.tomcat.websocket.server.WsFilter.doFilter(WsFilter.java:52)
	at org.apache.catalina.core.ApplicationFilterChain.internalDoFilter(ApplicationFilterChain.java:193)
	at org.apache.catalina.core.ApplicationFilterChain.doFilter(ApplicationFilterChain.java:166)
	at org.apache.catalina.core.StandardWrapperValve.invoke(StandardWrapperValve.java:198)
	at org.apache.catalina.core.StandardContextValve.invoke(StandardContextValve.java:96)
	at org.apache.catalina.authenticator.AuthenticatorBase.invoke(AuthenticatorBase.java:493)
	at org.apache.catalina.core.StandardHostValve.invoke(StandardHostValve.java:140)
	at org.apache.catalina.valves.ErrorReportValve.invoke(ErrorReportValve.java:81)
	at org.apache.catalina.valves.AbstractAccessLogValve.invoke(AbstractAccessLogValve.java:650)
	at org.apache.catalina.core.StandardEngineValve.invoke(StandardEngineValve.java:87)
	at org.apache.catalina.connector.CoyoteAdapter.service(CoyoteAdapter.java:342)
	at org.apache.coyote.http11.Http11Processor.service(Http11Processor.java:800)
	at org.apache.coyote.AbstractProcessorLight.process(AbstractProcessorLight.java:66)
	at org.apache.coyote.AbstractProtocol$ConnectionHandler.process(AbstractProtocol.java:806)
	at org.apache.tomcat.util.net.NioEndpoint$SocketProcessor.doRun(NioEndpoint.java:1498)
	at org.apache.tomcat.util.net.SocketProcessorBase.run(SocketProcessorBase.java:49)
	at java.util.concurrent.ThreadPoolExecutor.runWorker(ThreadPoolExecutor.java:1149)
	at java.util.concurrent.ThreadPoolExecutor$Worker.run(ThreadPoolExecutor.java:624)
	at org.apache.tomcat.util.threads.TaskThread$WrappingRunnable.run(TaskThread.java:61)
	at java.lang.Thread.run(Thread.java:748)

10-Jul-2019 16:30:16.159 SEVERE [http-nio-8080-exec-124] org.apache.catalina.core.ApplicationDispatcher.invoke Servlet.service() for servlet [jsp] threw exception
 org.apache.jasper.JasperException: Unable to compile class for JSP: 

An error occurred at line: [14] in the generated java file: [/opt/projects/tomcat/work/Catalina/localhost/aua/org/apache/jsp/logon_jsp.java]
Only a type can be imported. com.dewcis.UrlResolver resolves to a package

An error occurred at line: [15] in the generated java file: [/opt/projects/tomcat/work/Catalina/localhost/aua/org/apache/jsp/logon_jsp.java]
Only a type can be imported. com.dewcis.UrlResolver resolves to a package

An error occurred at line: [10] in the jsp file: [/logon.jsp]
UrlResolver cannot be resolved to a type
7:     // session.removeAttribute("xmlcnf");
8:     
9: 
10:     UrlResolver rsv = new UrlResolver();
11:     
12:     String url = rsv.tryAgain(request, response);
13:     session.setAttribute("try_url", url);


An error occurred at line: [10] in the jsp file: [/logon.jsp]
UrlResolver cannot be resolved to a type
7:     // session.removeAttribute("xmlcnf");
8:     
9: 
10:     UrlResolver rsv = new UrlResolver();
11:     
12:     String url = rsv.tryAgain(request, response);
13:     session.setAttribute("try_url", url);


An error occurred at line: [79] in the jsp file: [/logon.jsp]
UrlResolver cannot be resolved to a type
76:     // session.removeAttribute("xmlcnf");
77:     
78: 
79:     UrlResolver rsv = new UrlResolver();
80:     
81:     String url = rsv.tryAgain(request, response);
82:     session.setAttribute("try_url", url);


An error occurred at line: [79] in the jsp file: [/logon.jsp]
Duplicate local variable rsv
76:     // session.removeAttribute("xmlcnf");
77:     
78: 
79:     UrlResolver rsv = new UrlResolver();
80:     
81:     String url = rsv.tryAgain(request, response);
82:     session.setAttribute("try_url", url);


An error occurred at line: [79] in the jsp file: [/logon.jsp]
UrlResolver cannot be resolved to a type
76:     // session.removeAttribute("xmlcnf");
77:     
78: 
79:     UrlResolver rsv = new UrlResolver();
80:     
81:     String url = rsv.tryAgain(request, response);
82:     session.setAttribute("try_url", url);


An error occurred at line: [81] in the jsp file: [/logon.jsp]
Duplicate local variable url
78: 
79:     UrlResolver rsv = new UrlResolver();
80:     
81:     String url = rsv.tryAgain(request, response);
82:     session.setAttribute("try_url", url);
83:     
84:     // session.invalidate();


Stacktrace:
	at org.apache.jasper.compiler.DefaultErrorHandler.javacError(DefaultErrorHandler.java:102)
	at org.apache.jasper.compiler.ErrorDispatcher.javacError(ErrorDispatcher.java:212)
	at org.apache.jasper.compiler.JDTCompiler.generateClass(JDTCompiler.java:495)
	at org.apache.jasper.compiler.Compiler.compile(Compiler.java:378)
	at org.apache.jasper.compiler.Compiler.compile(Compiler.java:350)
	at org.apache.jasper.compiler.Compiler.compile(Compiler.java:334)
	at org.apache.jasper.JspCompilationContext.compile(JspCompilationContext.java:595)
	at org.apache.jasper.servlet.JspServletWrapper.service(JspServletWrapper.java:399)
	at org.apache.jasper.servlet.JspServlet.serviceJspFile(JspServlet.java:386)
	at org.apache.jasper.servlet.JspServlet.service(JspServlet.java:330)
	at javax.servlet.http.HttpServlet.service(HttpServlet.java:742)
	at org.apache.catalina.core.ApplicationFilterChain.internalDoFilter(ApplicationFilterChain.java:231)
	at org.apache.catalina.core.ApplicationFilterChain.doFilter(ApplicationFilterChain.java:166)
	at org.apache.tomcat.websocket.server.WsFilter.doFilter(WsFilter.java:52)
	at org.apache.catalina.core.ApplicationFilterChain.internalDoFilter(ApplicationFilterChain.java:193)
	at org.apache.catalina.core.ApplicationFilterChain.doFilter(ApplicationFilterChain.java:166)
	at org.apache.catalina.core.ApplicationDispatcher.invoke(ApplicationDispatcher.java:728)
	at org.apache.catalina.core.ApplicationDispatcher.processRequest(ApplicationDispatcher.java:470)
	at org.apache.catalina.core.ApplicationDispatcher.doForward(ApplicationDispatcher.java:395)
	at org.apache.catalina.core.ApplicationDispatcher.forward(ApplicationDispatcher.java:316)
	at org.apache.catalina.authenticator.FormAuthenticator.forwardToLoginPage(FormAuthenticator.java:431)
	at org.apache.catalina.authenticator.FormAuthenticator.doAuthenticate(FormAuthenticator.java:248)
	at org.apache.catalina.authenticator.AuthenticatorBase.invoke(AuthenticatorBase.java:575)
	at org.apache.catalina.core.StandardHostValve.invoke(StandardHostValve.java:140)
	at org.apache.catalina.valves.ErrorReportValve.invoke(ErrorReportValve.java:81)
	at org.apache.catalina.valves.AbstractAccessLogValve.invoke(AbstractAccessLogValve.java:650)
	at org.apache.catalina.core.StandardEngineValve.invoke(StandardEngineValve.java:87)
	at org.apache.catalina.connector.CoyoteAdapter.service(CoyoteAdapter.java:342)
	at org.apache.coyote.http11.Http11Processor.service(Http11Processor.java:800)
	at org.apache.coyote.AbstractProcessorLight.process(AbstractProcessorLight.java:66)
	at org.apache.coyote.AbstractProtocol$ConnectionHandler.process(AbstractProtocol.java:806)
	at org.apache.tomcat.util.net.NioEndpoint$SocketProcessor.doRun(NioEndpoint.java:1498)
	at org.apache.tomcat.util.net.SocketProcessorBase.run(SocketProcessorBase.java:49)
	at java.util.concurrent.ThreadPoolExecutor.runWorker(ThreadPoolExecutor.java:1149)
	at java.util.concurrent.ThreadPoolExecutor$Worker.run(ThreadPoolExecutor.java:624)
	at org.apache.tomcat.util.threads.TaskThread$WrappingRunnable.run(TaskThread.java:61)
	at java.lang.Thread.run(Thread.java:748)

10-Jul-2019 16:30:43.861 SEVERE [http-nio-8080-exec-116] org.apache.catalina.core.ApplicationDispatcher.invoke Servlet.service() for servlet [jsp] threw exception
 org.apache.jasper.JasperException: Unable to compile class for JSP: 

An error occurred at line: [14] in the generated java file: [/opt/projects/tomcat/work/Catalina/localhost/aua/org/apache/jsp/logon_jsp.java]
Only a type can be imported. com.dewcis.UrlResolver resolves to a package

An error occurred at line: [15] in the generated java file: [/opt/projects/tomcat/work/Catalina/localhost/aua/org/apache/jsp/logon_jsp.java]
Only a type can be imported. com.dewcis.UrlResolver resolves to a package

An error occurred at line: [10] in the jsp file: [/logon.jsp]
UrlResolver cannot be resolved to a type
7:     // session.removeAttribute("xmlcnf");
8:     
9: 
10:     UrlResolver rsv = new UrlResolver();
11:     
12:     String url = rsv.tryAgain(request, response);
13:     session.setAttribute("try_url", url);


An error occurred at line: [10] in the jsp file: [/logon.jsp]
UrlResolver cannot be resolved to a type
7:     // session.removeAttribute("xmlcnf");
8:     
9: 
10:     UrlResolver rsv = new UrlResolver();
11:     
12:     String url = rsv.tryAgain(request, response);
13:     session.setAttribute("try_url", url);


An error occurred at line: [79] in the jsp file: [/logon.jsp]
UrlResolver cannot be resolved to a type
76:     // session.removeAttribute("xmlcnf");
77:     
78: 
79:     UrlResolver rsv = new UrlResolver();
80:     
81:     String url = rsv.tryAgain(request, response);
82:     session.setAttribute("try_url", url);


An error occurred at line: [79] in the jsp file: [/logon.jsp]
Duplicate local variable rsv
76:     // session.removeAttribute("xmlcnf");
77:     
78: 
79:     UrlResolver rsv = new UrlResolver();
80:     
81:     String url = rsv.tryAgain(request, response);
82:     session.setAttribute("try_url", url);


An error occurred at line: [79] in the jsp file: [/logon.jsp]
UrlResolver cannot be resolved to a type
76:     // session.removeAttribute("xmlcnf");
77:     
78: 
79:     UrlResolver rsv = new UrlResolver();
80:     
81:     String url = rsv.tryAgain(request, response);
82:     session.setAttribute("try_url", url);


An error occurred at line: [81] in the jsp file: [/logon.jsp]
Duplicate local variable url
78: 
79:     UrlResolver rsv = new UrlResolver();
80:     
81:     String url = rsv.tryAgain(request, response);
82:     session.setAttribute("try_url", url);
83:     
84:     // session.invalidate();


Stacktrace:
	at org.apache.jasper.compiler.DefaultErrorHandler.javacError(DefaultErrorHandler.java:102)
	at org.apache.jasper.compiler.ErrorDispatcher.javacError(ErrorDispatcher.java:212)
	at org.apache.jasper.compiler.JDTCompiler.generateClass(JDTCompiler.java:495)
	at org.apache.jasper.compiler.Compiler.compile(Compiler.java:378)
	at org.apache.jasper.compiler.Compiler.compile(Compiler.java:350)
	at org.apache.jasper.compiler.Compiler.compile(Compiler.java:334)
	at org.apache.jasper.JspCompilationContext.compile(JspCompilationContext.java:595)
	at org.apache.jasper.servlet.JspServletWrapper.service(JspServletWrapper.java:399)
	at org.apache.jasper.servlet.JspServlet.serviceJspFile(JspServlet.java:386)
	at org.apache.jasper.servlet.JspServlet.service(JspServlet.java:330)
	at javax.servlet.http.HttpServlet.service(HttpServlet.java:742)
	at org.apache.catalina.core.ApplicationFilterChain.internalDoFilter(ApplicationFilterChain.java:231)
	at org.apache.catalina.core.ApplicationFilterChain.doFilter(ApplicationFilterChain.java:166)
	at org.apache.tomcat.websocket.server.WsFilter.doFilter(WsFilter.java:52)
	at org.apache.catalina.core.ApplicationFilterChain.internalDoFilter(ApplicationFilterChain.java:193)
	at org.apache.catalina.core.ApplicationFilterChain.doFilter(ApplicationFilterChain.java:166)
	at org.apache.catalina.core.ApplicationDispatcher.invoke(ApplicationDispatcher.java:728)
	at org.apache.catalina.core.ApplicationDispatcher.processRequest(ApplicationDispatcher.java:470)
	at org.apache.catalina.core.ApplicationDispatcher.doForward(ApplicationDispatcher.java:395)
	at org.apache.catalina.core.ApplicationDispatcher.forward(ApplicationDispatcher.java:316)
	at org.apache.catalina.authenticator.FormAuthenticator.forwardToLoginPage(FormAuthenticator.java:431)
	at org.apache.catalina.authenticator.FormAuthenticator.doAuthenticate(FormAuthenticator.java:248)
	at org.apache.catalina.authenticator.AuthenticatorBase.invoke(AuthenticatorBase.java:575)
	at org.apache.catalina.core.StandardHostValve.invoke(StandardHostValve.java:140)
	at org.apache.catalina.valves.ErrorReportValve.invoke(ErrorReportValve.java:81)
	at org.apache.catalina.valves.AbstractAccessLogValve.invoke(AbstractAccessLogValve.java:650)
	at org.apache.catalina.core.StandardEngineValve.invoke(StandardEngineValve.java:87)
	at org.apache.catalina.connector.CoyoteAdapter.service(CoyoteAdapter.java:342)
	at org.apache.coyote.http11.Http11Processor.service(Http11Processor.java:800)
	at org.apache.coyote.AbstractProcessorLight.process(AbstractProcessorLight.java:66)
	at org.apache.coyote.AbstractProtocol$ConnectionHandler.process(AbstractProtocol.java:806)
	at org.apache.tomcat.util.net.NioEndpoint$SocketProcessor.doRun(NioEndpoint.java:1498)
	at org.apache.tomcat.util.net.SocketProcessorBase.run(SocketProcessorBase.java:49)
	at java.util.concurrent.ThreadPoolExecutor.runWorker(ThreadPoolExecutor.java:1149)
	at java.util.concurrent.ThreadPoolExecutor$Worker.run(ThreadPoolExecutor.java:624)
	at org.apache.tomcat.util.threads.TaskThread$WrappingRunnable.run(TaskThread.java:61)
	at java.lang.Thread.run(Thread.java:748)

10-Jul-2019 16:33:39.389 SEVERE [http-nio-8080-exec-122] org.apache.catalina.core.ApplicationDispatcher.invoke Servlet.service() for servlet [jsp] threw exception
 org.apache.jasper.JasperException: Unable to compile class for JSP: 

An error occurred at line: [14] in the generated java file: [/opt/projects/tomcat/work/Catalina/localhost/aua/org/apache/jsp/logon_jsp.java]
Only a type can be imported. com.dewcis.UrlResolver resolves to a package

An error occurred at line: [10] in the jsp file: [/logon.jsp]
UrlResolver cannot be resolved to a type
7:     // session.removeAttribute("xmlcnf");
8:     
9: 
10:     UrlResolver rsv = new UrlResolver();
11:     
12:     String url = rsv.tryAgain(request, response);
13:     session.setAttribute("try_url", url);


An error occurred at line: [10] in the jsp file: [/logon.jsp]
UrlResolver cannot be resolved to a type
7:     // session.removeAttribute("xmlcnf");
8:     
9: 
10:     UrlResolver rsv = new UrlResolver();
11:     
12:     String url = rsv.tryAgain(request, response);
13:     session.setAttribute("try_url", url);


Stacktrace:
	at org.apache.jasper.compiler.DefaultErrorHandler.javacError(DefaultErrorHandler.java:102)
	at org.apache.jasper.compiler.ErrorDispatcher.javacError(ErrorDispatcher.java:212)
	at org.apache.jasper.compiler.JDTCompiler.generateClass(JDTCompiler.java:495)
	at org.apache.jasper.compiler.Compiler.compile(Compiler.java:378)
	at org.apache.jasper.compiler.Compiler.compile(Compiler.java:350)
	at org.apache.jasper.compiler.Compiler.compile(Compiler.java:334)
	at org.apache.jasper.JspCompilationContext.compile(JspCompilationContext.java:595)
	at org.apache.jasper.servlet.JspServletWrapper.service(JspServletWrapper.java:399)
	at org.apache.jasper.servlet.JspServlet.serviceJspFile(JspServlet.java:386)
	at org.apache.jasper.servlet.JspServlet.service(JspServlet.java:330)
	at javax.servlet.http.HttpServlet.service(HttpServlet.java:742)
	at org.apache.catalina.core.ApplicationFilterChain.internalDoFilter(ApplicationFilterChain.java:231)
	at org.apache.catalina.core.ApplicationFilterChain.doFilter(ApplicationFilterChain.java:166)
	at org.apache.tomcat.websocket.server.WsFilter.doFilter(WsFilter.java:52)
	at org.apache.catalina.core.ApplicationFilterChain.internalDoFilter(ApplicationFilterChain.java:193)
	at org.apache.catalina.core.ApplicationFilterChain.doFilter(ApplicationFilterChain.java:166)
	at org.apache.catalina.core.ApplicationDispatcher.invoke(ApplicationDispatcher.java:728)
	at org.apache.catalina.core.ApplicationDispatcher.processRequest(ApplicationDispatcher.java:470)
	at org.apache.catalina.core.ApplicationDispatcher.doForward(ApplicationDispatcher.java:395)
	at org.apache.catalina.core.ApplicationDispatcher.forward(ApplicationDispatcher.java:316)
	at org.apache.catalina.authenticator.FormAuthenticator.forwardToLoginPage(FormAuthenticator.java:431)
	at org.apache.catalina.authenticator.FormAuthenticator.doAuthenticate(FormAuthenticator.java:248)
	at org.apache.catalina.authenticator.AuthenticatorBase.invoke(AuthenticatorBase.java:575)
	at org.apache.catalina.core.StandardHostValve.invoke(StandardHostValve.java:140)
	at org.apache.catalina.valves.ErrorReportValve.invoke(ErrorReportValve.java:81)
	at org.apache.catalina.valves.AbstractAccessLogValve.invoke(AbstractAccessLogValve.java:650)
	at org.apache.catalina.core.StandardEngineValve.invoke(StandardEngineValve.java:87)
	at org.apache.catalina.connector.CoyoteAdapter.service(CoyoteAdapter.java:342)
	at org.apache.coyote.http11.Http11Processor.service(Http11Processor.java:800)
	at org.apache.coyote.AbstractProcessorLight.process(AbstractProcessorLight.java:66)
	at org.apache.coyote.AbstractProtocol$ConnectionHandler.process(AbstractProtocol.java:806)
	at org.apache.tomcat.util.net.NioEndpoint$SocketProcessor.doRun(NioEndpoint.java:1498)
	at org.apache.tomcat.util.net.SocketProcessorBase.run(SocketProcessorBase.java:49)
	at java.util.concurrent.ThreadPoolExecutor.runWorker(ThreadPoolExecutor.java:1149)
	at java.util.concurrent.ThreadPoolExecutor$Worker.run(ThreadPoolExecutor.java:624)
	at org.apache.tomcat.util.threads.TaskThread$WrappingRunnable.run(TaskThread.java:61)
	at java.lang.Thread.run(Thread.java:748)

10-Jul-2019 17:53:28.007 INFO [localhost-startStop-2] org.apache.catalina.core.ApplicationContext.log SessionListener: contextDestroyed()
10-Jul-2019 17:53:28.008 INFO [localhost-startStop-2] org.apache.catalina.core.ApplicationContext.log ContextListener: contextDestroyed()
