01-Feb-2019 12:13:57.075 INFO [localhost-startStop-2] org.apache.catalina.core.ApplicationContext.log SessionListener: contextDestroyed()
01-Feb-2019 12:13:57.075 INFO [localhost-startStop-2] org.apache.catalina.core.ApplicationContext.log ContextListener: contextDestroyed()
01-Feb-2019 12:15:07.386 INFO [localhost-startStop-1] org.apache.catalina.core.ApplicationContext.log ContextListener: contextInitialized()
01-Feb-2019 12:15:07.387 INFO [localhost-startStop-1] org.apache.catalina.core.ApplicationContext.log SessionListener: contextInitialized()
01-Feb-2019 12:15:07.389 INFO [localhost-startStop-1] org.apache.catalina.core.ApplicationContext.log ContextListener: attributeAdded('StockTicker', 'async.Stockticker@158bfb1c')
01-Feb-2019 12:42:06.472 SEVERE [http-nio-80-exec-20] org.apache.catalina.core.StandardWrapperValve.invoke Servlet.service() for servlet [BJSONData] in context with path [/aua] threw exception
 java.lang.NullPointerException
	at org.baraza.DB.BUser.getUserOrg(BUser.java:206)
	at org.baraza.DB.BQuery.buildQuery(BQuery.java:225)
	at org.baraza.DB.BQuery.<init>(BQuery.java:115)
	at org.baraza.DB.BJSONQuery.<init>(BJSONQuery.java:33)
	at org.baraza.web.BJSONData.doGet(BJSONData.java:107)
	at javax.servlet.http.HttpServlet.service(HttpServlet.java:635)
	at javax.servlet.http.HttpServlet.service(HttpServlet.java:742)
	at org.apache.catalina.core.ApplicationFilterChain.internalDoFilter(ApplicationFilterChain.java:231)
	at org.apache.catalina.core.ApplicationFilterChain.doFilter(ApplicationFilterChain.java:166)
	at org.apache.tomcat.websocket.server.WsFilter.doFilter(WsFilter.java:52)
	at org.apache.catalina.core.ApplicationFilterChain.internalDoFilter(ApplicationFilterChain.java:193)
	at org.apache.catalina.core.ApplicationFilterChain.doFilter(ApplicationFilterChain.java:166)
	at org.apache.catalina.core.StandardWrapperValve.invoke(StandardWrapperValve.java:198)
	at org.apache.catalina.core.StandardContextValve.invoke(StandardContextValve.java:96)
	at org.apache.catalina.authenticator.AuthenticatorBase.invoke(AuthenticatorBase.java:493)
	at org.apache.catalina.core.StandardHostValve.invoke(StandardHostValve.java:140)
	at org.apache.catalina.valves.ErrorReportValve.invoke(ErrorReportValve.java:81)
	at org.apache.catalina.valves.AbstractAccessLogValve.invoke(AbstractAccessLogValve.java:650)
	at org.apache.catalina.core.StandardEngineValve.invoke(StandardEngineValve.java:87)
	at org.apache.catalina.connector.CoyoteAdapter.service(CoyoteAdapter.java:342)
	at org.apache.coyote.http11.Http11Processor.service(Http11Processor.java:800)
	at org.apache.coyote.AbstractProcessorLight.process(AbstractProcessorLight.java:66)
	at org.apache.coyote.AbstractProtocol$ConnectionHandler.process(AbstractProtocol.java:806)
	at org.apache.tomcat.util.net.NioEndpoint$SocketProcessor.doRun(NioEndpoint.java:1498)
	at org.apache.tomcat.util.net.SocketProcessorBase.run(SocketProcessorBase.java:49)
	at java.util.concurrent.ThreadPoolExecutor.runWorker(ThreadPoolExecutor.java:1149)
	at java.util.concurrent.ThreadPoolExecutor$Worker.run(ThreadPoolExecutor.java:624)
	at org.apache.tomcat.util.threads.TaskThread$WrappingRunnable.run(TaskThread.java:61)
	at java.lang.Thread.run(Thread.java:748)

01-Feb-2019 13:01:52.912 SEVERE [http-nio-80-exec-18] org.apache.catalina.core.StandardWrapperValve.invoke Servlet.service() for servlet [jsp] in context with path [/aua] threw exception [net.sf.jasperreports.engine.util.JRFontNotFoundException: Font "Times New Roman" is not available to the JVM. See the Javadoc for more details.] with root cause
 net.sf.jasperreports.engine.util.JRFontNotFoundException: Font "Times New Roman" is not available to the JVM. See the Javadoc for more details.
	at net.sf.jasperreports.engine.fonts.FontUtil.checkAwtFont(FontUtil.java:652)
	at net.sf.jasperreports.engine.fill.SimpleTextLineWrapper.loadFont(SimpleTextLineWrapper.java:369)
	at net.sf.jasperreports.engine.fill.SimpleTextLineWrapper.getGeneralFontInfo(SimpleTextLineWrapper.java:339)
	at net.sf.jasperreports.engine.fill.SimpleTextLineWrapper.createFontInfo(SimpleTextLineWrapper.java:279)
	at net.sf.jasperreports.engine.fill.SimpleTextLineWrapper.start(SimpleTextLineWrapper.java:241)
	at net.sf.jasperreports.engine.fill.TextMeasurer.measure(TextMeasurer.java:533)
	at net.sf.jasperreports.engine.fill.JRFillTextElement.chopTextElement(JRFillTextElement.java:671)
	at net.sf.jasperreports.engine.fill.JRFillTextField.prepare(JRFillTextField.java:777)
	at net.sf.jasperreports.engine.fill.JRFillElementContainer.prepareElements(JRFillElementContainer.java:536)
	at net.sf.jasperreports.engine.fill.JRFillBand.fill(JRFillBand.java:411)
	at net.sf.jasperreports.engine.fill.JRFillBand.fill(JRFillBand.java:386)
	at net.sf.jasperreports.engine.fill.JRVerticalFiller.fillBandNoOverflow(JRVerticalFiller.java:428)
	at net.sf.jasperreports.engine.fill.JRVerticalFiller.fillPageHeader(JRVerticalFiller.java:388)
	at net.sf.jasperreports.engine.fill.JRVerticalFiller.fillReportStart(JRVerticalFiller.java:249)
	at net.sf.jasperreports.engine.fill.JRVerticalFiller.fillReport(JRVerticalFiller.java:115)
	at net.sf.jasperreports.engine.fill.JRBaseFiller.fill(JRBaseFiller.java:580)
	at net.sf.jasperreports.engine.fill.BaseReportFiller.fill(BaseReportFiller.java:396)
	at net.sf.jasperreports.engine.fill.JRFiller.fill(JRFiller.java:90)
	at net.sf.jasperreports.engine.JasperFillManager.fill(JasperFillManager.java:456)
	at net.sf.jasperreports.engine.JasperFillManager.fillReport(JasperFillManager.java:863)
	at org.baraza.reports.BWebReport.getReport(BWebReport.java:122)
	at org.baraza.web.BWeb.getBody(BWeb.java:1038)
	at org.apache.jsp.c_005fumis_jsp._jspService(c_005fumis_jsp.java:718)
	at org.apache.jasper.runtime.HttpJspBase.service(HttpJspBase.java:70)
	at javax.servlet.http.HttpServlet.service(HttpServlet.java:742)
	at org.apache.jasper.servlet.JspServletWrapper.service(JspServletWrapper.java:476)
	at org.apache.jasper.servlet.JspServlet.serviceJspFile(JspServlet.java:386)
	at org.apache.jasper.servlet.JspServlet.service(JspServlet.java:330)
	at javax.servlet.http.HttpServlet.service(HttpServlet.java:742)
	at org.apache.catalina.core.ApplicationFilterChain.internalDoFilter(ApplicationFilterChain.java:231)
	at org.apache.catalina.core.ApplicationFilterChain.doFilter(ApplicationFilterChain.java:166)
	at org.apache.tomcat.websocket.server.WsFilter.doFilter(WsFilter.java:52)
	at org.apache.catalina.core.ApplicationFilterChain.internalDoFilter(ApplicationFilterChain.java:193)
	at org.apache.catalina.core.ApplicationFilterChain.doFilter(ApplicationFilterChain.java:166)
	at org.apache.catalina.core.StandardWrapperValve.invoke(StandardWrapperValve.java:198)
	at org.apache.catalina.core.StandardContextValve.invoke(StandardContextValve.java:96)
	at org.apache.catalina.authenticator.AuthenticatorBase.invoke(AuthenticatorBase.java:610)
	at org.apache.catalina.core.StandardHostValve.invoke(StandardHostValve.java:140)
	at org.apache.catalina.valves.ErrorReportValve.invoke(ErrorReportValve.java:81)
	at org.apache.catalina.valves.AbstractAccessLogValve.invoke(AbstractAccessLogValve.java:650)
	at org.apache.catalina.core.StandardEngineValve.invoke(StandardEngineValve.java:87)
	at org.apache.catalina.connector.CoyoteAdapter.service(CoyoteAdapter.java:342)
	at org.apache.coyote.http11.Http11Processor.service(Http11Processor.java:800)
	at org.apache.coyote.AbstractProcessorLight.process(AbstractProcessorLight.java:66)
	at org.apache.coyote.AbstractProtocol$ConnectionHandler.process(AbstractProtocol.java:806)
	at org.apache.tomcat.util.net.NioEndpoint$SocketProcessor.doRun(NioEndpoint.java:1498)
	at org.apache.tomcat.util.net.SocketProcessorBase.run(SocketProcessorBase.java:49)
	at java.util.concurrent.ThreadPoolExecutor.runWorker(ThreadPoolExecutor.java:1149)
	at java.util.concurrent.ThreadPoolExecutor$Worker.run(ThreadPoolExecutor.java:624)
	at org.apache.tomcat.util.threads.TaskThread$WrappingRunnable.run(TaskThread.java:61)
	at java.lang.Thread.run(Thread.java:748)

01-Feb-2019 13:01:57.981 SEVERE [http-nio-80-exec-20] org.apache.catalina.core.StandardWrapperValve.invoke Servlet.service() for servlet [jsp] in context with path [/aua] threw exception [net.sf.jasperreports.engine.util.JRFontNotFoundException: Font "Times New Roman" is not available to the JVM. See the Javadoc for more details.] with root cause
 net.sf.jasperreports.engine.util.JRFontNotFoundException: Font "Times New Roman" is not available to the JVM. See the Javadoc for more details.
	at net.sf.jasperreports.engine.fonts.FontUtil.checkAwtFont(FontUtil.java:652)
	at net.sf.jasperreports.engine.fill.SimpleTextLineWrapper.loadFont(SimpleTextLineWrapper.java:369)
	at net.sf.jasperreports.engine.fill.SimpleTextLineWrapper.getGeneralFontInfo(SimpleTextLineWrapper.java:339)
	at net.sf.jasperreports.engine.fill.SimpleTextLineWrapper.createFontInfo(SimpleTextLineWrapper.java:279)
	at net.sf.jasperreports.engine.fill.SimpleTextLineWrapper.start(SimpleTextLineWrapper.java:241)
	at net.sf.jasperreports.engine.fill.TextMeasurer.measure(TextMeasurer.java:533)
	at net.sf.jasperreports.engine.fill.JRFillTextElement.chopTextElement(JRFillTextElement.java:671)
	at net.sf.jasperreports.engine.fill.JRFillStaticText.prepare(JRFillStaticText.java:181)
	at net.sf.jasperreports.engine.fill.JRFillElementContainer.prepareElements(JRFillElementContainer.java:536)
	at net.sf.jasperreports.engine.fill.JRFillBand.fill(JRFillBand.java:411)
	at net.sf.jasperreports.engine.fill.JRFillBand.fill(JRFillBand.java:386)
	at net.sf.jasperreports.engine.fill.JRVerticalFiller.fillBandNoOverflow(JRVerticalFiller.java:428)
	at net.sf.jasperreports.engine.fill.JRVerticalFiller.fillPageHeader(JRVerticalFiller.java:388)
	at net.sf.jasperreports.engine.fill.JRVerticalFiller.fillReportStart(JRVerticalFiller.java:249)
	at net.sf.jasperreports.engine.fill.JRVerticalFiller.fillReport(JRVerticalFiller.java:115)
	at net.sf.jasperreports.engine.fill.JRBaseFiller.fill(JRBaseFiller.java:580)
	at net.sf.jasperreports.engine.fill.BaseReportFiller.fill(BaseReportFiller.java:396)
	at net.sf.jasperreports.engine.fill.JRFiller.fill(JRFiller.java:90)
	at net.sf.jasperreports.engine.JasperFillManager.fill(JasperFillManager.java:456)
	at net.sf.jasperreports.engine.JasperFillManager.fillReport(JasperFillManager.java:863)
	at org.baraza.reports.BWebReport.getReport(BWebReport.java:122)
	at org.baraza.web.BWeb.getBody(BWeb.java:1038)
	at org.apache.jsp.c_005fumis_jsp._jspService(c_005fumis_jsp.java:718)
	at org.apache.jasper.runtime.HttpJspBase.service(HttpJspBase.java:70)
	at javax.servlet.http.HttpServlet.service(HttpServlet.java:742)
	at org.apache.jasper.servlet.JspServletWrapper.service(JspServletWrapper.java:476)
	at org.apache.jasper.servlet.JspServlet.serviceJspFile(JspServlet.java:386)
	at org.apache.jasper.servlet.JspServlet.service(JspServlet.java:330)
	at javax.servlet.http.HttpServlet.service(HttpServlet.java:742)
	at org.apache.catalina.core.ApplicationFilterChain.internalDoFilter(ApplicationFilterChain.java:231)
	at org.apache.catalina.core.ApplicationFilterChain.doFilter(ApplicationFilterChain.java:166)
	at org.apache.tomcat.websocket.server.WsFilter.doFilter(WsFilter.java:52)
	at org.apache.catalina.core.ApplicationFilterChain.internalDoFilter(ApplicationFilterChain.java:193)
	at org.apache.catalina.core.ApplicationFilterChain.doFilter(ApplicationFilterChain.java:166)
	at org.apache.catalina.core.StandardWrapperValve.invoke(StandardWrapperValve.java:198)
	at org.apache.catalina.core.StandardContextValve.invoke(StandardContextValve.java:96)
	at org.apache.catalina.authenticator.AuthenticatorBase.invoke(AuthenticatorBase.java:610)
	at org.apache.catalina.core.StandardHostValve.invoke(StandardHostValve.java:140)
	at org.apache.catalina.valves.ErrorReportValve.invoke(ErrorReportValve.java:81)
	at org.apache.catalina.valves.AbstractAccessLogValve.invoke(AbstractAccessLogValve.java:650)
	at org.apache.catalina.core.StandardEngineValve.invoke(StandardEngineValve.java:87)
	at org.apache.catalina.connector.CoyoteAdapter.service(CoyoteAdapter.java:342)
	at org.apache.coyote.http11.Http11Processor.service(Http11Processor.java:800)
	at org.apache.coyote.AbstractProcessorLight.process(AbstractProcessorLight.java:66)
	at org.apache.coyote.AbstractProtocol$ConnectionHandler.process(AbstractProtocol.java:806)
	at org.apache.tomcat.util.net.NioEndpoint$SocketProcessor.doRun(NioEndpoint.java:1498)
	at org.apache.tomcat.util.net.SocketProcessorBase.run(SocketProcessorBase.java:49)
	at java.util.concurrent.ThreadPoolExecutor.runWorker(ThreadPoolExecutor.java:1149)
	at java.util.concurrent.ThreadPoolExecutor$Worker.run(ThreadPoolExecutor.java:624)
	at org.apache.tomcat.util.threads.TaskThread$WrappingRunnable.run(TaskThread.java:61)
	at java.lang.Thread.run(Thread.java:748)

01-Feb-2019 13:02:00.872 SEVERE [http-nio-80-exec-12] org.apache.catalina.core.StandardWrapperValve.invoke Servlet.service() for servlet [jsp] in context with path [/aua] threw exception [net.sf.jasperreports.engine.util.JRFontNotFoundException: Font "Times New Roman" is not available to the JVM. See the Javadoc for more details.] with root cause
 net.sf.jasperreports.engine.util.JRFontNotFoundException: Font "Times New Roman" is not available to the JVM. See the Javadoc for more details.
	at net.sf.jasperreports.engine.fonts.FontUtil.checkAwtFont(FontUtil.java:652)
	at net.sf.jasperreports.engine.fill.SimpleTextLineWrapper.loadFont(SimpleTextLineWrapper.java:369)
	at net.sf.jasperreports.engine.fill.SimpleTextLineWrapper.getGeneralFontInfo(SimpleTextLineWrapper.java:339)
	at net.sf.jasperreports.engine.fill.SimpleTextLineWrapper.createFontInfo(SimpleTextLineWrapper.java:279)
	at net.sf.jasperreports.engine.fill.SimpleTextLineWrapper.start(SimpleTextLineWrapper.java:241)
	at net.sf.jasperreports.engine.fill.TextMeasurer.measure(TextMeasurer.java:533)
	at net.sf.jasperreports.engine.fill.JRFillTextElement.chopTextElement(JRFillTextElement.java:671)
	at net.sf.jasperreports.engine.fill.JRFillStaticText.prepare(JRFillStaticText.java:181)
	at net.sf.jasperreports.engine.fill.JRFillElementContainer.prepareElements(JRFillElementContainer.java:536)
	at net.sf.jasperreports.engine.fill.JRFillBand.fill(JRFillBand.java:411)
	at net.sf.jasperreports.engine.fill.JRFillBand.fill(JRFillBand.java:386)
	at net.sf.jasperreports.engine.fill.JRVerticalFiller.fillBandNoOverflow(JRVerticalFiller.java:428)
	at net.sf.jasperreports.engine.fill.JRVerticalFiller.fillPageHeader(JRVerticalFiller.java:388)
	at net.sf.jasperreports.engine.fill.JRVerticalFiller.fillReportStart(JRVerticalFiller.java:249)
	at net.sf.jasperreports.engine.fill.JRVerticalFiller.fillReport(JRVerticalFiller.java:115)
	at net.sf.jasperreports.engine.fill.JRBaseFiller.fill(JRBaseFiller.java:580)
	at net.sf.jasperreports.engine.fill.BaseReportFiller.fill(BaseReportFiller.java:396)
	at net.sf.jasperreports.engine.fill.JRFiller.fill(JRFiller.java:90)
	at net.sf.jasperreports.engine.JasperFillManager.fill(JasperFillManager.java:456)
	at net.sf.jasperreports.engine.JasperFillManager.fillReport(JasperFillManager.java:863)
	at org.baraza.reports.BWebReport.getReport(BWebReport.java:122)
	at org.baraza.web.BWeb.getBody(BWeb.java:1038)
	at org.apache.jsp.c_005fumis_jsp._jspService(c_005fumis_jsp.java:718)
	at org.apache.jasper.runtime.HttpJspBase.service(HttpJspBase.java:70)
	at javax.servlet.http.HttpServlet.service(HttpServlet.java:742)
	at org.apache.jasper.servlet.JspServletWrapper.service(JspServletWrapper.java:476)
	at org.apache.jasper.servlet.JspServlet.serviceJspFile(JspServlet.java:386)
	at org.apache.jasper.servlet.JspServlet.service(JspServlet.java:330)
	at javax.servlet.http.HttpServlet.service(HttpServlet.java:742)
	at org.apache.catalina.core.ApplicationFilterChain.internalDoFilter(ApplicationFilterChain.java:231)
	at org.apache.catalina.core.ApplicationFilterChain.doFilter(ApplicationFilterChain.java:166)
	at org.apache.tomcat.websocket.server.WsFilter.doFilter(WsFilter.java:52)
	at org.apache.catalina.core.ApplicationFilterChain.internalDoFilter(ApplicationFilterChain.java:193)
	at org.apache.catalina.core.ApplicationFilterChain.doFilter(ApplicationFilterChain.java:166)
	at org.apache.catalina.core.StandardWrapperValve.invoke(StandardWrapperValve.java:198)
	at org.apache.catalina.core.StandardContextValve.invoke(StandardContextValve.java:96)
	at org.apache.catalina.authenticator.AuthenticatorBase.invoke(AuthenticatorBase.java:610)
	at org.apache.catalina.core.StandardHostValve.invoke(StandardHostValve.java:140)
	at org.apache.catalina.valves.ErrorReportValve.invoke(ErrorReportValve.java:81)
	at org.apache.catalina.valves.AbstractAccessLogValve.invoke(AbstractAccessLogValve.java:650)
	at org.apache.catalina.core.StandardEngineValve.invoke(StandardEngineValve.java:87)
	at org.apache.catalina.connector.CoyoteAdapter.service(CoyoteAdapter.java:342)
	at org.apache.coyote.http11.Http11Processor.service(Http11Processor.java:800)
	at org.apache.coyote.AbstractProcessorLight.process(AbstractProcessorLight.java:66)
	at org.apache.coyote.AbstractProtocol$ConnectionHandler.process(AbstractProtocol.java:806)
	at org.apache.tomcat.util.net.NioEndpoint$SocketProcessor.doRun(NioEndpoint.java:1498)
	at org.apache.tomcat.util.net.SocketProcessorBase.run(SocketProcessorBase.java:49)
	at java.util.concurrent.ThreadPoolExecutor.runWorker(ThreadPoolExecutor.java:1149)
	at java.util.concurrent.ThreadPoolExecutor$Worker.run(ThreadPoolExecutor.java:624)
	at org.apache.tomcat.util.threads.TaskThread$WrappingRunnable.run(TaskThread.java:61)
	at java.lang.Thread.run(Thread.java:748)

01-Feb-2019 13:02:55.669 SEVERE [http-nio-80-exec-18] org.apache.catalina.core.StandardWrapperValve.invoke Servlet.service() for servlet [jsp] in context with path [/aua] threw exception [net.sf.jasperreports.engine.util.JRFontNotFoundException: Font "Times New Roman" is not available to the JVM. See the Javadoc for more details.] with root cause
 net.sf.jasperreports.engine.util.JRFontNotFoundException: Font "Times New Roman" is not available to the JVM. See the Javadoc for more details.
	at net.sf.jasperreports.engine.fonts.FontUtil.checkAwtFont(FontUtil.java:652)
	at net.sf.jasperreports.engine.fill.SimpleTextLineWrapper.loadFont(SimpleTextLineWrapper.java:369)
	at net.sf.jasperreports.engine.fill.SimpleTextLineWrapper.getGeneralFontInfo(SimpleTextLineWrapper.java:339)
	at net.sf.jasperreports.engine.fill.SimpleTextLineWrapper.createFontInfo(SimpleTextLineWrapper.java:279)
	at net.sf.jasperreports.engine.fill.SimpleTextLineWrapper.start(SimpleTextLineWrapper.java:241)
	at net.sf.jasperreports.engine.fill.TextMeasurer.measure(TextMeasurer.java:533)
	at net.sf.jasperreports.engine.fill.JRFillTextElement.chopTextElement(JRFillTextElement.java:671)
	at net.sf.jasperreports.engine.fill.JRFillStaticText.prepare(JRFillStaticText.java:181)
	at net.sf.jasperreports.engine.fill.JRFillElementContainer.prepareElements(JRFillElementContainer.java:536)
	at net.sf.jasperreports.engine.fill.JRFillBand.fill(JRFillBand.java:411)
	at net.sf.jasperreports.engine.fill.JRFillBand.fill(JRFillBand.java:386)
	at net.sf.jasperreports.engine.fill.JRHorizontalFiller.fillTitle(JRHorizontalFiller.java:326)
	at net.sf.jasperreports.engine.fill.JRHorizontalFiller.fillReportStart(JRHorizontalFiller.java:253)
	at net.sf.jasperreports.engine.fill.JRHorizontalFiller.fillReport(JRHorizontalFiller.java:121)
	at net.sf.jasperreports.engine.fill.JRBaseFiller.fill(JRBaseFiller.java:580)
	at net.sf.jasperreports.engine.fill.BaseReportFiller.fill(BaseReportFiller.java:396)
	at net.sf.jasperreports.engine.fill.JRFiller.fill(JRFiller.java:90)
	at net.sf.jasperreports.engine.JasperFillManager.fill(JasperFillManager.java:456)
	at net.sf.jasperreports.engine.JasperFillManager.fillReport(JasperFillManager.java:863)
	at org.baraza.reports.BWebReport.getReport(BWebReport.java:122)
	at org.baraza.web.BWeb.getBody(BWeb.java:1038)
	at org.apache.jsp.c_005fumis_jsp._jspService(c_005fumis_jsp.java:718)
	at org.apache.jasper.runtime.HttpJspBase.service(HttpJspBase.java:70)
	at javax.servlet.http.HttpServlet.service(HttpServlet.java:742)
	at org.apache.jasper.servlet.JspServletWrapper.service(JspServletWrapper.java:476)
	at org.apache.jasper.servlet.JspServlet.serviceJspFile(JspServlet.java:386)
	at org.apache.jasper.servlet.JspServlet.service(JspServlet.java:330)
	at javax.servlet.http.HttpServlet.service(HttpServlet.java:742)
	at org.apache.catalina.core.ApplicationFilterChain.internalDoFilter(ApplicationFilterChain.java:231)
	at org.apache.catalina.core.ApplicationFilterChain.doFilter(ApplicationFilterChain.java:166)
	at org.apache.tomcat.websocket.server.WsFilter.doFilter(WsFilter.java:52)
	at org.apache.catalina.core.ApplicationFilterChain.internalDoFilter(ApplicationFilterChain.java:193)
	at org.apache.catalina.core.ApplicationFilterChain.doFilter(ApplicationFilterChain.java:166)
	at org.apache.catalina.core.StandardWrapperValve.invoke(StandardWrapperValve.java:198)
	at org.apache.catalina.core.StandardContextValve.invoke(StandardContextValve.java:96)
	at org.apache.catalina.authenticator.AuthenticatorBase.invoke(AuthenticatorBase.java:610)
	at org.apache.catalina.core.StandardHostValve.invoke(StandardHostValve.java:140)
	at org.apache.catalina.valves.ErrorReportValve.invoke(ErrorReportValve.java:81)
	at org.apache.catalina.valves.AbstractAccessLogValve.invoke(AbstractAccessLogValve.java:650)
	at org.apache.catalina.core.StandardEngineValve.invoke(StandardEngineValve.java:87)
	at org.apache.catalina.connector.CoyoteAdapter.service(CoyoteAdapter.java:342)
	at org.apache.coyote.http11.Http11Processor.service(Http11Processor.java:800)
	at org.apache.coyote.AbstractProcessorLight.process(AbstractProcessorLight.java:66)
	at org.apache.coyote.AbstractProtocol$ConnectionHandler.process(AbstractProtocol.java:806)
	at org.apache.tomcat.util.net.NioEndpoint$SocketProcessor.doRun(NioEndpoint.java:1498)
	at org.apache.tomcat.util.net.SocketProcessorBase.run(SocketProcessorBase.java:49)
	at java.util.concurrent.ThreadPoolExecutor.runWorker(ThreadPoolExecutor.java:1149)
	at java.util.concurrent.ThreadPoolExecutor$Worker.run(ThreadPoolExecutor.java:624)
	at org.apache.tomcat.util.threads.TaskThread$WrappingRunnable.run(TaskThread.java:61)
	at java.lang.Thread.run(Thread.java:748)

01-Feb-2019 13:02:58.960 SEVERE [http-nio-80-exec-20] org.apache.catalina.core.StandardWrapperValve.invoke Servlet.service() for servlet [jsp] in context with path [/aua] threw exception [net.sf.jasperreports.engine.util.JRFontNotFoundException: Font "Times New Roman" is not available to the JVM. See the Javadoc for more details.] with root cause
 net.sf.jasperreports.engine.util.JRFontNotFoundException: Font "Times New Roman" is not available to the JVM. See the Javadoc for more details.
	at net.sf.jasperreports.engine.fonts.FontUtil.checkAwtFont(FontUtil.java:652)
	at net.sf.jasperreports.engine.fill.SimpleTextLineWrapper.loadFont(SimpleTextLineWrapper.java:369)
	at net.sf.jasperreports.engine.fill.SimpleTextLineWrapper.getGeneralFontInfo(SimpleTextLineWrapper.java:339)
	at net.sf.jasperreports.engine.fill.SimpleTextLineWrapper.createFontInfo(SimpleTextLineWrapper.java:279)
	at net.sf.jasperreports.engine.fill.SimpleTextLineWrapper.start(SimpleTextLineWrapper.java:241)
	at net.sf.jasperreports.engine.fill.TextMeasurer.measure(TextMeasurer.java:533)
	at net.sf.jasperreports.engine.fill.JRFillTextElement.chopTextElement(JRFillTextElement.java:671)
	at net.sf.jasperreports.engine.fill.JRFillStaticText.prepare(JRFillStaticText.java:181)
	at net.sf.jasperreports.engine.fill.JRFillElementContainer.prepareElements(JRFillElementContainer.java:536)
	at net.sf.jasperreports.engine.fill.JRFillBand.fill(JRFillBand.java:411)
	at net.sf.jasperreports.engine.fill.JRFillBand.fill(JRFillBand.java:386)
	at net.sf.jasperreports.engine.fill.JRVerticalFiller.fillTitle(JRVerticalFiller.java:313)
	at net.sf.jasperreports.engine.fill.JRVerticalFiller.fillReportStart(JRVerticalFiller.java:247)
	at net.sf.jasperreports.engine.fill.JRVerticalFiller.fillReport(JRVerticalFiller.java:115)
	at net.sf.jasperreports.engine.fill.JRBaseFiller.fill(JRBaseFiller.java:580)
	at net.sf.jasperreports.engine.fill.BaseReportFiller.fill(BaseReportFiller.java:396)
	at net.sf.jasperreports.engine.fill.JRFiller.fill(JRFiller.java:90)
	at net.sf.jasperreports.engine.JasperFillManager.fill(JasperFillManager.java:456)
	at net.sf.jasperreports.engine.JasperFillManager.fillReport(JasperFillManager.java:863)
	at org.baraza.reports.BWebReport.getReport(BWebReport.java:122)
	at org.baraza.web.BWeb.getBody(BWeb.java:1038)
	at org.apache.jsp.c_005fumis_jsp._jspService(c_005fumis_jsp.java:718)
	at org.apache.jasper.runtime.HttpJspBase.service(HttpJspBase.java:70)
	at javax.servlet.http.HttpServlet.service(HttpServlet.java:742)
	at org.apache.jasper.servlet.JspServletWrapper.service(JspServletWrapper.java:476)
	at org.apache.jasper.servlet.JspServlet.serviceJspFile(JspServlet.java:386)
	at org.apache.jasper.servlet.JspServlet.service(JspServlet.java:330)
	at javax.servlet.http.HttpServlet.service(HttpServlet.java:742)
	at org.apache.catalina.core.ApplicationFilterChain.internalDoFilter(ApplicationFilterChain.java:231)
	at org.apache.catalina.core.ApplicationFilterChain.doFilter(ApplicationFilterChain.java:166)
	at org.apache.tomcat.websocket.server.WsFilter.doFilter(WsFilter.java:52)
	at org.apache.catalina.core.ApplicationFilterChain.internalDoFilter(ApplicationFilterChain.java:193)
	at org.apache.catalina.core.ApplicationFilterChain.doFilter(ApplicationFilterChain.java:166)
	at org.apache.catalina.core.StandardWrapperValve.invoke(StandardWrapperValve.java:198)
	at org.apache.catalina.core.StandardContextValve.invoke(StandardContextValve.java:96)
	at org.apache.catalina.authenticator.AuthenticatorBase.invoke(AuthenticatorBase.java:610)
	at org.apache.catalina.core.StandardHostValve.invoke(StandardHostValve.java:140)
	at org.apache.catalina.valves.ErrorReportValve.invoke(ErrorReportValve.java:81)
	at org.apache.catalina.valves.AbstractAccessLogValve.invoke(AbstractAccessLogValve.java:650)
	at org.apache.catalina.core.StandardEngineValve.invoke(StandardEngineValve.java:87)
	at org.apache.catalina.connector.CoyoteAdapter.service(CoyoteAdapter.java:342)
	at org.apache.coyote.http11.Http11Processor.service(Http11Processor.java:800)
	at org.apache.coyote.AbstractProcessorLight.process(AbstractProcessorLight.java:66)
	at org.apache.coyote.AbstractProtocol$ConnectionHandler.process(AbstractProtocol.java:806)
	at org.apache.tomcat.util.net.NioEndpoint$SocketProcessor.doRun(NioEndpoint.java:1498)
	at org.apache.tomcat.util.net.SocketProcessorBase.run(SocketProcessorBase.java:49)
	at java.util.concurrent.ThreadPoolExecutor.runWorker(ThreadPoolExecutor.java:1149)
	at java.util.concurrent.ThreadPoolExecutor$Worker.run(ThreadPoolExecutor.java:624)
	at org.apache.tomcat.util.threads.TaskThread$WrappingRunnable.run(TaskThread.java:61)
	at java.lang.Thread.run(Thread.java:748)

01-Feb-2019 13:04:04.344 SEVERE [http-nio-80-exec-13] org.apache.catalina.core.StandardWrapperValve.invoke Servlet.service() for servlet [jsp] in context with path [/aua] threw exception [net.sf.jasperreports.engine.util.JRFontNotFoundException: Font "Times New Roman" is not available to the JVM. See the Javadoc for more details.] with root cause
 net.sf.jasperreports.engine.util.JRFontNotFoundException: Font "Times New Roman" is not available to the JVM. See the Javadoc for more details.
	at net.sf.jasperreports.engine.fonts.FontUtil.checkAwtFont(FontUtil.java:652)
	at net.sf.jasperreports.engine.fill.SimpleTextLineWrapper.loadFont(SimpleTextLineWrapper.java:369)
	at net.sf.jasperreports.engine.fill.SimpleTextLineWrapper.getGeneralFontInfo(SimpleTextLineWrapper.java:339)
	at net.sf.jasperreports.engine.fill.SimpleTextLineWrapper.createFontInfo(SimpleTextLineWrapper.java:279)
	at net.sf.jasperreports.engine.fill.SimpleTextLineWrapper.start(SimpleTextLineWrapper.java:241)
	at net.sf.jasperreports.engine.fill.TextMeasurer.measure(TextMeasurer.java:533)
	at net.sf.jasperreports.engine.fill.JRFillTextElement.chopTextElement(JRFillTextElement.java:671)
	at net.sf.jasperreports.engine.fill.JRFillStaticText.prepare(JRFillStaticText.java:181)
	at net.sf.jasperreports.engine.fill.JRFillElementContainer.prepareElements(JRFillElementContainer.java:536)
	at net.sf.jasperreports.engine.fill.JRFillBand.fill(JRFillBand.java:411)
	at net.sf.jasperreports.engine.fill.JRFillBand.fill(JRFillBand.java:386)
	at net.sf.jasperreports.engine.fill.JRVerticalFiller.fillTitle(JRVerticalFiller.java:313)
	at net.sf.jasperreports.engine.fill.JRVerticalFiller.fillReportStart(JRVerticalFiller.java:247)
	at net.sf.jasperreports.engine.fill.JRVerticalFiller.fillReport(JRVerticalFiller.java:115)
	at net.sf.jasperreports.engine.fill.JRBaseFiller.fill(JRBaseFiller.java:580)
	at net.sf.jasperreports.engine.fill.BaseReportFiller.fill(BaseReportFiller.java:396)
	at net.sf.jasperreports.engine.fill.JRFiller.fill(JRFiller.java:90)
	at net.sf.jasperreports.engine.JasperFillManager.fill(JasperFillManager.java:456)
	at net.sf.jasperreports.engine.JasperFillManager.fillReport(JasperFillManager.java:863)
	at org.baraza.reports.BWebReport.getReport(BWebReport.java:122)
	at org.baraza.web.BWeb.getBody(BWeb.java:1038)
	at org.apache.jsp.c_005fumis_jsp._jspService(c_005fumis_jsp.java:718)
	at org.apache.jasper.runtime.HttpJspBase.service(HttpJspBase.java:70)
	at javax.servlet.http.HttpServlet.service(HttpServlet.java:742)
	at org.apache.jasper.servlet.JspServletWrapper.service(JspServletWrapper.java:476)
	at org.apache.jasper.servlet.JspServlet.serviceJspFile(JspServlet.java:386)
	at org.apache.jasper.servlet.JspServlet.service(JspServlet.java:330)
	at javax.servlet.http.HttpServlet.service(HttpServlet.java:742)
	at org.apache.catalina.core.ApplicationFilterChain.internalDoFilter(ApplicationFilterChain.java:231)
	at org.apache.catalina.core.ApplicationFilterChain.doFilter(ApplicationFilterChain.java:166)
	at org.apache.tomcat.websocket.server.WsFilter.doFilter(WsFilter.java:52)
	at org.apache.catalina.core.ApplicationFilterChain.internalDoFilter(ApplicationFilterChain.java:193)
	at org.apache.catalina.core.ApplicationFilterChain.doFilter(ApplicationFilterChain.java:166)
	at org.apache.catalina.core.StandardWrapperValve.invoke(StandardWrapperValve.java:198)
	at org.apache.catalina.core.StandardContextValve.invoke(StandardContextValve.java:96)
	at org.apache.catalina.authenticator.AuthenticatorBase.invoke(AuthenticatorBase.java:610)
	at org.apache.catalina.core.StandardHostValve.invoke(StandardHostValve.java:140)
	at org.apache.catalina.valves.ErrorReportValve.invoke(ErrorReportValve.java:81)
	at org.apache.catalina.valves.AbstractAccessLogValve.invoke(AbstractAccessLogValve.java:650)
	at org.apache.catalina.core.StandardEngineValve.invoke(StandardEngineValve.java:87)
	at org.apache.catalina.connector.CoyoteAdapter.service(CoyoteAdapter.java:342)
	at org.apache.coyote.http11.Http11Processor.service(Http11Processor.java:800)
	at org.apache.coyote.AbstractProcessorLight.process(AbstractProcessorLight.java:66)
	at org.apache.coyote.AbstractProtocol$ConnectionHandler.process(AbstractProtocol.java:806)
	at org.apache.tomcat.util.net.NioEndpoint$SocketProcessor.doRun(NioEndpoint.java:1498)
	at org.apache.tomcat.util.net.SocketProcessorBase.run(SocketProcessorBase.java:49)
	at java.util.concurrent.ThreadPoolExecutor.runWorker(ThreadPoolExecutor.java:1149)
	at java.util.concurrent.ThreadPoolExecutor$Worker.run(ThreadPoolExecutor.java:624)
	at org.apache.tomcat.util.threads.TaskThread$WrappingRunnable.run(TaskThread.java:61)
	at java.lang.Thread.run(Thread.java:748)

01-Feb-2019 13:21:42.607 SEVERE [http-nio-80-exec-21] org.apache.catalina.core.StandardWrapperValve.invoke Servlet.service() for servlet [jsp] in context with path [/aua] threw exception [net.sf.jasperreports.engine.util.JRFontNotFoundException: Font "Times New Roman" is not available to the JVM. See the Javadoc for more details.] with root cause
 net.sf.jasperreports.engine.util.JRFontNotFoundException: Font "Times New Roman" is not available to the JVM. See the Javadoc for more details.
	at net.sf.jasperreports.engine.fonts.FontUtil.checkAwtFont(FontUtil.java:652)
	at net.sf.jasperreports.engine.fill.SimpleTextLineWrapper.loadFont(SimpleTextLineWrapper.java:369)
	at net.sf.jasperreports.engine.fill.SimpleTextLineWrapper.getGeneralFontInfo(SimpleTextLineWrapper.java:339)
	at net.sf.jasperreports.engine.fill.SimpleTextLineWrapper.createFontInfo(SimpleTextLineWrapper.java:279)
	at net.sf.jasperreports.engine.fill.SimpleTextLineWrapper.start(SimpleTextLineWrapper.java:241)
	at net.sf.jasperreports.engine.fill.TextMeasurer.measure(TextMeasurer.java:533)
	at net.sf.jasperreports.engine.fill.JRFillTextElement.chopTextElement(JRFillTextElement.java:671)
	at net.sf.jasperreports.engine.fill.JRFillStaticText.prepare(JRFillStaticText.java:181)
	at net.sf.jasperreports.engine.fill.JRFillElementContainer.prepareElements(JRFillElementContainer.java:536)
	at net.sf.jasperreports.engine.fill.JRFillBand.fill(JRFillBand.java:411)
	at net.sf.jasperreports.engine.fill.JRFillBand.fill(JRFillBand.java:386)
	at net.sf.jasperreports.engine.fill.JRVerticalFiller.fillTitle(JRVerticalFiller.java:313)
	at net.sf.jasperreports.engine.fill.JRVerticalFiller.fillReportStart(JRVerticalFiller.java:247)
	at net.sf.jasperreports.engine.fill.JRVerticalFiller.fillReport(JRVerticalFiller.java:115)
	at net.sf.jasperreports.engine.fill.JRBaseFiller.fill(JRBaseFiller.java:580)
	at net.sf.jasperreports.engine.fill.BaseReportFiller.fill(BaseReportFiller.java:396)
	at net.sf.jasperreports.engine.fill.JRFiller.fill(JRFiller.java:90)
	at net.sf.jasperreports.engine.JasperFillManager.fill(JasperFillManager.java:456)
	at net.sf.jasperreports.engine.JasperFillManager.fillReport(JasperFillManager.java:863)
	at org.baraza.reports.BWebReport.getReport(BWebReport.java:122)
	at org.baraza.web.BWeb.getBody(BWeb.java:1038)
	at org.apache.jsp.c_005fumis_jsp._jspService(c_005fumis_jsp.java:718)
	at org.apache.jasper.runtime.HttpJspBase.service(HttpJspBase.java:70)
	at javax.servlet.http.HttpServlet.service(HttpServlet.java:742)
	at org.apache.jasper.servlet.JspServletWrapper.service(JspServletWrapper.java:476)
	at org.apache.jasper.servlet.JspServlet.serviceJspFile(JspServlet.java:386)
	at org.apache.jasper.servlet.JspServlet.service(JspServlet.java:330)
	at javax.servlet.http.HttpServlet.service(HttpServlet.java:742)
	at org.apache.catalina.core.ApplicationFilterChain.internalDoFilter(ApplicationFilterChain.java:231)
	at org.apache.catalina.core.ApplicationFilterChain.doFilter(ApplicationFilterChain.java:166)
	at org.apache.tomcat.websocket.server.WsFilter.doFilter(WsFilter.java:52)
	at org.apache.catalina.core.ApplicationFilterChain.internalDoFilter(ApplicationFilterChain.java:193)
	at org.apache.catalina.core.ApplicationFilterChain.doFilter(ApplicationFilterChain.java:166)
	at org.apache.catalina.core.StandardWrapperValve.invoke(StandardWrapperValve.java:198)
	at org.apache.catalina.core.StandardContextValve.invoke(StandardContextValve.java:96)
	at org.apache.catalina.authenticator.AuthenticatorBase.invoke(AuthenticatorBase.java:610)
	at org.apache.catalina.core.StandardHostValve.invoke(StandardHostValve.java:140)
	at org.apache.catalina.valves.ErrorReportValve.invoke(ErrorReportValve.java:81)
	at org.apache.catalina.valves.AbstractAccessLogValve.invoke(AbstractAccessLogValve.java:650)
	at org.apache.catalina.core.StandardEngineValve.invoke(StandardEngineValve.java:87)
	at org.apache.catalina.connector.CoyoteAdapter.service(CoyoteAdapter.java:342)
	at org.apache.coyote.http11.Http11Processor.service(Http11Processor.java:800)
	at org.apache.coyote.AbstractProcessorLight.process(AbstractProcessorLight.java:66)
	at org.apache.coyote.AbstractProtocol$ConnectionHandler.process(AbstractProtocol.java:806)
	at org.apache.tomcat.util.net.NioEndpoint$SocketProcessor.doRun(NioEndpoint.java:1498)
	at org.apache.tomcat.util.net.SocketProcessorBase.run(SocketProcessorBase.java:49)
	at java.util.concurrent.ThreadPoolExecutor.runWorker(ThreadPoolExecutor.java:1149)
	at java.util.concurrent.ThreadPoolExecutor$Worker.run(ThreadPoolExecutor.java:624)
	at org.apache.tomcat.util.threads.TaskThread$WrappingRunnable.run(TaskThread.java:61)
	at java.lang.Thread.run(Thread.java:748)

01-Feb-2019 13:21:49.023 SEVERE [http-nio-80-exec-13] org.apache.catalina.core.StandardWrapperValve.invoke Servlet.service() for servlet [jsp] in context with path [/aua] threw exception [net.sf.jasperreports.engine.util.JRFontNotFoundException: Font "Times New Roman" is not available to the JVM. See the Javadoc for more details.] with root cause
 net.sf.jasperreports.engine.util.JRFontNotFoundException: Font "Times New Roman" is not available to the JVM. See the Javadoc for more details.
	at net.sf.jasperreports.engine.fonts.FontUtil.checkAwtFont(FontUtil.java:652)
	at net.sf.jasperreports.engine.fill.SimpleTextLineWrapper.loadFont(SimpleTextLineWrapper.java:369)
	at net.sf.jasperreports.engine.fill.SimpleTextLineWrapper.getGeneralFontInfo(SimpleTextLineWrapper.java:339)
	at net.sf.jasperreports.engine.fill.SimpleTextLineWrapper.createFontInfo(SimpleTextLineWrapper.java:279)
	at net.sf.jasperreports.engine.fill.SimpleTextLineWrapper.start(SimpleTextLineWrapper.java:241)
	at net.sf.jasperreports.engine.fill.TextMeasurer.measure(TextMeasurer.java:533)
	at net.sf.jasperreports.engine.fill.JRFillTextElement.chopTextElement(JRFillTextElement.java:671)
	at net.sf.jasperreports.engine.fill.JRFillStaticText.prepare(JRFillStaticText.java:181)
	at net.sf.jasperreports.engine.fill.JRFillElementContainer.prepareElements(JRFillElementContainer.java:536)
	at net.sf.jasperreports.engine.fill.JRFillBand.fill(JRFillBand.java:411)
	at net.sf.jasperreports.engine.fill.JRFillBand.fill(JRFillBand.java:386)
	at net.sf.jasperreports.engine.fill.JRVerticalFiller.fillTitle(JRVerticalFiller.java:313)
	at net.sf.jasperreports.engine.fill.JRVerticalFiller.fillReportStart(JRVerticalFiller.java:247)
	at net.sf.jasperreports.engine.fill.JRVerticalFiller.fillReport(JRVerticalFiller.java:115)
	at net.sf.jasperreports.engine.fill.JRBaseFiller.fill(JRBaseFiller.java:580)
	at net.sf.jasperreports.engine.fill.BaseReportFiller.fill(BaseReportFiller.java:396)
	at net.sf.jasperreports.engine.fill.JRFiller.fill(JRFiller.java:90)
	at net.sf.jasperreports.engine.JasperFillManager.fill(JasperFillManager.java:456)
	at net.sf.jasperreports.engine.JasperFillManager.fillReport(JasperFillManager.java:863)
	at org.baraza.reports.BWebReport.getReport(BWebReport.java:122)
	at org.baraza.web.BWeb.getBody(BWeb.java:1038)
	at org.apache.jsp.c_005fumis_jsp._jspService(c_005fumis_jsp.java:718)
	at org.apache.jasper.runtime.HttpJspBase.service(HttpJspBase.java:70)
	at javax.servlet.http.HttpServlet.service(HttpServlet.java:742)
	at org.apache.jasper.servlet.JspServletWrapper.service(JspServletWrapper.java:476)
	at org.apache.jasper.servlet.JspServlet.serviceJspFile(JspServlet.java:386)
	at org.apache.jasper.servlet.JspServlet.service(JspServlet.java:330)
	at javax.servlet.http.HttpServlet.service(HttpServlet.java:742)
	at org.apache.catalina.core.ApplicationFilterChain.internalDoFilter(ApplicationFilterChain.java:231)
	at org.apache.catalina.core.ApplicationFilterChain.doFilter(ApplicationFilterChain.java:166)
	at org.apache.tomcat.websocket.server.WsFilter.doFilter(WsFilter.java:52)
	at org.apache.catalina.core.ApplicationFilterChain.internalDoFilter(ApplicationFilterChain.java:193)
	at org.apache.catalina.core.ApplicationFilterChain.doFilter(ApplicationFilterChain.java:166)
	at org.apache.catalina.core.StandardWrapperValve.invoke(StandardWrapperValve.java:198)
	at org.apache.catalina.core.StandardContextValve.invoke(StandardContextValve.java:96)
	at org.apache.catalina.authenticator.AuthenticatorBase.invoke(AuthenticatorBase.java:610)
	at org.apache.catalina.core.StandardHostValve.invoke(StandardHostValve.java:140)
	at org.apache.catalina.valves.ErrorReportValve.invoke(ErrorReportValve.java:81)
	at org.apache.catalina.valves.AbstractAccessLogValve.invoke(AbstractAccessLogValve.java:650)
	at org.apache.catalina.core.StandardEngineValve.invoke(StandardEngineValve.java:87)
	at org.apache.catalina.connector.CoyoteAdapter.service(CoyoteAdapter.java:342)
	at org.apache.coyote.http11.Http11Processor.service(Http11Processor.java:800)
	at org.apache.coyote.AbstractProcessorLight.process(AbstractProcessorLight.java:66)
	at org.apache.coyote.AbstractProtocol$ConnectionHandler.process(AbstractProtocol.java:806)
	at org.apache.tomcat.util.net.NioEndpoint$SocketProcessor.doRun(NioEndpoint.java:1498)
	at org.apache.tomcat.util.net.SocketProcessorBase.run(SocketProcessorBase.java:49)
	at java.util.concurrent.ThreadPoolExecutor.runWorker(ThreadPoolExecutor.java:1149)
	at java.util.concurrent.ThreadPoolExecutor$Worker.run(ThreadPoolExecutor.java:624)
	at org.apache.tomcat.util.threads.TaskThread$WrappingRunnable.run(TaskThread.java:61)
	at java.lang.Thread.run(Thread.java:748)

01-Feb-2019 13:21:49.145 SEVERE [http-nio-80-exec-19] org.apache.catalina.core.StandardWrapperValve.invoke Servlet.service() for servlet [jsp] in context with path [/aua] threw exception [net.sf.jasperreports.engine.util.JRFontNotFoundException: Font "Times New Roman" is not available to the JVM. See the Javadoc for more details.] with root cause
 net.sf.jasperreports.engine.util.JRFontNotFoundException: Font "Times New Roman" is not available to the JVM. See the Javadoc for more details.
	at net.sf.jasperreports.engine.fonts.FontUtil.checkAwtFont(FontUtil.java:652)
	at net.sf.jasperreports.engine.fill.SimpleTextLineWrapper.loadFont(SimpleTextLineWrapper.java:369)
	at net.sf.jasperreports.engine.fill.SimpleTextLineWrapper.getGeneralFontInfo(SimpleTextLineWrapper.java:339)
	at net.sf.jasperreports.engine.fill.SimpleTextLineWrapper.createFontInfo(SimpleTextLineWrapper.java:279)
	at net.sf.jasperreports.engine.fill.SimpleTextLineWrapper.start(SimpleTextLineWrapper.java:241)
	at net.sf.jasperreports.engine.fill.TextMeasurer.measure(TextMeasurer.java:533)
	at net.sf.jasperreports.engine.fill.JRFillTextElement.chopTextElement(JRFillTextElement.java:671)
	at net.sf.jasperreports.engine.fill.JRFillStaticText.prepare(JRFillStaticText.java:181)
	at net.sf.jasperreports.engine.fill.JRFillElementContainer.prepareElements(JRFillElementContainer.java:536)
	at net.sf.jasperreports.engine.fill.JRFillBand.fill(JRFillBand.java:411)
	at net.sf.jasperreports.engine.fill.JRFillBand.fill(JRFillBand.java:386)
	at net.sf.jasperreports.engine.fill.JRVerticalFiller.fillTitle(JRVerticalFiller.java:313)
	at net.sf.jasperreports.engine.fill.JRVerticalFiller.fillReportStart(JRVerticalFiller.java:247)
	at net.sf.jasperreports.engine.fill.JRVerticalFiller.fillReport(JRVerticalFiller.java:115)
	at net.sf.jasperreports.engine.fill.JRBaseFiller.fill(JRBaseFiller.java:580)
	at net.sf.jasperreports.engine.fill.BaseReportFiller.fill(BaseReportFiller.java:396)
	at net.sf.jasperreports.engine.fill.JRFiller.fill(JRFiller.java:90)
	at net.sf.jasperreports.engine.JasperFillManager.fill(JasperFillManager.java:456)
	at net.sf.jasperreports.engine.JasperFillManager.fillReport(JasperFillManager.java:863)
	at org.baraza.reports.BWebReport.getReport(BWebReport.java:122)
	at org.baraza.web.BWeb.getBody(BWeb.java:1038)
	at org.apache.jsp.c_005fumis_jsp._jspService(c_005fumis_jsp.java:718)
	at org.apache.jasper.runtime.HttpJspBase.service(HttpJspBase.java:70)
	at javax.servlet.http.HttpServlet.service(HttpServlet.java:742)
	at org.apache.jasper.servlet.JspServletWrapper.service(JspServletWrapper.java:476)
	at org.apache.jasper.servlet.JspServlet.serviceJspFile(JspServlet.java:386)
	at org.apache.jasper.servlet.JspServlet.service(JspServlet.java:330)
	at javax.servlet.http.HttpServlet.service(HttpServlet.java:742)
	at org.apache.catalina.core.ApplicationFilterChain.internalDoFilter(ApplicationFilterChain.java:231)
	at org.apache.catalina.core.ApplicationFilterChain.doFilter(ApplicationFilterChain.java:166)
	at org.apache.tomcat.websocket.server.WsFilter.doFilter(WsFilter.java:52)
	at org.apache.catalina.core.ApplicationFilterChain.internalDoFilter(ApplicationFilterChain.java:193)
	at org.apache.catalina.core.ApplicationFilterChain.doFilter(ApplicationFilterChain.java:166)
	at org.apache.catalina.core.StandardWrapperValve.invoke(StandardWrapperValve.java:198)
	at org.apache.catalina.core.StandardContextValve.invoke(StandardContextValve.java:96)
	at org.apache.catalina.authenticator.AuthenticatorBase.invoke(AuthenticatorBase.java:610)
	at org.apache.catalina.core.StandardHostValve.invoke(StandardHostValve.java:140)
	at org.apache.catalina.valves.ErrorReportValve.invoke(ErrorReportValve.java:81)
	at org.apache.catalina.valves.AbstractAccessLogValve.invoke(AbstractAccessLogValve.java:650)
	at org.apache.catalina.core.StandardEngineValve.invoke(StandardEngineValve.java:87)
	at org.apache.catalina.connector.CoyoteAdapter.service(CoyoteAdapter.java:342)
	at org.apache.coyote.http11.Http11Processor.service(Http11Processor.java:800)
	at org.apache.coyote.AbstractProcessorLight.process(AbstractProcessorLight.java:66)
	at org.apache.coyote.AbstractProtocol$ConnectionHandler.process(AbstractProtocol.java:806)
	at org.apache.tomcat.util.net.NioEndpoint$SocketProcessor.doRun(NioEndpoint.java:1498)
	at org.apache.tomcat.util.net.SocketProcessorBase.run(SocketProcessorBase.java:49)
	at java.util.concurrent.ThreadPoolExecutor.runWorker(ThreadPoolExecutor.java:1149)
	at java.util.concurrent.ThreadPoolExecutor$Worker.run(ThreadPoolExecutor.java:624)
	at org.apache.tomcat.util.threads.TaskThread$WrappingRunnable.run(TaskThread.java:61)
	at java.lang.Thread.run(Thread.java:748)

01-Feb-2019 13:21:53.654 SEVERE [http-nio-80-exec-17] org.apache.catalina.core.StandardWrapperValve.invoke Servlet.service() for servlet [jsp] in context with path [/aua] threw exception [net.sf.jasperreports.engine.util.JRFontNotFoundException: Font "Times New Roman" is not available to the JVM. See the Javadoc for more details.] with root cause
 net.sf.jasperreports.engine.util.JRFontNotFoundException: Font "Times New Roman" is not available to the JVM. See the Javadoc for more details.
	at net.sf.jasperreports.engine.fonts.FontUtil.checkAwtFont(FontUtil.java:652)
	at net.sf.jasperreports.engine.fill.SimpleTextLineWrapper.loadFont(SimpleTextLineWrapper.java:369)
	at net.sf.jasperreports.engine.fill.SimpleTextLineWrapper.getGeneralFontInfo(SimpleTextLineWrapper.java:339)
	at net.sf.jasperreports.engine.fill.SimpleTextLineWrapper.createFontInfo(SimpleTextLineWrapper.java:279)
	at net.sf.jasperreports.engine.fill.SimpleTextLineWrapper.start(SimpleTextLineWrapper.java:241)
	at net.sf.jasperreports.engine.fill.TextMeasurer.measure(TextMeasurer.java:533)
	at net.sf.jasperreports.engine.fill.JRFillTextElement.chopTextElement(JRFillTextElement.java:671)
	at net.sf.jasperreports.engine.fill.JRFillStaticText.prepare(JRFillStaticText.java:181)
	at net.sf.jasperreports.engine.fill.JRFillElementContainer.prepareElements(JRFillElementContainer.java:536)
	at net.sf.jasperreports.engine.fill.JRFillBand.fill(JRFillBand.java:411)
	at net.sf.jasperreports.engine.fill.JRFillBand.fill(JRFillBand.java:386)
	at net.sf.jasperreports.engine.fill.JRVerticalFiller.fillTitle(JRVerticalFiller.java:313)
	at net.sf.jasperreports.engine.fill.JRVerticalFiller.fillReportStart(JRVerticalFiller.java:247)
	at net.sf.jasperreports.engine.fill.JRVerticalFiller.fillReport(JRVerticalFiller.java:115)
	at net.sf.jasperreports.engine.fill.JRBaseFiller.fill(JRBaseFiller.java:580)
	at net.sf.jasperreports.engine.fill.BaseReportFiller.fill(BaseReportFiller.java:396)
	at net.sf.jasperreports.engine.fill.JRFiller.fill(JRFiller.java:90)
	at net.sf.jasperreports.engine.JasperFillManager.fill(JasperFillManager.java:456)
	at net.sf.jasperreports.engine.JasperFillManager.fillReport(JasperFillManager.java:863)
	at org.baraza.reports.BWebReport.getReport(BWebReport.java:122)
	at org.baraza.web.BWeb.getBody(BWeb.java:1038)
	at org.apache.jsp.c_005fumis_jsp._jspService(c_005fumis_jsp.java:718)
	at org.apache.jasper.runtime.HttpJspBase.service(HttpJspBase.java:70)
	at javax.servlet.http.HttpServlet.service(HttpServlet.java:742)
	at org.apache.jasper.servlet.JspServletWrapper.service(JspServletWrapper.java:476)
	at org.apache.jasper.servlet.JspServlet.serviceJspFile(JspServlet.java:386)
	at org.apache.jasper.servlet.JspServlet.service(JspServlet.java:330)
	at javax.servlet.http.HttpServlet.service(HttpServlet.java:742)
	at org.apache.catalina.core.ApplicationFilterChain.internalDoFilter(ApplicationFilterChain.java:231)
	at org.apache.catalina.core.ApplicationFilterChain.doFilter(ApplicationFilterChain.java:166)
	at org.apache.tomcat.websocket.server.WsFilter.doFilter(WsFilter.java:52)
	at org.apache.catalina.core.ApplicationFilterChain.internalDoFilter(ApplicationFilterChain.java:193)
	at org.apache.catalina.core.ApplicationFilterChain.doFilter(ApplicationFilterChain.java:166)
	at org.apache.catalina.core.StandardWrapperValve.invoke(StandardWrapperValve.java:198)
	at org.apache.catalina.core.StandardContextValve.invoke(StandardContextValve.java:96)
	at org.apache.catalina.authenticator.AuthenticatorBase.invoke(AuthenticatorBase.java:610)
	at org.apache.catalina.core.StandardHostValve.invoke(StandardHostValve.java:140)
	at org.apache.catalina.valves.ErrorReportValve.invoke(ErrorReportValve.java:81)
	at org.apache.catalina.valves.AbstractAccessLogValve.invoke(AbstractAccessLogValve.java:650)
	at org.apache.catalina.core.StandardEngineValve.invoke(StandardEngineValve.java:87)
	at org.apache.catalina.connector.CoyoteAdapter.service(CoyoteAdapter.java:342)
	at org.apache.coyote.http11.Http11Processor.service(Http11Processor.java:800)
	at org.apache.coyote.AbstractProcessorLight.process(AbstractProcessorLight.java:66)
	at org.apache.coyote.AbstractProtocol$ConnectionHandler.process(AbstractProtocol.java:806)
	at org.apache.tomcat.util.net.NioEndpoint$SocketProcessor.doRun(NioEndpoint.java:1498)
	at org.apache.tomcat.util.net.SocketProcessorBase.run(SocketProcessorBase.java:49)
	at java.util.concurrent.ThreadPoolExecutor.runWorker(ThreadPoolExecutor.java:1149)
	at java.util.concurrent.ThreadPoolExecutor$Worker.run(ThreadPoolExecutor.java:624)
	at org.apache.tomcat.util.threads.TaskThread$WrappingRunnable.run(TaskThread.java:61)
	at java.lang.Thread.run(Thread.java:748)

01-Feb-2019 13:21:56.587 SEVERE [http-nio-80-exec-14] org.apache.catalina.core.StandardWrapperValve.invoke Servlet.service() for servlet [jsp] in context with path [/aua] threw exception [net.sf.jasperreports.engine.util.JRFontNotFoundException: Font "Times New Roman" is not available to the JVM. See the Javadoc for more details.] with root cause
 net.sf.jasperreports.engine.util.JRFontNotFoundException: Font "Times New Roman" is not available to the JVM. See the Javadoc for more details.
	at net.sf.jasperreports.engine.fonts.FontUtil.checkAwtFont(FontUtil.java:652)
	at net.sf.jasperreports.engine.fill.SimpleTextLineWrapper.loadFont(SimpleTextLineWrapper.java:369)
	at net.sf.jasperreports.engine.fill.SimpleTextLineWrapper.getGeneralFontInfo(SimpleTextLineWrapper.java:339)
	at net.sf.jasperreports.engine.fill.SimpleTextLineWrapper.createFontInfo(SimpleTextLineWrapper.java:279)
	at net.sf.jasperreports.engine.fill.SimpleTextLineWrapper.start(SimpleTextLineWrapper.java:241)
	at net.sf.jasperreports.engine.fill.TextMeasurer.measure(TextMeasurer.java:533)
	at net.sf.jasperreports.engine.fill.JRFillTextElement.chopTextElement(JRFillTextElement.java:671)
	at net.sf.jasperreports.engine.fill.JRFillStaticText.prepare(JRFillStaticText.java:181)
	at net.sf.jasperreports.engine.fill.JRFillElementContainer.prepareElements(JRFillElementContainer.java:536)
	at net.sf.jasperreports.engine.fill.JRFillBand.fill(JRFillBand.java:411)
	at net.sf.jasperreports.engine.fill.JRFillBand.fill(JRFillBand.java:386)
	at net.sf.jasperreports.engine.fill.JRVerticalFiller.fillTitle(JRVerticalFiller.java:313)
	at net.sf.jasperreports.engine.fill.JRVerticalFiller.fillReportStart(JRVerticalFiller.java:247)
	at net.sf.jasperreports.engine.fill.JRVerticalFiller.fillReport(JRVerticalFiller.java:115)
	at net.sf.jasperreports.engine.fill.JRBaseFiller.fill(JRBaseFiller.java:580)
	at net.sf.jasperreports.engine.fill.BaseReportFiller.fill(BaseReportFiller.java:396)
	at net.sf.jasperreports.engine.fill.JRFiller.fill(JRFiller.java:90)
	at net.sf.jasperreports.engine.JasperFillManager.fill(JasperFillManager.java:456)
	at net.sf.jasperreports.engine.JasperFillManager.fillReport(JasperFillManager.java:863)
	at org.baraza.reports.BWebReport.getReport(BWebReport.java:122)
	at org.baraza.web.BWeb.getBody(BWeb.java:1038)
	at org.apache.jsp.c_005fumis_jsp._jspService(c_005fumis_jsp.java:718)
	at org.apache.jasper.runtime.HttpJspBase.service(HttpJspBase.java:70)
	at javax.servlet.http.HttpServlet.service(HttpServlet.java:742)
	at org.apache.jasper.servlet.JspServletWrapper.service(JspServletWrapper.java:476)
	at org.apache.jasper.servlet.JspServlet.serviceJspFile(JspServlet.java:386)
	at org.apache.jasper.servlet.JspServlet.service(JspServlet.java:330)
	at javax.servlet.http.HttpServlet.service(HttpServlet.java:742)
	at org.apache.catalina.core.ApplicationFilterChain.internalDoFilter(ApplicationFilterChain.java:231)
	at org.apache.catalina.core.ApplicationFilterChain.doFilter(ApplicationFilterChain.java:166)
	at org.apache.tomcat.websocket.server.WsFilter.doFilter(WsFilter.java:52)
	at org.apache.catalina.core.ApplicationFilterChain.internalDoFilter(ApplicationFilterChain.java:193)
	at org.apache.catalina.core.ApplicationFilterChain.doFilter(ApplicationFilterChain.java:166)
	at org.apache.catalina.core.StandardWrapperValve.invoke(StandardWrapperValve.java:198)
	at org.apache.catalina.core.StandardContextValve.invoke(StandardContextValve.java:96)
	at org.apache.catalina.authenticator.AuthenticatorBase.invoke(AuthenticatorBase.java:610)
	at org.apache.catalina.core.StandardHostValve.invoke(StandardHostValve.java:140)
	at org.apache.catalina.valves.ErrorReportValve.invoke(ErrorReportValve.java:81)
	at org.apache.catalina.valves.AbstractAccessLogValve.invoke(AbstractAccessLogValve.java:650)
	at org.apache.catalina.core.StandardEngineValve.invoke(StandardEngineValve.java:87)
	at org.apache.catalina.connector.CoyoteAdapter.service(CoyoteAdapter.java:342)
	at org.apache.coyote.http11.Http11Processor.service(Http11Processor.java:800)
	at org.apache.coyote.AbstractProcessorLight.process(AbstractProcessorLight.java:66)
	at org.apache.coyote.AbstractProtocol$ConnectionHandler.process(AbstractProtocol.java:806)
	at org.apache.tomcat.util.net.NioEndpoint$SocketProcessor.doRun(NioEndpoint.java:1498)
	at org.apache.tomcat.util.net.SocketProcessorBase.run(SocketProcessorBase.java:49)
	at java.util.concurrent.ThreadPoolExecutor.runWorker(ThreadPoolExecutor.java:1149)
	at java.util.concurrent.ThreadPoolExecutor$Worker.run(ThreadPoolExecutor.java:624)
	at org.apache.tomcat.util.threads.TaskThread$WrappingRunnable.run(TaskThread.java:61)
	at java.lang.Thread.run(Thread.java:748)

01-Feb-2019 13:21:57.319 SEVERE [http-nio-80-exec-16] org.apache.catalina.core.StandardWrapperValve.invoke Servlet.service() for servlet [jsp] in context with path [/aua] threw exception [net.sf.jasperreports.engine.util.JRFontNotFoundException: Font "Times New Roman" is not available to the JVM. See the Javadoc for more details.] with root cause
 net.sf.jasperreports.engine.util.JRFontNotFoundException: Font "Times New Roman" is not available to the JVM. See the Javadoc for more details.
	at net.sf.jasperreports.engine.fonts.FontUtil.checkAwtFont(FontUtil.java:652)
	at net.sf.jasperreports.engine.fill.SimpleTextLineWrapper.loadFont(SimpleTextLineWrapper.java:369)
	at net.sf.jasperreports.engine.fill.SimpleTextLineWrapper.getGeneralFontInfo(SimpleTextLineWrapper.java:339)
	at net.sf.jasperreports.engine.fill.SimpleTextLineWrapper.createFontInfo(SimpleTextLineWrapper.java:279)
	at net.sf.jasperreports.engine.fill.SimpleTextLineWrapper.start(SimpleTextLineWrapper.java:241)
	at net.sf.jasperreports.engine.fill.TextMeasurer.measure(TextMeasurer.java:533)
	at net.sf.jasperreports.engine.fill.JRFillTextElement.chopTextElement(JRFillTextElement.java:671)
	at net.sf.jasperreports.engine.fill.JRFillStaticText.prepare(JRFillStaticText.java:181)
	at net.sf.jasperreports.engine.fill.JRFillElementContainer.prepareElements(JRFillElementContainer.java:536)
	at net.sf.jasperreports.engine.fill.JRFillBand.fill(JRFillBand.java:411)
	at net.sf.jasperreports.engine.fill.JRFillBand.fill(JRFillBand.java:386)
	at net.sf.jasperreports.engine.fill.JRVerticalFiller.fillTitle(JRVerticalFiller.java:313)
	at net.sf.jasperreports.engine.fill.JRVerticalFiller.fillReportStart(JRVerticalFiller.java:247)
	at net.sf.jasperreports.engine.fill.JRVerticalFiller.fillReport(JRVerticalFiller.java:115)
	at net.sf.jasperreports.engine.fill.JRBaseFiller.fill(JRBaseFiller.java:580)
	at net.sf.jasperreports.engine.fill.BaseReportFiller.fill(BaseReportFiller.java:396)
	at net.sf.jasperreports.engine.fill.JRFiller.fill(JRFiller.java:90)
	at net.sf.jasperreports.engine.JasperFillManager.fill(JasperFillManager.java:456)
	at net.sf.jasperreports.engine.JasperFillManager.fillReport(JasperFillManager.java:863)
	at org.baraza.reports.BWebReport.getReport(BWebReport.java:122)
	at org.baraza.web.BWeb.getBody(BWeb.java:1038)
	at org.apache.jsp.c_005fumis_jsp._jspService(c_005fumis_jsp.java:718)
	at org.apache.jasper.runtime.HttpJspBase.service(HttpJspBase.java:70)
	at javax.servlet.http.HttpServlet.service(HttpServlet.java:742)
	at org.apache.jasper.servlet.JspServletWrapper.service(JspServletWrapper.java:476)
	at org.apache.jasper.servlet.JspServlet.serviceJspFile(JspServlet.java:386)
	at org.apache.jasper.servlet.JspServlet.service(JspServlet.java:330)
	at javax.servlet.http.HttpServlet.service(HttpServlet.java:742)
	at org.apache.catalina.core.ApplicationFilterChain.internalDoFilter(ApplicationFilterChain.java:231)
	at org.apache.catalina.core.ApplicationFilterChain.doFilter(ApplicationFilterChain.java:166)
	at org.apache.tomcat.websocket.server.WsFilter.doFilter(WsFilter.java:52)
	at org.apache.catalina.core.ApplicationFilterChain.internalDoFilter(ApplicationFilterChain.java:193)
	at org.apache.catalina.core.ApplicationFilterChain.doFilter(ApplicationFilterChain.java:166)
	at org.apache.catalina.core.StandardWrapperValve.invoke(StandardWrapperValve.java:198)
	at org.apache.catalina.core.StandardContextValve.invoke(StandardContextValve.java:96)
	at org.apache.catalina.authenticator.AuthenticatorBase.invoke(AuthenticatorBase.java:610)
	at org.apache.catalina.core.StandardHostValve.invoke(StandardHostValve.java:140)
	at org.apache.catalina.valves.ErrorReportValve.invoke(ErrorReportValve.java:81)
	at org.apache.catalina.valves.AbstractAccessLogValve.invoke(AbstractAccessLogValve.java:650)
	at org.apache.catalina.core.StandardEngineValve.invoke(StandardEngineValve.java:87)
	at org.apache.catalina.connector.CoyoteAdapter.service(CoyoteAdapter.java:342)
	at org.apache.coyote.http11.Http11Processor.service(Http11Processor.java:800)
	at org.apache.coyote.AbstractProcessorLight.process(AbstractProcessorLight.java:66)
	at org.apache.coyote.AbstractProtocol$ConnectionHandler.process(AbstractProtocol.java:806)
	at org.apache.tomcat.util.net.NioEndpoint$SocketProcessor.doRun(NioEndpoint.java:1498)
	at org.apache.tomcat.util.net.SocketProcessorBase.run(SocketProcessorBase.java:49)
	at java.util.concurrent.ThreadPoolExecutor.runWorker(ThreadPoolExecutor.java:1149)
	at java.util.concurrent.ThreadPoolExecutor$Worker.run(ThreadPoolExecutor.java:624)
	at org.apache.tomcat.util.threads.TaskThread$WrappingRunnable.run(TaskThread.java:61)
	at java.lang.Thread.run(Thread.java:748)

