20-Sep-2019 08:19:26.407 SEVERE [localhost-startStop-1] org.apache.tomcat.util.descriptor.web.SecurityConstraint.findUncoveredHttpMethods For security constraints with URL pattern [/b_passwordchange.jsp] only the HTTP methods [DELETE POST GET PUT] are covered. All other methods are uncovered.
20-Sep-2019 08:19:26.407 SEVERE [localhost-startStop-1] org.apache.tomcat.util.descriptor.web.SecurityConstraint.findUncoveredHttpMethods For security constraints with URL pattern [/jsondata] only the HTTP methods [DELETE POST GET PUT] are covered. All other methods are uncovered.
20-Sep-2019 08:19:26.407 SEVERE [localhost-startStop-1] org.apache.tomcat.util.descriptor.web.SecurityConstraint.findUncoveredHttpMethods For security constraints with URL pattern [/b_report.jsp] only the HTTP methods [DELETE POST GET PUT] are covered. All other methods are uncovered.
20-Sep-2019 08:19:26.407 SEVERE [localhost-startStop-1] org.apache.tomcat.util.descriptor.web.SecurityConstraint.findUncoveredHttpMethods For security constraints with URL pattern [/show_report] only the HTTP methods [DELETE POST GET PUT] are covered. All other methods are uncovered.
20-Sep-2019 08:19:26.408 SEVERE [localhost-startStop-1] org.apache.tomcat.util.descriptor.web.SecurityConstraint.findUncoveredHttpMethods For security constraints with URL pattern [/form.jsp] only the HTTP methods [DELETE POST GET PUT] are covered. All other methods are uncovered.
20-Sep-2019 08:19:26.408 SEVERE [localhost-startStop-1] org.apache.tomcat.util.descriptor.web.SecurityConstraint.findUncoveredHttpMethods For security constraints with URL pattern [/b_print.jsp] only the HTTP methods [DELETE POST GET PUT] are covered. All other methods are uncovered.
20-Sep-2019 08:19:26.408 SEVERE [localhost-startStop-1] org.apache.tomcat.util.descriptor.web.SecurityConstraint.findUncoveredHttpMethods For security constraints with URL pattern [/form.report.jsp] only the HTTP methods [DELETE POST GET PUT] are covered. All other methods are uncovered.
20-Sep-2019 08:19:26.408 SEVERE [localhost-startStop-1] org.apache.tomcat.util.descriptor.web.SecurityConstraint.findUncoveredHttpMethods For security constraints with URL pattern [/grid_export] only the HTTP methods [DELETE POST GET PUT] are covered. All other methods are uncovered.
20-Sep-2019 08:19:26.408 SEVERE [localhost-startStop-1] org.apache.tomcat.util.descriptor.web.SecurityConstraint.findUncoveredHttpMethods For security constraints with URL pattern [/ajax] only the HTTP methods [DELETE POST GET PUT] are covered. All other methods are uncovered.
20-Sep-2019 08:19:26.408 SEVERE [localhost-startStop-1] org.apache.tomcat.util.descriptor.web.SecurityConstraint.findUncoveredHttpMethods For security constraints with URL pattern [/b_export.jsp] only the HTTP methods [DELETE POST GET PUT] are covered. All other methods are uncovered.
20-Sep-2019 08:19:26.408 SEVERE [localhost-startStop-1] org.apache.tomcat.util.descriptor.web.SecurityConstraint.findUncoveredHttpMethods For security constraints with URL pattern [/b_searchlist.jsp] only the HTTP methods [DELETE POST GET PUT] are covered. All other methods are uncovered.
20-Sep-2019 08:19:26.408 SEVERE [localhost-startStop-1] org.apache.tomcat.util.descriptor.web.SecurityConstraint.findUncoveredHttpMethods For security constraints with URL pattern [/form.exel.jsp] only the HTTP methods [DELETE POST GET PUT] are covered. All other methods are uncovered.
20-Sep-2019 08:19:31.183 INFO [localhost-startStop-1] org.apache.catalina.core.ApplicationContext.log ContextListener: contextInitialized()
20-Sep-2019 08:19:31.183 INFO [localhost-startStop-1] org.apache.catalina.core.ApplicationContext.log SessionListener: contextInitialized()
20-Sep-2019 08:19:31.183 INFO [localhost-startStop-1] org.apache.catalina.core.ApplicationContext.log ContextListener: attributeAdded('StockTicker', 'async.Stockticker@75cc4289')
20-Sep-2019 08:19:32.710 SEVERE [localhost-startStop-1] org.apache.tomcat.util.descriptor.web.SecurityConstraint.findUncoveredHttpMethods For security constraints with URL pattern [/a_students.jsp] only the HTTP methods [DELETE POST GET PUT] are covered. All other methods are uncovered.
20-Sep-2019 08:19:32.710 SEVERE [localhost-startStop-1] org.apache.tomcat.util.descriptor.web.SecurityConstraint.findUncoveredHttpMethods For security constraints with URL pattern [/a_admissions.jsp] only the HTTP methods [DELETE POST GET PUT] are covered. All other methods are uncovered.
20-Sep-2019 08:19:32.710 SEVERE [localhost-startStop-1] org.apache.tomcat.util.descriptor.web.SecurityConstraint.findUncoveredHttpMethods For security constraints with URL pattern [/a_alumnae.jsp] only the HTTP methods [DELETE POST GET PUT] are covered. All other methods are uncovered.
20-Sep-2019 08:19:32.710 SEVERE [localhost-startStop-1] org.apache.tomcat.util.descriptor.web.SecurityConstraint.findUncoveredHttpMethods For security constraints with URL pattern [/a_lecturers.jsp] only the HTTP methods [DELETE POST GET PUT] are covered. All other methods are uncovered.
20-Sep-2019 08:19:32.710 SEVERE [localhost-startStop-1] org.apache.tomcat.util.descriptor.web.SecurityConstraint.findUncoveredHttpMethods For security constraints with URL pattern [/c_ueab.jsp] only the HTTP methods [DELETE POST GET PUT] are covered. All other methods are uncovered.
20-Sep-2019 08:19:32.710 SEVERE [localhost-startStop-1] org.apache.tomcat.util.descriptor.web.SecurityConstraint.findUncoveredHttpMethods For security constraints with URL pattern [/a_statement.jsp] only the HTTP methods [DELETE POST GET PUT] are covered. All other methods are uncovered.
20-Sep-2019 08:19:32.710 SEVERE [localhost-startStop-1] org.apache.tomcat.util.descriptor.web.SecurityConstraint.findUncoveredHttpMethods For security constraints with URL pattern [/a_guardians.jsp] only the HTTP methods [DELETE POST GET PUT] are covered. All other methods are uncovered.
20-Sep-2019 08:19:32.710 SEVERE [localhost-startStop-1] org.apache.tomcat.util.descriptor.web.SecurityConstraint.findUncoveredHttpMethods For security constraints with URL pattern [/a_industry.jsp] only the HTTP methods [DELETE POST GET PUT] are covered. All other methods are uncovered.
20-Sep-2019 08:19:37.857 INFO [localhost-startStop-1] org.apache.catalina.core.ApplicationContext.log Marking servlet [myFedhaClient] as unavailable
20-Sep-2019 08:19:37.857 SEVERE [localhost-startStop-1] org.apache.catalina.core.StandardContext.loadOnStartup Servlet [myFedhaClient] in web application [/college] threw load() exception
 java.lang.ClassNotFoundException: com.dewcis.myfedha.myFedhaClient
	at org.apache.catalina.loader.WebappClassLoaderBase.loadClass(WebappClassLoaderBase.java:1344)
	at org.apache.catalina.loader.WebappClassLoaderBase.loadClass(WebappClassLoaderBase.java:1172)
	at org.apache.catalina.core.DefaultInstanceManager.loadClass(DefaultInstanceManager.java:546)
	at org.apache.catalina.core.DefaultInstanceManager.loadClassMaybePrivileged(DefaultInstanceManager.java:527)
	at org.apache.catalina.core.DefaultInstanceManager.newInstance(DefaultInstanceManager.java:150)
	at org.apache.catalina.core.StandardWrapper.loadServlet(StandardWrapper.java:1044)
	at org.apache.catalina.core.StandardWrapper.load(StandardWrapper.java:983)
	at org.apache.catalina.core.StandardContext.loadOnStartup(StandardContext.java:4998)
	at org.apache.catalina.core.StandardContext.startInternal(StandardContext.java:5312)
	at org.apache.catalina.util.LifecycleBase.start(LifecycleBase.java:150)
	at org.apache.catalina.core.ContainerBase.addChildInternal(ContainerBase.java:754)
	at org.apache.catalina.core.ContainerBase.addChild(ContainerBase.java:730)
	at org.apache.catalina.core.StandardHost.addChild(StandardHost.java:734)
	at org.apache.catalina.startup.HostConfig.deployDirectory(HostConfig.java:1140)
	at org.apache.catalina.startup.HostConfig$DeployDirectory.run(HostConfig.java:1875)
	at java.util.concurrent.Executors$RunnableAdapter.call(Executors.java:511)
	at java.util.concurrent.FutureTask.run(FutureTask.java:266)
	at java.util.concurrent.ThreadPoolExecutor.runWorker(ThreadPoolExecutor.java:1149)
	at java.util.concurrent.ThreadPoolExecutor$Worker.run(ThreadPoolExecutor.java:624)
	at java.lang.Thread.run(Thread.java:748)

20-Sep-2019 09:38:58.474 INFO [localhost-startStop-2] org.apache.catalina.core.ApplicationContext.log SessionListener: contextDestroyed()
20-Sep-2019 09:38:58.474 INFO [localhost-startStop-2] org.apache.catalina.core.ApplicationContext.log ContextListener: contextDestroyed()
20-Sep-2019 11:35:52.097 SEVERE [localhost-startStop-1] org.apache.tomcat.util.descriptor.web.SecurityConstraint.findUncoveredHttpMethods For security constraints with URL pattern [/b_passwordchange.jsp] only the HTTP methods [DELETE POST GET PUT] are covered. All other methods are uncovered.
20-Sep-2019 11:35:52.097 SEVERE [localhost-startStop-1] org.apache.tomcat.util.descriptor.web.SecurityConstraint.findUncoveredHttpMethods For security constraints with URL pattern [/jsondata] only the HTTP methods [DELETE POST GET PUT] are covered. All other methods are uncovered.
20-Sep-2019 11:35:52.097 SEVERE [localhost-startStop-1] org.apache.tomcat.util.descriptor.web.SecurityConstraint.findUncoveredHttpMethods For security constraints with URL pattern [/b_report.jsp] only the HTTP methods [DELETE POST GET PUT] are covered. All other methods are uncovered.
20-Sep-2019 11:35:52.097 SEVERE [localhost-startStop-1] org.apache.tomcat.util.descriptor.web.SecurityConstraint.findUncoveredHttpMethods For security constraints with URL pattern [/show_report] only the HTTP methods [DELETE POST GET PUT] are covered. All other methods are uncovered.
20-Sep-2019 11:35:52.097 SEVERE [localhost-startStop-1] org.apache.tomcat.util.descriptor.web.SecurityConstraint.findUncoveredHttpMethods For security constraints with URL pattern [/form.jsp] only the HTTP methods [DELETE POST GET PUT] are covered. All other methods are uncovered.
20-Sep-2019 11:35:52.097 SEVERE [localhost-startStop-1] org.apache.tomcat.util.descriptor.web.SecurityConstraint.findUncoveredHttpMethods For security constraints with URL pattern [/b_print.jsp] only the HTTP methods [DELETE POST GET PUT] are covered. All other methods are uncovered.
20-Sep-2019 11:35:52.097 SEVERE [localhost-startStop-1] org.apache.tomcat.util.descriptor.web.SecurityConstraint.findUncoveredHttpMethods For security constraints with URL pattern [/form.report.jsp] only the HTTP methods [DELETE POST GET PUT] are covered. All other methods are uncovered.
20-Sep-2019 11:35:52.097 SEVERE [localhost-startStop-1] org.apache.tomcat.util.descriptor.web.SecurityConstraint.findUncoveredHttpMethods For security constraints with URL pattern [/grid_export] only the HTTP methods [DELETE POST GET PUT] are covered. All other methods are uncovered.
20-Sep-2019 11:35:52.097 SEVERE [localhost-startStop-1] org.apache.tomcat.util.descriptor.web.SecurityConstraint.findUncoveredHttpMethods For security constraints with URL pattern [/ajax] only the HTTP methods [DELETE POST GET PUT] are covered. All other methods are uncovered.
20-Sep-2019 11:35:52.097 SEVERE [localhost-startStop-1] org.apache.tomcat.util.descriptor.web.SecurityConstraint.findUncoveredHttpMethods For security constraints with URL pattern [/b_export.jsp] only the HTTP methods [DELETE POST GET PUT] are covered. All other methods are uncovered.
20-Sep-2019 11:35:52.097 SEVERE [localhost-startStop-1] org.apache.tomcat.util.descriptor.web.SecurityConstraint.findUncoveredHttpMethods For security constraints with URL pattern [/b_searchlist.jsp] only the HTTP methods [DELETE POST GET PUT] are covered. All other methods are uncovered.
20-Sep-2019 11:35:52.097 SEVERE [localhost-startStop-1] org.apache.tomcat.util.descriptor.web.SecurityConstraint.findUncoveredHttpMethods For security constraints with URL pattern [/form.exel.jsp] only the HTTP methods [DELETE POST GET PUT] are covered. All other methods are uncovered.
20-Sep-2019 11:35:56.790 INFO [localhost-startStop-1] org.apache.catalina.core.ApplicationContext.log ContextListener: contextInitialized()
20-Sep-2019 11:35:56.790 INFO [localhost-startStop-1] org.apache.catalina.core.ApplicationContext.log SessionListener: contextInitialized()
20-Sep-2019 11:35:56.790 INFO [localhost-startStop-1] org.apache.catalina.core.ApplicationContext.log ContextListener: attributeAdded('StockTicker', 'async.Stockticker@4c907405')
20-Sep-2019 11:35:58.265 SEVERE [localhost-startStop-1] org.apache.tomcat.util.descriptor.web.SecurityConstraint.findUncoveredHttpMethods For security constraints with URL pattern [/a_students.jsp] only the HTTP methods [DELETE POST GET PUT] are covered. All other methods are uncovered.
20-Sep-2019 11:35:58.265 SEVERE [localhost-startStop-1] org.apache.tomcat.util.descriptor.web.SecurityConstraint.findUncoveredHttpMethods For security constraints with URL pattern [/a_admissions.jsp] only the HTTP methods [DELETE POST GET PUT] are covered. All other methods are uncovered.
20-Sep-2019 11:35:58.265 SEVERE [localhost-startStop-1] org.apache.tomcat.util.descriptor.web.SecurityConstraint.findUncoveredHttpMethods For security constraints with URL pattern [/a_alumnae.jsp] only the HTTP methods [DELETE POST GET PUT] are covered. All other methods are uncovered.
20-Sep-2019 11:35:58.265 SEVERE [localhost-startStop-1] org.apache.tomcat.util.descriptor.web.SecurityConstraint.findUncoveredHttpMethods For security constraints with URL pattern [/a_lecturers.jsp] only the HTTP methods [DELETE POST GET PUT] are covered. All other methods are uncovered.
20-Sep-2019 11:35:58.266 SEVERE [localhost-startStop-1] org.apache.tomcat.util.descriptor.web.SecurityConstraint.findUncoveredHttpMethods For security constraints with URL pattern [/c_ueab.jsp] only the HTTP methods [DELETE POST GET PUT] are covered. All other methods are uncovered.
20-Sep-2019 11:35:58.266 SEVERE [localhost-startStop-1] org.apache.tomcat.util.descriptor.web.SecurityConstraint.findUncoveredHttpMethods For security constraints with URL pattern [/a_statement.jsp] only the HTTP methods [DELETE POST GET PUT] are covered. All other methods are uncovered.
20-Sep-2019 11:35:58.266 SEVERE [localhost-startStop-1] org.apache.tomcat.util.descriptor.web.SecurityConstraint.findUncoveredHttpMethods For security constraints with URL pattern [/a_guardians.jsp] only the HTTP methods [DELETE POST GET PUT] are covered. All other methods are uncovered.
20-Sep-2019 11:35:58.266 SEVERE [localhost-startStop-1] org.apache.tomcat.util.descriptor.web.SecurityConstraint.findUncoveredHttpMethods For security constraints with URL pattern [/a_industry.jsp] only the HTTP methods [DELETE POST GET PUT] are covered. All other methods are uncovered.
20-Sep-2019 11:36:01.289 INFO [localhost-startStop-1] org.apache.catalina.core.ApplicationContext.log Marking servlet [myFedhaClient] as unavailable
20-Sep-2019 11:36:01.289 SEVERE [localhost-startStop-1] org.apache.catalina.core.StandardContext.loadOnStartup Servlet [myFedhaClient] in web application [/college] threw load() exception
 java.lang.ClassNotFoundException: com.dewcis.myfedha.myFedhaClient
	at org.apache.catalina.loader.WebappClassLoaderBase.loadClass(WebappClassLoaderBase.java:1344)
	at org.apache.catalina.loader.WebappClassLoaderBase.loadClass(WebappClassLoaderBase.java:1172)
	at org.apache.catalina.core.DefaultInstanceManager.loadClass(DefaultInstanceManager.java:546)
	at org.apache.catalina.core.DefaultInstanceManager.loadClassMaybePrivileged(DefaultInstanceManager.java:527)
	at org.apache.catalina.core.DefaultInstanceManager.newInstance(DefaultInstanceManager.java:150)
	at org.apache.catalina.core.StandardWrapper.loadServlet(StandardWrapper.java:1044)
	at org.apache.catalina.core.StandardWrapper.load(StandardWrapper.java:983)
	at org.apache.catalina.core.StandardContext.loadOnStartup(StandardContext.java:4998)
	at org.apache.catalina.core.StandardContext.startInternal(StandardContext.java:5312)
	at org.apache.catalina.util.LifecycleBase.start(LifecycleBase.java:150)
	at org.apache.catalina.core.ContainerBase.addChildInternal(ContainerBase.java:754)
	at org.apache.catalina.core.ContainerBase.addChild(ContainerBase.java:730)
	at org.apache.catalina.core.StandardHost.addChild(StandardHost.java:734)
	at org.apache.catalina.startup.HostConfig.deployDirectory(HostConfig.java:1140)
	at org.apache.catalina.startup.HostConfig$DeployDirectory.run(HostConfig.java:1875)
	at java.util.concurrent.Executors$RunnableAdapter.call(Executors.java:511)
	at java.util.concurrent.FutureTask.run(FutureTask.java:266)
	at java.util.concurrent.ThreadPoolExecutor.runWorker(ThreadPoolExecutor.java:1149)
	at java.util.concurrent.ThreadPoolExecutor$Worker.run(ThreadPoolExecutor.java:624)
	at java.lang.Thread.run(Thread.java:748)

20-Sep-2019 12:05:03.411 INFO [localhost-startStop-2] org.apache.catalina.core.ApplicationContext.log SessionListener: contextDestroyed()
20-Sep-2019 12:05:03.411 INFO [localhost-startStop-2] org.apache.catalina.core.ApplicationContext.log ContextListener: contextDestroyed()
20-Sep-2019 12:34:47.825 SEVERE [localhost-startStop-1] org.apache.tomcat.util.descriptor.web.SecurityConstraint.findUncoveredHttpMethods For security constraints with URL pattern [/b_passwordchange.jsp] only the HTTP methods [DELETE POST GET PUT] are covered. All other methods are uncovered.
20-Sep-2019 12:34:47.825 SEVERE [localhost-startStop-1] org.apache.tomcat.util.descriptor.web.SecurityConstraint.findUncoveredHttpMethods For security constraints with URL pattern [/jsondata] only the HTTP methods [DELETE POST GET PUT] are covered. All other methods are uncovered.
20-Sep-2019 12:34:47.825 SEVERE [localhost-startStop-1] org.apache.tomcat.util.descriptor.web.SecurityConstraint.findUncoveredHttpMethods For security constraints with URL pattern [/b_report.jsp] only the HTTP methods [DELETE POST GET PUT] are covered. All other methods are uncovered.
20-Sep-2019 12:34:47.825 SEVERE [localhost-startStop-1] org.apache.tomcat.util.descriptor.web.SecurityConstraint.findUncoveredHttpMethods For security constraints with URL pattern [/show_report] only the HTTP methods [DELETE POST GET PUT] are covered. All other methods are uncovered.
20-Sep-2019 12:34:47.825 SEVERE [localhost-startStop-1] org.apache.tomcat.util.descriptor.web.SecurityConstraint.findUncoveredHttpMethods For security constraints with URL pattern [/form.jsp] only the HTTP methods [DELETE POST GET PUT] are covered. All other methods are uncovered.
20-Sep-2019 12:34:47.826 SEVERE [localhost-startStop-1] org.apache.tomcat.util.descriptor.web.SecurityConstraint.findUncoveredHttpMethods For security constraints with URL pattern [/b_print.jsp] only the HTTP methods [DELETE POST GET PUT] are covered. All other methods are uncovered.
20-Sep-2019 12:34:47.826 SEVERE [localhost-startStop-1] org.apache.tomcat.util.descriptor.web.SecurityConstraint.findUncoveredHttpMethods For security constraints with URL pattern [/form.report.jsp] only the HTTP methods [DELETE POST GET PUT] are covered. All other methods are uncovered.
20-Sep-2019 12:34:47.826 SEVERE [localhost-startStop-1] org.apache.tomcat.util.descriptor.web.SecurityConstraint.findUncoveredHttpMethods For security constraints with URL pattern [/grid_export] only the HTTP methods [DELETE POST GET PUT] are covered. All other methods are uncovered.
20-Sep-2019 12:34:47.826 SEVERE [localhost-startStop-1] org.apache.tomcat.util.descriptor.web.SecurityConstraint.findUncoveredHttpMethods For security constraints with URL pattern [/ajax] only the HTTP methods [DELETE POST GET PUT] are covered. All other methods are uncovered.
20-Sep-2019 12:34:47.826 SEVERE [localhost-startStop-1] org.apache.tomcat.util.descriptor.web.SecurityConstraint.findUncoveredHttpMethods For security constraints with URL pattern [/b_export.jsp] only the HTTP methods [DELETE POST GET PUT] are covered. All other methods are uncovered.
20-Sep-2019 12:34:47.826 SEVERE [localhost-startStop-1] org.apache.tomcat.util.descriptor.web.SecurityConstraint.findUncoveredHttpMethods For security constraints with URL pattern [/b_searchlist.jsp] only the HTTP methods [DELETE POST GET PUT] are covered. All other methods are uncovered.
20-Sep-2019 12:34:47.826 SEVERE [localhost-startStop-1] org.apache.tomcat.util.descriptor.web.SecurityConstraint.findUncoveredHttpMethods For security constraints with URL pattern [/form.exel.jsp] only the HTTP methods [DELETE POST GET PUT] are covered. All other methods are uncovered.
20-Sep-2019 12:34:52.717 INFO [localhost-startStop-1] org.apache.catalina.core.ApplicationContext.log ContextListener: contextInitialized()
20-Sep-2019 12:34:52.717 INFO [localhost-startStop-1] org.apache.catalina.core.ApplicationContext.log SessionListener: contextInitialized()
20-Sep-2019 12:34:52.717 INFO [localhost-startStop-1] org.apache.catalina.core.ApplicationContext.log ContextListener: attributeAdded('StockTicker', 'async.Stockticker@6b951833')
20-Sep-2019 12:34:54.113 SEVERE [localhost-startStop-1] org.apache.tomcat.util.descriptor.web.SecurityConstraint.findUncoveredHttpMethods For security constraints with URL pattern [/a_students.jsp] only the HTTP methods [DELETE POST GET PUT] are covered. All other methods are uncovered.
20-Sep-2019 12:34:54.113 SEVERE [localhost-startStop-1] org.apache.tomcat.util.descriptor.web.SecurityConstraint.findUncoveredHttpMethods For security constraints with URL pattern [/a_admissions.jsp] only the HTTP methods [DELETE POST GET PUT] are covered. All other methods are uncovered.
20-Sep-2019 12:34:54.113 SEVERE [localhost-startStop-1] org.apache.tomcat.util.descriptor.web.SecurityConstraint.findUncoveredHttpMethods For security constraints with URL pattern [/a_alumnae.jsp] only the HTTP methods [DELETE POST GET PUT] are covered. All other methods are uncovered.
20-Sep-2019 12:34:54.114 SEVERE [localhost-startStop-1] org.apache.tomcat.util.descriptor.web.SecurityConstraint.findUncoveredHttpMethods For security constraints with URL pattern [/a_lecturers.jsp] only the HTTP methods [DELETE POST GET PUT] are covered. All other methods are uncovered.
20-Sep-2019 12:34:54.114 SEVERE [localhost-startStop-1] org.apache.tomcat.util.descriptor.web.SecurityConstraint.findUncoveredHttpMethods For security constraints with URL pattern [/c_ueab.jsp] only the HTTP methods [DELETE POST GET PUT] are covered. All other methods are uncovered.
20-Sep-2019 12:34:54.114 SEVERE [localhost-startStop-1] org.apache.tomcat.util.descriptor.web.SecurityConstraint.findUncoveredHttpMethods For security constraints with URL pattern [/a_statement.jsp] only the HTTP methods [DELETE POST GET PUT] are covered. All other methods are uncovered.
20-Sep-2019 12:34:54.114 SEVERE [localhost-startStop-1] org.apache.tomcat.util.descriptor.web.SecurityConstraint.findUncoveredHttpMethods For security constraints with URL pattern [/a_guardians.jsp] only the HTTP methods [DELETE POST GET PUT] are covered. All other methods are uncovered.
20-Sep-2019 12:34:54.114 SEVERE [localhost-startStop-1] org.apache.tomcat.util.descriptor.web.SecurityConstraint.findUncoveredHttpMethods For security constraints with URL pattern [/a_industry.jsp] only the HTTP methods [DELETE POST GET PUT] are covered. All other methods are uncovered.
20-Sep-2019 12:34:56.921 INFO [localhost-startStop-1] org.apache.catalina.core.ApplicationContext.log Marking servlet [myFedhaClient] as unavailable
20-Sep-2019 12:34:56.922 SEVERE [localhost-startStop-1] org.apache.catalina.core.StandardContext.loadOnStartup Servlet [myFedhaClient] in web application [/college] threw load() exception
 java.lang.ClassNotFoundException: com.dewcis.myfedha.myFedhaClient
	at org.apache.catalina.loader.WebappClassLoaderBase.loadClass(WebappClassLoaderBase.java:1344)
	at org.apache.catalina.loader.WebappClassLoaderBase.loadClass(WebappClassLoaderBase.java:1172)
	at org.apache.catalina.core.DefaultInstanceManager.loadClass(DefaultInstanceManager.java:546)
	at org.apache.catalina.core.DefaultInstanceManager.loadClassMaybePrivileged(DefaultInstanceManager.java:527)
	at org.apache.catalina.core.DefaultInstanceManager.newInstance(DefaultInstanceManager.java:150)
	at org.apache.catalina.core.StandardWrapper.loadServlet(StandardWrapper.java:1044)
	at org.apache.catalina.core.StandardWrapper.load(StandardWrapper.java:983)
	at org.apache.catalina.core.StandardContext.loadOnStartup(StandardContext.java:4998)
	at org.apache.catalina.core.StandardContext.startInternal(StandardContext.java:5312)
	at org.apache.catalina.util.LifecycleBase.start(LifecycleBase.java:150)
	at org.apache.catalina.core.ContainerBase.addChildInternal(ContainerBase.java:754)
	at org.apache.catalina.core.ContainerBase.addChild(ContainerBase.java:730)
	at org.apache.catalina.core.StandardHost.addChild(StandardHost.java:734)
	at org.apache.catalina.startup.HostConfig.deployDirectory(HostConfig.java:1140)
	at org.apache.catalina.startup.HostConfig$DeployDirectory.run(HostConfig.java:1875)
	at java.util.concurrent.Executors$RunnableAdapter.call(Executors.java:511)
	at java.util.concurrent.FutureTask.run(FutureTask.java:266)
	at java.util.concurrent.ThreadPoolExecutor.runWorker(ThreadPoolExecutor.java:1149)
	at java.util.concurrent.ThreadPoolExecutor$Worker.run(ThreadPoolExecutor.java:624)
	at java.lang.Thread.run(Thread.java:748)

20-Sep-2019 16:18:00.730 INFO [localhost-startStop-2] org.apache.catalina.core.ApplicationContext.log SessionListener: contextDestroyed()
20-Sep-2019 16:18:00.730 INFO [localhost-startStop-2] org.apache.catalina.core.ApplicationContext.log ContextListener: contextDestroyed()
