31-Jul-2019 13:53:38.920 INFO [localhost-startStop-1] org.apache.catalina.core.ApplicationContext.log ContextListener: contextInitialized()
31-Jul-2019 13:53:38.920 INFO [localhost-startStop-1] org.apache.catalina.core.ApplicationContext.log SessionListener: contextInitialized()
31-Jul-2019 13:53:38.921 INFO [localhost-startStop-1] org.apache.catalina.core.ApplicationContext.log ContextListener: attributeAdded('StockTicker', 'async.Stockticker@20afb6cd')
31-Jul-2019 13:53:41.644 SEVERE [localhost-startStop-1] org.apache.tomcat.util.descriptor.web.SecurityConstraint.findUncoveredHttpMethods For security constraints with URL pattern [/a_students.jsp] only the HTTP methods [DELETE POST GET PUT] are covered. All other methods are uncovered.
31-Jul-2019 13:53:41.644 SEVERE [localhost-startStop-1] org.apache.tomcat.util.descriptor.web.SecurityConstraint.findUncoveredHttpMethods For security constraints with URL pattern [/a_admissions.jsp] only the HTTP methods [DELETE POST GET PUT] are covered. All other methods are uncovered.
31-Jul-2019 13:53:41.644 SEVERE [localhost-startStop-1] org.apache.tomcat.util.descriptor.web.SecurityConstraint.findUncoveredHttpMethods For security constraints with URL pattern [/a_alumnae.jsp] only the HTTP methods [DELETE POST GET PUT] are covered. All other methods are uncovered.
31-Jul-2019 13:53:41.644 SEVERE [localhost-startStop-1] org.apache.tomcat.util.descriptor.web.SecurityConstraint.findUncoveredHttpMethods For security constraints with URL pattern [/a_lecturers.jsp] only the HTTP methods [DELETE POST GET PUT] are covered. All other methods are uncovered.
31-Jul-2019 13:53:41.644 SEVERE [localhost-startStop-1] org.apache.tomcat.util.descriptor.web.SecurityConstraint.findUncoveredHttpMethods For security constraints with URL pattern [/c_ueab.jsp] only the HTTP methods [DELETE POST GET PUT] are covered. All other methods are uncovered.
31-Jul-2019 13:53:41.644 SEVERE [localhost-startStop-1] org.apache.tomcat.util.descriptor.web.SecurityConstraint.findUncoveredHttpMethods For security constraints with URL pattern [/a_statement.jsp] only the HTTP methods [DELETE POST GET PUT] are covered. All other methods are uncovered.
31-Jul-2019 13:53:41.644 SEVERE [localhost-startStop-1] org.apache.tomcat.util.descriptor.web.SecurityConstraint.findUncoveredHttpMethods For security constraints with URL pattern [/a_guardians.jsp] only the HTTP methods [DELETE POST GET PUT] are covered. All other methods are uncovered.
31-Jul-2019 13:53:41.644 SEVERE [localhost-startStop-1] org.apache.tomcat.util.descriptor.web.SecurityConstraint.findUncoveredHttpMethods For security constraints with URL pattern [/a_industry.jsp] only the HTTP methods [DELETE POST GET PUT] are covered. All other methods are uncovered.
31-Jul-2019 13:53:57.634 INFO [localhost-startStop-1] org.apache.catalina.core.ApplicationContext.log Marking servlet [myFedhaClient] as unavailable
31-Jul-2019 13:53:57.634 SEVERE [localhost-startStop-1] org.apache.catalina.core.StandardContext.loadOnStartup Servlet [myFedhaClient] in web application [/college] threw load() exception
 java.lang.ClassNotFoundException: com.dewcis.myfedha.myFedhaClient
	at org.apache.catalina.loader.WebappClassLoaderBase.loadClass(WebappClassLoaderBase.java:1344)
	at org.apache.catalina.loader.WebappClassLoaderBase.loadClass(WebappClassLoaderBase.java:1172)
	at org.apache.catalina.core.DefaultInstanceManager.loadClass(DefaultInstanceManager.java:546)
	at org.apache.catalina.core.DefaultInstanceManager.loadClassMaybePrivileged(DefaultInstanceManager.java:527)
	at org.apache.catalina.core.DefaultInstanceManager.newInstance(DefaultInstanceManager.java:150)
	at org.apache.catalina.core.StandardWrapper.loadServlet(StandardWrapper.java:1044)
	at org.apache.catalina.core.StandardWrapper.load(StandardWrapper.java:983)
	at org.apache.catalina.core.StandardContext.loadOnStartup(StandardContext.java:4998)
	at org.apache.catalina.core.StandardContext.startInternal(StandardContext.java:5312)
	at org.apache.catalina.util.LifecycleBase.start(LifecycleBase.java:150)
	at org.apache.catalina.core.ContainerBase.addChildInternal(ContainerBase.java:754)
	at org.apache.catalina.core.ContainerBase.addChild(ContainerBase.java:730)
	at org.apache.catalina.core.StandardHost.addChild(StandardHost.java:734)
	at org.apache.catalina.startup.HostConfig.deployDirectory(HostConfig.java:1140)
	at org.apache.catalina.startup.HostConfig$DeployDirectory.run(HostConfig.java:1875)
	at java.util.concurrent.Executors$RunnableAdapter.call(Executors.java:511)
	at java.util.concurrent.FutureTask.run(FutureTask.java:266)
	at java.util.concurrent.ThreadPoolExecutor.runWorker(ThreadPoolExecutor.java:1149)
	at java.util.concurrent.ThreadPoolExecutor$Worker.run(ThreadPoolExecutor.java:624)
	at java.lang.Thread.run(Thread.java:748)

